2023-09-26 12:43:16,127 [INFO] MainUpdater:2868 - connection check result : 10
2023-09-26 12:43:16,142 [INFO] MainUpdater:2868 - connection check result : 10
2023-09-26 12:43:16,699 [INFO] MicroXplorer:468 - Change Database Path : 
2023-09-26 12:43:16,699 [INFO] MicroXplorer:498 - Change Database Version : DB.6.0.90
2023-09-26 12:43:16,722 [WARN] ThirdParty:871 - waiting for thirdparty lock release [close project]
2023-09-26 12:43:16,722 [INFO] ThirdParty:873 - entering critical section [close project]
2023-09-26 12:43:16,722 [INFO] ThirdParty:883 - exiting critical section [close project]
2023-09-26 12:43:16,724 [INFO] PinOutPanel:1499 - setPackage(No Configuration,No Configuration)
2023-09-26 12:43:16,728 [WARN] IpParametersView:151 - Warning: This peripheral hasn't parameters
2023-09-26 12:43:16,739 [WARN] MainPanel:272 - <html><b><center>Warning: This peripheral has no parameters to be configured<br></b></html>
2023-09-26 12:43:16,742 [INFO] UtilMem:75 - Begin LoadConfig() Used Memory: 793371744 Bytes (1073741824)
2023-09-26 12:43:16,743 [INFO] MicroXplorer:468 - Change Database Path : 
2023-09-26 12:43:16,743 [INFO] MicroXplorer:498 - Change Database Version : DB.6.0.90
2023-09-26 12:43:16,743 [INFO] OpenFileManager:308 - Change cursor
2023-09-26 12:43:16,754 [INFO] RulesReader:64 - Compatibility file has been processed (293 Rules)
2023-09-26 12:43:16,759 [INFO] Mcu:1946 - Initializing MCU STM32F429ZITx STM32F429ZITx STM32F429ZIT6
2023-09-26 12:43:18,250 [INFO] Context:659 - Trying to add GPIOservice into a context  which must be forbidden
2023-09-26 12:43:18,502 [INFO] RtosManager:555 - Registered RTOS mode: class=CMSIS, group=RTOS, mode=CMSIS_V1, owner=FREERTOS
2023-09-26 12:43:18,502 [INFO] RtosManager:555 - Registered RTOS mode: class=CMSIS, group=RTOS2, mode=CMSIS_V2, owner=FREERTOS
2023-09-26 12:43:18,503 [INFO] RtosManager:555 - Registered RTOS mode: class=RTOS, group=Core, mode=CMSIS_V1, owner=FREERTOS
2023-09-26 12:43:18,503 [INFO] RtosManager:555 - Registered RTOS mode: class=RTOS, group=Core, mode=CMSIS_V2, owner=FREERTOS
2023-09-26 12:43:18,503 [WARN] ModelIntegratedComponent:184 - Missing modes for component STMicroelectronics:FreeRTOS:0.0.1:STMicroelectronics:RTOS:FreeRTOS:Core:::10.2.0:
2023-09-26 12:43:18,508 [WARN] ModelIntegratedComponent:63 - No mode defined for component null
2023-09-26 12:43:18,508 [WARN] ModelIntegratedComponent:63 - No mode defined for component null
2023-09-26 12:43:18,508 [WARN] ModelIntegratedComponent:63 - No mode defined for component null
2023-09-26 12:43:18,508 [WARN] ModelIntegratedComponent:63 - No mode defined for component null
2023-09-26 12:43:18,508 [WARN] ModelIntegratedComponent:63 - No mode defined for component null
2023-09-26 12:43:18,508 [WARN] ModelIntegratedComponent:63 - No mode defined for component null
2023-09-26 12:43:18,508 [WARN] ModelIntegratedComponent:63 - No mode defined for component null
2023-09-26 12:43:18,508 [WARN] ModelIntegratedComponent:63 - No mode defined for component null
2023-09-26 12:43:18,508 [WARN] ModelIntegratedComponent:63 - No mode defined for component null
2023-09-26 12:43:18,508 [WARN] ModelIntegratedComponent:63 - No mode defined for component null
2023-09-26 12:43:18,508 [WARN] ModelIntegratedComponent:63 - No mode defined for component null
2023-09-26 12:43:18,508 [WARN] ModelIntegratedComponent:63 - No mode defined for component null
2023-09-26 12:43:18,508 [WARN] ModelIntegratedComponent:63 - No mode defined for component null
2023-09-26 12:43:18,508 [WARN] ModelIntegratedComponent:63 - No mode defined for component null
2023-09-26 12:43:18,508 [WARN] ModelIntegratedComponent:63 - No mode defined for component null
2023-09-26 12:43:18,509 [WARN] ModelIntegratedComponent:63 - No mode defined for component null
2023-09-26 12:43:18,509 [WARN] ModelIntegratedComponent:63 - No mode defined for component null
2023-09-26 12:43:18,509 [WARN] ModelIntegratedComponent:63 - No mode defined for component null
2023-09-26 12:43:18,509 [WARN] ModelIntegratedComponent:63 - No mode defined for component null
2023-09-26 12:43:18,509 [WARN] ModelIntegratedComponent:63 - No mode defined for component null
2023-09-26 12:43:18,509 [WARN] ModelIntegratedComponent:63 - No mode defined for component null
2023-09-26 12:43:18,509 [WARN] ModelIntegratedComponent:63 - No mode defined for component null
2023-09-26 12:43:18,509 [WARN] ModelIntegratedComponent:63 - No mode defined for component null
2023-09-26 12:43:18,509 [WARN] ModelIntegratedComponent:63 - No mode defined for component null
2023-09-26 12:43:18,509 [WARN] ModelIntegratedComponent:63 - No mode defined for component null
2023-09-26 12:43:18,509 [WARN] ModelIntegratedComponent:63 - No mode defined for component null
2023-09-26 12:43:18,509 [WARN] ModelIntegratedComponent:63 - No mode defined for component null
2023-09-26 12:43:18,509 [WARN] ModelIntegratedComponent:63 - No mode defined for component null
2023-09-26 12:43:18,509 [WARN] ModelIntegratedComponent:63 - No mode defined for component null
2023-09-26 12:43:18,509 [WARN] ModelIntegratedComponent:63 - No mode defined for component null
2023-09-26 12:43:18,509 [WARN] ModelIntegratedComponent:63 - No mode defined for component null
2023-09-26 12:43:18,509 [WARN] ModelIntegratedComponent:63 - No mode defined for component null
2023-09-26 12:43:18,509 [WARN] ModelIntegratedComponent:63 - No mode defined for component null
2023-09-26 12:43:18,518 [INFO] ThirdPartyModel:298 - Start build external matchings
2023-09-26 12:43:18,718 [INFO] ThirdPartyModel:316 - End build external matchings
2023-09-26 12:43:18,735 [INFO] RtosManager:919 - Current active RTOS is FREERTOS [Cortex-M4NS]
2023-09-26 12:43:18,737 [INFO] ImportTextPane:194 - (OptionalMessage_ERROR) IP (ETH) : Invalid parameter (PHY_Name)
2023-09-26 12:43:18,737 [INFO] ImportTextPane:194 - (OptionalMessage_ERROR) IP (ETH) : Invalid parameter (PHY_Value)
2023-09-26 12:43:18,737 [INFO] ImportTextPane:194 - (OptionalMessage_ERROR) IP (ETH) : Invalid parameter (PhyAddress)
2023-09-26 12:43:18,739 [INFO] ImportTextPane:194 - (OptionalMessage_ERROR) IP (RCC) : Invalid parameter (ADC12outputFreq_Value)
2023-09-26 12:43:18,739 [INFO] ImportTextPane:194 - (OptionalMessage_ERROR) IP (RCC) : Invalid parameter (ADC34outputFreq_Value)
2023-09-26 12:43:18,739 [INFO] ImportTextPane:194 - (OptionalMessage_ERROR) IP (RCC) : Invalid parameter (FamilyName)
2023-09-26 12:43:18,739 [INFO] ImportTextPane:194 - (OptionalMessage_ERROR) IP (RCC) : Invalid parameter (I2C1Freq_Value)
2023-09-26 12:43:18,739 [INFO] ImportTextPane:194 - (OptionalMessage_ERROR) IP (RCC) : Invalid parameter (I2C2Freq_Value)
2023-09-26 12:43:18,739 [INFO] ImportTextPane:194 - (OptionalMessage_ERROR) IP (RCC) : Invalid parameter (I2C3Freq_Value)
2023-09-26 12:43:18,739 [INFO] ImportTextPane:194 - (OptionalMessage_ERROR) IP (RCC) : Parameter (MCO2PinFreq_Value) has invalid value (168000000)
2023-09-26 12:43:18,739 [INFO] ImportTextPane:194 - (OptionalMessage_ERROR) IP (RCC) : Invalid parameter (MCOFreq_Value)
2023-09-26 12:43:18,739 [INFO] ImportTextPane:194 - (OptionalMessage_ERROR) IP (RCC) : Invalid parameter (PLLMCOFreq_Value)
2023-09-26 12:43:18,739 [INFO] ImportTextPane:194 - (OptionalMessage_ERROR) IP (RCC) : Invalid parameter (PLLMUL)
2023-09-26 12:43:18,739 [INFO] ImportTextPane:194 - (OptionalMessage_ERROR) IP (RCC) : Invalid parameter (PRESCALERUSB)
2023-09-26 12:43:18,740 [INFO] ImportTextPane:194 - (OptionalMessage_ERROR) IP (RCC) : Parameter (RTCHSEDivFreq_Value) has invalid value (4000000)
2023-09-26 12:43:18,740 [INFO] ImportTextPane:194 - (OptionalMessage_ERROR) IP (RCC) : Invalid parameter (SYSCLKSourceVirtual)
2023-09-26 12:43:18,740 [INFO] ImportTextPane:194 - (OptionalMessage_ERROR) IP (RCC) : Invalid parameter (TIM15Freq_Value)
2023-09-26 12:43:18,740 [INFO] ImportTextPane:194 - (OptionalMessage_ERROR) IP (RCC) : Invalid parameter (TIM16Freq_Value)
2023-09-26 12:43:18,740 [INFO] ImportTextPane:194 - (OptionalMessage_ERROR) IP (RCC) : Invalid parameter (TIM17Freq_Value)
2023-09-26 12:43:18,740 [INFO] ImportTextPane:194 - (OptionalMessage_ERROR) IP (RCC) : Invalid parameter (TIM1Freq_Value)
2023-09-26 12:43:18,740 [INFO] ImportTextPane:194 - (OptionalMessage_ERROR) IP (RCC) : Invalid parameter (TIM20Freq_Value)
2023-09-26 12:43:18,740 [INFO] ImportTextPane:194 - (OptionalMessage_ERROR) IP (RCC) : Invalid parameter (TIM2Freq_Value)
2023-09-26 12:43:18,740 [INFO] ImportTextPane:194 - (OptionalMessage_ERROR) IP (RCC) : Invalid parameter (TIM3Freq_Value)
2023-09-26 12:43:18,740 [INFO] ImportTextPane:194 - (OptionalMessage_ERROR) IP (RCC) : Invalid parameter (TIM8Freq_Value)
2023-09-26 12:43:18,740 [INFO] ImportTextPane:194 - (OptionalMessage_ERROR) IP (RCC) : Invalid parameter (UART4Freq_Value)
2023-09-26 12:43:18,740 [INFO] ImportTextPane:194 - (OptionalMessage_ERROR) IP (RCC) : Invalid parameter (UART5Freq_Value)
2023-09-26 12:43:18,740 [INFO] ImportTextPane:194 - (OptionalMessage_ERROR) IP (RCC) : Invalid parameter (USART1Freq_Value)
2023-09-26 12:43:18,740 [INFO] ImportTextPane:194 - (OptionalMessage_ERROR) IP (RCC) : Invalid parameter (USART2Freq_Value)
2023-09-26 12:43:18,740 [INFO] ImportTextPane:194 - (OptionalMessage_ERROR) IP (RCC) : Invalid parameter (USART3Freq_Value)
2023-09-26 12:43:18,740 [INFO] ImportTextPane:194 - (OptionalMessage_ERROR) IP (RCC) : Invalid parameter (USBFreq_Value)
2023-09-26 12:43:18,740 [INFO] ImportTextPane:194 - (OptionalMessage_ERROR) IP (RCC) : Invalid parameter (VCOOutput2Freq_Value)
2023-09-26 12:43:19,035 [INFO] UtilMem:75 - End LoadConfig() Used Memory: 841163408 Bytes (1073741824)
2023-09-26 12:43:19,082 [WARN] ThirdParty:833 - waiting for thirdparty lock release [change project]
2023-09-26 12:43:19,082 [INFO] ThirdParty:835 - entering critical section [change project]
2023-09-26 12:43:19,082 [INFO] ThirdParty:1030 - CMSIS Pack Vendor :STMicroelectronics X-CUBE-ISPU 1.1.0
2023-09-26 12:43:19,082 [INFO] ThirdParty:1030 - CMSIS Pack Vendor :STMicroelectronics USBPD 4.1
2023-09-26 12:43:19,082 [INFO] ThirdParty:1030 - CMSIS Pack Vendor :STMicroelectronics X-CUBE-GNSS1 6.0.0
2023-09-26 12:43:19,083 [INFO] ThirdParty:1030 - CMSIS Pack Vendor :STMicroelectronics USB_HOST 2.0.0
2023-09-26 12:43:19,083 [INFO] ThirdParty:1030 - CMSIS Pack Vendor :STMicroelectronics X-CUBE-AZRTOS-F4 1.1.0
2023-09-26 12:43:19,083 [INFO] ThirdParty:1030 - CMSIS Pack Vendor :STMicroelectronics LIBJPEG 8.0.0
2023-09-26 12:43:19,083 [INFO] ThirdParty:1030 - CMSIS Pack Vendor :wolfSSL I-CUBE-wolfSSL 5.6.3
2023-09-26 12:43:19,083 [INFO] ThirdParty:1030 - CMSIS Pack Vendor :STMicroelectronics X-CUBE-SMBUS 2.1.0
2023-09-26 12:43:19,083 [INFO] ThirdParty:1030 - CMSIS Pack Vendor :STMicroelectronics USB_DEVICE 3.0.0
2023-09-26 12:43:19,083 [INFO] ThirdParty:1030 - CMSIS Pack Vendor :STMicroelectronics X-CUBE-AZRTOS-WB 2.0.0
2023-09-26 12:43:19,083 [INFO] ThirdParty:1030 - CMSIS Pack Vendor :STMicroelectronics X-CUBE-AZRTOS-F7 1.1.0
2023-09-26 12:43:19,083 [INFO] ThirdParty:1030 - CMSIS Pack Vendor :STMicroelectronics X-CUBE-AZRTOS-L5 2.0.0
2023-09-26 12:43:19,083 [INFO] ThirdParty:1030 - CMSIS Pack Vendor :STMicroelectronics USB_DEVICE 2.0.0
2023-09-26 12:43:19,083 [INFO] ThirdParty:1030 - CMSIS Pack Vendor :STMicroelectronics X-CUBE-MEMS1 9.6.0
2023-09-26 12:43:19,083 [INFO] ThirdParty:1030 - CMSIS Pack Vendor :STMicroelectronics FP-SNS-MOTENV1 4.3.2
2023-09-26 12:43:19,083 [INFO] ThirdParty:1030 - CMSIS Pack Vendor :STMicroelectronics X-CUBE-ALGOBUILD 1.3.0
2023-09-26 12:43:19,083 [INFO] ThirdParty:1030 - CMSIS Pack Vendor :STMicroelectronics FreeRTOS 0.0.1
2023-09-26 12:43:19,083 [INFO] ThirdParty:1030 - CMSIS Pack Vendor :STMicroelectronics X-CUBE-AZRTOS-G0 1.1.0
2023-09-26 12:43:19,083 [INFO] ThirdParty:1030 - CMSIS Pack Vendor :STMicroelectronics X-CUBE-BLEMGR 2.0.0
2023-09-26 12:43:19,083 [INFO] ThirdParty:1030 - CMSIS Pack Vendor :STMicroelectronics X-CUBE-NFC4 3.0.0
2023-09-26 12:43:19,083 [INFO] ThirdParty:1030 - CMSIS Pack Vendor :STMicroelectronics X-CUBE-SUBG2 5.0.0
2023-09-26 12:43:19,083 [INFO] ThirdParty:1030 - CMSIS Pack Vendor :STMicroelectronics STM32_WPAN 1.0.0
2023-09-26 12:43:19,083 [INFO] ThirdParty:1030 - CMSIS Pack Vendor :STMicroelectronics lwIP 2.0.3
2023-09-26 12:43:19,083 [INFO] ThirdParty:1030 - CMSIS Pack Vendor :STMicroelectronics FP-SNS-FLIGHT1 5.0.2
2023-09-26 12:43:19,083 [INFO] ThirdParty:1030 - CMSIS Pack Vendor :STMicroelectronics USB_HOST 1.0.0
2023-09-26 12:43:19,083 [INFO] ThirdParty:1030 - CMSIS Pack Vendor :STMicroelectronics X-CUBE-TOF1 3.3.1
2023-09-26 12:43:19,083 [INFO] ThirdParty:1030 - CMSIS Pack Vendor :STMicroelectronics X-CUBE-AZRTOS-G4 2.0.0
2023-09-26 12:43:19,083 [INFO] ThirdParty:1030 - CMSIS Pack Vendor :STMicroelectronics PDM2PCM 3.1.0
2023-09-26 12:43:19,083 [INFO] ThirdParty:1030 - CMSIS Pack Vendor :STMicroelectronics X-CUBE-AZRTOS-H7 3.1.0
2023-09-26 12:43:19,083 [INFO] ThirdParty:1030 - CMSIS Pack Vendor :STMicroelectronics PDM2PCM 3.3.0
2023-09-26 12:43:19,083 [INFO] ThirdParty:1030 - CMSIS Pack Vendor :STMicroelectronics X-CUBE-DISPLAY 3.0.0
2023-09-26 12:43:19,083 [INFO] ThirdParty:1030 - CMSIS Pack Vendor :STMicroelectronics X-CUBE-BLE1 7.0.0
2023-09-26 12:43:19,083 [INFO] ThirdParty:1030 - CMSIS Pack Vendor :STMicroelectronics FP-ATR-SIGFOX1 3.2.0
2023-09-26 12:43:19,083 [INFO] ThirdParty:1030 - CMSIS Pack Vendor :STMicroelectronics HAL Drivers 0.0.0
2023-09-26 12:43:19,083 [INFO] ThirdParty:1030 - CMSIS Pack Vendor :STMicroelectronics MBEDTLS 2.16.2
2023-09-26 12:43:19,083 [INFO] ThirdParty:1030 - CMSIS Pack Vendor :emotas I-CUBE-CANOPEN 1.3.0
2023-09-26 12:43:19,083 [INFO] ThirdParty:1030 - CMSIS Pack Vendor :STMicroelectronics X-CUBE-FREERTOS 1.1.0
2023-09-26 12:43:19,083 [INFO] ThirdParty:1030 - CMSIS Pack Vendor :STMicroelectronics X-CUBE-TOUCHGFX 4.22.0
2023-09-26 12:43:19,084 [INFO] ThirdParty:1030 - CMSIS Pack Vendor :STMicroelectronics X-CUBE-NFC7 1.0.1
2023-09-26 12:43:19,084 [INFO] ThirdParty:1030 - CMSIS Pack Vendor :STMicroelectronics MBEDTLS 2.14.1
2023-09-26 12:43:19,084 [INFO] ThirdParty:1030 - CMSIS Pack Vendor :STMicroelectronics X-CUBE-NFC6 3.0.0
2023-09-26 12:43:19,084 [INFO] ThirdParty:1030 - CMSIS Pack Vendor :STMicroelectronics X-CUBE-EEPRMA1 4.1.0
2023-09-26 12:43:19,084 [INFO] ThirdParty:1030 - CMSIS Pack Vendor :portGmbH I-Cube-SoM-uGOAL 1.1.0
2023-09-26 12:43:19,084 [INFO] ThirdParty:1030 - CMSIS Pack Vendor :STMicroelectronics X-CUBE-ALS 1.0.1
2023-09-26 12:43:19,084 [INFO] ThirdParty:1030 - CMSIS Pack Vendor :STMicroelectronics ThreadX 1.0.0
2023-09-26 12:43:19,084 [INFO] ThirdParty:1030 - CMSIS Pack Vendor :STMicroelectronics FP-SNS-SMARTAG2 1.2.0
2023-09-26 12:43:19,084 [INFO] ThirdParty:1030 - CMSIS Pack Vendor :STMicroelectronics X-CUBE-AZRTOS-WL 2.0.0
2023-09-26 12:43:19,084 [INFO] ThirdParty:1030 - CMSIS Pack Vendor :SEGGER I-CUBE-embOS 1.3.1
2023-09-26 12:43:19,084 [INFO] ThirdParty:1030 - CMSIS Pack Vendor :STMicroelectronics USB_DEVICE 1.0.0
2023-09-26 12:43:19,084 [INFO] ThirdParty:1030 - CMSIS Pack Vendor :STMicroelectronics X-CUBE-AI 8.1.0
2023-09-26 12:43:19,084 [INFO] ThirdParty:1030 - CMSIS Pack Vendor :STMicroelectronics X-CUBE-AZRTOS-L4 2.0.0
2023-09-26 12:43:19,084 [INFO] ThirdParty:1030 - CMSIS Pack Vendor :STMicroelectronics ThreadX 0.0.2
2023-09-26 12:43:19,084 [INFO] ThirdParty:1030 - CMSIS Pack Vendor :WES I-CUBE-Cesium 1.3.0
2023-09-26 12:43:19,084 [INFO] ThirdParty:1030 - CMSIS Pack Vendor :STMicroelectronics FP-ATR-ASTRA1 2.0.0
2023-09-26 12:43:19,084 [INFO] ThirdParty:1030 - CMSIS Pack Vendor :STMicroelectronics lwIP 2.1.2
2023-09-26 12:43:19,084 [INFO] ThirdParty:1030 - CMSIS Pack Vendor :STMicroelectronics X-CUBE-SFXS2LP1 4.0.0
2023-09-26 12:43:19,084 [INFO] ThirdParty:1030 - CMSIS Pack Vendor :STMicroelectronics X-CUBE-BLE2 3.3.0
2023-09-26 12:43:19,084 [INFO] ThirdParty:1030 - CMSIS Pack Vendor :STMicroelectronics PDM2PCM 3.2.0
2023-09-26 12:43:19,084 [INFO] ThirdParty:841 - exiting critical section [change project]
2023-09-26 12:43:19,229 [INFO] PinOutPanel:1499 - setPackage(No Configuration,No Configuration)
2023-09-26 12:43:19,231 [INFO] PinOutPanel:1499 - setPackage(STM32F429ZITx,LQFP144)
2023-09-26 12:43:19,407 [INFO] UtilMem:75 - Before build in PCC Used Memory: 920808488 Bytes (1073741824)
2023-09-26 12:43:19,520 [INFO] UtilMem:75 - After build in PCC Used Memory: 800892736 Bytes (1073741824)
2023-09-26 12:43:19,525 [INFO] ApiDbMcu:507 - Load IP Config File for FREERTOS
2023-09-26 12:43:19,539 [INFO] IPUIPlugin:80 - create IPUIPlugin
2023-09-26 12:43:19,539 [INFO] IPUIPlugin:80 - create IPUIPlugin
2023-09-26 12:43:19,539 [INFO] IPUIPlugin:80 - create IPUIPlugin
2023-09-26 12:43:19,539 [INFO] IPUIPlugin:80 - create IPUIPlugin
2023-09-26 12:43:19,539 [INFO] IPUIPlugin:80 - create IPUIPlugin
2023-09-26 12:43:19,539 [INFO] IPUIPlugin:80 - create IPUIPlugin
2023-09-26 12:43:19,539 [INFO] IPUIPlugin:80 - create IPUIPlugin
2023-09-26 12:43:19,539 [INFO] IPUIPlugin:80 - create IPUIPlugin
2023-09-26 12:43:19,539 [INFO] IPUIPlugin:80 - create IPUIPlugin
2023-09-26 12:43:19,539 [INFO] IPUIPlugin:80 - create IPUIPlugin
2023-09-26 12:43:19,540 [INFO] IPUIPlugin:80 - create IPUIPlugin
2023-09-26 12:43:19,540 [INFO] IPUIPlugin:80 - create IPUIPlugin
2023-09-26 12:43:19,540 [INFO] IPUIPlugin:80 - create IPUIPlugin
2023-09-26 12:43:19,540 [INFO] IPUIPlugin:80 - create IPUIPlugin
2023-09-26 12:43:19,540 [INFO] IPUIPlugin:80 - create IPUIPlugin
2023-09-26 12:43:19,540 [INFO] IPUIPlugin:80 - create IPUIPlugin
2023-09-26 12:43:19,540 [INFO] IPUIPlugin:80 - create IPUIPlugin
2023-09-26 12:43:19,540 [INFO] IPUIPlugin:80 - create IPUIPlugin
2023-09-26 12:43:19,540 [INFO] IPUIPlugin:80 - create IPUIPlugin
2023-09-26 12:43:19,540 [INFO] IPUIPlugin:80 - create IPUIPlugin
2023-09-26 12:43:19,540 [INFO] IPUIPlugin:80 - create IPUIPlugin
2023-09-26 12:43:19,540 [INFO] IPUIPlugin:80 - create IPUIPlugin
2023-09-26 12:43:19,540 [INFO] IPUIPlugin:80 - create IPUIPlugin
2023-09-26 12:43:19,541 [INFO] IPUIPlugin:80 - create IPUIPlugin
2023-09-26 12:43:19,541 [INFO] IPUIPlugin:80 - create IPUIPlugin
2023-09-26 12:43:19,541 [INFO] IPUIPlugin:80 - create IPUIPlugin
2023-09-26 12:43:19,541 [INFO] IPUIPlugin:80 - create IPUIPlugin
2023-09-26 12:43:19,541 [INFO] IPUIPlugin:80 - create IPUIPlugin
2023-09-26 12:43:19,541 [INFO] IPUIPlugin:80 - create IPUIPlugin
2023-09-26 12:43:19,541 [INFO] IPUIPlugin:80 - create IPUIPlugin
2023-09-26 12:43:19,541 [INFO] IPUIPlugin:80 - create IPUIPlugin
2023-09-26 12:43:19,541 [INFO] IPUIPlugin:80 - create IPUIPlugin
2023-09-26 12:43:19,542 [INFO] IPUIPlugin:80 - create IPUIPlugin
2023-09-26 12:43:19,542 [INFO] IPUIPlugin:80 - create IPUIPlugin
2023-09-26 12:43:19,542 [INFO] IPUIPlugin:80 - create IPUIPlugin
2023-09-26 12:43:19,542 [INFO] IPUIPlugin:80 - create IPUIPlugin
2023-09-26 12:43:19,542 [INFO] IPUIPlugin:80 - create IPUIPlugin
2023-09-26 12:43:19,542 [INFO] IPUIPlugin:80 - create IPUIPlugin
2023-09-26 12:43:19,542 [INFO] IPUIPlugin:80 - create IPUIPlugin
2023-09-26 12:43:19,542 [INFO] IPUIPlugin:80 - create IPUIPlugin
2023-09-26 12:43:19,542 [INFO] IPUIPlugin:80 - create IPUIPlugin
2023-09-26 12:43:19,543 [INFO] IPUIPlugin:80 - create IPUIPlugin
2023-09-26 12:43:19,543 [INFO] IPUIPlugin:80 - create IPUIPlugin
2023-09-26 12:43:19,543 [INFO] IPUIPlugin:80 - create IPUIPlugin
2023-09-26 12:43:19,543 [INFO] IPUIPlugin:80 - create IPUIPlugin
2023-09-26 12:43:19,543 [INFO] IPUIPlugin:80 - create IPUIPlugin
2023-09-26 12:43:19,543 [INFO] IPUIPlugin:80 - create IPUIPlugin
2023-09-26 12:43:19,544 [INFO] IPUIPlugin:80 - create IPUIPlugin
2023-09-26 12:43:19,544 [INFO] IPUIPlugin:80 - create IPUIPlugin
2023-09-26 12:43:19,544 [INFO] IPUIPlugin:80 - create IPUIPlugin
2023-09-26 12:43:19,544 [INFO] IPUIPlugin:80 - create IPUIPlugin
2023-09-26 12:43:19,544 [INFO] IPUIPlugin:80 - create IPUIPlugin
2023-09-26 12:43:19,544 [INFO] IPUIPlugin:80 - create IPUIPlugin
2023-09-26 12:43:19,544 [INFO] IPUIPlugin:80 - create IPUIPlugin
2023-09-26 12:43:19,545 [INFO] IPUIPlugin:80 - create IPUIPlugin
2023-09-26 12:43:19,545 [INFO] IPUIPlugin:80 - create IPUIPlugin
2023-09-26 12:43:19,545 [INFO] IPUIPlugin:80 - create IPUIPlugin
2023-09-26 12:43:19,545 [INFO] IPUIPlugin:80 - create IPUIPlugin
2023-09-26 12:43:19,545 [INFO] IPUIPlugin:80 - create IPUIPlugin
2023-09-26 12:43:19,553 [INFO] IPUIPlugin:80 - create IPUIPlugin
2023-09-26 12:43:19,553 [INFO] IPUIPlugin:80 - create IPUIPlugin
2023-09-26 12:43:19,554 [INFO] IPUIPlugin:80 - create IPUIPlugin
2023-09-26 12:43:19,554 [INFO] IPUIPlugin:80 - create IPUIPlugin
2023-09-26 12:43:19,554 [INFO] IPUIPlugin:80 - create IPUIPlugin
2023-09-26 12:43:19,555 [INFO] IPUIPlugin:80 - create IPUIPlugin
2023-09-26 12:43:19,555 [INFO] IPUIPlugin:80 - create IPUIPlugin
2023-09-26 12:43:19,560 [INFO] ApiDbMcu:507 - Load IP Config File for PDM2PCM
2023-09-26 12:43:19,587 [WARN] FreeRTOS:1023 - Null or empty value: should not occur! (nothing added to the table)
2023-09-26 12:43:19,633 [INFO] CADModel:165 - CPN selected for project levelSTM32F429ZIT6
2023-09-26 12:43:19,634 [INFO] CADModel:114 - Register for checkConnection events
2023-09-26 12:43:19,636 [INFO] RtosManager:697 - Active RTOS found at IOC load: FREERTOS [Cortex-M4NS]
2023-09-26 12:43:19,696 [INFO] OpenFileManager:328 - Restore cursor
2023-09-26 12:43:28,192 [INFO] MainUpdater:2868 - connection check result : 10
2023-09-26 12:43:28,192 [INFO] MainUpdater:2868 - connection check result : 10
2023-09-26 12:43:28,726 [INFO] MicroXplorer:468 - Change Database Path : 
2023-09-26 12:43:28,726 [INFO] MicroXplorer:498 - Change Database Version : DB.6.0.90
2023-09-26 12:43:28,737 [WARN] ThirdParty:871 - waiting for thirdparty lock release [close project]
2023-09-26 12:43:28,737 [INFO] ThirdParty:873 - entering critical section [close project]
2023-09-26 12:43:28,737 [INFO] ThirdParty:883 - exiting critical section [close project]
2023-09-26 12:43:28,738 [INFO] PinOutPanel:1499 - setPackage(No Configuration,No Configuration)
2023-09-26 12:43:28,740 [WARN] IpParametersView:151 - Warning: This peripheral hasn't parameters
2023-09-26 12:43:28,742 [WARN] MainPanel:272 - <html><b><center>Warning: This peripheral has no parameters to be configured<br></b></html>
2023-09-26 12:43:28,743 [INFO] UtilMem:75 - Begin LoadConfig() Used Memory: 915808936 Bytes (1073741824)
2023-09-26 12:43:28,744 [INFO] MicroXplorer:468 - Change Database Path : 
2023-09-26 12:43:28,744 [INFO] MicroXplorer:498 - Change Database Version : DB.6.0.90
2023-09-26 12:43:28,744 [INFO] OpenFileManager:308 - Change cursor
2023-09-26 12:43:28,748 [INFO] Mcu:1946 - Initializing MCU STM32F429ZITx STM32F429ZITx STM32F429ZIT6
2023-09-26 12:43:29,952 [INFO] Context:659 - Trying to add GPIOservice into a context  which must be forbidden
2023-09-26 12:43:30,180 [INFO] RtosManager:555 - Registered RTOS mode: class=CMSIS, group=RTOS, mode=CMSIS_V1, owner=FREERTOS
2023-09-26 12:43:30,180 [INFO] RtosManager:555 - Registered RTOS mode: class=CMSIS, group=RTOS2, mode=CMSIS_V2, owner=FREERTOS
2023-09-26 12:43:30,180 [INFO] RtosManager:555 - Registered RTOS mode: class=RTOS, group=Core, mode=CMSIS_V1, owner=FREERTOS
2023-09-26 12:43:30,180 [INFO] RtosManager:555 - Registered RTOS mode: class=RTOS, group=Core, mode=CMSIS_V2, owner=FREERTOS
2023-09-26 12:43:30,180 [WARN] ModelIntegratedComponent:184 - Missing modes for component STMicroelectronics:FreeRTOS:0.0.1:STMicroelectronics:RTOS:FreeRTOS:Core:::10.2.0:
2023-09-26 12:43:30,185 [WARN] ModelIntegratedComponent:63 - No mode defined for component null
2023-09-26 12:43:30,185 [WARN] ModelIntegratedComponent:63 - No mode defined for component null
2023-09-26 12:43:30,185 [WARN] ModelIntegratedComponent:63 - No mode defined for component null
2023-09-26 12:43:30,185 [WARN] ModelIntegratedComponent:63 - No mode defined for component null
2023-09-26 12:43:30,185 [WARN] ModelIntegratedComponent:63 - No mode defined for component null
2023-09-26 12:43:30,185 [WARN] ModelIntegratedComponent:63 - No mode defined for component null
2023-09-26 12:43:30,185 [WARN] ModelIntegratedComponent:63 - No mode defined for component null
2023-09-26 12:43:30,185 [WARN] ModelIntegratedComponent:63 - No mode defined for component null
2023-09-26 12:43:30,185 [WARN] ModelIntegratedComponent:63 - No mode defined for component null
2023-09-26 12:43:30,185 [WARN] ModelIntegratedComponent:63 - No mode defined for component null
2023-09-26 12:43:30,185 [WARN] ModelIntegratedComponent:63 - No mode defined for component null
2023-09-26 12:43:30,185 [WARN] ModelIntegratedComponent:63 - No mode defined for component null
2023-09-26 12:43:30,185 [WARN] ModelIntegratedComponent:63 - No mode defined for component null
2023-09-26 12:43:30,185 [WARN] ModelIntegratedComponent:63 - No mode defined for component null
2023-09-26 12:43:30,185 [WARN] ModelIntegratedComponent:63 - No mode defined for component null
2023-09-26 12:43:30,185 [WARN] ModelIntegratedComponent:63 - No mode defined for component null
2023-09-26 12:43:30,185 [WARN] ModelIntegratedComponent:63 - No mode defined for component null
2023-09-26 12:43:30,185 [WARN] ModelIntegratedComponent:63 - No mode defined for component null
2023-09-26 12:43:30,185 [WARN] ModelIntegratedComponent:63 - No mode defined for component null
2023-09-26 12:43:30,185 [WARN] ModelIntegratedComponent:63 - No mode defined for component null
2023-09-26 12:43:30,185 [WARN] ModelIntegratedComponent:63 - No mode defined for component null
2023-09-26 12:43:30,185 [WARN] ModelIntegratedComponent:63 - No mode defined for component null
2023-09-26 12:43:30,185 [WARN] ModelIntegratedComponent:63 - No mode defined for component null
2023-09-26 12:43:30,185 [WARN] ModelIntegratedComponent:63 - No mode defined for component null
2023-09-26 12:43:30,185 [WARN] ModelIntegratedComponent:63 - No mode defined for component null
2023-09-26 12:43:30,185 [WARN] ModelIntegratedComponent:63 - No mode defined for component null
2023-09-26 12:43:30,185 [WARN] ModelIntegratedComponent:63 - No mode defined for component null
2023-09-26 12:43:30,185 [WARN] ModelIntegratedComponent:63 - No mode defined for component null
2023-09-26 12:43:30,185 [WARN] ModelIntegratedComponent:63 - No mode defined for component null
2023-09-26 12:43:30,185 [WARN] ModelIntegratedComponent:63 - No mode defined for component null
2023-09-26 12:43:30,185 [WARN] ModelIntegratedComponent:63 - No mode defined for component null
2023-09-26 12:43:30,185 [WARN] ModelIntegratedComponent:63 - No mode defined for component null
2023-09-26 12:43:30,185 [WARN] ModelIntegratedComponent:63 - No mode defined for component null
2023-09-26 12:43:30,191 [INFO] ThirdPartyModel:298 - Start build external matchings
2023-09-26 12:43:30,382 [INFO] ThirdPartyModel:316 - End build external matchings
2023-09-26 12:43:30,385 [INFO] RtosManager:919 - Current active RTOS is FREERTOS [Cortex-M4NS]
2023-09-26 12:43:30,386 [INFO] ImportTextPane:194 - (OptionalMessage_ERROR) IP (ETH) : Invalid parameter (PHY_Name)
2023-09-26 12:43:30,386 [INFO] ImportTextPane:194 - (OptionalMessage_ERROR) IP (ETH) : Invalid parameter (PHY_Value)
2023-09-26 12:43:30,387 [INFO] ImportTextPane:194 - (OptionalMessage_ERROR) IP (ETH) : Invalid parameter (PhyAddress)
2023-09-26 12:43:30,388 [INFO] ImportTextPane:194 - (OptionalMessage_ERROR) IP (RCC) : Invalid parameter (ADC12outputFreq_Value)
2023-09-26 12:43:30,388 [INFO] ImportTextPane:194 - (OptionalMessage_ERROR) IP (RCC) : Invalid parameter (ADC34outputFreq_Value)
2023-09-26 12:43:30,388 [INFO] ImportTextPane:194 - (OptionalMessage_ERROR) IP (RCC) : Invalid parameter (FamilyName)
2023-09-26 12:43:30,389 [INFO] ImportTextPane:194 - (OptionalMessage_ERROR) IP (RCC) : Invalid parameter (I2C1Freq_Value)
2023-09-26 12:43:30,389 [INFO] ImportTextPane:194 - (OptionalMessage_ERROR) IP (RCC) : Invalid parameter (I2C2Freq_Value)
2023-09-26 12:43:30,389 [INFO] ImportTextPane:194 - (OptionalMessage_ERROR) IP (RCC) : Invalid parameter (I2C3Freq_Value)
2023-09-26 12:43:30,389 [INFO] ImportTextPane:194 - (OptionalMessage_ERROR) IP (RCC) : Parameter (MCO2PinFreq_Value) has invalid value (168000000)
2023-09-26 12:43:30,389 [INFO] ImportTextPane:194 - (OptionalMessage_ERROR) IP (RCC) : Invalid parameter (MCOFreq_Value)
2023-09-26 12:43:30,389 [INFO] ImportTextPane:194 - (OptionalMessage_ERROR) IP (RCC) : Invalid parameter (PLLMCOFreq_Value)
2023-09-26 12:43:30,389 [INFO] ImportTextPane:194 - (OptionalMessage_ERROR) IP (RCC) : Invalid parameter (PLLMUL)
2023-09-26 12:43:30,389 [INFO] ImportTextPane:194 - (OptionalMessage_ERROR) IP (RCC) : Invalid parameter (PRESCALERUSB)
2023-09-26 12:43:30,389 [INFO] ImportTextPane:194 - (OptionalMessage_ERROR) IP (RCC) : Parameter (RTCHSEDivFreq_Value) has invalid value (4000000)
2023-09-26 12:43:30,389 [INFO] ImportTextPane:194 - (OptionalMessage_ERROR) IP (RCC) : Invalid parameter (SYSCLKSourceVirtual)
2023-09-26 12:43:30,389 [INFO] ImportTextPane:194 - (OptionalMessage_ERROR) IP (RCC) : Invalid parameter (TIM15Freq_Value)
2023-09-26 12:43:30,389 [INFO] ImportTextPane:194 - (OptionalMessage_ERROR) IP (RCC) : Invalid parameter (TIM16Freq_Value)
2023-09-26 12:43:30,389 [INFO] ImportTextPane:194 - (OptionalMessage_ERROR) IP (RCC) : Invalid parameter (TIM17Freq_Value)
2023-09-26 12:43:30,389 [INFO] ImportTextPane:194 - (OptionalMessage_ERROR) IP (RCC) : Invalid parameter (TIM1Freq_Value)
2023-09-26 12:43:30,389 [INFO] ImportTextPane:194 - (OptionalMessage_ERROR) IP (RCC) : Invalid parameter (TIM20Freq_Value)
2023-09-26 12:43:30,389 [INFO] ImportTextPane:194 - (OptionalMessage_ERROR) IP (RCC) : Invalid parameter (TIM2Freq_Value)
2023-09-26 12:43:30,389 [INFO] ImportTextPane:194 - (OptionalMessage_ERROR) IP (RCC) : Invalid parameter (TIM3Freq_Value)
2023-09-26 12:43:30,389 [INFO] ImportTextPane:194 - (OptionalMessage_ERROR) IP (RCC) : Invalid parameter (TIM8Freq_Value)
2023-09-26 12:43:30,389 [INFO] ImportTextPane:194 - (OptionalMessage_ERROR) IP (RCC) : Invalid parameter (UART4Freq_Value)
2023-09-26 12:43:30,389 [INFO] ImportTextPane:194 - (OptionalMessage_ERROR) IP (RCC) : Invalid parameter (UART5Freq_Value)
2023-09-26 12:43:30,389 [INFO] ImportTextPane:194 - (OptionalMessage_ERROR) IP (RCC) : Invalid parameter (USART1Freq_Value)
2023-09-26 12:43:30,389 [INFO] ImportTextPane:194 - (OptionalMessage_ERROR) IP (RCC) : Invalid parameter (USART2Freq_Value)
2023-09-26 12:43:30,389 [INFO] ImportTextPane:194 - (OptionalMessage_ERROR) IP (RCC) : Invalid parameter (USART3Freq_Value)
2023-09-26 12:43:30,389 [INFO] ImportTextPane:194 - (OptionalMessage_ERROR) IP (RCC) : Invalid parameter (USBFreq_Value)
2023-09-26 12:43:30,389 [INFO] ImportTextPane:194 - (OptionalMessage_ERROR) IP (RCC) : Invalid parameter (VCOOutput2Freq_Value)
2023-09-26 12:43:30,721 [INFO] UtilMem:75 - End LoadConfig() Used Memory: 780994088 Bytes (1073741824)
2023-09-26 12:43:30,766 [WARN] ThirdParty:833 - waiting for thirdparty lock release [change project]
2023-09-26 12:43:30,766 [INFO] ThirdParty:835 - entering critical section [change project]
2023-09-26 12:43:30,766 [INFO] ThirdParty:1030 - CMSIS Pack Vendor :STMicroelectronics X-CUBE-ISPU 1.1.0
2023-09-26 12:43:30,766 [INFO] ThirdParty:1030 - CMSIS Pack Vendor :STMicroelectronics USBPD 4.1
2023-09-26 12:43:30,766 [INFO] ThirdParty:1030 - CMSIS Pack Vendor :STMicroelectronics X-CUBE-GNSS1 6.0.0
2023-09-26 12:43:30,766 [INFO] ThirdParty:1030 - CMSIS Pack Vendor :STMicroelectronics USB_HOST 2.0.0
2023-09-26 12:43:30,766 [INFO] ThirdParty:1030 - CMSIS Pack Vendor :STMicroelectronics X-CUBE-AZRTOS-F4 1.1.0
2023-09-26 12:43:30,766 [INFO] ThirdParty:1030 - CMSIS Pack Vendor :STMicroelectronics LIBJPEG 8.0.0
2023-09-26 12:43:30,766 [INFO] ThirdParty:1030 - CMSIS Pack Vendor :wolfSSL I-CUBE-wolfSSL 5.6.3
2023-09-26 12:43:30,766 [INFO] ThirdParty:1030 - CMSIS Pack Vendor :STMicroelectronics X-CUBE-SMBUS 2.1.0
2023-09-26 12:43:30,766 [INFO] ThirdParty:1030 - CMSIS Pack Vendor :STMicroelectronics USB_DEVICE 3.0.0
2023-09-26 12:43:30,766 [INFO] ThirdParty:1030 - CMSIS Pack Vendor :STMicroelectronics X-CUBE-AZRTOS-WB 2.0.0
2023-09-26 12:43:30,766 [INFO] ThirdParty:1030 - CMSIS Pack Vendor :STMicroelectronics X-CUBE-AZRTOS-F7 1.1.0
2023-09-26 12:43:30,766 [INFO] ThirdParty:1030 - CMSIS Pack Vendor :STMicroelectronics X-CUBE-AZRTOS-L5 2.0.0
2023-09-26 12:43:30,766 [INFO] ThirdParty:1030 - CMSIS Pack Vendor :STMicroelectronics USB_DEVICE 2.0.0
2023-09-26 12:43:30,766 [INFO] ThirdParty:1030 - CMSIS Pack Vendor :STMicroelectronics X-CUBE-MEMS1 9.6.0
2023-09-26 12:43:30,767 [INFO] ThirdParty:1030 - CMSIS Pack Vendor :STMicroelectronics FP-SNS-MOTENV1 4.3.2
2023-09-26 12:43:30,767 [INFO] ThirdParty:1030 - CMSIS Pack Vendor :STMicroelectronics X-CUBE-ALGOBUILD 1.3.0
2023-09-26 12:43:30,767 [INFO] ThirdParty:1030 - CMSIS Pack Vendor :STMicroelectronics FreeRTOS 0.0.1
2023-09-26 12:43:30,767 [INFO] ThirdParty:1030 - CMSIS Pack Vendor :STMicroelectronics X-CUBE-AZRTOS-G0 1.1.0
2023-09-26 12:43:30,767 [INFO] ThirdParty:1030 - CMSIS Pack Vendor :STMicroelectronics X-CUBE-BLEMGR 2.0.0
2023-09-26 12:43:30,767 [INFO] ThirdParty:1030 - CMSIS Pack Vendor :STMicroelectronics X-CUBE-NFC4 3.0.0
2023-09-26 12:43:30,767 [INFO] ThirdParty:1030 - CMSIS Pack Vendor :STMicroelectronics X-CUBE-SUBG2 5.0.0
2023-09-26 12:43:30,767 [INFO] ThirdParty:1030 - CMSIS Pack Vendor :STMicroelectronics STM32_WPAN 1.0.0
2023-09-26 12:43:30,767 [INFO] ThirdParty:1030 - CMSIS Pack Vendor :STMicroelectronics lwIP 2.0.3
2023-09-26 12:43:30,767 [INFO] ThirdParty:1030 - CMSIS Pack Vendor :STMicroelectronics FP-SNS-FLIGHT1 5.0.2
2023-09-26 12:43:30,767 [INFO] ThirdParty:1030 - CMSIS Pack Vendor :STMicroelectronics USB_HOST 1.0.0
2023-09-26 12:43:30,767 [INFO] ThirdParty:1030 - CMSIS Pack Vendor :STMicroelectronics X-CUBE-TOF1 3.3.1
2023-09-26 12:43:30,767 [INFO] ThirdParty:1030 - CMSIS Pack Vendor :STMicroelectronics X-CUBE-AZRTOS-G4 2.0.0
2023-09-26 12:43:30,767 [INFO] ThirdParty:1030 - CMSIS Pack Vendor :STMicroelectronics PDM2PCM 3.1.0
2023-09-26 12:43:30,767 [INFO] ThirdParty:1030 - CMSIS Pack Vendor :STMicroelectronics X-CUBE-AZRTOS-H7 3.1.0
2023-09-26 12:43:30,767 [INFO] ThirdParty:1030 - CMSIS Pack Vendor :STMicroelectronics PDM2PCM 3.3.0
2023-09-26 12:43:30,767 [INFO] ThirdParty:1030 - CMSIS Pack Vendor :STMicroelectronics X-CUBE-DISPLAY 3.0.0
2023-09-26 12:43:30,767 [INFO] ThirdParty:1030 - CMSIS Pack Vendor :STMicroelectronics X-CUBE-BLE1 7.0.0
2023-09-26 12:43:30,767 [INFO] ThirdParty:1030 - CMSIS Pack Vendor :STMicroelectronics FP-ATR-SIGFOX1 3.2.0
2023-09-26 12:43:30,767 [INFO] ThirdParty:1030 - CMSIS Pack Vendor :STMicroelectronics HAL Drivers 0.0.0
2023-09-26 12:43:30,767 [INFO] ThirdParty:1030 - CMSIS Pack Vendor :STMicroelectronics MBEDTLS 2.16.2
2023-09-26 12:43:30,767 [INFO] ThirdParty:1030 - CMSIS Pack Vendor :emotas I-CUBE-CANOPEN 1.3.0
2023-09-26 12:43:30,767 [INFO] ThirdParty:1030 - CMSIS Pack Vendor :STMicroelectronics X-CUBE-FREERTOS 1.1.0
2023-09-26 12:43:30,767 [INFO] ThirdParty:1030 - CMSIS Pack Vendor :STMicroelectronics X-CUBE-TOUCHGFX 4.22.0
2023-09-26 12:43:30,767 [INFO] ThirdParty:1030 - CMSIS Pack Vendor :STMicroelectronics X-CUBE-NFC7 1.0.1
2023-09-26 12:43:30,767 [INFO] ThirdParty:1030 - CMSIS Pack Vendor :STMicroelectronics MBEDTLS 2.14.1
2023-09-26 12:43:30,767 [INFO] ThirdParty:1030 - CMSIS Pack Vendor :STMicroelectronics X-CUBE-NFC6 3.0.0
2023-09-26 12:43:30,767 [INFO] ThirdParty:1030 - CMSIS Pack Vendor :STMicroelectronics X-CUBE-EEPRMA1 4.1.0
2023-09-26 12:43:30,767 [INFO] ThirdParty:1030 - CMSIS Pack Vendor :portGmbH I-Cube-SoM-uGOAL 1.1.0
2023-09-26 12:43:30,767 [INFO] ThirdParty:1030 - CMSIS Pack Vendor :STMicroelectronics X-CUBE-ALS 1.0.1
2023-09-26 12:43:30,767 [INFO] ThirdParty:1030 - CMSIS Pack Vendor :STMicroelectronics ThreadX 1.0.0
2023-09-26 12:43:30,767 [INFO] ThirdParty:1030 - CMSIS Pack Vendor :STMicroelectronics FP-SNS-SMARTAG2 1.2.0
2023-09-26 12:43:30,767 [INFO] ThirdParty:1030 - CMSIS Pack Vendor :STMicroelectronics X-CUBE-AZRTOS-WL 2.0.0
2023-09-26 12:43:30,767 [INFO] ThirdParty:1030 - CMSIS Pack Vendor :SEGGER I-CUBE-embOS 1.3.1
2023-09-26 12:43:30,767 [INFO] ThirdParty:1030 - CMSIS Pack Vendor :STMicroelectronics USB_DEVICE 1.0.0
2023-09-26 12:43:30,767 [INFO] ThirdParty:1030 - CMSIS Pack Vendor :STMicroelectronics X-CUBE-AI 8.1.0
2023-09-26 12:43:30,767 [INFO] ThirdParty:1030 - CMSIS Pack Vendor :STMicroelectronics X-CUBE-AZRTOS-L4 2.0.0
2023-09-26 12:43:30,767 [INFO] ThirdParty:1030 - CMSIS Pack Vendor :STMicroelectronics ThreadX 0.0.2
2023-09-26 12:43:30,767 [INFO] ThirdParty:1030 - CMSIS Pack Vendor :WES I-CUBE-Cesium 1.3.0
2023-09-26 12:43:30,767 [INFO] ThirdParty:1030 - CMSIS Pack Vendor :STMicroelectronics FP-ATR-ASTRA1 2.0.0
2023-09-26 12:43:30,767 [INFO] ThirdParty:1030 - CMSIS Pack Vendor :STMicroelectronics lwIP 2.1.2
2023-09-26 12:43:30,767 [INFO] ThirdParty:1030 - CMSIS Pack Vendor :STMicroelectronics X-CUBE-SFXS2LP1 4.0.0
2023-09-26 12:43:30,767 [INFO] ThirdParty:1030 - CMSIS Pack Vendor :STMicroelectronics X-CUBE-BLE2 3.3.0
2023-09-26 12:43:30,767 [INFO] ThirdParty:1030 - CMSIS Pack Vendor :STMicroelectronics PDM2PCM 3.2.0
2023-09-26 12:43:30,767 [INFO] ThirdParty:841 - exiting critical section [change project]
2023-09-26 12:43:30,864 [INFO] PinOutPanel:1499 - setPackage(No Configuration,No Configuration)
2023-09-26 12:43:30,865 [INFO] PinOutPanel:1499 - setPackage(STM32F429ZITx,LQFP144)
2023-09-26 12:43:30,998 [INFO] UtilMem:75 - Before build in PCC Used Memory: 803576856 Bytes (1073741824)
2023-09-26 12:43:31,106 [INFO] UtilMem:75 - After build in PCC Used Memory: 850282136 Bytes (1073741824)
2023-09-26 12:43:31,109 [INFO] ApiDbMcu:507 - Load IP Config File for FREERTOS
2023-09-26 12:43:31,125 [INFO] IPUIPlugin:80 - create IPUIPlugin
2023-09-26 12:43:31,125 [INFO] IPUIPlugin:80 - create IPUIPlugin
2023-09-26 12:43:31,125 [INFO] IPUIPlugin:80 - create IPUIPlugin
2023-09-26 12:43:31,125 [INFO] IPUIPlugin:80 - create IPUIPlugin
2023-09-26 12:43:31,125 [INFO] IPUIPlugin:80 - create IPUIPlugin
2023-09-26 12:43:31,125 [INFO] IPUIPlugin:80 - create IPUIPlugin
2023-09-26 12:43:31,125 [INFO] IPUIPlugin:80 - create IPUIPlugin
2023-09-26 12:43:31,125 [INFO] IPUIPlugin:80 - create IPUIPlugin
2023-09-26 12:43:31,125 [INFO] IPUIPlugin:80 - create IPUIPlugin
2023-09-26 12:43:31,125 [INFO] IPUIPlugin:80 - create IPUIPlugin
2023-09-26 12:43:31,125 [INFO] IPUIPlugin:80 - create IPUIPlugin
2023-09-26 12:43:31,125 [INFO] IPUIPlugin:80 - create IPUIPlugin
2023-09-26 12:43:31,126 [INFO] IPUIPlugin:80 - create IPUIPlugin
2023-09-26 12:43:31,126 [INFO] IPUIPlugin:80 - create IPUIPlugin
2023-09-26 12:43:31,126 [INFO] IPUIPlugin:80 - create IPUIPlugin
2023-09-26 12:43:31,126 [INFO] IPUIPlugin:80 - create IPUIPlugin
2023-09-26 12:43:31,126 [INFO] IPUIPlugin:80 - create IPUIPlugin
2023-09-26 12:43:31,126 [INFO] IPUIPlugin:80 - create IPUIPlugin
2023-09-26 12:43:31,126 [INFO] IPUIPlugin:80 - create IPUIPlugin
2023-09-26 12:43:31,126 [INFO] IPUIPlugin:80 - create IPUIPlugin
2023-09-26 12:43:31,126 [INFO] IPUIPlugin:80 - create IPUIPlugin
2023-09-26 12:43:31,126 [INFO] IPUIPlugin:80 - create IPUIPlugin
2023-09-26 12:43:31,126 [INFO] IPUIPlugin:80 - create IPUIPlugin
2023-09-26 12:43:31,126 [INFO] IPUIPlugin:80 - create IPUIPlugin
2023-09-26 12:43:31,126 [INFO] IPUIPlugin:80 - create IPUIPlugin
2023-09-26 12:43:31,126 [INFO] IPUIPlugin:80 - create IPUIPlugin
2023-09-26 12:43:31,127 [INFO] IPUIPlugin:80 - create IPUIPlugin
2023-09-26 12:43:31,127 [INFO] IPUIPlugin:80 - create IPUIPlugin
2023-09-26 12:43:31,127 [INFO] IPUIPlugin:80 - create IPUIPlugin
2023-09-26 12:43:31,127 [INFO] IPUIPlugin:80 - create IPUIPlugin
2023-09-26 12:43:31,127 [INFO] IPUIPlugin:80 - create IPUIPlugin
2023-09-26 12:43:31,127 [INFO] IPUIPlugin:80 - create IPUIPlugin
2023-09-26 12:43:31,127 [INFO] IPUIPlugin:80 - create IPUIPlugin
2023-09-26 12:43:31,127 [INFO] IPUIPlugin:80 - create IPUIPlugin
2023-09-26 12:43:31,127 [INFO] IPUIPlugin:80 - create IPUIPlugin
2023-09-26 12:43:31,128 [INFO] IPUIPlugin:80 - create IPUIPlugin
2023-09-26 12:43:31,128 [INFO] IPUIPlugin:80 - create IPUIPlugin
2023-09-26 12:43:31,128 [INFO] IPUIPlugin:80 - create IPUIPlugin
2023-09-26 12:43:31,128 [INFO] IPUIPlugin:80 - create IPUIPlugin
2023-09-26 12:43:31,128 [INFO] IPUIPlugin:80 - create IPUIPlugin
2023-09-26 12:43:31,128 [INFO] IPUIPlugin:80 - create IPUIPlugin
2023-09-26 12:43:31,129 [INFO] IPUIPlugin:80 - create IPUIPlugin
2023-09-26 12:43:31,129 [INFO] IPUIPlugin:80 - create IPUIPlugin
2023-09-26 12:43:31,129 [INFO] IPUIPlugin:80 - create IPUIPlugin
2023-09-26 12:43:31,129 [INFO] IPUIPlugin:80 - create IPUIPlugin
2023-09-26 12:43:31,129 [INFO] IPUIPlugin:80 - create IPUIPlugin
2023-09-26 12:43:31,129 [INFO] IPUIPlugin:80 - create IPUIPlugin
2023-09-26 12:43:31,129 [INFO] IPUIPlugin:80 - create IPUIPlugin
2023-09-26 12:43:31,130 [INFO] IPUIPlugin:80 - create IPUIPlugin
2023-09-26 12:43:31,130 [INFO] IPUIPlugin:80 - create IPUIPlugin
2023-09-26 12:43:31,130 [INFO] IPUIPlugin:80 - create IPUIPlugin
2023-09-26 12:43:31,130 [INFO] IPUIPlugin:80 - create IPUIPlugin
2023-09-26 12:43:31,130 [INFO] IPUIPlugin:80 - create IPUIPlugin
2023-09-26 12:43:31,130 [INFO] IPUIPlugin:80 - create IPUIPlugin
2023-09-26 12:43:31,131 [INFO] IPUIPlugin:80 - create IPUIPlugin
2023-09-26 12:43:31,131 [INFO] IPUIPlugin:80 - create IPUIPlugin
2023-09-26 12:43:31,131 [INFO] IPUIPlugin:80 - create IPUIPlugin
2023-09-26 12:43:31,131 [INFO] IPUIPlugin:80 - create IPUIPlugin
2023-09-26 12:43:31,131 [INFO] IPUIPlugin:80 - create IPUIPlugin
2023-09-26 12:43:31,132 [INFO] IPUIPlugin:80 - create IPUIPlugin
2023-09-26 12:43:31,132 [INFO] IPUIPlugin:80 - create IPUIPlugin
2023-09-26 12:43:31,132 [INFO] IPUIPlugin:80 - create IPUIPlugin
2023-09-26 12:43:31,132 [INFO] IPUIPlugin:80 - create IPUIPlugin
2023-09-26 12:43:31,133 [INFO] IPUIPlugin:80 - create IPUIPlugin
2023-09-26 12:43:31,133 [INFO] IPUIPlugin:80 - create IPUIPlugin
2023-09-26 12:43:31,133 [INFO] IPUIPlugin:80 - create IPUIPlugin
2023-09-26 12:43:31,136 [INFO] ApiDbMcu:507 - Load IP Config File for PDM2PCM
2023-09-26 12:43:31,142 [WARN] FreeRTOS:1023 - Null or empty value: should not occur! (nothing added to the table)
2023-09-26 12:43:31,182 [INFO] CADModel:165 - CPN selected for project levelSTM32F429ZIT6
2023-09-26 12:43:31,182 [INFO] CADModel:114 - Register for checkConnection events
2023-09-26 12:43:31,184 [INFO] RtosManager:697 - Active RTOS found at IOC load: FREERTOS [Cortex-M4NS]
2023-09-26 12:43:31,245 [INFO] OpenFileManager:328 - Restore cursor
2023-09-26 12:44:00,279 [INFO] NvicIntPanel:101 - NVIC parent = com.st.microxplorer.plugins.ip.nvic.MultiNvicIntPanel[,0,0,0x0,invalid,layout=javax.swing.BoxLayout,alignmentX=0.0,alignmentY=0.0,border=,flags=9,maximumSize=,minimumSize=,preferredSize=]
2023-09-26 12:44:02,646 [INFO] UtilMem:75 - End SaveConfig() Used Memory: 812963008 Bytes (1073741824)
2023-09-26 12:44:03,701 [INFO] UtilMem:75 - End SaveConfig() Used Memory: 762844032 Bytes (1073741824)
2023-09-26 12:44:06,276 [INFO] UtilMem:75 - End SaveConfig() Used Memory: 820735992 Bytes (1073741824)
2023-09-26 12:44:07,973 [INFO] BlockDiagram:2759 - set Specific Code input for plugin: FREERTOS
2023-09-26 12:44:07,973 [INFO] BlockDiagram:2759 - set Specific Code input for plugin: SYS
2023-09-26 12:44:07,973 [INFO] BlockDiagram:2759 - set Specific Code input for plugin: RCC
2023-09-26 12:44:07,973 [INFO] BlockDiagram:2759 - set Specific Code input for plugin: I2C
2023-09-26 12:44:07,973 [INFO] BlockDiagram:2759 - set Specific Code input for plugin: USB_OTG_FS
2023-09-26 12:44:07,973 [INFO] BlockDiagram:2759 - set Specific Code input for plugin: NVIC
2023-09-26 12:44:07,973 [INFO] BlockDiagram:2759 - set Specific Code input for plugin: USART
2023-09-26 12:44:07,973 [INFO] BlockDiagram:2759 - set Specific Code input for plugin: GPIO
2023-09-26 12:44:07,973 [INFO] BlockDiagram:2759 - set Specific Code input for plugin: ETH
2023-09-26 12:44:07,974 [INFO] CodeGenerator:799 - code generatio: config db path: C:\ST\STM32CubeIDE_1.13.0\STM32CubeIDE\plugins\com.st.stm32cube.common.mx_6.9.0.202307051724\\db\
2023-09-26 12:44:08,116 [INFO] CodeEngine:255 - oldGeneratedFile, C:\Users\User\Desktop\stm32\lcd_test\MXTmpFiles\license.tmp_save
2023-09-26 12:44:08,176 [INFO] CodeEngine:279 - Generated code: C:\Users\User\Desktop\stm32\lcd_test\MXTmpFiles\license.tmp
2023-09-26 12:44:08,217 [INFO] CodeEngine:255 - oldGeneratedFile, C:\Users\User\Desktop\stm32\lcd_test\MXTmpFiles\gpio.tmp_save
2023-09-26 12:44:08,282 [INFO] CodeEngine:279 - Generated code: C:\Users\User\Desktop\stm32\lcd_test\MXTmpFiles\gpio.tmp
2023-09-26 12:44:08,453 [WARN] IPConfigManager:2937 - Warning: the RefConfig PWREx_EnableUSBVoltageDetector is not available in your config.xml file
2023-09-26 12:44:08,483 [INFO] Middleware:1439 - No code input for Bsp Dependency
2023-09-26 12:44:08,495 [INFO] CodeEngine:255 - oldGeneratedFile, C:\Users\User\Desktop\stm32\lcd_test\MXTmpFiles\rtos_inc.tmp_save
2023-09-26 12:44:08,565 [INFO] CodeEngine:279 - Generated code: C:\Users\User\Desktop\stm32\lcd_test\MXTmpFiles\rtos_inc.tmp
2023-09-26 12:44:08,578 [INFO] CodeEngine:255 - oldGeneratedFile, C:\Users\User\Desktop\stm32\lcd_test\MXTmpFiles\rtos_kernelInit.tmp_save
2023-09-26 12:44:08,633 [INFO] CodeEngine:279 - Generated code: C:\Users\User\Desktop\stm32\lcd_test\MXTmpFiles\rtos_kernelInit.tmp
2023-09-26 12:44:08,641 [INFO] CodeEngine:255 - oldGeneratedFile, C:\Users\User\Desktop\stm32\lcd_test\MXTmpFiles\rtos_kernelStart.tmp_save
2023-09-26 12:44:08,691 [INFO] CodeEngine:279 - Generated code: C:\Users\User\Desktop\stm32\lcd_test\MXTmpFiles\rtos_kernelStart.tmp
2023-09-26 12:44:08,699 [INFO] CodeEngine:255 - oldGeneratedFile, C:\Users\User\Desktop\stm32\lcd_test\MXTmpFiles\rtos_typedefs.tmp_save
2023-09-26 12:44:08,744 [INFO] CodeEngine:279 - Generated code: C:\Users\User\Desktop\stm32\lcd_test\MXTmpFiles\rtos_typedefs.tmp
2023-09-26 12:44:08,751 [INFO] CodeEngine:255 - oldGeneratedFile, C:\Users\User\Desktop\stm32\lcd_test\MXTmpFiles\rtos_vars.tmp_save
2023-09-26 12:44:08,808 [INFO] CodeEngine:279 - Generated code: C:\Users\User\Desktop\stm32\lcd_test\MXTmpFiles\rtos_vars.tmp
2023-09-26 12:44:08,817 [INFO] CodeEngine:255 - oldGeneratedFile, C:\Users\User\Desktop\stm32\lcd_test\MXTmpFiles\rtos_pfp.tmp_save
2023-09-26 12:44:08,865 [INFO] CodeEngine:279 - Generated code: C:\Users\User\Desktop\stm32\lcd_test\MXTmpFiles\rtos_pfp.tmp
2023-09-26 12:44:08,873 [INFO] CodeEngine:255 - oldGeneratedFile, C:\Users\User\Desktop\stm32\lcd_test\MXTmpFiles\rtos_obj_creat.tmp_save
2023-09-26 12:44:08,922 [INFO] CodeEngine:279 - Generated code: C:\Users\User\Desktop\stm32\lcd_test\MXTmpFiles\rtos_obj_creat.tmp
2023-09-26 12:44:08,929 [INFO] CodeEngine:255 - oldGeneratedFile, C:\Users\User\Desktop\stm32\lcd_test\MXTmpFiles\rtos_default_thread.tmp_save
2023-09-26 12:44:08,975 [INFO] CodeEngine:279 - Generated code: C:\Users\User\Desktop\stm32\lcd_test\MXTmpFiles\rtos_default_thread.tmp
2023-09-26 12:44:08,981 [INFO] CodeEngine:255 - oldGeneratedFile, C:\Users\User\Desktop\stm32\lcd_test\MXTmpFiles\rtos_threads.tmp_save
2023-09-26 12:44:09,024 [INFO] CodeEngine:279 - Generated code: C:\Users\User\Desktop\stm32\lcd_test\MXTmpFiles\rtos_threads.tmp
2023-09-26 12:44:09,041 [INFO] Middleware:1439 - No code input for Bsp Dependency
2023-09-26 12:44:09,051 [INFO] CodeEngine:255 - oldGeneratedFile, C:\Users\User\Desktop\stm32\lcd_test\MXTmpFiles\rtos_inc.tmp_save
2023-09-26 12:44:09,102 [INFO] CodeEngine:279 - Generated code: C:\Users\User\Desktop\stm32\lcd_test\MXTmpFiles\rtos_inc.tmp
2023-09-26 12:44:09,110 [INFO] CodeEngine:255 - oldGeneratedFile, C:\Users\User\Desktop\stm32\lcd_test\MXTmpFiles\rtos_kernelInit.tmp_save
2023-09-26 12:44:09,157 [INFO] CodeEngine:279 - Generated code: C:\Users\User\Desktop\stm32\lcd_test\MXTmpFiles\rtos_kernelInit.tmp
2023-09-26 12:44:09,165 [INFO] CodeEngine:255 - oldGeneratedFile, C:\Users\User\Desktop\stm32\lcd_test\MXTmpFiles\rtos_kernelStart.tmp_save
2023-09-26 12:44:09,212 [INFO] CodeEngine:279 - Generated code: C:\Users\User\Desktop\stm32\lcd_test\MXTmpFiles\rtos_kernelStart.tmp
2023-09-26 12:44:09,220 [INFO] CodeEngine:255 - oldGeneratedFile, C:\Users\User\Desktop\stm32\lcd_test\MXTmpFiles\rtos_typedefs.tmp_save
2023-09-26 12:44:09,265 [INFO] CodeEngine:279 - Generated code: C:\Users\User\Desktop\stm32\lcd_test\MXTmpFiles\rtos_typedefs.tmp
2023-09-26 12:44:09,274 [INFO] CodeEngine:255 - oldGeneratedFile, C:\Users\User\Desktop\stm32\lcd_test\MXTmpFiles\rtos_vars.tmp_save
2023-09-26 12:44:09,322 [INFO] CodeEngine:279 - Generated code: C:\Users\User\Desktop\stm32\lcd_test\MXTmpFiles\rtos_vars.tmp
2023-09-26 12:44:09,330 [INFO] CodeEngine:255 - oldGeneratedFile, C:\Users\User\Desktop\stm32\lcd_test\MXTmpFiles\rtos_pfp.tmp_save
2023-09-26 12:44:09,376 [INFO] CodeEngine:279 - Generated code: C:\Users\User\Desktop\stm32\lcd_test\MXTmpFiles\rtos_pfp.tmp
2023-09-26 12:44:09,384 [INFO] CodeEngine:255 - oldGeneratedFile, C:\Users\User\Desktop\stm32\lcd_test\MXTmpFiles\rtos_obj_creat.tmp_save
2023-09-26 12:44:09,432 [INFO] CodeEngine:279 - Generated code: C:\Users\User\Desktop\stm32\lcd_test\MXTmpFiles\rtos_obj_creat.tmp
2023-09-26 12:44:09,440 [INFO] CodeEngine:255 - oldGeneratedFile, C:\Users\User\Desktop\stm32\lcd_test\MXTmpFiles\rtos_default_thread.tmp_save
2023-09-26 12:44:09,486 [INFO] CodeEngine:279 - Generated code: C:\Users\User\Desktop\stm32\lcd_test\MXTmpFiles\rtos_default_thread.tmp
2023-09-26 12:44:09,493 [INFO] CodeEngine:255 - oldGeneratedFile, C:\Users\User\Desktop\stm32\lcd_test\MXTmpFiles\rtos_threads.tmp_save
2023-09-26 12:44:09,538 [INFO] CodeEngine:279 - Generated code: C:\Users\User\Desktop\stm32\lcd_test\MXTmpFiles\rtos_threads.tmp
2023-09-26 12:44:09,546 [INFO] CodeEngine:255 - oldGeneratedFile, C:\Users\User\Desktop\stm32\lcd_test\Core\Inc\FreeRTOSConfig.h_save
2023-09-26 12:44:09,602 [INFO] CodeEngine:279 - Generated code: C:\Users\User\Desktop\stm32\lcd_test\Core\Inc\FreeRTOSConfig.h
2023-09-26 12:44:09,614 [INFO] CodeEngine:255 - oldGeneratedFile, C:\Users\User\Desktop\stm32\lcd_test\Core\Src\freertos.c_save
2023-09-26 12:44:09,664 [INFO] CodeEngine:279 - Generated code: C:\Users\User\Desktop\stm32\lcd_test\Core\Src\freertos.c
2023-09-26 12:44:09,685 [INFO] CodeEngine:255 - oldGeneratedFile, C:\Users\User\Desktop\stm32\lcd_test\Core\Src\stm32f4xx_it.c_save
2023-09-26 12:44:09,802 [INFO] CodeEngine:279 - Generated code: C:\Users\User\Desktop\stm32\lcd_test\Core\Src\stm32f4xx_it.c
2023-09-26 12:44:09,813 [INFO] CodeEngine:255 - oldGeneratedFile, C:\Users\User\Desktop\stm32\lcd_test\Core\Inc\stm32f4xx_it.h_save
2023-09-26 12:44:09,876 [INFO] CodeEngine:279 - Generated code: C:\Users\User\Desktop\stm32\lcd_test\Core\Inc\stm32f4xx_it.h
2023-09-26 12:44:09,899 [INFO] CodeEngine:255 - oldGeneratedFile, C:\Users\User\Desktop\stm32\lcd_test\Core\Src\stm32f4xx_hal_msp.c_save
2023-09-26 12:44:10,009 [INFO] CodeEngine:279 - Generated code: C:\Users\User\Desktop\stm32\lcd_test\Core\Src\stm32f4xx_hal_msp.c
2023-09-26 12:44:10,031 [INFO] CodeEngine:255 - oldGeneratedFile, C:\Users\User\Desktop\stm32\lcd_test\MXTmpFiles\system.tmp_save
2023-09-26 12:44:10,085 [INFO] CodeEngine:279 - Generated code: C:\Users\User\Desktop\stm32\lcd_test\MXTmpFiles\system.tmp
2023-09-26 12:44:10,104 [INFO] CodeEngine:311 - oldGeneratedFile, C:\Users\User\Desktop\stm32\lcd_test\Core\Inc\stm32f4xx_hal_conf.h_save
2023-09-26 12:44:10,170 [INFO] CodeEngine:335 - Generated code: C:\Users\User\Desktop\stm32\lcd_test\Core\Inc\stm32f4xx_hal_conf.h
2023-09-26 12:44:10,191 [WARN] IPConfigManager:3431 - IP not found : USB_OTG
2023-09-26 12:44:10,192 [WARN] CodeGenerator:3760 - IP not found : null
2023-09-26 12:44:10,205 [INFO] CodeEngine:255 - oldGeneratedFile, C:\Users\User\Desktop\stm32\lcd_test\Core\Inc\main.h_save
2023-09-26 12:44:10,270 [INFO] CodeEngine:279 - Generated code: C:\Users\User\Desktop\stm32\lcd_test\Core\Inc\main.h
2023-09-26 12:44:10,285 [INFO] CodeEngine:255 - oldGeneratedFile, C:\Users\User\Desktop\stm32\lcd_test\Core\Src\main.c_save
2023-09-26 12:44:10,393 [INFO] CodeEngine:279 - Generated code: C:\Users\User\Desktop\stm32\lcd_test\Core\Src\main.c
2023-09-26 12:44:11,183 [INFO] ProjectBuilder:3064 - Time for Copy HAL[1] : 520mS.
2023-09-26 12:44:11,189 [INFO] ProjectBuilder:4404 - Project Generator version: 4.1.0
2023-09-26 12:44:11,355 [INFO] ConfigFileManager:1457 - The Die is : DIE419
2023-09-26 12:44:11,361 [INFO] ApiDbMcu:507 - Load IP Config File for FATFS
2023-09-26 12:44:11,365 [INFO] ApiDbMcu:507 - Load IP Config File for LIBJPEG
2023-09-26 12:44:11,373 [INFO] ApiDbMcu:507 - Load IP Config File for LWIP
2023-09-26 12:44:11,380 [INFO] ApiDbMcu:507 - Load IP Config File for MBEDTLS
2023-09-26 12:44:11,388 [INFO] ApiDbMcu:507 - Load IP Config File for USB_DEVICE
2023-09-26 12:44:11,393 [INFO] ApiDbMcu:507 - Load IP Config File for USB_HOST
2023-09-26 12:44:12,825 [INFO] ProjectBuilder:4626 - Time for Generating toolchain IDE Files: 1636mS.
2023-09-26 12:44:12,826 [INFO] ProjectBuilder:2935 - Time for Copy CMSIS : 1mS.
2023-09-26 12:44:12,838 [INFO] ProjectBuilder:2935 - Time for Copy CMSIS : 1mS.
