2023-09-11 19:10:06,452 [ERROR] LogOutputStream:75 - [STDERR_REDIRECT] 
2023-09-11 20:51:26,054 [INFO] Activator:176 - 


2023-09-11 20:51:26,055 [INFO] Activator:177 - !SESSION log4j initialized
2023-09-11 20:51:31,642 [INFO] LogOutputStream:77 - [STDOUT_REDIRECT] 
2023-09-11 20:51:40,684 [INFO] ApplicationProperties:184 - Using Application install path: C:\ST\STM32CubeIDE_1.13.0\STM32CubeIDE\plugins\com.st.stm32cube.common.mx_6.9.0.202307051724
2023-09-11 20:51:40,700 [INFO] DbMcusXml:78 - Set database path to: C:\ST\STM32CubeIDE_1.13.0\STM32CubeIDE\plugins\com.st.stm32cube.common.mx_6.9.0.202307051724\\db\/mcu/
2023-09-11 20:51:40,701 [INFO] ApiDb:274 - Set plugin database path to: C:\ST\STM32CubeIDE_1.13.0\STM32CubeIDE\plugins\com.st.stm32cube.common.mx_6.9.0.202307051724\\db\/plugins/boardmanager/
2023-09-11 20:51:40,701 [WARN] ApiDb:259 - Overriding images path with different value:  => C:\ST\STM32CubeIDE_1.13.0\STM32CubeIDE\plugins\com.st.stm32cube.common.mx_6.9.0.202307051724\\db\/plugins/mcufinder/images/
2023-09-11 20:51:40,714 [INFO] ApiDb:250 - Set database path to: C:\Users\User\.stmcufinder\plugins\mcufinder//mcu/
2023-09-11 20:51:40,715 [INFO] DbMcusAds:125 - Set database path to: C:\Users\User\.stmcufinder\plugins\mcufinder//mcu/
2023-09-11 20:51:40,717 [INFO] CrossReferenceDbSqlite:203 - Set database path to: C:\Users\User\.stmcufinder\plugins\mcufinder//mcu/cs/
2023-09-11 20:51:40,797 [INFO] RulesReader:64 - Compatibility file has been processed (293 Rules)
2023-09-11 20:51:40,877 [INFO] DbMcusXml:78 - Set database path to: C:\ST\STM32CubeIDE_1.13.0\STM32CubeIDE\plugins\com.st.stm32cube.common.mx_6.9.0.202307051724\\db\/mcu/
2023-09-11 20:51:40,877 [INFO] ApiDb:274 - Set plugin database path to: C:\ST\STM32CubeIDE_1.13.0\STM32CubeIDE\plugins\com.st.stm32cube.common.mx_6.9.0.202307051724\\db\/plugins/boardmanager/
2023-09-11 20:51:40,878 [INFO] ApiDb:261 - Set plugin images path to: C:\ST\STM32CubeIDE_1.13.0\STM32CubeIDE\plugins\com.st.stm32cube.common.mx_6.9.0.202307051724\\db\/plugins/mcufinder/images/
2023-09-11 20:51:40,878 [WARN] DbFile:41 - Overriding database path with different value: C:\Users\User\.stmcufinder\plugins\mcufinder/ => C:\Users\User\.stmcufinder\plugins\mcufinder
2023-09-11 20:51:40,878 [INFO] ApiDb:250 - Set database path to: C:\Users\User\.stmcufinder\plugins\mcufinder//mcu/
2023-09-11 20:51:40,878 [WARN] DbFile:41 - Overriding database path with different value: C:\Users\User\.stmcufinder\plugins\mcufinder/ => C:\Users\User\.stmcufinder\plugins\mcufinder
2023-09-11 20:51:40,878 [INFO] DbMcusAds:125 - Set database path to: C:\Users\User\.stmcufinder\plugins\mcufinder//mcu/
2023-09-11 20:51:40,878 [WARN] DbFile:41 - Overriding database path with different value: C:\Users\User\.stmcufinder\plugins\mcufinder/ => C:\Users\User\.stmcufinder\plugins\mcufinder
2023-09-11 20:51:40,878 [WARN] DbFile:41 - Overriding database path with different value: C:\Users\User\.stmcufinder\plugins\mcufinder/ => C:\Users\User\.stmcufinder\plugins\mcufinder
2023-09-11 20:51:40,878 [INFO] CrossReferenceDbSqlite:203 - Set database path to: C:\Users\User\.stmcufinder\plugins\mcufinder//mcu/cs/
2023-09-11 20:51:40,948 [INFO] MainPanel:262 - HeapMemory: 268435456
2023-09-11 20:51:41,026 [INFO] DbMcusXml:78 - Set database path to: C:\ST\STM32CubeIDE_1.13.0\STM32CubeIDE\plugins\com.st.stm32cube.common.mx_6.9.0.202307051724\\db\/mcu/
2023-09-11 20:51:41,027 [INFO] ApiDb:274 - Set plugin database path to: C:\ST\STM32CubeIDE_1.13.0\STM32CubeIDE\plugins\com.st.stm32cube.common.mx_6.9.0.202307051724\\db\/plugins/boardmanager/
2023-09-11 20:51:41,027 [INFO] ApiDb:261 - Set plugin images path to: C:\ST\STM32CubeIDE_1.13.0\STM32CubeIDE\plugins\com.st.stm32cube.common.mx_6.9.0.202307051724\\db\/plugins/mcufinder/images/
2023-09-11 20:51:41,027 [WARN] DbFile:41 - Overriding database path with different value: C:\Users\User\.stmcufinder\plugins\mcufinder/ => C:\Users\User\.stmcufinder\plugins\mcufinder
2023-09-11 20:51:41,027 [INFO] ApiDb:250 - Set database path to: C:\Users\User\.stmcufinder\plugins\mcufinder//mcu/
2023-09-11 20:51:41,027 [WARN] DbFile:41 - Overriding database path with different value: C:\Users\User\.stmcufinder\plugins\mcufinder/ => C:\Users\User\.stmcufinder\plugins\mcufinder
2023-09-11 20:51:41,027 [INFO] DbMcusAds:125 - Set database path to: C:\Users\User\.stmcufinder\plugins\mcufinder//mcu/
2023-09-11 20:51:41,027 [WARN] DbFile:41 - Overriding database path with different value: C:\Users\User\.stmcufinder\plugins\mcufinder/ => C:\Users\User\.stmcufinder\plugins\mcufinder
2023-09-11 20:51:41,027 [WARN] DbFile:41 - Overriding database path with different value: C:\Users\User\.stmcufinder\plugins\mcufinder/ => C:\Users\User\.stmcufinder\plugins\mcufinder
2023-09-11 20:51:41,028 [INFO] CrossReferenceDbSqlite:203 - Set database path to: C:\Users\User\.stmcufinder\plugins\mcufinder//mcu/cs/
2023-09-11 20:51:41,046 [INFO] ApplicationProperties:184 - Using Application install path: C:\ST\STM32CubeIDE_1.13.0\STM32CubeIDE\plugins\com.st.stm32cube.common.mx_6.9.0.202307051724
2023-09-11 20:51:41,047 [INFO] PluginManage:196 - Search for loadable plugins [exclusion list=, ]
2023-09-11 20:51:41,047 [INFO] PluginManage:310 - Check plugin analytics
2023-09-11 20:51:45,728 [INFO] AnalyticsPlugin:253 - Accepted Software Licenses: STM32CubeMX.6.9.0
2023-09-11 20:51:45,728 [INFO] AnalyticsPlugin:255 - Accepted CMSIS Pack Licenses: 
2023-09-11 20:51:45,729 [INFO] AnalyticsPlugin:257 - Accepted Firmware Licenses: FW.F4.1.27.0
2023-09-11 20:51:45,731 [INFO] PluginManage:359 - Loaded plugin analytics (category:tool,tabindex:-1)
2023-09-11 20:51:45,732 [INFO] PluginManage:310 - Check plugin cadmodel
2023-09-11 20:51:45,756 [INFO] CADModel:105 - Init CAD model plugin
2023-09-11 20:51:45,756 [INFO] PluginManage:359 - Loaded plugin cadmodel (category:power,tabindex:5)
2023-09-11 20:51:45,756 [INFO] PluginManage:310 - Check plugin clock
2023-09-11 20:51:45,772 [INFO] PluginManage:359 - Loaded plugin clock (category:base,tabindex:2)
2023-09-11 20:51:45,773 [INFO] PluginManage:310 - Check plugin ddr
2023-09-11 20:51:45,774 [INFO] PluginManage:359 - Loaded plugin ddr (category:tool,tabindex:6)
2023-09-11 20:51:45,774 [INFO] PluginManage:310 - Check plugin filemanager
2023-09-11 20:51:45,882 [INFO] PluginManage:359 - Loaded plugin filemanager (category:base,tabindex:10)
2023-09-11 20:51:45,882 [INFO] PluginManage:310 - Check plugin ipmanager
2023-09-11 20:51:45,890 [INFO] PluginManage:359 - Loaded plugin ipmanager (category:base,tabindex:5)
2023-09-11 20:51:45,891 [INFO] PluginManage:310 - Check plugin lpbam
2023-09-11 20:51:45,911 [INFO] PluginManage:359 - Loaded plugin lpbam (category:base,tabindex:0)
2023-09-11 20:51:45,911 [INFO] PluginManage:310 - Check plugin memorymap
2023-09-11 20:51:45,940 [INFO] PluginManage:359 - Loaded plugin memorymap (category:base,tabindex:4)
2023-09-11 20:51:45,940 [INFO] PluginManage:310 - Check plugin pinoutandconfiguration
2023-09-11 20:51:45,952 [INFO] PluginManage:359 - Loaded plugin pinoutandconfiguration (category:base,tabindex:1)
2023-09-11 20:51:45,952 [INFO] PluginManage:310 - Check plugin pinoutconfig
2023-09-11 20:51:46,024 [WARN] SupportedApi:132 - Cannot load RTOS API schema: s4s-elt-must-match.1: The content of 'definitions' must match (annotation?, (simpleType | complexType)?, (unique | key | keyref)*)). A problem was found starting at: attribute.
2023-09-11 20:51:46,131 [INFO] PluginManage:359 - Loaded plugin pinoutconfig (category:base,tabindex:0)
2023-09-11 20:51:46,131 [INFO] PluginManage:310 - Check plugin power
2023-09-11 20:51:46,155 [INFO] PluginManage:359 - Loaded plugin power (category:power,tabindex:4)
2023-09-11 20:51:46,156 [INFO] PluginManage:310 - Check plugin projectmanager
2023-09-11 20:51:46,166 [INFO] PluginManage:359 - Loaded plugin projectmanager (category:projectmanager,tabindex:3)
2023-09-11 20:51:46,167 [INFO] PluginManage:310 - Check plugin thirdparty
2023-09-11 20:51:46,298 [INFO] PluginManage:359 - Loaded plugin thirdparty (category:base,tabindex:-1)
2023-09-11 20:51:46,298 [INFO] PluginManage:310 - Check plugin tools
2023-09-11 20:51:46,298 [WARN] IntegrityCheckThread:84 - waiting for thirdparty lock release [integrity check]
2023-09-11 20:51:46,298 [INFO] IntegrityCheckThread:86 - entering critical section [integrity check]
2023-09-11 20:51:46,299 [INFO] ThirdPartyUpdaterWithRetryManager:70 - Updater plugin not ready yet. [1/15]
2023-09-11 20:51:46,304 [INFO] PluginManage:359 - Loaded plugin tools (category:base,tabindex:7)
2023-09-11 20:51:46,304 [INFO] PluginManage:310 - Check plugin tutovideos
2023-09-11 20:51:46,444 [INFO] PluginManage:359 - Loaded plugin tutovideos (category:base,tabindex:-1)
2023-09-11 20:51:46,444 [INFO] PluginManage:310 - Check plugin updater
2023-09-11 20:51:46,454 [INFO] PluginManage:359 - Loaded plugin updater (category:base,tabindex:12)
2023-09-11 20:51:46,454 [INFO] PluginManage:310 - Check plugin userauth
2023-09-11 20:51:46,458 [INFO] UserAuth:113 - Init User Auth plugin
2023-09-11 20:51:46,459 [INFO] PluginManage:359 - Loaded plugin userauth (category:base,tabindex:14)
2023-09-11 20:51:46,459 [INFO] PluginManage:283 - PluginManage : Loaded plugins [17]
2023-09-11 20:51:46,624 [INFO] PinOutPanel:1499 - setPackage(No Configuration,No Configuration)
2023-09-11 20:51:46,712 [INFO] CADModel:165 - CPN selected for project level
2023-09-11 20:51:46,712 [INFO] CADModel:114 - Register for checkConnection events
2023-09-11 20:51:46,729 [INFO] IPUIPlugin:80 - create IPUIPlugin
2023-09-11 20:51:46,729 [INFO] PluginManager:220 - loadIPPluginJar : add adc
2023-09-11 20:51:46,735 [INFO] IPUIPlugin:80 - create IPUIPlugin
2023-09-11 20:51:46,735 [INFO] PluginManager:220 - loadIPPluginJar : add aes
2023-09-11 20:51:46,741 [INFO] IPUIPlugin:80 - create IPUIPlugin
2023-09-11 20:51:46,741 [INFO] PluginManager:220 - loadIPPluginJar : add can
2023-09-11 20:51:46,745 [INFO] IPUIPlugin:80 - create IPUIPlugin
2023-09-11 20:51:46,745 [INFO] PluginManager:220 - loadIPPluginJar : add comp
2023-09-11 20:51:46,752 [INFO] IPUIPlugin:80 - create IPUIPlugin
2023-09-11 20:51:46,752 [INFO] PluginManager:220 - loadIPPluginJar : add cryp
2023-09-11 20:51:46,757 [INFO] IPUIPlugin:80 - create IPUIPlugin
2023-09-11 20:51:46,757 [INFO] PluginManager:220 - loadIPPluginJar : add dfsdm
2023-09-11 20:51:46,766 [INFO] IPUIPlugin:80 - create IPUIPlugin
2023-09-11 20:51:46,767 [INFO] PluginManager:220 - loadIPPluginJar : add dma
2023-09-11 20:51:46,773 [INFO] IPUIPlugin:80 - create IPUIPlugin
2023-09-11 20:51:46,773 [INFO] PluginManager:220 - loadIPPluginJar : add dma3
2023-09-11 20:51:46,775 [INFO] IPUIPlugin:80 - create IPUIPlugin
2023-09-11 20:51:46,776 [INFO] PluginManager:220 - loadIPPluginJar : add fatfs
2023-09-11 20:51:46,784 [INFO] IPUIPlugin:80 - create IPUIPlugin
2023-09-11 20:51:46,784 [INFO] PluginManager:220 - loadIPPluginJar : add fmc
2023-09-11 20:51:46,797 [INFO] IPUIPlugin:80 - create IPUIPlugin
2023-09-11 20:51:46,798 [INFO] PluginManager:220 - loadIPPluginJar : add freertos
2023-09-11 20:51:46,801 [INFO] IPUIPlugin:80 - create IPUIPlugin
2023-09-11 20:51:46,801 [INFO] PluginManager:220 - loadIPPluginJar : add genericplugin
2023-09-11 20:51:46,806 [INFO] IPUIPlugin:80 - create IPUIPlugin
2023-09-11 20:51:46,807 [INFO] PluginManager:220 - loadIPPluginJar : add gfxmmu
2023-09-11 20:51:46,813 [INFO] IPUIPlugin:80 - create IPUIPlugin
2023-09-11 20:51:46,813 [INFO] PluginManager:220 - loadIPPluginJar : add gic
2023-09-11 20:51:46,822 [INFO] IPUIPlugin:80 - create IPUIPlugin
2023-09-11 20:51:46,822 [INFO] PluginManager:220 - loadIPPluginJar : add gpio
2023-09-11 20:51:46,830 [INFO] IPUIPlugin:80 - create IPUIPlugin
2023-09-11 20:51:46,830 [INFO] PluginManager:220 - loadIPPluginJar : add gtzc
2023-09-11 20:51:46,834 [INFO] IPUIPlugin:80 - create IPUIPlugin
2023-09-11 20:51:46,835 [INFO] PluginManager:220 - loadIPPluginJar : add hash
2023-09-11 20:51:46,841 [INFO] IPUIPlugin:80 - create IPUIPlugin
2023-09-11 20:51:46,841 [INFO] PluginManager:220 - loadIPPluginJar : add i2c
2023-09-11 20:51:46,848 [INFO] IPUIPlugin:80 - create IPUIPlugin
2023-09-11 20:51:46,848 [INFO] PluginManager:220 - loadIPPluginJar : add i2s
2023-09-11 20:51:46,855 [INFO] IPUIPlugin:80 - create IPUIPlugin
2023-09-11 20:51:46,856 [INFO] PluginManager:220 - loadIPPluginJar : add i3c
2023-09-11 20:51:46,864 [INFO] IPUIPlugin:80 - create IPUIPlugin
2023-09-11 20:51:46,864 [INFO] PluginManager:220 - loadIPPluginJar : add ipddr
2023-09-11 20:51:46,874 [INFO] IPUIPlugin:80 - create IPUIPlugin
2023-09-11 20:51:46,874 [INFO] PluginManager:220 - loadIPPluginJar : add linkedlist
2023-09-11 20:51:46,880 [INFO] IPUIPlugin:80 - create IPUIPlugin
2023-09-11 20:51:46,880 [INFO] PluginManager:220 - loadIPPluginJar : add lorawan
2023-09-11 20:51:46,885 [INFO] IPUIPlugin:80 - create IPUIPlugin
2023-09-11 20:51:46,885 [INFO] PluginManager:220 - loadIPPluginJar : add ltdc
2023-09-11 20:51:46,891 [INFO] IPUIPlugin:80 - create IPUIPlugin
2023-09-11 20:51:46,892 [INFO] PluginManager:220 - loadIPPluginJar : add mdma
2023-09-11 20:51:46,897 [INFO] IPUIPlugin:80 - create IPUIPlugin
2023-09-11 20:51:46,897 [INFO] PluginManager:220 - loadIPPluginJar : add nvic
2023-09-11 20:51:46,903 [INFO] IPUIPlugin:80 - create IPUIPlugin
2023-09-11 20:51:46,903 [INFO] PluginManager:220 - loadIPPluginJar : add opamp
2023-09-11 20:51:46,910 [INFO] IPUIPlugin:80 - create IPUIPlugin
2023-09-11 20:51:46,910 [INFO] PluginManager:220 - loadIPPluginJar : add openamp
2023-09-11 20:51:46,916 [INFO] IPUIPlugin:80 - create IPUIPlugin
2023-09-11 20:51:46,916 [INFO] PluginManager:220 - loadIPPluginJar : add pdm2pcm
2023-09-11 20:51:46,925 [INFO] IPUIPlugin:80 - create IPUIPlugin
2023-09-11 20:51:46,927 [INFO] PluginManager:220 - loadIPPluginJar : add plateformsettings
2023-09-11 20:51:46,930 [INFO] IPUIPlugin:80 - create IPUIPlugin
2023-09-11 20:51:46,931 [INFO] PluginManager:220 - loadIPPluginJar : add quadspi
2023-09-11 20:51:46,941 [INFO] IPUIPlugin:80 - create IPUIPlugin
2023-09-11 20:51:46,942 [INFO] PluginManager:220 - loadIPPluginJar : add resmgrutility
2023-09-11 20:51:46,949 [INFO] IPUIPlugin:80 - create IPUIPlugin
2023-09-11 20:51:46,950 [INFO] PluginManager:220 - loadIPPluginJar : add sai
2023-09-11 20:51:46,956 [INFO] IPUIPlugin:80 - create IPUIPlugin
2023-09-11 20:51:46,956 [INFO] PluginManager:220 - loadIPPluginJar : add spi
2023-09-11 20:51:46,968 [INFO] IPUIPlugin:80 - create IPUIPlugin
2023-09-11 20:51:46,968 [INFO] PluginManager:220 - loadIPPluginJar : add stm32_wpan
2023-09-11 20:51:46,972 [INFO] IPUIPlugin:80 - create IPUIPlugin
2023-09-11 20:51:46,972 [INFO] PluginManager:220 - loadIPPluginJar : add tim
2023-09-11 20:51:46,981 [INFO] IPUIPlugin:80 - create IPUIPlugin
2023-09-11 20:51:46,981 [INFO] PluginManager:220 - loadIPPluginJar : add touchsensing
2023-09-11 20:51:46,986 [INFO] IPUIPlugin:80 - create IPUIPlugin
2023-09-11 20:51:46,986 [INFO] PluginManager:220 - loadIPPluginJar : add tracer_emb
2023-09-11 20:51:46,990 [INFO] IPUIPlugin:80 - create IPUIPlugin
2023-09-11 20:51:46,990 [INFO] PluginManager:220 - loadIPPluginJar : add ts
2023-09-11 20:51:46,993 [INFO] IPUIPlugin:80 - create IPUIPlugin
2023-09-11 20:51:46,993 [INFO] PluginManager:220 - loadIPPluginJar : add tsc
2023-09-11 20:51:46,997 [INFO] IPUIPlugin:80 - create IPUIPlugin
2023-09-11 20:51:46,997 [INFO] PluginManager:220 - loadIPPluginJar : add ucpd
2023-09-11 20:51:47,005 [INFO] IPUIPlugin:80 - create IPUIPlugin
2023-09-11 20:51:47,005 [INFO] PluginManager:220 - loadIPPluginJar : add usart
2023-09-11 20:51:47,014 [INFO] IPUIPlugin:80 - create IPUIPlugin
2023-09-11 20:51:47,014 [INFO] PluginManager:220 - loadIPPluginJar : add usbx
2023-09-11 20:51:47,125 [INFO] CADModel:165 - CPN selected for project level
2023-09-11 20:51:47,125 [INFO] CADModel:114 - Register for checkConnection events
2023-09-11 20:51:47,125 [FATAL] Updater:308 - Updater called before beeing initialized
2023-09-11 20:51:47,125 [ERROR] CADModel:125 - Updater not yet initialized, retry later 
2023-09-11 20:51:47,247 [INFO] CADModel:165 - CPN selected for project level
2023-09-11 20:51:47,247 [INFO] CADModel:114 - Register for checkConnection events
2023-09-11 20:51:47,247 [FATAL] Updater:308 - Updater called before beeing initialized
2023-09-11 20:51:47,247 [ERROR] CADModel:125 - Updater not yet initialized, retry later 
2023-09-11 20:51:47,249 [FATAL] Updater:308 - Updater called before beeing initialized
2023-09-11 20:51:47,329 [FATAL] Updater:308 - Updater called before beeing initialized
2023-09-11 20:51:47,333 [INFO] DbMcusAds:53 - JSON generation date=Tue Mar 07 17:50:55 KST 2023 (1678179055114)
2023-09-11 20:51:47,333 [FATAL] Updater:308 - Updater called before beeing initialized
2023-09-11 20:51:47,366 [WARN] DetailPanel:346 - Failed to get advertising image, set to default
2023-09-11 20:51:47,455 [FATAL] Updater:308 - Updater called before beeing initialized
2023-09-11 20:51:47,456 [FATAL] Updater:308 - Updater called before beeing initialized
2023-09-11 20:51:47,457 [FATAL] Updater:308 - Updater called before beeing initialized
2023-09-11 20:51:47,457 [WARN] DetailPanel:346 - Failed to get advertising image, set to default
2023-09-11 20:51:47,457 [FATAL] Updater:308 - Updater called before beeing initialized
2023-09-11 20:51:47,492 [ERROR] Updater:1120 - MainUpdater not yet initialized. External WinMGr cannot be set.
2023-09-11 20:51:47,495 [INFO] Updater:1056 - Updater Version found : 6.9.0
2023-09-11 20:51:47,509 [INFO] ApplicationProperties:184 - Using Application install path: C:\ST\STM32CubeIDE_1.13.0\STM32CubeIDE\plugins\com.st.stm32cube.common.mx_6.9.0.202307051724
2023-09-11 20:51:47,549 [INFO] MainUpdater:521 - Copy updater definitions from MX database
2023-09-11 20:51:47,588 [INFO] MainUpdater:554 - Copy flag file definitions from MX database
2023-09-11 20:51:47,590 [INFO] MainUpdater:570 - Copy thirdparty index definitions from MX database
2023-09-11 20:51:47,592 [INFO] MainUpdater:589 - Copy default thirdparty db definitions from MX database
2023-09-11 20:51:48,771 [INFO] MainUpdater:2868 - connection check result : 10
2023-09-11 20:51:48,771 [INFO] MainUpdater:3562 - Updater definition file requires update
2023-09-11 20:51:48,772 [INFO] MainUpdater:285 - Updater Check For Update Now.
2023-09-11 20:51:48,772 [INFO] MicroXplorer:498 - Change Database Version : DB.6.0.90
2023-09-11 20:51:48,789 [INFO] McuFinderGlobals:63 - Set McuFinder mode to 2 (CubeIDE integrated)
2023-09-11 20:51:48,789 [INFO] UserAuth:179 - activating auth plugin
2023-09-11 20:51:48,791 [INFO] UserAuth:393 - Internet connection configuration mode: 1
2023-09-11 20:51:48,806 [INFO] JxBrowserEngine:151 - Initiate JxBrowser Engine with user profile folder
2023-09-11 20:51:48,832 [INFO] ServerAccessManage:473 - Download File updaters.zip
2023-09-11 20:51:48,988 [INFO] FileExtend:240 - Unzip File : updaters.zip
2023-09-11 20:51:48,988 [INFO] FileExtend:255 - Standard Zip Deflate
2023-09-11 20:51:49,304 [WARN] MainUpdater:1189 - Updater busy. Cannot search thirdparties
2023-09-11 20:51:49,304 [INFO] ThirdPartyUpdaterWithRetryManager:96 - Updater plugin is busy. [1/15]
2023-09-11 20:51:49,460 [INFO] ServerAccessManage:473 - Download File PacksControlFlags.xml
2023-09-11 20:51:49,549 [INFO] ServerAccessManage:473 - Download File cubemx.pidx
2023-09-11 20:51:49,822 [INFO] ServerAccessManage:473 - Download File STMicroelectronics.FP-ATR-ASTRA1.pdsc
2023-09-11 20:51:50,046 [INFO] ServerAccessManage:473 - Download File STMicroelectronics.FP-ATR-SIGFOX1.pdsc
2023-09-11 20:51:50,046 [INFO] WebApp:157 - Instantiating new browser for Auth
2023-09-11 20:51:50,210 [INFO] ServerAccessManage:473 - Download File STMicroelectronics.FP-SNS-FLIGHT1.pdsc
2023-09-11 20:51:50,450 [INFO] ServerAccessManage:473 - Download File STMicroelectronics.FP-SNS-MOTENV1.pdsc
2023-09-11 20:51:50,522 [INFO] WebApp:753 - Register for checkConnection events
2023-09-11 20:51:50,522 [INFO] WebApp:390 - Apply proxy settings
2023-09-11 20:51:50,523 [INFO] WebApp:475 - Chromium requires no authentication
2023-09-11 20:51:50,529 [INFO] WebApp:418 - Direct internet connection detected
2023-09-11 20:51:50,629 [INFO] ServerAccessManage:473 - Download File STMicroelectronics.FP-SNS-SMARTAG2.pdsc
2023-09-11 20:51:50,655 [INFO] WebApp:188 - Starting web application
2023-09-11 20:51:50,656 [INFO] WebApp:520 - Web application path used C:\ST\STM32CubeIDE_1.13.0\STM32CubeIDE\plugins\com.st.stm32cube.common.mx_6.9.0.202307051724\db\plugins\mcufinder\reactClient1\index.html
2023-09-11 20:51:50,722 [INFO] ServerAccessManage:473 - Download File STMicroelectronics.X-CUBE-AI.pdsc
2023-09-11 20:51:51,473 [INFO] ServerAccessManage:473 - Download File STMicroelectronics.X-CUBE-ALS.pdsc
2023-09-11 20:51:51,750 [INFO] ServerAccessManage:473 - Download File STMicroelectronics.X-CUBE-BLE1.pdsc
2023-09-11 20:51:52,315 [WARN] MainUpdater:1189 - Updater busy. Cannot search thirdparties
2023-09-11 20:51:52,315 [INFO] ThirdPartyUpdaterWithRetryManager:96 - Updater plugin is busy. [2/15]
2023-09-11 20:51:52,910 [ERROR] ServerAccessManage:1089 - Problem, file not found on Server
2023-09-11 20:51:52,976 [INFO] ServerAccessManage:473 - Download File STMicroelectronics.X-CUBE-BLE2.pdsc
2023-09-11 20:51:53,625 [INFO] ServerAccessManage:473 - Download File STMicroelectronics.X-CUBE-BLEMGR.pdsc
2023-09-11 20:51:54,114 [INFO] ServerAccessManage:473 - Download File STMicroelectronics.X-CUBE-DISPLAY.pdsc
2023-09-11 20:51:55,068 [INFO] ServerAccessManage:473 - Download File STMicroelectronics.X-CUBE-EEPRMA1.pdsc
2023-09-11 20:51:55,316 [WARN] MainUpdater:1189 - Updater busy. Cannot search thirdparties
2023-09-11 20:51:55,316 [INFO] ThirdPartyUpdaterWithRetryManager:96 - Updater plugin is busy. [3/15]
2023-09-11 20:51:55,759 [ERROR] ServerAccessManage:1089 - Problem, file not found on Server
2023-09-11 20:51:56,582 [INFO] ServerAccessManage:473 - Download File STMicroelectronics.X-CUBE-FREERTOS.pdsc
2023-09-11 20:51:57,340 [INFO] ServerAccessManage:473 - Download File STMicroelectronics.X-CUBE-GNSS1.pdsc
2023-09-11 20:51:58,317 [WARN] MainUpdater:1189 - Updater busy. Cannot search thirdparties
2023-09-11 20:51:58,317 [INFO] ThirdPartyUpdaterWithRetryManager:96 - Updater plugin is busy. [4/15]
2023-09-11 20:51:58,539 [ERROR] ServerAccessManage:1089 - Problem, file not found on Server
2023-09-11 20:51:59,151 [ERROR] ServerAccessManage:1089 - Problem, file not found on Server
2023-09-11 20:51:59,594 [ERROR] ServerAccessManage:1089 - Problem, file not found on Server
2023-09-11 20:52:00,207 [ERROR] ServerAccessManage:1089 - Problem, file not found on Server
2023-09-11 20:52:00,900 [ERROR] ServerAccessManage:1089 - Problem, file not found on Server
2023-09-11 20:52:01,318 [WARN] MainUpdater:1189 - Updater busy. Cannot search thirdparties
2023-09-11 20:52:01,318 [INFO] ThirdPartyUpdaterWithRetryManager:96 - Updater plugin is busy. [5/15]
2023-09-11 20:52:01,515 [ERROR] ServerAccessManage:1089 - Problem, file not found on Server
2023-09-11 20:52:01,564 [INFO] ServerAccessManage:473 - Download File STMicroelectronics.X-CUBE-ISPU.pdsc
2023-09-11 20:52:01,786 [INFO] ServerAccessManage:473 - Download File STMicroelectronics.X-CUBE-MEMS1.pdsc
2023-09-11 20:52:03,514 [INFO] ServerAccessManage:473 - Download File STMicroelectronics.X-CUBE-NFC4.pdsc
2023-09-11 20:52:04,320 [WARN] MainUpdater:1189 - Updater busy. Cannot search thirdparties
2023-09-11 20:52:04,320 [INFO] ThirdPartyUpdaterWithRetryManager:96 - Updater plugin is busy. [6/15]
2023-09-11 20:52:04,743 [INFO] ServerAccessManage:473 - Download File STMicroelectronics.X-CUBE-NFC6.pdsc
2023-09-11 20:52:04,870 [INFO] ServerAccessManage:473 - Download File STMicroelectronics.X-CUBE-NFC7.pdsc
2023-09-11 20:52:05,051 [INFO] ServerAccessManage:473 - Download File STMicroelectronics.X-CUBE-SFXS2LP1.pdsc
2023-09-11 20:52:05,375 [INFO] ServerAccessManage:473 - Download File STMicroelectronics.X-CUBE-SUBG2.pdsc
2023-09-11 20:52:06,505 [INFO] ServerAccessManage:473 - Download File STMicroelectronics.X-CUBE-SMBUS.pdsc
2023-09-11 20:52:07,321 [WARN] MainUpdater:1189 - Updater busy. Cannot search thirdparties
2023-09-11 20:52:07,321 [INFO] ThirdPartyUpdaterWithRetryManager:96 - Updater plugin is busy. [7/15]
2023-09-11 20:52:07,503 [ERROR] ServerAccessManage:1089 - Problem, file not found on Server
2023-09-11 20:52:07,552 [INFO] ServerAccessManage:473 - Download File STMicroelectronics.X-CUBE-TOF1.pdsc
2023-09-11 20:52:09,726 [ERROR] ServerAccessManage:1089 - Problem, file not found on Server
2023-09-11 20:52:09,840 [INFO] ServerAccessManage:473 - Download File STMicroelectronics.X-CUBE-TOUCHGFX.pdsc
2023-09-11 20:52:10,322 [WARN] MainUpdater:1189 - Updater busy. Cannot search thirdparties
2023-09-11 20:52:10,322 [INFO] ThirdPartyUpdaterWithRetryManager:96 - Updater plugin is busy. [8/15]
2023-09-11 20:52:11,522 [INFO] ServerAccessManage:473 - Download File STMicroelectronics.X-CUBE-ALGOBUILD.pdsc
2023-09-11 20:52:11,880 [INFO] ServerAccessManage:473 - Download File STMicroelectronics.X-CUBE-AZRTOS-H7.pdsc
2023-09-11 20:52:12,426 [INFO] ServerAccessManage:473 - Download File STMicroelectronics.X-CUBE-AZRTOS-F4.pdsc
2023-09-11 20:52:12,698 [INFO] ServerAccessManage:473 - Download File STMicroelectronics.X-CUBE-AZRTOS-F7.pdsc
2023-09-11 20:52:12,916 [INFO] ServerAccessManage:473 - Download File STMicroelectronics.X-CUBE-AZRTOS-L4.pdsc
2023-09-11 20:52:13,122 [INFO] ServerAccessManage:473 - Download File STMicroelectronics.X-CUBE-AZRTOS-L5.pdsc
2023-09-11 20:52:13,324 [WARN] MainUpdater:1189 - Updater busy. Cannot search thirdparties
2023-09-11 20:52:13,324 [INFO] ThirdPartyUpdaterWithRetryManager:96 - Updater plugin is busy. [9/15]
2023-09-11 20:52:13,370 [INFO] ServerAccessManage:473 - Download File STMicroelectronics.X-CUBE-AZRTOS-G0.pdsc
2023-09-11 20:52:13,562 [INFO] ServerAccessManage:473 - Download File STMicroelectronics.X-CUBE-AZRTOS-G4.pdsc
2023-09-11 20:52:13,790 [INFO] ServerAccessManage:473 - Download File STMicroelectronics.X-CUBE-AZRTOS-WB.pdsc
2023-09-11 20:52:13,984 [INFO] ServerAccessManage:473 - Download File STMicroelectronics.X-CUBE-AZRTOS-WL.pdsc
2023-09-11 20:52:15,420 [INFO] ServerAccessManage:473 - Download File wolfSSL.I-CUBE-wolfSSL.pdsc
2023-09-11 20:52:16,326 [WARN] MainUpdater:1189 - Updater busy. Cannot search thirdparties
2023-09-11 20:52:16,326 [INFO] ThirdPartyUpdaterWithRetryManager:96 - Updater plugin is busy. [10/15]
2023-09-11 20:52:19,278 [ERROR] ServerAccessManage:1089 - Problem, file not found on Server
2023-09-11 20:52:19,328 [WARN] MainUpdater:1189 - Updater busy. Cannot search thirdparties
2023-09-11 20:52:19,328 [INFO] ThirdPartyUpdaterWithRetryManager:96 - Updater plugin is busy. [11/15]
2023-09-11 20:52:19,727 [ERROR] ServerAccessManage:1089 - Problem, file not found on Server
2023-09-11 20:52:20,174 [ERROR] ServerAccessManage:1089 - Problem, file not found on Server
2023-09-11 20:52:21,206 [ERROR] ServerAccessManage:1096 - Problem, Http access forbiden
2023-09-11 20:52:21,207 [ERROR] ServerAccessManage:651 - Problem, Http access forbiden : RoweBots.I-CUBE-UNISONRTOS.pdsc.
2023-09-11 20:52:22,331 [WARN] MainUpdater:1189 - Updater busy. Cannot search thirdparties
2023-09-11 20:52:22,331 [INFO] ThirdPartyUpdaterWithRetryManager:96 - Updater plugin is busy. [12/15]
2023-09-11 20:52:22,725 [INFO] ServerAccessManage:473 - Download File SEGGER.I-CUBE-embOS.pdsc
2023-09-11 20:52:25,340 [WARN] MainUpdater:1189 - Updater busy. Cannot search thirdparties
2023-09-11 20:52:25,340 [INFO] ThirdPartyUpdaterWithRetryManager:96 - Updater plugin is busy. [13/15]
2023-09-11 20:52:27,904 [INFO] ServerAccessManage:473 - Download File portGmbH.I-Cube-SoM-uGOAL.pdsc
2023-09-11 20:52:28,351 [WARN] MainUpdater:1189 - Updater busy. Cannot search thirdparties
2023-09-11 20:52:28,351 [INFO] ThirdPartyUpdaterWithRetryManager:96 - Updater plugin is busy. [14/15]
2023-09-11 20:52:31,352 [WARN] MainUpdater:1189 - Updater busy. Cannot search thirdparties
2023-09-11 20:52:31,352 [INFO] ThirdPartyUpdaterWithRetryManager:96 - Updater plugin is busy. [15/15]
2023-09-11 20:52:31,353 [ERROR] IntegrityCheckThread:130 - Cannot retrieve database content from updater: error -1
2023-09-11 20:52:31,353 [INFO] ThirdParty:978 - Integrity check success = false
2023-09-11 20:52:31,353 [INFO] IntegrityCheckThread:100 - exiting critical section [integrity check]
2023-09-11 20:52:31,353 [INFO] IntegrityCheckThread:103 - End integrity checks thread
2023-09-11 20:52:33,302 [ERROR] ServerAccessManage:1089 - Problem, file not found on Server
2023-09-11 20:52:33,717 [ERROR] ServerAccessManage:1089 - Problem, file not found on Server
2023-09-11 20:52:34,115 [ERROR] ServerAccessManage:1089 - Problem, file not found on Server
2023-09-11 20:52:35,576 [INFO] ServerAccessManage:473 - Download File emotas.I-CUBE-CANOPEN.pdsc
2023-09-11 20:52:37,338 [INFO] ServerAccessManage:473 - Download File WES.I-CUBE-Cesium.pdsc
2023-09-11 20:52:39,152 [ERROR] ServerAccessManage:1089 - Problem, file not found on Server
2023-09-11 20:52:39,765 [ERROR] ServerAccessManage:1089 - Problem, file not found on Server
2023-09-11 20:52:39,805 [WARN] PackLoader:240 - Cannot read IP mode file for STMicroelectronics.FP-ATR-ASTRA1.2.0.0
2023-09-11 20:52:39,805 [WARN] CheckServerUpdateThread:151 - Open CheckUpdateFile Fail
2023-09-11 20:52:39,810 [WARN] PackLoader:240 - Cannot read IP mode file for STMicroelectronics.FP-ATR-SIGFOX1.3.2.0
2023-09-11 20:52:39,815 [WARN] PackLoader:240 - Cannot read IP mode file for STMicroelectronics.FP-SNS-FLIGHT1.5.0.2
2023-09-11 20:52:39,822 [WARN] PackLoader:240 - Cannot read IP mode file for STMicroelectronics.FP-SNS-MOTENV1.4.3.2
2023-09-11 20:52:39,829 [WARN] PackLoader:240 - Cannot read IP mode file for STMicroelectronics.FP-SNS-SMARTAG2.1.2.0
2023-09-11 20:52:39,833 [WARN] PackLoader:240 - Cannot read IP mode file for STMicroelectronics.X-CUBE-AI.8.1.0
2023-09-11 20:52:39,839 [WARN] PackLoader:240 - Cannot read IP mode file for STMicroelectronics.X-CUBE-ALS.1.0.1
2023-09-11 20:52:39,846 [WARN] PackLoader:240 - Cannot read IP mode file for STMicroelectronics.X-CUBE-BLE1.7.0.0
2023-09-11 20:52:39,851 [WARN] PackLoader:240 - Cannot read IP mode file for STMicroelectronics.X-CUBE-BLE2.3.3.0
2023-09-11 20:52:39,859 [WARN] PackLoader:240 - Cannot read IP mode file for STMicroelectronics.X-CUBE-BLEMGR.2.0.0
2023-09-11 20:52:39,870 [WARN] PackLoader:240 - Cannot read IP mode file for STMicroelectronics.X-CUBE-DISPLAY.3.0.0
2023-09-11 20:52:39,879 [WARN] PackLoader:240 - Cannot read IP mode file for STMicroelectronics.X-CUBE-EEPRMA1.4.1.0
2023-09-11 20:52:39,886 [WARN] PackLoader:240 - Cannot read IP mode file for STMicroelectronics.X-CUBE-FREERTOS.1.1.0
2023-09-11 20:52:39,890 [WARN] PackLoader:240 - Cannot read IP mode file for STMicroelectronics.X-CUBE-GNSS1.6.0.0
2023-09-11 20:52:39,895 [WARN] PackLoader:240 - Cannot read IP mode file for STMicroelectronics.X-CUBE-ISPU.1.1.0
2023-09-11 20:52:39,924 [INFO] CheckServerUpdateThread:120 - End of CheckServer Thread
2023-09-11 20:52:39,929 [WARN] PackLoader:240 - Cannot read IP mode file for STMicroelectronics.X-CUBE-MEMS1.9.6.0
2023-09-11 20:52:40,063 [WARN] PackLoader:240 - Cannot read IP mode file for STMicroelectronics.X-CUBE-NFC4.3.0.0
2023-09-11 20:52:40,069 [WARN] PackLoader:240 - Cannot read IP mode file for STMicroelectronics.X-CUBE-NFC6.3.0.0
2023-09-11 20:52:40,077 [WARN] PackLoader:240 - Cannot read IP mode file for STMicroelectronics.X-CUBE-NFC7.1.0.1
2023-09-11 20:52:40,084 [WARN] PackLoader:240 - Cannot read IP mode file for STMicroelectronics.X-CUBE-SFXS2LP1.4.0.0
2023-09-11 20:52:40,093 [WARN] PackLoader:240 - Cannot read IP mode file for STMicroelectronics.X-CUBE-SUBG2.5.0.0
2023-09-11 20:52:40,101 [WARN] PackLoader:240 - Cannot read IP mode file for STMicroelectronics.X-CUBE-SMBUS.2.1.0
2023-09-11 20:52:40,109 [WARN] PackLoader:240 - Cannot read IP mode file for STMicroelectronics.X-CUBE-TOF1.3.3.1
2023-09-11 20:52:40,119 [WARN] PackLoader:240 - Cannot read IP mode file for STMicroelectronics.X-CUBE-TOUCHGFX.4.22.0
2023-09-11 20:52:40,126 [WARN] PackLoader:240 - Cannot read IP mode file for STMicroelectronics.X-CUBE-ALGOBUILD.1.3.0
2023-09-11 20:52:40,139 [WARN] ConditionMgr:438 - getConditionDescription Invalid condition id : UX DEVICE CLASS RTOS Condition cause : null
2023-09-11 20:52:40,139 [WARN] ConditionMgr:438 - getConditionDescription Invalid condition id : UX DEVICE CLASS RTOS Condition cause : null
2023-09-11 20:52:40,142 [WARN] PackLoader:240 - Cannot read IP mode file for STMicroelectronics.X-CUBE-AZRTOS-H7.3.1.0
2023-09-11 20:52:40,143 [WARN] ConditionMgr:1039 - genDependencies : Invalid condition id : UX DEVICE CLASS RTOS Condition cause : null
2023-09-11 20:52:40,143 [WARN] ConditionMgr:1039 - genDependencies : Invalid condition id : UX DEVICE CLASS RTOS Condition cause : null
2023-09-11 20:52:40,143 [WARN] ConditionMgr:1039 - genDependencies : Invalid condition id : UX DEVICE CLASS RTOS Condition cause : null
2023-09-11 20:52:40,144 [WARN] ConditionMgr:1039 - genDependencies : Invalid condition id : UX DEVICE CLASS RTOS Condition cause : null
2023-09-11 20:52:40,144 [WARN] ConditionMgr:1039 - genDependencies : Invalid condition id : UX DEVICE CLASS RTOS Condition cause : null
2023-09-11 20:52:40,156 [WARN] PackLoader:240 - Cannot read IP mode file for STMicroelectronics.X-CUBE-AZRTOS-F4.1.1.0
2023-09-11 20:52:40,169 [WARN] PackLoader:240 - Cannot read IP mode file for STMicroelectronics.X-CUBE-AZRTOS-F7.1.1.0
2023-09-11 20:52:40,183 [WARN] ConditionMgr:438 - getConditionDescription Invalid condition id : LAN8742 Phy interface Condition cause : null
2023-09-11 20:52:40,183 [WARN] PackLoader:240 - Cannot read IP mode file for STMicroelectronics.X-CUBE-AZRTOS-L4.2.0.0
2023-09-11 20:52:40,184 [WARN] ConditionMgr:1039 - genDependencies : Invalid condition id : LAN8742 Phy interface Condition cause : null
2023-09-11 20:52:40,184 [WARN] ConditionMgr:1039 - genDependencies : Invalid condition id : LAN8742 Phy interface Condition cause : null
2023-09-11 20:52:40,185 [WARN] ConditionMgr:1039 - genDependencies : Invalid condition id : LAN8742 Phy interface Condition cause : null
2023-09-11 20:52:40,201 [WARN] PackLoader:240 - Cannot read IP mode file for STMicroelectronics.X-CUBE-AZRTOS-L5.2.0.0
2023-09-11 20:52:40,226 [WARN] PackLoader:240 - Cannot read IP mode file for STMicroelectronics.X-CUBE-AZRTOS-G0.1.1.0
2023-09-11 20:52:40,247 [WARN] PackLoader:240 - Cannot read IP mode file for STMicroelectronics.X-CUBE-AZRTOS-G4.2.0.0
2023-09-11 20:52:40,266 [WARN] ConditionMgr:438 - getConditionDescription Invalid condition id : UX DEVICE CLASS RTOS Condition cause : null
2023-09-11 20:52:40,266 [WARN] ConditionMgr:438 - getConditionDescription Invalid condition id : UX DEVICE CLASS RTOS Condition cause : null
2023-09-11 20:52:40,269 [WARN] PackLoader:240 - Cannot read IP mode file for STMicroelectronics.X-CUBE-AZRTOS-WB.2.0.0
2023-09-11 20:52:40,269 [WARN] ConditionMgr:1039 - genDependencies : Invalid condition id : UX DEVICE CLASS RTOS Condition cause : null
2023-09-11 20:52:40,270 [WARN] ConditionMgr:1039 - genDependencies : Invalid condition id : UX DEVICE CLASS RTOS Condition cause : null
2023-09-11 20:52:40,270 [WARN] ConditionMgr:1039 - genDependencies : Invalid condition id : UX DEVICE CLASS RTOS Condition cause : null
2023-09-11 20:52:40,270 [WARN] ConditionMgr:1039 - genDependencies : Invalid condition id : UX DEVICE CLASS RTOS Condition cause : null
2023-09-11 20:52:40,270 [WARN] ConditionMgr:1039 - genDependencies : Invalid condition id : UX DEVICE CLASS RTOS Condition cause : null
2023-09-11 20:52:40,282 [INFO] LogOutputStream:77 - [STDOUT_REDIRECT] 1 : Invalid condition id : UX_CORESTACK_Condition cause : null
2023-09-11 20:52:40,283 [INFO] LogOutputStream:77 - [STDOUT_REDIRECT] 1 : Invalid condition id : UX_CORESTACK_Condition cause : null
2023-09-11 20:52:40,284 [INFO] LogOutputStream:77 - [STDOUT_REDIRECT] 1 : Invalid condition id : UX_CORESTACK_Condition cause : null
2023-09-11 20:52:40,285 [INFO] LogOutputStream:77 - [STDOUT_REDIRECT] 1 : Invalid condition id : UX_CORESTACK_Condition cause : null
2023-09-11 20:52:40,286 [INFO] LogOutputStream:77 - [STDOUT_REDIRECT] 1 : Invalid condition id : UX_CORESTACK_Condition cause : null
2023-09-11 20:52:40,289 [WARN] PackLoader:240 - Cannot read IP mode file for STMicroelectronics.X-CUBE-AZRTOS-WL.2.0.0
2023-09-11 20:52:40,295 [WARN] PackLoader:240 - Cannot read IP mode file for wolfSSL.I-CUBE-wolfSSL.5.6.3
2023-09-11 20:52:40,321 [WARN] PackLoader:240 - Cannot read IP mode file for SEGGER.I-CUBE-embOS.1.3.1
2023-09-11 20:52:40,370 [WARN] PackLoader:240 - Cannot read IP mode file for portGmbH.I-Cube-SoM-uGOAL.1.1.0
2023-09-11 20:52:40,376 [WARN] PackLoader:240 - Cannot read IP mode file for emotas.I-CUBE-CANOPEN.1.3.0
2023-09-11 20:52:40,383 [WARN] PackLoader:240 - Cannot read IP mode file for WES.I-CUBE-Cesium.1.3.0
2023-09-11 20:52:40,384 [INFO] PopulateThirdPartyThread:66 - Ending populate Thread
2023-09-11 20:52:40,386 [INFO] ThirdParty:1030 - CMSIS Pack Vendor :STMicroelectronics X-CUBE-ISPU 1.1.0
2023-09-11 20:52:40,386 [INFO] ThirdParty:1030 - CMSIS Pack Vendor :STMicroelectronics X-CUBE-DISPLAY 3.0.0
2023-09-11 20:52:40,386 [INFO] ThirdParty:1030 - CMSIS Pack Vendor :STMicroelectronics X-CUBE-GNSS1 6.0.0
2023-09-11 20:52:40,386 [INFO] ThirdParty:1030 - CMSIS Pack Vendor :STMicroelectronics X-CUBE-AZRTOS-F4 1.1.0
2023-09-11 20:52:40,387 [INFO] ThirdParty:1030 - CMSIS Pack Vendor :STMicroelectronics FP-ATR-SIGFOX1 3.2.0
2023-09-11 20:52:40,387 [INFO] ThirdParty:1030 - CMSIS Pack Vendor :STMicroelectronics X-CUBE-BLE1 7.0.0
2023-09-11 20:52:40,387 [INFO] ThirdParty:1030 - CMSIS Pack Vendor :wolfSSL I-CUBE-wolfSSL 5.6.3
2023-09-11 20:52:40,387 [INFO] ThirdParty:1030 - CMSIS Pack Vendor :STMicroelectronics X-CUBE-SMBUS 2.1.0
2023-09-11 20:52:40,387 [INFO] ThirdParty:1030 - CMSIS Pack Vendor :STMicroelectronics X-CUBE-AZRTOS-WB 2.0.0
2023-09-11 20:52:40,387 [INFO] ThirdParty:1030 - CMSIS Pack Vendor :emotas I-CUBE-CANOPEN 1.3.0
2023-09-11 20:52:40,387 [INFO] ThirdParty:1030 - CMSIS Pack Vendor :STMicroelectronics X-CUBE-FREERTOS 1.1.0
2023-09-11 20:52:40,387 [INFO] ThirdParty:1030 - CMSIS Pack Vendor :STMicroelectronics X-CUBE-NFC7 1.0.1
2023-09-11 20:52:40,387 [INFO] ThirdParty:1030 - CMSIS Pack Vendor :STMicroelectronics X-CUBE-TOUCHGFX 4.22.0
2023-09-11 20:52:40,387 [INFO] ThirdParty:1030 - CMSIS Pack Vendor :STMicroelectronics X-CUBE-AZRTOS-F7 1.1.0
2023-09-11 20:52:40,387 [INFO] ThirdParty:1030 - CMSIS Pack Vendor :STMicroelectronics X-CUBE-AZRTOS-L5 2.0.0
2023-09-11 20:52:40,387 [INFO] ThirdParty:1030 - CMSIS Pack Vendor :STMicroelectronics X-CUBE-NFC6 3.0.0
2023-09-11 20:52:40,388 [INFO] ThirdParty:1030 - CMSIS Pack Vendor :STMicroelectronics X-CUBE-ALS 1.0.1
2023-09-11 20:52:40,388 [INFO] ThirdParty:1030 - CMSIS Pack Vendor :STMicroelectronics X-CUBE-EEPRMA1 4.1.0
2023-09-11 20:52:40,388 [INFO] ThirdParty:1030 - CMSIS Pack Vendor :portGmbH I-Cube-SoM-uGOAL 1.1.0
2023-09-11 20:52:40,388 [INFO] ThirdParty:1030 - CMSIS Pack Vendor :STMicroelectronics X-CUBE-MEMS1 9.6.0
2023-09-11 20:52:40,388 [INFO] ThirdParty:1030 - CMSIS Pack Vendor :STMicroelectronics FP-SNS-SMARTAG2 1.2.0
2023-09-11 20:52:40,388 [INFO] ThirdParty:1030 - CMSIS Pack Vendor :STMicroelectronics FP-SNS-MOTENV1 4.3.2
2023-09-11 20:52:40,388 [INFO] ThirdParty:1030 - CMSIS Pack Vendor :STMicroelectronics X-CUBE-ALGOBUILD 1.3.0
2023-09-11 20:52:40,388 [INFO] ThirdParty:1030 - CMSIS Pack Vendor :STMicroelectronics X-CUBE-AZRTOS-WL 2.0.0
2023-09-11 20:52:40,388 [INFO] ThirdParty:1030 - CMSIS Pack Vendor :SEGGER I-CUBE-embOS 1.3.1
2023-09-11 20:52:40,388 [INFO] ThirdParty:1030 - CMSIS Pack Vendor :STMicroelectronics X-CUBE-AZRTOS-G0 1.1.0
2023-09-11 20:52:40,388 [INFO] ThirdParty:1030 - CMSIS Pack Vendor :STMicroelectronics X-CUBE-AI 8.1.0
2023-09-11 20:52:40,388 [INFO] ThirdParty:1030 - CMSIS Pack Vendor :STMicroelectronics X-CUBE-BLEMGR 2.0.0
2023-09-11 20:52:40,388 [INFO] ThirdParty:1030 - CMSIS Pack Vendor :STMicroelectronics X-CUBE-NFC4 3.0.0
2023-09-11 20:52:40,388 [INFO] ThirdParty:1030 - CMSIS Pack Vendor :STMicroelectronics X-CUBE-SUBG2 5.0.0
2023-09-11 20:52:40,388 [INFO] ThirdParty:1030 - CMSIS Pack Vendor :STMicroelectronics X-CUBE-AZRTOS-L4 2.0.0
2023-09-11 20:52:40,389 [INFO] ThirdParty:1030 - CMSIS Pack Vendor :STMicroelectronics FP-ATR-ASTRA1 2.0.0
2023-09-11 20:52:40,389 [INFO] ThirdParty:1030 - CMSIS Pack Vendor :WES I-CUBE-Cesium 1.3.0
2023-09-11 20:52:40,389 [INFO] ThirdParty:1030 - CMSIS Pack Vendor :STMicroelectronics X-CUBE-SFXS2LP1 4.0.0
2023-09-11 20:52:40,389 [INFO] ThirdParty:1030 - CMSIS Pack Vendor :STMicroelectronics FP-SNS-FLIGHT1 5.0.2
2023-09-11 20:52:40,389 [INFO] ThirdParty:1030 - CMSIS Pack Vendor :STMicroelectronics X-CUBE-BLE2 3.3.0
2023-09-11 20:52:40,389 [INFO] ThirdParty:1030 - CMSIS Pack Vendor :STMicroelectronics X-CUBE-TOF1 3.3.1
2023-09-11 20:52:40,389 [INFO] ThirdParty:1030 - CMSIS Pack Vendor :STMicroelectronics X-CUBE-AZRTOS-G4 2.0.0
2023-09-11 20:52:40,389 [INFO] ThirdParty:1030 - CMSIS Pack Vendor :STMicroelectronics X-CUBE-AZRTOS-H7 3.1.0
2023-09-11 20:52:40,390 [INFO] LoadServerUpdatesThread:373 - End of LoadServerUpdate Thread
2023-09-11 21:16:47,083 [ERROR] LogOutputStream:75 - [STDERR_REDIRECT] 
