2023-09-18 15:51:45,531 [INFO] LogOutputStream:77 - [STDOUT_REDIRECT] 
2023-09-18 15:51:47,666 [INFO] ProjectBuilder:4626 - Time for Generating toolchain IDE Files: 3263mS.
2023-09-18 15:51:47,667 [INFO] ProjectBuilder:2935 - Time for Copy CMSIS : 1mS.
2023-09-18 15:51:47,671 [INFO] ProjectBuilder:2935 - Time for Copy CMSIS : 0mS.
2023-09-18 15:51:48,377 [INFO] McuFinderGlobals:76 - Set McuFinderConnectedMode to true
2023-09-18 15:51:48,382 [INFO] ApiDb:448 - Save user favorites file C:\Users\User/.stm32cubeide/favorites.mcus.txt: 0 item(s)
2023-09-18 15:51:48,382 [INFO] ApiDb:452 - User favorites MCUs=[]
2023-09-18 15:51:48,384 [INFO] ApiDb:448 - Save user favorites file C:\Users\User/.stm32cubeide/favorites.boards.txt: 0 item(s)
2023-09-18 15:51:48,384 [INFO] ApiDb:452 - User favorites Boards=[]
2023-09-18 15:52:11,522 [INFO] NvicIntPanel:101 - NVIC parent = com.st.microxplorer.plugins.ip.nvic.MultiNvicIntPanel[,0,0,0x0,invalid,layout=javax.swing.BoxLayout,alignmentX=0.0,alignmentY=0.0,border=,flags=9,maximumSize=,minimumSize=,preferredSize=]
2023-09-18 15:52:22,030 [INFO] NvicIntPanel:101 - NVIC parent = com.st.microxplorer.plugins.ip.nvic.MultiNvicIntPanel[,0,0,450x134,layout=javax.swing.BoxLayout,alignmentX=0.0,alignmentY=0.0,border=,flags=9,maximumSize=,minimumSize=,preferredSize=]
2023-09-18 15:52:44,303 [INFO] NvicIntPanel:101 - NVIC parent = com.st.microxplorer.plugins.ip.nvic.MultiNvicIntPanel[,0,0,450x134,layout=javax.swing.BoxLayout,alignmentX=0.0,alignmentY=0.0,border=,flags=9,maximumSize=,minimumSize=,preferredSize=]
2023-09-18 15:52:58,412 [INFO] UtilMem:75 - End SaveConfig() Used Memory: 804615136 Bytes (1073741824)
2023-09-18 15:52:59,157 [INFO] UtilMem:75 - End SaveConfig() Used Memory: 831878104 Bytes (1073741824)
2023-09-18 15:53:01,270 [INFO] UtilMem:75 - End SaveConfig() Used Memory: 683033384 Bytes (1073741824)
2023-09-18 15:53:01,459 [INFO] BlockDiagram:2759 - set Specific Code input for plugin: SYS
2023-09-18 15:53:01,459 [INFO] BlockDiagram:2759 - set Specific Code input for plugin: RCC
2023-09-18 15:53:01,459 [INFO] BlockDiagram:2759 - set Specific Code input for plugin: I2C
2023-09-18 15:53:01,459 [INFO] BlockDiagram:2759 - set Specific Code input for plugin: USB_OTG_FS
2023-09-18 15:53:01,459 [INFO] BlockDiagram:2759 - set Specific Code input for plugin: NVIC
2023-09-18 15:53:01,459 [INFO] BlockDiagram:2759 - set Specific Code input for plugin: USART
2023-09-18 15:53:01,459 [INFO] BlockDiagram:2759 - set Specific Code input for plugin: GPIO
2023-09-18 15:53:01,460 [INFO] BlockDiagram:2759 - set Specific Code input for plugin: ETH
2023-09-18 15:53:01,461 [INFO] CodeGenerator:799 - code generatio: config db path: C:\ST\STM32CubeIDE_1.13.0\STM32CubeIDE\plugins\com.st.stm32cube.common.mx_6.9.0.202307051724\\db\
2023-09-18 15:53:01,542 [INFO] CodeEngine:255 - oldGeneratedFile, C:\Users\User\Desktop\stm32\lcd_test\MXTmpFiles\license.tmp_save
2023-09-18 15:53:01,635 [INFO] CodeEngine:279 - Generated code: C:\Users\User\Desktop\stm32\lcd_test\MXTmpFiles\license.tmp
2023-09-18 15:53:01,665 [INFO] CodeEngine:255 - oldGeneratedFile, C:\Users\User\Desktop\stm32\lcd_test\MXTmpFiles\gpio.tmp_save
2023-09-18 15:53:01,745 [INFO] CodeEngine:279 - Generated code: C:\Users\User\Desktop\stm32\lcd_test\MXTmpFiles\gpio.tmp
2023-09-18 15:53:01,906 [WARN] IPConfigManager:2937 - Warning: the RefConfig PWREx_EnableUSBVoltageDetector is not available in your config.xml file
2023-09-18 15:53:01,934 [INFO] CodeEngine:255 - oldGeneratedFile, C:\Users\User\Desktop\stm32\lcd_test\Core\Src\stm32f4xx_it.c_save
2023-09-18 15:53:02,060 [INFO] CodeEngine:279 - Generated code: C:\Users\User\Desktop\stm32\lcd_test\Core\Src\stm32f4xx_it.c
2023-09-18 15:53:02,069 [INFO] CodeEngine:255 - oldGeneratedFile, C:\Users\User\Desktop\stm32\lcd_test\Core\Inc\stm32f4xx_it.h_save
2023-09-18 15:53:02,126 [INFO] CodeEngine:279 - Generated code: C:\Users\User\Desktop\stm32\lcd_test\Core\Inc\stm32f4xx_it.h
2023-09-18 15:53:02,144 [INFO] CodeEngine:255 - oldGeneratedFile, C:\Users\User\Desktop\stm32\lcd_test\Core\Src\stm32f4xx_hal_msp.c_save
2023-09-18 15:53:02,243 [INFO] CodeEngine:279 - Generated code: C:\Users\User\Desktop\stm32\lcd_test\Core\Src\stm32f4xx_hal_msp.c
2023-09-18 15:53:02,251 [INFO] CodeEngine:255 - oldGeneratedFile, C:\Users\User\Desktop\stm32\lcd_test\MXTmpFiles\system.tmp_save
2023-09-18 15:53:02,298 [INFO] CodeEngine:279 - Generated code: C:\Users\User\Desktop\stm32\lcd_test\MXTmpFiles\system.tmp
2023-09-18 15:53:02,313 [INFO] CodeEngine:311 - oldGeneratedFile, C:\Users\User\Desktop\stm32\lcd_test\Core\Inc\stm32f4xx_hal_conf.h_save
2023-09-18 15:53:02,375 [INFO] CodeEngine:335 - Generated code: C:\Users\User\Desktop\stm32\lcd_test\Core\Inc\stm32f4xx_hal_conf.h
2023-09-18 15:53:02,392 [WARN] IPConfigManager:3431 - IP not found : USB_OTG
2023-09-18 15:53:02,393 [WARN] CodeGenerator:3760 - IP not found : null
2023-09-18 15:53:02,407 [INFO] CodeEngine:255 - oldGeneratedFile, C:\Users\User\Desktop\stm32\lcd_test\Core\Inc\main.h_save
2023-09-18 15:53:02,486 [INFO] CodeEngine:279 - Generated code: C:\Users\User\Desktop\stm32\lcd_test\Core\Inc\main.h
2023-09-18 15:53:02,499 [INFO] CodeEngine:255 - oldGeneratedFile, C:\Users\User\Desktop\stm32\lcd_test\Core\Src\main.c_save
2023-09-18 15:53:02,606 [INFO] CodeEngine:279 - Generated code: C:\Users\User\Desktop\stm32\lcd_test\Core\Src\main.c
2023-09-18 15:53:03,071 [INFO] ProjectBuilder:3064 - Time for Copy HAL[1] : 224mS.
2023-09-18 15:53:03,075 [INFO] ProjectBuilder:4404 - Project Generator version: 4.1.0
2023-09-18 15:53:03,257 [INFO] ConfigFileManager:1457 - The Die is : DIE419
2023-09-18 15:53:04,452 [INFO] ProjectBuilder:4626 - Time for Generating toolchain IDE Files: 1377mS.
2023-09-18 15:53:04,454 [INFO] ProjectBuilder:2935 - Time for Copy CMSIS : 1mS.
2023-09-18 15:53:04,459 [INFO] ProjectBuilder:2935 - Time for Copy CMSIS : 0mS.
2023-09-18 16:52:57,167 [INFO] MainUpdater:2868 - connection check result : 10
2023-09-18 16:52:57,168 [INFO] MainUpdater:2868 - connection check result : 10
2023-09-18 16:52:57,239 [INFO] MicroXplorer:468 - Change Database Path : 
2023-09-18 16:52:57,240 [INFO] MicroXplorer:498 - Change Database Version : DB.6.0.90
2023-09-18 16:52:57,256 [WARN] ThirdParty:871 - waiting for thirdparty lock release [close project]
2023-09-18 16:52:57,256 [INFO] ThirdParty:873 - entering critical section [close project]
2023-09-18 16:52:57,256 [INFO] ThirdParty:883 - exiting critical section [close project]
2023-09-18 16:52:57,258 [INFO] PinOutPanel:1499 - setPackage(No Configuration,No Configuration)
2023-09-18 16:52:57,262 [WARN] IpParametersView:151 - Warning: This peripheral hasn't parameters
2023-09-18 16:52:57,266 [WARN] MainPanel:272 - <html><b><center>Warning: This peripheral has no parameters to be configured<br></b></html>
2023-09-18 16:52:57,270 [INFO] UtilMem:75 - Begin LoadConfig() Used Memory: 861078984 Bytes (1073741824)
2023-09-18 16:52:57,271 [INFO] MicroXplorer:468 - Change Database Path : 
2023-09-18 16:52:57,271 [INFO] MicroXplorer:498 - Change Database Version : DB.6.0.90
2023-09-18 16:52:57,271 [INFO] OpenFileManager:308 - Change cursor
2023-09-18 16:52:57,282 [INFO] RulesReader:64 - Compatibility file has been processed (293 Rules)
2023-09-18 16:52:57,285 [INFO] Mcu:1946 - Initializing MCU STM32F429ZITx STM32F429ZITx STM32F429ZIT6
2023-09-18 16:52:58,851 [INFO] Context:659 - Trying to add GPIOservice into a context  which must be forbidden
2023-09-18 16:52:59,098 [INFO] RtosManager:555 - Registered RTOS mode: class=CMSIS, group=RTOS, mode=CMSIS_V1, owner=FREERTOS
2023-09-18 16:52:59,098 [INFO] RtosManager:555 - Registered RTOS mode: class=CMSIS, group=RTOS2, mode=CMSIS_V2, owner=FREERTOS
2023-09-18 16:52:59,099 [INFO] RtosManager:555 - Registered RTOS mode: class=RTOS, group=Core, mode=CMSIS_V1, owner=FREERTOS
2023-09-18 16:52:59,099 [INFO] RtosManager:555 - Registered RTOS mode: class=RTOS, group=Core, mode=CMSIS_V2, owner=FREERTOS
2023-09-18 16:52:59,099 [WARN] ModelIntegratedComponent:184 - Missing modes for component STMicroelectronics:FreeRTOS:0.0.1:STMicroelectronics:RTOS:FreeRTOS:Core:::10.2.0:
2023-09-18 16:52:59,111 [WARN] ModelIntegratedComponent:63 - No mode defined for component null
2023-09-18 16:52:59,111 [WARN] ModelIntegratedComponent:63 - No mode defined for component null
2023-09-18 16:52:59,111 [WARN] ModelIntegratedComponent:63 - No mode defined for component null
2023-09-18 16:52:59,111 [WARN] ModelIntegratedComponent:63 - No mode defined for component null
2023-09-18 16:52:59,111 [WARN] ModelIntegratedComponent:63 - No mode defined for component null
2023-09-18 16:52:59,111 [WARN] ModelIntegratedComponent:63 - No mode defined for component null
2023-09-18 16:52:59,111 [WARN] ModelIntegratedComponent:63 - No mode defined for component null
2023-09-18 16:52:59,111 [WARN] ModelIntegratedComponent:63 - No mode defined for component null
2023-09-18 16:52:59,111 [WARN] ModelIntegratedComponent:63 - No mode defined for component null
2023-09-18 16:52:59,111 [WARN] ModelIntegratedComponent:63 - No mode defined for component null
2023-09-18 16:52:59,111 [WARN] ModelIntegratedComponent:63 - No mode defined for component null
2023-09-18 16:52:59,111 [WARN] ModelIntegratedComponent:63 - No mode defined for component null
2023-09-18 16:52:59,111 [WARN] ModelIntegratedComponent:63 - No mode defined for component null
2023-09-18 16:52:59,111 [WARN] ModelIntegratedComponent:63 - No mode defined for component null
2023-09-18 16:52:59,111 [WARN] ModelIntegratedComponent:63 - No mode defined for component null
2023-09-18 16:52:59,111 [WARN] ModelIntegratedComponent:63 - No mode defined for component null
2023-09-18 16:52:59,111 [WARN] ModelIntegratedComponent:63 - No mode defined for component null
2023-09-18 16:52:59,111 [WARN] ModelIntegratedComponent:63 - No mode defined for component null
2023-09-18 16:52:59,112 [WARN] ModelIntegratedComponent:63 - No mode defined for component null
2023-09-18 16:52:59,112 [WARN] ModelIntegratedComponent:63 - No mode defined for component null
2023-09-18 16:52:59,112 [WARN] ModelIntegratedComponent:63 - No mode defined for component null
2023-09-18 16:52:59,112 [WARN] ModelIntegratedComponent:63 - No mode defined for component null
2023-09-18 16:52:59,112 [WARN] ModelIntegratedComponent:63 - No mode defined for component null
2023-09-18 16:52:59,112 [WARN] ModelIntegratedComponent:63 - No mode defined for component null
2023-09-18 16:52:59,112 [WARN] ModelIntegratedComponent:63 - No mode defined for component null
2023-09-18 16:52:59,112 [WARN] ModelIntegratedComponent:63 - No mode defined for component null
2023-09-18 16:52:59,112 [WARN] ModelIntegratedComponent:63 - No mode defined for component null
2023-09-18 16:52:59,112 [WARN] ModelIntegratedComponent:63 - No mode defined for component null
2023-09-18 16:52:59,112 [WARN] ModelIntegratedComponent:63 - No mode defined for component null
2023-09-18 16:52:59,112 [WARN] ModelIntegratedComponent:63 - No mode defined for component null
2023-09-18 16:52:59,112 [WARN] ModelIntegratedComponent:63 - No mode defined for component null
2023-09-18 16:52:59,112 [WARN] ModelIntegratedComponent:63 - No mode defined for component null
2023-09-18 16:52:59,112 [WARN] ModelIntegratedComponent:63 - No mode defined for component null
2023-09-18 16:52:59,125 [INFO] ThirdPartyModel:298 - Start build external matchings
2023-09-18 16:52:59,435 [INFO] ThirdPartyModel:316 - End build external matchings
2023-09-18 16:52:59,440 [INFO] RtosManager:919 - Current active RTOS is FREERTOS [Cortex-M4NS]
2023-09-18 16:52:59,442 [INFO] ImportTextPane:194 - (OptionalMessage_ERROR) IP (ETH) : Invalid parameter (PHY_Name)
2023-09-18 16:52:59,442 [INFO] ImportTextPane:194 - (OptionalMessage_ERROR) IP (ETH) : Invalid parameter (PHY_Value)
2023-09-18 16:52:59,442 [INFO] ImportTextPane:194 - (OptionalMessage_ERROR) IP (ETH) : Invalid parameter (PhyAddress)
2023-09-18 16:52:59,444 [INFO] ImportTextPane:194 - (OptionalMessage_ERROR) IP (RCC) : Invalid parameter (ADC12outputFreq_Value)
2023-09-18 16:52:59,444 [INFO] ImportTextPane:194 - (OptionalMessage_ERROR) IP (RCC) : Invalid parameter (ADC34outputFreq_Value)
2023-09-18 16:52:59,444 [INFO] ImportTextPane:194 - (OptionalMessage_ERROR) IP (RCC) : Invalid parameter (FamilyName)
2023-09-18 16:52:59,445 [INFO] ImportTextPane:194 - (OptionalMessage_ERROR) IP (RCC) : Invalid parameter (I2C1Freq_Value)
2023-09-18 16:52:59,445 [INFO] ImportTextPane:194 - (OptionalMessage_ERROR) IP (RCC) : Invalid parameter (I2C2Freq_Value)
2023-09-18 16:52:59,445 [INFO] ImportTextPane:194 - (OptionalMessage_ERROR) IP (RCC) : Invalid parameter (I2C3Freq_Value)
2023-09-18 16:52:59,445 [INFO] ImportTextPane:194 - (OptionalMessage_ERROR) IP (RCC) : Parameter (MCO2PinFreq_Value) has invalid value (168000000)
2023-09-18 16:52:59,445 [INFO] ImportTextPane:194 - (OptionalMessage_ERROR) IP (RCC) : Invalid parameter (MCOFreq_Value)
2023-09-18 16:52:59,445 [INFO] ImportTextPane:194 - (OptionalMessage_ERROR) IP (RCC) : Invalid parameter (PLLMCOFreq_Value)
2023-09-18 16:52:59,445 [INFO] ImportTextPane:194 - (OptionalMessage_ERROR) IP (RCC) : Invalid parameter (PLLMUL)
2023-09-18 16:52:59,445 [INFO] ImportTextPane:194 - (OptionalMessage_ERROR) IP (RCC) : Invalid parameter (PRESCALERUSB)
2023-09-18 16:52:59,445 [INFO] ImportTextPane:194 - (OptionalMessage_ERROR) IP (RCC) : Parameter (RTCHSEDivFreq_Value) has invalid value (4000000)
2023-09-18 16:52:59,445 [INFO] ImportTextPane:194 - (OptionalMessage_ERROR) IP (RCC) : Invalid parameter (SYSCLKSourceVirtual)
2023-09-18 16:52:59,445 [INFO] ImportTextPane:194 - (OptionalMessage_ERROR) IP (RCC) : Invalid parameter (TIM15Freq_Value)
2023-09-18 16:52:59,445 [INFO] ImportTextPane:194 - (OptionalMessage_ERROR) IP (RCC) : Invalid parameter (TIM16Freq_Value)
2023-09-18 16:52:59,445 [INFO] ImportTextPane:194 - (OptionalMessage_ERROR) IP (RCC) : Invalid parameter (TIM17Freq_Value)
2023-09-18 16:52:59,445 [INFO] ImportTextPane:194 - (OptionalMessage_ERROR) IP (RCC) : Invalid parameter (TIM1Freq_Value)
2023-09-18 16:52:59,445 [INFO] ImportTextPane:194 - (OptionalMessage_ERROR) IP (RCC) : Invalid parameter (TIM20Freq_Value)
2023-09-18 16:52:59,445 [INFO] ImportTextPane:194 - (OptionalMessage_ERROR) IP (RCC) : Invalid parameter (TIM2Freq_Value)
2023-09-18 16:52:59,445 [INFO] ImportTextPane:194 - (OptionalMessage_ERROR) IP (RCC) : Invalid parameter (TIM3Freq_Value)
2023-09-18 16:52:59,445 [INFO] ImportTextPane:194 - (OptionalMessage_ERROR) IP (RCC) : Invalid parameter (TIM8Freq_Value)
2023-09-18 16:52:59,445 [INFO] ImportTextPane:194 - (OptionalMessage_ERROR) IP (RCC) : Invalid parameter (UART4Freq_Value)
2023-09-18 16:52:59,445 [INFO] ImportTextPane:194 - (OptionalMessage_ERROR) IP (RCC) : Invalid parameter (UART5Freq_Value)
2023-09-18 16:52:59,445 [INFO] ImportTextPane:194 - (OptionalMessage_ERROR) IP (RCC) : Invalid parameter (USART1Freq_Value)
2023-09-18 16:52:59,445 [INFO] ImportTextPane:194 - (OptionalMessage_ERROR) IP (RCC) : Invalid parameter (USART2Freq_Value)
2023-09-18 16:52:59,445 [INFO] ImportTextPane:194 - (OptionalMessage_ERROR) IP (RCC) : Invalid parameter (USART3Freq_Value)
2023-09-18 16:52:59,445 [INFO] ImportTextPane:194 - (OptionalMessage_ERROR) IP (RCC) : Invalid parameter (USBFreq_Value)
2023-09-18 16:52:59,446 [INFO] ImportTextPane:194 - (OptionalMessage_ERROR) IP (RCC) : Invalid parameter (VCOOutput2Freq_Value)
2023-09-18 16:52:59,767 [INFO] UtilMem:75 - End LoadConfig() Used Memory: 775824680 Bytes (1073741824)
2023-09-18 16:52:59,798 [WARN] ThirdParty:833 - waiting for thirdparty lock release [change project]
2023-09-18 16:52:59,798 [INFO] ThirdParty:835 - entering critical section [change project]
2023-09-18 16:52:59,798 [INFO] ThirdParty:1030 - CMSIS Pack Vendor :STMicroelectronics X-CUBE-ISPU 1.1.0
2023-09-18 16:52:59,798 [INFO] ThirdParty:1030 - CMSIS Pack Vendor :STMicroelectronics USBPD 4.1
2023-09-18 16:52:59,798 [INFO] ThirdParty:1030 - CMSIS Pack Vendor :STMicroelectronics X-CUBE-GNSS1 6.0.0
2023-09-18 16:52:59,798 [INFO] ThirdParty:1030 - CMSIS Pack Vendor :STMicroelectronics USB_HOST 2.0.0
2023-09-18 16:52:59,798 [INFO] ThirdParty:1030 - CMSIS Pack Vendor :STMicroelectronics X-CUBE-AZRTOS-F4 1.1.0
2023-09-18 16:52:59,798 [INFO] ThirdParty:1030 - CMSIS Pack Vendor :STMicroelectronics LIBJPEG 8.0.0
2023-09-18 16:52:59,798 [INFO] ThirdParty:1030 - CMSIS Pack Vendor :wolfSSL I-CUBE-wolfSSL 5.6.3
2023-09-18 16:52:59,798 [INFO] ThirdParty:1030 - CMSIS Pack Vendor :STMicroelectronics X-CUBE-SMBUS 2.1.0
2023-09-18 16:52:59,798 [INFO] ThirdParty:1030 - CMSIS Pack Vendor :STMicroelectronics USB_DEVICE 3.0.0
2023-09-18 16:52:59,798 [INFO] ThirdParty:1030 - CMSIS Pack Vendor :STMicroelectronics X-CUBE-AZRTOS-WB 2.0.0
2023-09-18 16:52:59,798 [INFO] ThirdParty:1030 - CMSIS Pack Vendor :STMicroelectronics X-CUBE-AZRTOS-F7 1.1.0
2023-09-18 16:52:59,798 [INFO] ThirdParty:1030 - CMSIS Pack Vendor :STMicroelectronics X-CUBE-AZRTOS-L5 2.0.0
2023-09-18 16:52:59,798 [INFO] ThirdParty:1030 - CMSIS Pack Vendor :STMicroelectronics USB_DEVICE 2.0.0
2023-09-18 16:52:59,798 [INFO] ThirdParty:1030 - CMSIS Pack Vendor :STMicroelectronics X-CUBE-MEMS1 9.6.0
2023-09-18 16:52:59,798 [INFO] ThirdParty:1030 - CMSIS Pack Vendor :STMicroelectronics FP-SNS-MOTENV1 4.3.2
2023-09-18 16:52:59,798 [INFO] ThirdParty:1030 - CMSIS Pack Vendor :STMicroelectronics X-CUBE-ALGOBUILD 1.3.0
2023-09-18 16:52:59,798 [INFO] ThirdParty:1030 - CMSIS Pack Vendor :STMicroelectronics FreeRTOS 0.0.1
2023-09-18 16:52:59,798 [INFO] ThirdParty:1030 - CMSIS Pack Vendor :STMicroelectronics X-CUBE-AZRTOS-G0 1.1.0
2023-09-18 16:52:59,798 [INFO] ThirdParty:1030 - CMSIS Pack Vendor :STMicroelectronics X-CUBE-BLEMGR 2.0.0
2023-09-18 16:52:59,798 [INFO] ThirdParty:1030 - CMSIS Pack Vendor :STMicroelectronics X-CUBE-NFC4 3.0.0
2023-09-18 16:52:59,798 [INFO] ThirdParty:1030 - CMSIS Pack Vendor :STMicroelectronics X-CUBE-SUBG2 5.0.0
2023-09-18 16:52:59,799 [INFO] ThirdParty:1030 - CMSIS Pack Vendor :STMicroelectronics STM32_WPAN 1.0.0
2023-09-18 16:52:59,799 [INFO] ThirdParty:1030 - CMSIS Pack Vendor :STMicroelectronics lwIP 2.0.3
2023-09-18 16:52:59,799 [INFO] ThirdParty:1030 - CMSIS Pack Vendor :STMicroelectronics FP-SNS-FLIGHT1 5.0.2
2023-09-18 16:52:59,799 [INFO] ThirdParty:1030 - CMSIS Pack Vendor :STMicroelectronics USB_HOST 1.0.0
2023-09-18 16:52:59,799 [INFO] ThirdParty:1030 - CMSIS Pack Vendor :STMicroelectronics X-CUBE-TOF1 3.3.1
2023-09-18 16:52:59,799 [INFO] ThirdParty:1030 - CMSIS Pack Vendor :STMicroelectronics X-CUBE-AZRTOS-G4 2.0.0
2023-09-18 16:52:59,799 [INFO] ThirdParty:1030 - CMSIS Pack Vendor :STMicroelectronics PDM2PCM 3.1.0
2023-09-18 16:52:59,799 [INFO] ThirdParty:1030 - CMSIS Pack Vendor :STMicroelectronics X-CUBE-AZRTOS-H7 3.1.0
2023-09-18 16:52:59,799 [INFO] ThirdParty:1030 - CMSIS Pack Vendor :STMicroelectronics PDM2PCM 3.3.0
2023-09-18 16:52:59,799 [INFO] ThirdParty:1030 - CMSIS Pack Vendor :STMicroelectronics X-CUBE-DISPLAY 3.0.0
2023-09-18 16:52:59,799 [INFO] ThirdParty:1030 - CMSIS Pack Vendor :STMicroelectronics X-CUBE-BLE1 7.0.0
2023-09-18 16:52:59,799 [INFO] ThirdParty:1030 - CMSIS Pack Vendor :STMicroelectronics FP-ATR-SIGFOX1 3.2.0
2023-09-18 16:52:59,799 [INFO] ThirdParty:1030 - CMSIS Pack Vendor :STMicroelectronics HAL Drivers 0.0.0
2023-09-18 16:52:59,799 [INFO] ThirdParty:1030 - CMSIS Pack Vendor :STMicroelectronics MBEDTLS 2.16.2
2023-09-18 16:52:59,799 [INFO] ThirdParty:1030 - CMSIS Pack Vendor :emotas I-CUBE-CANOPEN 1.3.0
2023-09-18 16:52:59,799 [INFO] ThirdParty:1030 - CMSIS Pack Vendor :STMicroelectronics X-CUBE-FREERTOS 1.1.0
2023-09-18 16:52:59,799 [INFO] ThirdParty:1030 - CMSIS Pack Vendor :STMicroelectronics X-CUBE-TOUCHGFX 4.22.0
2023-09-18 16:52:59,799 [INFO] ThirdParty:1030 - CMSIS Pack Vendor :STMicroelectronics X-CUBE-NFC7 1.0.1
2023-09-18 16:52:59,799 [INFO] ThirdParty:1030 - CMSIS Pack Vendor :STMicroelectronics MBEDTLS 2.14.1
2023-09-18 16:52:59,799 [INFO] ThirdParty:1030 - CMSIS Pack Vendor :STMicroelectronics X-CUBE-NFC6 3.0.0
2023-09-18 16:52:59,799 [INFO] ThirdParty:1030 - CMSIS Pack Vendor :STMicroelectronics X-CUBE-EEPRMA1 4.1.0
2023-09-18 16:52:59,799 [INFO] ThirdParty:1030 - CMSIS Pack Vendor :portGmbH I-Cube-SoM-uGOAL 1.1.0
2023-09-18 16:52:59,799 [INFO] ThirdParty:1030 - CMSIS Pack Vendor :STMicroelectronics X-CUBE-ALS 1.0.1
2023-09-18 16:52:59,799 [INFO] ThirdParty:1030 - CMSIS Pack Vendor :STMicroelectronics ThreadX 1.0.0
2023-09-18 16:52:59,799 [INFO] ThirdParty:1030 - CMSIS Pack Vendor :STMicroelectronics FP-SNS-SMARTAG2 1.2.0
2023-09-18 16:52:59,799 [INFO] ThirdParty:1030 - CMSIS Pack Vendor :STMicroelectronics X-CUBE-AZRTOS-WL 2.0.0
2023-09-18 16:52:59,799 [INFO] ThirdParty:1030 - CMSIS Pack Vendor :SEGGER I-CUBE-embOS 1.3.1
2023-09-18 16:52:59,799 [INFO] ThirdParty:1030 - CMSIS Pack Vendor :STMicroelectronics USB_DEVICE 1.0.0
2023-09-18 16:52:59,799 [INFO] ThirdParty:1030 - CMSIS Pack Vendor :STMicroelectronics X-CUBE-AI 8.1.0
2023-09-18 16:52:59,799 [INFO] ThirdParty:1030 - CMSIS Pack Vendor :STMicroelectronics X-CUBE-AZRTOS-L4 2.0.0
2023-09-18 16:52:59,799 [INFO] ThirdParty:1030 - CMSIS Pack Vendor :STMicroelectronics ThreadX 0.0.2
2023-09-18 16:52:59,799 [INFO] ThirdParty:1030 - CMSIS Pack Vendor :WES I-CUBE-Cesium 1.3.0
2023-09-18 16:52:59,799 [INFO] ThirdParty:1030 - CMSIS Pack Vendor :STMicroelectronics FP-ATR-ASTRA1 2.0.0
2023-09-18 16:52:59,799 [INFO] ThirdParty:1030 - CMSIS Pack Vendor :STMicroelectronics lwIP 2.1.2
2023-09-18 16:52:59,799 [INFO] ThirdParty:1030 - CMSIS Pack Vendor :STMicroelectronics X-CUBE-SFXS2LP1 4.0.0
2023-09-18 16:52:59,799 [INFO] ThirdParty:1030 - CMSIS Pack Vendor :STMicroelectronics X-CUBE-BLE2 3.3.0
2023-09-18 16:52:59,799 [INFO] ThirdParty:1030 - CMSIS Pack Vendor :STMicroelectronics PDM2PCM 3.2.0
2023-09-18 16:52:59,799 [INFO] ThirdParty:841 - exiting critical section [change project]
2023-09-18 16:52:59,953 [INFO] PinOutPanel:1499 - setPackage(No Configuration,No Configuration)
2023-09-18 16:52:59,954 [INFO] PinOutPanel:1499 - setPackage(STM32F429ZITx,LQFP144)
2023-09-18 16:53:00,169 [INFO] UtilMem:75 - Before build in PCC Used Memory: 919600176 Bytes (1073741824)
2023-09-18 16:53:00,331 [INFO] UtilMem:75 - After build in PCC Used Memory: 717265560 Bytes (1073741824)
2023-09-18 16:53:00,335 [INFO] ApiDbMcu:507 - Load IP Config File for FREERTOS
2023-09-18 16:53:00,350 [INFO] IPUIPlugin:80 - create IPUIPlugin
2023-09-18 16:53:00,351 [INFO] IPUIPlugin:80 - create IPUIPlugin
2023-09-18 16:53:00,351 [INFO] IPUIPlugin:80 - create IPUIPlugin
2023-09-18 16:53:00,351 [INFO] IPUIPlugin:80 - create IPUIPlugin
2023-09-18 16:53:00,351 [INFO] IPUIPlugin:80 - create IPUIPlugin
2023-09-18 16:53:00,351 [INFO] IPUIPlugin:80 - create IPUIPlugin
2023-09-18 16:53:00,351 [INFO] IPUIPlugin:80 - create IPUIPlugin
2023-09-18 16:53:00,351 [INFO] IPUIPlugin:80 - create IPUIPlugin
2023-09-18 16:53:00,351 [INFO] IPUIPlugin:80 - create IPUIPlugin
2023-09-18 16:53:00,351 [INFO] IPUIPlugin:80 - create IPUIPlugin
2023-09-18 16:53:00,351 [INFO] IPUIPlugin:80 - create IPUIPlugin
2023-09-18 16:53:00,351 [INFO] IPUIPlugin:80 - create IPUIPlugin
2023-09-18 16:53:00,351 [INFO] IPUIPlugin:80 - create IPUIPlugin
2023-09-18 16:53:00,351 [INFO] IPUIPlugin:80 - create IPUIPlugin
2023-09-18 16:53:00,352 [INFO] IPUIPlugin:80 - create IPUIPlugin
2023-09-18 16:53:00,352 [INFO] IPUIPlugin:80 - create IPUIPlugin
2023-09-18 16:53:00,352 [INFO] IPUIPlugin:80 - create IPUIPlugin
2023-09-18 16:53:00,352 [INFO] IPUIPlugin:80 - create IPUIPlugin
2023-09-18 16:53:00,352 [INFO] IPUIPlugin:80 - create IPUIPlugin
2023-09-18 16:53:00,352 [INFO] IPUIPlugin:80 - create IPUIPlugin
2023-09-18 16:53:00,352 [INFO] IPUIPlugin:80 - create IPUIPlugin
2023-09-18 16:53:00,352 [INFO] IPUIPlugin:80 - create IPUIPlugin
2023-09-18 16:53:00,352 [INFO] IPUIPlugin:80 - create IPUIPlugin
2023-09-18 16:53:00,352 [INFO] IPUIPlugin:80 - create IPUIPlugin
2023-09-18 16:53:00,352 [INFO] IPUIPlugin:80 - create IPUIPlugin
2023-09-18 16:53:00,352 [INFO] IPUIPlugin:80 - create IPUIPlugin
2023-09-18 16:53:00,353 [INFO] IPUIPlugin:80 - create IPUIPlugin
2023-09-18 16:53:00,353 [INFO] IPUIPlugin:80 - create IPUIPlugin
2023-09-18 16:53:00,353 [INFO] IPUIPlugin:80 - create IPUIPlugin
2023-09-18 16:53:00,353 [INFO] IPUIPlugin:80 - create IPUIPlugin
2023-09-18 16:53:00,353 [INFO] IPUIPlugin:80 - create IPUIPlugin
2023-09-18 16:53:00,353 [INFO] IPUIPlugin:80 - create IPUIPlugin
2023-09-18 16:53:00,353 [INFO] IPUIPlugin:80 - create IPUIPlugin
2023-09-18 16:53:00,353 [INFO] IPUIPlugin:80 - create IPUIPlugin
2023-09-18 16:53:00,354 [INFO] IPUIPlugin:80 - create IPUIPlugin
2023-09-18 16:53:00,354 [INFO] IPUIPlugin:80 - create IPUIPlugin
2023-09-18 16:53:00,354 [INFO] IPUIPlugin:80 - create IPUIPlugin
2023-09-18 16:53:00,354 [INFO] IPUIPlugin:80 - create IPUIPlugin
2023-09-18 16:53:00,354 [INFO] IPUIPlugin:80 - create IPUIPlugin
2023-09-18 16:53:00,354 [INFO] IPUIPlugin:80 - create IPUIPlugin
2023-09-18 16:53:00,354 [INFO] IPUIPlugin:80 - create IPUIPlugin
2023-09-18 16:53:00,354 [INFO] IPUIPlugin:80 - create IPUIPlugin
2023-09-18 16:53:00,355 [INFO] IPUIPlugin:80 - create IPUIPlugin
2023-09-18 16:53:00,355 [INFO] IPUIPlugin:80 - create IPUIPlugin
2023-09-18 16:53:00,355 [INFO] IPUIPlugin:80 - create IPUIPlugin
2023-09-18 16:53:00,355 [INFO] IPUIPlugin:80 - create IPUIPlugin
2023-09-18 16:53:00,355 [INFO] IPUIPlugin:80 - create IPUIPlugin
2023-09-18 16:53:00,355 [INFO] IPUIPlugin:80 - create IPUIPlugin
2023-09-18 16:53:00,355 [INFO] IPUIPlugin:80 - create IPUIPlugin
2023-09-18 16:53:00,356 [INFO] IPUIPlugin:80 - create IPUIPlugin
2023-09-18 16:53:00,356 [INFO] IPUIPlugin:80 - create IPUIPlugin
2023-09-18 16:53:00,356 [INFO] IPUIPlugin:80 - create IPUIPlugin
2023-09-18 16:53:00,356 [INFO] IPUIPlugin:80 - create IPUIPlugin
2023-09-18 16:53:00,356 [INFO] IPUIPlugin:80 - create IPUIPlugin
2023-09-18 16:53:00,356 [INFO] IPUIPlugin:80 - create IPUIPlugin
2023-09-18 16:53:00,357 [INFO] IPUIPlugin:80 - create IPUIPlugin
2023-09-18 16:53:00,357 [INFO] IPUIPlugin:80 - create IPUIPlugin
2023-09-18 16:53:00,357 [INFO] IPUIPlugin:80 - create IPUIPlugin
2023-09-18 16:53:00,357 [INFO] IPUIPlugin:80 - create IPUIPlugin
2023-09-18 16:53:00,357 [INFO] IPUIPlugin:80 - create IPUIPlugin
2023-09-18 16:53:00,357 [INFO] IPUIPlugin:80 - create IPUIPlugin
2023-09-18 16:53:00,358 [INFO] IPUIPlugin:80 - create IPUIPlugin
2023-09-18 16:53:00,358 [INFO] IPUIPlugin:80 - create IPUIPlugin
2023-09-18 16:53:00,358 [INFO] IPUIPlugin:80 - create IPUIPlugin
2023-09-18 16:53:00,359 [INFO] IPUIPlugin:80 - create IPUIPlugin
2023-09-18 16:53:00,359 [INFO] IPUIPlugin:80 - create IPUIPlugin
2023-09-18 16:53:00,362 [INFO] ApiDbMcu:507 - Load IP Config File for PDM2PCM
2023-09-18 16:53:00,367 [WARN] FreeRTOS:1023 - Null or empty value: should not occur! (nothing added to the table)
2023-09-18 16:53:00,409 [INFO] CADModel:165 - CPN selected for project levelSTM32F429ZIT6
2023-09-18 16:53:00,409 [INFO] CADModel:114 - Register for checkConnection events
2023-09-18 16:53:00,411 [INFO] RtosManager:697 - Active RTOS found at IOC load: FREERTOS [Cortex-M4NS]
2023-09-18 16:53:00,466 [INFO] OpenFileManager:328 - Restore cursor
2023-09-18 16:53:00,472 [INFO] ApiDb:581 - Connected to CubeFinder SQLite database (C:\Users\User\.stmcufinder\plugins\mcufinder\mcu\cube-finder-db.db)
2023-09-18 21:26:34,536 [ERROR] LogOutputStream:75 - [STDERR_REDIRECT] 
2023-09-18 21:26:49,253 [INFO] Activator:176 - 


2023-09-18 21:26:49,255 [INFO] Activator:177 - !SESSION log4j initialized
2023-09-18 21:26:55,090 [INFO] LogOutputStream:77 - [STDOUT_REDIRECT] 
2023-09-18 21:27:03,901 [INFO] ApplicationProperties:184 - Using Application install path: C:\ST\STM32CubeIDE_1.13.0\STM32CubeIDE\plugins\com.st.stm32cube.common.mx_6.9.0.202307051724
2023-09-18 21:27:03,918 [INFO] DbMcusXml:78 - Set database path to: C:\ST\STM32CubeIDE_1.13.0\STM32CubeIDE\plugins\com.st.stm32cube.common.mx_6.9.0.202307051724\\db\/mcu/
2023-09-18 21:27:03,919 [INFO] ApiDb:274 - Set plugin database path to: C:\ST\STM32CubeIDE_1.13.0\STM32CubeIDE\plugins\com.st.stm32cube.common.mx_6.9.0.202307051724\\db\/plugins/boardmanager/
2023-09-18 21:27:03,919 [WARN] ApiDb:259 - Overriding images path with different value:  => C:\ST\STM32CubeIDE_1.13.0\STM32CubeIDE\plugins\com.st.stm32cube.common.mx_6.9.0.202307051724\\db\/plugins/mcufinder/images/
2023-09-18 21:27:03,928 [INFO] ApiDb:250 - Set database path to: C:\Users\User\.stmcufinder\plugins\mcufinder//mcu/
2023-09-18 21:27:03,929 [INFO] DbMcusAds:125 - Set database path to: C:\Users\User\.stmcufinder\plugins\mcufinder//mcu/
2023-09-18 21:27:03,931 [INFO] CrossReferenceDbSqlite:203 - Set database path to: C:\Users\User\.stmcufinder\plugins\mcufinder//mcu/cs/
2023-09-18 21:27:04,011 [INFO] RulesReader:64 - Compatibility file has been processed (293 Rules)
2023-09-18 21:27:04,086 [INFO] DbMcusXml:78 - Set database path to: C:\ST\STM32CubeIDE_1.13.0\STM32CubeIDE\plugins\com.st.stm32cube.common.mx_6.9.0.202307051724\\db\/mcu/
2023-09-18 21:27:04,086 [INFO] ApiDb:274 - Set plugin database path to: C:\ST\STM32CubeIDE_1.13.0\STM32CubeIDE\plugins\com.st.stm32cube.common.mx_6.9.0.202307051724\\db\/plugins/boardmanager/
2023-09-18 21:27:04,087 [INFO] ApiDb:261 - Set plugin images path to: C:\ST\STM32CubeIDE_1.13.0\STM32CubeIDE\plugins\com.st.stm32cube.common.mx_6.9.0.202307051724\\db\/plugins/mcufinder/images/
2023-09-18 21:27:04,087 [WARN] DbFile:41 - Overriding database path with different value: C:\Users\User\.stmcufinder\plugins\mcufinder/ => C:\Users\User\.stmcufinder\plugins\mcufinder
2023-09-18 21:27:04,087 [INFO] ApiDb:250 - Set database path to: C:\Users\User\.stmcufinder\plugins\mcufinder//mcu/
2023-09-18 21:27:04,087 [WARN] DbFile:41 - Overriding database path with different value: C:\Users\User\.stmcufinder\plugins\mcufinder/ => C:\Users\User\.stmcufinder\plugins\mcufinder
2023-09-18 21:27:04,087 [INFO] DbMcusAds:125 - Set database path to: C:\Users\User\.stmcufinder\plugins\mcufinder//mcu/
2023-09-18 21:27:04,087 [WARN] DbFile:41 - Overriding database path with different value: C:\Users\User\.stmcufinder\plugins\mcufinder/ => C:\Users\User\.stmcufinder\plugins\mcufinder
2023-09-18 21:27:04,087 [WARN] DbFile:41 - Overriding database path with different value: C:\Users\User\.stmcufinder\plugins\mcufinder/ => C:\Users\User\.stmcufinder\plugins\mcufinder
2023-09-18 21:27:04,087 [INFO] CrossReferenceDbSqlite:203 - Set database path to: C:\Users\User\.stmcufinder\plugins\mcufinder//mcu/cs/
2023-09-18 21:27:04,165 [INFO] MainPanel:262 - HeapMemory: 268435456
2023-09-18 21:27:04,255 [INFO] DbMcusXml:78 - Set database path to: C:\ST\STM32CubeIDE_1.13.0\STM32CubeIDE\plugins\com.st.stm32cube.common.mx_6.9.0.202307051724\\db\/mcu/
2023-09-18 21:27:04,255 [INFO] ApiDb:274 - Set plugin database path to: C:\ST\STM32CubeIDE_1.13.0\STM32CubeIDE\plugins\com.st.stm32cube.common.mx_6.9.0.202307051724\\db\/plugins/boardmanager/
2023-09-18 21:27:04,255 [INFO] ApiDb:261 - Set plugin images path to: C:\ST\STM32CubeIDE_1.13.0\STM32CubeIDE\plugins\com.st.stm32cube.common.mx_6.9.0.202307051724\\db\/plugins/mcufinder/images/
2023-09-18 21:27:04,256 [WARN] DbFile:41 - Overriding database path with different value: C:\Users\User\.stmcufinder\plugins\mcufinder/ => C:\Users\User\.stmcufinder\plugins\mcufinder
2023-09-18 21:27:04,256 [INFO] ApiDb:250 - Set database path to: C:\Users\User\.stmcufinder\plugins\mcufinder//mcu/
2023-09-18 21:27:04,256 [WARN] DbFile:41 - Overriding database path with different value: C:\Users\User\.stmcufinder\plugins\mcufinder/ => C:\Users\User\.stmcufinder\plugins\mcufinder
2023-09-18 21:27:04,256 [INFO] DbMcusAds:125 - Set database path to: C:\Users\User\.stmcufinder\plugins\mcufinder//mcu/
2023-09-18 21:27:04,256 [WARN] DbFile:41 - Overriding database path with different value: C:\Users\User\.stmcufinder\plugins\mcufinder/ => C:\Users\User\.stmcufinder\plugins\mcufinder
2023-09-18 21:27:04,256 [WARN] DbFile:41 - Overriding database path with different value: C:\Users\User\.stmcufinder\plugins\mcufinder/ => C:\Users\User\.stmcufinder\plugins\mcufinder
2023-09-18 21:27:04,256 [INFO] CrossReferenceDbSqlite:203 - Set database path to: C:\Users\User\.stmcufinder\plugins\mcufinder//mcu/cs/
2023-09-18 21:27:04,275 [INFO] ApplicationProperties:184 - Using Application install path: C:\ST\STM32CubeIDE_1.13.0\STM32CubeIDE\plugins\com.st.stm32cube.common.mx_6.9.0.202307051724
2023-09-18 21:27:04,277 [INFO] PluginManage:196 - Search for loadable plugins [exclusion list=, ]
2023-09-18 21:27:04,278 [INFO] PluginManage:310 - Check plugin analytics
2023-09-18 21:27:08,968 [INFO] AnalyticsPlugin:253 - Accepted Software Licenses: STM32CubeMX.6.9.0
2023-09-18 21:27:08,968 [INFO] AnalyticsPlugin:255 - Accepted CMSIS Pack Licenses: 
2023-09-18 21:27:08,968 [INFO] AnalyticsPlugin:257 - Accepted Firmware Licenses: FW.F4.1.27.0
2023-09-18 21:27:08,971 [INFO] PluginManage:359 - Loaded plugin analytics (category:tool,tabindex:-1)
2023-09-18 21:27:08,972 [INFO] PluginManage:310 - Check plugin cadmodel
2023-09-18 21:27:09,002 [INFO] CADModel:105 - Init CAD model plugin
2023-09-18 21:27:09,002 [INFO] PluginManage:359 - Loaded plugin cadmodel (category:power,tabindex:5)
2023-09-18 21:27:09,002 [INFO] PluginManage:310 - Check plugin clock
2023-09-18 21:27:09,023 [INFO] PluginManage:359 - Loaded plugin clock (category:base,tabindex:2)
2023-09-18 21:27:09,023 [INFO] PluginManage:310 - Check plugin ddr
2023-09-18 21:27:09,025 [INFO] PluginManage:359 - Loaded plugin ddr (category:tool,tabindex:6)
2023-09-18 21:27:09,025 [INFO] PluginManage:310 - Check plugin filemanager
2023-09-18 21:27:09,125 [INFO] PluginManage:359 - Loaded plugin filemanager (category:base,tabindex:10)
2023-09-18 21:27:09,125 [INFO] PluginManage:310 - Check plugin ipmanager
2023-09-18 21:27:09,130 [INFO] PluginManage:359 - Loaded plugin ipmanager (category:base,tabindex:5)
2023-09-18 21:27:09,131 [INFO] PluginManage:310 - Check plugin lpbam
2023-09-18 21:27:09,142 [INFO] PluginManage:359 - Loaded plugin lpbam (category:base,tabindex:0)
2023-09-18 21:27:09,143 [INFO] PluginManage:310 - Check plugin memorymap
2023-09-18 21:27:09,160 [INFO] PluginManage:359 - Loaded plugin memorymap (category:base,tabindex:4)
2023-09-18 21:27:09,160 [INFO] PluginManage:310 - Check plugin pinoutandconfiguration
2023-09-18 21:27:09,170 [INFO] PluginManage:359 - Loaded plugin pinoutandconfiguration (category:base,tabindex:1)
2023-09-18 21:27:09,170 [INFO] PluginManage:310 - Check plugin pinoutconfig
2023-09-18 21:27:09,237 [WARN] SupportedApi:132 - Cannot load RTOS API schema: s4s-elt-must-match.1: The content of 'definitions' must match (annotation?, (simpleType | complexType)?, (unique | key | keyref)*)). A problem was found starting at: attribute.
2023-09-18 21:27:09,336 [INFO] PluginManage:359 - Loaded plugin pinoutconfig (category:base,tabindex:0)
2023-09-18 21:27:09,337 [INFO] PluginManage:310 - Check plugin power
2023-09-18 21:27:09,362 [INFO] PluginManage:359 - Loaded plugin power (category:power,tabindex:4)
2023-09-18 21:27:09,362 [INFO] PluginManage:310 - Check plugin projectmanager
2023-09-18 21:27:09,373 [INFO] PluginManage:359 - Loaded plugin projectmanager (category:projectmanager,tabindex:3)
2023-09-18 21:27:09,373 [INFO] PluginManage:310 - Check plugin thirdparty
2023-09-18 21:27:09,525 [INFO] PluginManage:359 - Loaded plugin thirdparty (category:base,tabindex:-1)
2023-09-18 21:27:09,525 [INFO] PluginManage:310 - Check plugin tools
2023-09-18 21:27:09,525 [WARN] IntegrityCheckThread:84 - waiting for thirdparty lock release [integrity check]
2023-09-18 21:27:09,525 [INFO] IntegrityCheckThread:86 - entering critical section [integrity check]
2023-09-18 21:27:09,526 [INFO] ThirdPartyUpdaterWithRetryManager:70 - Updater plugin not ready yet. [1/15]
2023-09-18 21:27:09,533 [INFO] PluginManage:359 - Loaded plugin tools (category:base,tabindex:7)
2023-09-18 21:27:09,533 [INFO] PluginManage:310 - Check plugin tutovideos
2023-09-18 21:27:09,685 [INFO] PluginManage:359 - Loaded plugin tutovideos (category:base,tabindex:-1)
2023-09-18 21:27:09,685 [INFO] PluginManage:310 - Check plugin updater
2023-09-18 21:27:09,692 [INFO] PluginManage:359 - Loaded plugin updater (category:base,tabindex:12)
2023-09-18 21:27:09,692 [INFO] PluginManage:310 - Check plugin userauth
2023-09-18 21:27:09,696 [INFO] UserAuth:113 - Init User Auth plugin
2023-09-18 21:27:09,696 [INFO] PluginManage:359 - Loaded plugin userauth (category:base,tabindex:14)
2023-09-18 21:27:09,697 [INFO] PluginManage:283 - PluginManage : Loaded plugins [17]
2023-09-18 21:27:09,878 [INFO] PinOutPanel:1499 - setPackage(No Configuration,No Configuration)
2023-09-18 21:27:09,966 [INFO] CADModel:165 - CPN selected for project level
2023-09-18 21:27:09,966 [INFO] CADModel:114 - Register for checkConnection events
2023-09-18 21:27:09,981 [INFO] IPUIPlugin:80 - create IPUIPlugin
2023-09-18 21:27:09,981 [INFO] PluginManager:220 - loadIPPluginJar : add adc
2023-09-18 21:27:09,988 [INFO] IPUIPlugin:80 - create IPUIPlugin
2023-09-18 21:27:09,988 [INFO] PluginManager:220 - loadIPPluginJar : add aes
2023-09-18 21:27:09,995 [INFO] IPUIPlugin:80 - create IPUIPlugin
2023-09-18 21:27:09,995 [INFO] PluginManager:220 - loadIPPluginJar : add can
2023-09-18 21:27:09,998 [INFO] IPUIPlugin:80 - create IPUIPlugin
2023-09-18 21:27:09,998 [INFO] PluginManager:220 - loadIPPluginJar : add comp
2023-09-18 21:27:10,004 [INFO] IPUIPlugin:80 - create IPUIPlugin
2023-09-18 21:27:10,004 [INFO] PluginManager:220 - loadIPPluginJar : add cryp
2023-09-18 21:27:10,008 [INFO] IPUIPlugin:80 - create IPUIPlugin
2023-09-18 21:27:10,008 [INFO] PluginManager:220 - loadIPPluginJar : add dfsdm
2023-09-18 21:27:10,016 [INFO] IPUIPlugin:80 - create IPUIPlugin
2023-09-18 21:27:10,017 [INFO] PluginManager:220 - loadIPPluginJar : add dma
2023-09-18 21:27:10,023 [INFO] IPUIPlugin:80 - create IPUIPlugin
2023-09-18 21:27:10,023 [INFO] PluginManager:220 - loadIPPluginJar : add dma3
2023-09-18 21:27:10,026 [INFO] IPUIPlugin:80 - create IPUIPlugin
2023-09-18 21:27:10,026 [INFO] PluginManager:220 - loadIPPluginJar : add fatfs
2023-09-18 21:27:10,035 [INFO] IPUIPlugin:80 - create IPUIPlugin
2023-09-18 21:27:10,035 [INFO] PluginManager:220 - loadIPPluginJar : add fmc
2023-09-18 21:27:10,046 [INFO] IPUIPlugin:80 - create IPUIPlugin
2023-09-18 21:27:10,047 [INFO] PluginManager:220 - loadIPPluginJar : add freertos
2023-09-18 21:27:10,049 [INFO] IPUIPlugin:80 - create IPUIPlugin
2023-09-18 21:27:10,049 [INFO] PluginManager:220 - loadIPPluginJar : add genericplugin
2023-09-18 21:27:10,055 [INFO] IPUIPlugin:80 - create IPUIPlugin
2023-09-18 21:27:10,055 [INFO] PluginManager:220 - loadIPPluginJar : add gfxmmu
2023-09-18 21:27:10,062 [INFO] IPUIPlugin:80 - create IPUIPlugin
2023-09-18 21:27:10,063 [INFO] PluginManager:220 - loadIPPluginJar : add gic
2023-09-18 21:27:10,071 [INFO] IPUIPlugin:80 - create IPUIPlugin
2023-09-18 21:27:10,072 [INFO] PluginManager:220 - loadIPPluginJar : add gpio
2023-09-18 21:27:10,078 [INFO] IPUIPlugin:80 - create IPUIPlugin
2023-09-18 21:27:10,078 [INFO] PluginManager:220 - loadIPPluginJar : add gtzc
2023-09-18 21:27:10,083 [INFO] IPUIPlugin:80 - create IPUIPlugin
2023-09-18 21:27:10,083 [INFO] PluginManager:220 - loadIPPluginJar : add hash
2023-09-18 21:27:10,089 [INFO] IPUIPlugin:80 - create IPUIPlugin
2023-09-18 21:27:10,089 [INFO] PluginManager:220 - loadIPPluginJar : add i2c
2023-09-18 21:27:10,095 [INFO] IPUIPlugin:80 - create IPUIPlugin
2023-09-18 21:27:10,095 [INFO] PluginManager:220 - loadIPPluginJar : add i2s
2023-09-18 21:27:10,102 [INFO] IPUIPlugin:80 - create IPUIPlugin
2023-09-18 21:27:10,102 [INFO] PluginManager:220 - loadIPPluginJar : add i3c
2023-09-18 21:27:10,111 [INFO] IPUIPlugin:80 - create IPUIPlugin
2023-09-18 21:27:10,111 [INFO] PluginManager:220 - loadIPPluginJar : add ipddr
2023-09-18 21:27:10,120 [INFO] IPUIPlugin:80 - create IPUIPlugin
2023-09-18 21:27:10,120 [INFO] PluginManager:220 - loadIPPluginJar : add linkedlist
2023-09-18 21:27:10,127 [INFO] IPUIPlugin:80 - create IPUIPlugin
2023-09-18 21:27:10,127 [INFO] PluginManager:220 - loadIPPluginJar : add lorawan
2023-09-18 21:27:10,132 [INFO] IPUIPlugin:80 - create IPUIPlugin
2023-09-18 21:27:10,132 [INFO] PluginManager:220 - loadIPPluginJar : add ltdc
2023-09-18 21:27:10,139 [INFO] IPUIPlugin:80 - create IPUIPlugin
2023-09-18 21:27:10,139 [INFO] PluginManager:220 - loadIPPluginJar : add mdma
2023-09-18 21:27:10,145 [INFO] IPUIPlugin:80 - create IPUIPlugin
2023-09-18 21:27:10,145 [INFO] PluginManager:220 - loadIPPluginJar : add nvic
2023-09-18 21:27:10,151 [INFO] IPUIPlugin:80 - create IPUIPlugin
2023-09-18 21:27:10,151 [INFO] PluginManager:220 - loadIPPluginJar : add opamp
2023-09-18 21:27:10,156 [INFO] IPUIPlugin:80 - create IPUIPlugin
2023-09-18 21:27:10,157 [INFO] PluginManager:220 - loadIPPluginJar : add openamp
2023-09-18 21:27:10,163 [INFO] IPUIPlugin:80 - create IPUIPlugin
2023-09-18 21:27:10,163 [INFO] PluginManager:220 - loadIPPluginJar : add pdm2pcm
2023-09-18 21:27:10,172 [INFO] IPUIPlugin:80 - create IPUIPlugin
2023-09-18 21:27:10,174 [INFO] PluginManager:220 - loadIPPluginJar : add plateformsettings
2023-09-18 21:27:10,177 [INFO] IPUIPlugin:80 - create IPUIPlugin
2023-09-18 21:27:10,177 [INFO] PluginManager:220 - loadIPPluginJar : add quadspi
2023-09-18 21:27:10,187 [INFO] IPUIPlugin:80 - create IPUIPlugin
2023-09-18 21:27:10,187 [INFO] PluginManager:220 - loadIPPluginJar : add resmgrutility
2023-09-18 21:27:10,195 [INFO] IPUIPlugin:80 - create IPUIPlugin
2023-09-18 21:27:10,195 [INFO] PluginManager:220 - loadIPPluginJar : add sai
2023-09-18 21:27:10,202 [INFO] IPUIPlugin:80 - create IPUIPlugin
2023-09-18 21:27:10,202 [INFO] PluginManager:220 - loadIPPluginJar : add spi
2023-09-18 21:27:10,213 [INFO] IPUIPlugin:80 - create IPUIPlugin
2023-09-18 21:27:10,213 [INFO] PluginManager:220 - loadIPPluginJar : add stm32_wpan
2023-09-18 21:27:10,217 [INFO] IPUIPlugin:80 - create IPUIPlugin
2023-09-18 21:27:10,217 [INFO] PluginManager:220 - loadIPPluginJar : add tim
2023-09-18 21:27:10,225 [INFO] IPUIPlugin:80 - create IPUIPlugin
2023-09-18 21:27:10,225 [INFO] PluginManager:220 - loadIPPluginJar : add touchsensing
2023-09-18 21:27:10,229 [INFO] IPUIPlugin:80 - create IPUIPlugin
2023-09-18 21:27:10,229 [INFO] PluginManager:220 - loadIPPluginJar : add tracer_emb
2023-09-18 21:27:10,232 [INFO] IPUIPlugin:80 - create IPUIPlugin
2023-09-18 21:27:10,232 [INFO] PluginManager:220 - loadIPPluginJar : add ts
2023-09-18 21:27:10,235 [INFO] IPUIPlugin:80 - create IPUIPlugin
2023-09-18 21:27:10,235 [INFO] PluginManager:220 - loadIPPluginJar : add tsc
2023-09-18 21:27:10,238 [INFO] IPUIPlugin:80 - create IPUIPlugin
2023-09-18 21:27:10,238 [INFO] PluginManager:220 - loadIPPluginJar : add ucpd
2023-09-18 21:27:10,245 [INFO] IPUIPlugin:80 - create IPUIPlugin
2023-09-18 21:27:10,246 [INFO] PluginManager:220 - loadIPPluginJar : add usart
2023-09-18 21:27:10,253 [INFO] IPUIPlugin:80 - create IPUIPlugin
2023-09-18 21:27:10,253 [INFO] PluginManager:220 - loadIPPluginJar : add usbx
2023-09-18 21:27:10,366 [INFO] CADModel:165 - CPN selected for project level
2023-09-18 21:27:10,366 [INFO] CADModel:114 - Register for checkConnection events
2023-09-18 21:27:10,366 [FATAL] Updater:308 - Updater called before beeing initialized
2023-09-18 21:27:10,366 [ERROR] CADModel:125 - Updater not yet initialized, retry later 
2023-09-18 21:27:10,488 [INFO] CADModel:165 - CPN selected for project level
2023-09-18 21:27:10,488 [INFO] CADModel:114 - Register for checkConnection events
2023-09-18 21:27:10,488 [FATAL] Updater:308 - Updater called before beeing initialized
2023-09-18 21:27:10,488 [ERROR] CADModel:125 - Updater not yet initialized, retry later 
2023-09-18 21:27:10,491 [FATAL] Updater:308 - Updater called before beeing initialized
2023-09-18 21:27:10,587 [FATAL] Updater:308 - Updater called before beeing initialized
2023-09-18 21:27:10,593 [INFO] DbMcusAds:53 - JSON generation date=Tue Mar 07 17:50:55 KST 2023 (1678179055114)
2023-09-18 21:27:10,593 [FATAL] Updater:308 - Updater called before beeing initialized
2023-09-18 21:27:10,631 [WARN] DetailPanel:346 - Failed to get advertising image, set to default
2023-09-18 21:27:10,733 [FATAL] Updater:308 - Updater called before beeing initialized
2023-09-18 21:27:10,735 [FATAL] Updater:308 - Updater called before beeing initialized
2023-09-18 21:27:10,735 [FATAL] Updater:308 - Updater called before beeing initialized
2023-09-18 21:27:10,735 [WARN] DetailPanel:346 - Failed to get advertising image, set to default
2023-09-18 21:27:10,736 [FATAL] Updater:308 - Updater called before beeing initialized
2023-09-18 21:27:10,776 [ERROR] Updater:1120 - MainUpdater not yet initialized. External WinMGr cannot be set.
2023-09-18 21:27:10,780 [INFO] Updater:1056 - Updater Version found : 6.9.0
2023-09-18 21:27:10,796 [INFO] ApplicationProperties:184 - Using Application install path: C:\ST\STM32CubeIDE_1.13.0\STM32CubeIDE\plugins\com.st.stm32cube.common.mx_6.9.0.202307051724
2023-09-18 21:27:11,092 [INFO] MainUpdater:2868 - connection check result : 10
2023-09-18 21:27:11,092 [INFO] MainUpdater:3562 - Updater definition file requires update
2023-09-18 21:27:11,093 [INFO] MainUpdater:285 - Updater Check For Update Now.
2023-09-18 21:27:11,093 [INFO] MicroXplorer:498 - Change Database Version : DB.6.0.90
2023-09-18 21:27:11,099 [INFO] McuFinderGlobals:63 - Set McuFinder mode to 2 (CubeIDE integrated)
2023-09-18 21:27:11,099 [INFO] UserAuth:179 - activating auth plugin
2023-09-18 21:27:11,101 [INFO] UserAuth:393 - Internet connection configuration mode: 1
2023-09-18 21:27:11,119 [INFO] JxBrowserEngine:151 - Initiate JxBrowser Engine with user profile folder
2023-09-18 21:27:11,159 [INFO] ServerAccessManage:473 - Download File updaters.zip
2023-09-18 21:27:11,328 [INFO] FileExtend:240 - Unzip File : updaters.zip
2023-09-18 21:27:11,328 [INFO] FileExtend:255 - Standard Zip Deflate
2023-09-18 21:27:11,734 [INFO] ServerAccessManage:473 - Download File PacksControlFlags.xml
2023-09-18 21:27:11,832 [INFO] ServerAccessManage:473 - Download File cubemx.pidx
2023-09-18 21:27:11,904 [INFO] LoadServerUpdatesThread:373 - End of LoadServerUpdate Thread
2023-09-18 21:27:12,060 [INFO] CheckServerUpdateThread:120 - End of CheckServer Thread
2023-09-18 21:27:12,227 [INFO] WebApp:157 - Instantiating new browser for Auth
2023-09-18 21:27:12,734 [WARN] PackLoader:240 - Cannot read IP mode file for STMicroelectronics.X-CUBE-SMBUS.2.1.0
2023-09-18 21:27:12,767 [WARN] PackLoader:240 - Cannot read IP mode file for STMicroelectronics.X-CUBE-AZRTOS-F7.1.1.0
2023-09-18 21:27:12,782 [WARN] PackLoader:240 - Cannot read IP mode file for STMicroelectronics.FP-SNS-MOTENV1.4.3.2
2023-09-18 21:27:12,790 [INFO] WebApp:753 - Register for checkConnection events
2023-09-18 21:27:12,791 [WARN] PackLoader:240 - Cannot read IP mode file for STMicroelectronics.FP-SNS-FLIGHT1.5.0.2
2023-09-18 21:27:12,791 [INFO] WebApp:390 - Apply proxy settings
2023-09-18 21:27:12,791 [INFO] WebApp:475 - Chromium requires no authentication
2023-09-18 21:27:12,800 [WARN] PackLoader:240 - Cannot read IP mode file for STMicroelectronics.X-CUBE-DISPLAY.3.0.0
2023-09-18 21:27:12,800 [INFO] WebApp:418 - Direct internet connection detected
2023-09-18 21:27:12,816 [WARN] PackLoader:240 - Cannot read IP mode file for STMicroelectronics.X-CUBE-BLE1.7.0.0
2023-09-18 21:27:12,824 [WARN] PackLoader:240 - Cannot read IP mode file for emotas.I-CUBE-CANOPEN.1.3.0
2023-09-18 21:27:12,832 [WARN] PackLoader:240 - Cannot read IP mode file for STMicroelectronics.X-CUBE-TOUCHGFX.4.22.0
2023-09-18 21:27:12,838 [WARN] PackLoader:240 - Cannot read IP mode file for STMicroelectronics.FP-SNS-SMARTAG2.1.2.0
2023-09-18 21:27:12,848 [INFO] LogOutputStream:77 - [STDOUT_REDIRECT] 1 : Invalid condition id : UX_CORESTACK_Condition cause : null
2023-09-18 21:27:12,848 [INFO] LogOutputStream:77 - [STDOUT_REDIRECT] 1 : Invalid condition id : UX_CORESTACK_Condition cause : null
2023-09-18 21:27:12,849 [INFO] LogOutputStream:77 - [STDOUT_REDIRECT] 1 : Invalid condition id : UX_CORESTACK_Condition cause : null
2023-09-18 21:27:12,850 [INFO] LogOutputStream:77 - [STDOUT_REDIRECT] 1 : Invalid condition id : UX_CORESTACK_Condition cause : null
2023-09-18 21:27:12,850 [INFO] LogOutputStream:77 - [STDOUT_REDIRECT] 1 : Invalid condition id : UX_CORESTACK_Condition cause : null
2023-09-18 21:27:12,853 [WARN] PackLoader:240 - Cannot read IP mode file for STMicroelectronics.X-CUBE-AZRTOS-WL.2.0.0
2023-09-18 21:27:12,862 [WARN] PackLoader:240 - Cannot read IP mode file for WES.I-CUBE-Cesium.1.3.0
2023-09-18 21:27:12,871 [WARN] PackLoader:240 - Cannot read IP mode file for STMicroelectronics.X-CUBE-BLE2.3.3.0
2023-09-18 21:27:12,882 [WARN] PackLoader:240 - Cannot read IP mode file for STMicroelectronics.X-CUBE-ALGOBUILD.1.3.0
2023-09-18 21:27:12,895 [WARN] PackLoader:240 - Cannot read IP mode file for STMicroelectronics.X-CUBE-AZRTOS-G0.1.1.0
2023-09-18 21:27:12,909 [WARN] PackLoader:240 - Cannot read IP mode file for STMicroelectronics.X-CUBE-NFC4.3.0.0
2023-09-18 21:27:12,916 [WARN] PackLoader:240 - Cannot read IP mode file for STMicroelectronics.FP-ATR-SIGFOX1.3.2.0
2023-09-18 21:27:12,939 [WARN] PackLoader:240 - Cannot read IP mode file for SEGGER.I-CUBE-embOS.1.3.1
2023-09-18 21:27:12,978 [WARN] PackLoader:240 - Cannot read IP mode file for STMicroelectronics.X-CUBE-GNSS1.6.0.0
2023-09-18 21:27:12,982 [INFO] WebApp:188 - Starting web application
2023-09-18 21:27:12,983 [INFO] WebApp:520 - Web application path used C:\ST\STM32CubeIDE_1.13.0\STM32CubeIDE\plugins\com.st.stm32cube.common.mx_6.9.0.202307051724\db\plugins\mcufinder\reactClient1\index.html
2023-09-18 21:27:12,995 [WARN] PackLoader:240 - Cannot read IP mode file for STMicroelectronics.X-CUBE-AZRTOS-F4.1.1.0
2023-09-18 21:27:13,006 [WARN] PackLoader:240 - Cannot read IP mode file for wolfSSL.I-CUBE-wolfSSL.5.6.3
2023-09-18 21:27:13,024 [WARN] PackLoader:240 - Cannot read IP mode file for STMicroelectronics.X-CUBE-AZRTOS-L5.2.0.0
2023-09-18 21:27:13,110 [WARN] PackLoader:240 - Cannot read IP mode file for STMicroelectronics.X-CUBE-MEMS1.9.6.0
2023-09-18 21:27:13,283 [WARN] PackLoader:240 - Cannot read IP mode file for STMicroelectronics.X-CUBE-BLEMGR.2.0.0
2023-09-18 21:27:13,305 [WARN] ConditionMgr:438 - getConditionDescription Invalid condition id : UX DEVICE CLASS RTOS Condition cause : null
2023-09-18 21:27:13,306 [WARN] ConditionMgr:438 - getConditionDescription Invalid condition id : UX DEVICE CLASS RTOS Condition cause : null
2023-09-18 21:27:13,308 [WARN] PackLoader:240 - Cannot read IP mode file for STMicroelectronics.X-CUBE-AZRTOS-H7.3.1.0
2023-09-18 21:27:13,310 [WARN] ConditionMgr:1039 - genDependencies : Invalid condition id : UX DEVICE CLASS RTOS Condition cause : null
2023-09-18 21:27:13,310 [WARN] ConditionMgr:1039 - genDependencies : Invalid condition id : UX DEVICE CLASS RTOS Condition cause : null
2023-09-18 21:27:13,311 [WARN] ConditionMgr:1039 - genDependencies : Invalid condition id : UX DEVICE CLASS RTOS Condition cause : null
2023-09-18 21:27:13,312 [WARN] ConditionMgr:1039 - genDependencies : Invalid condition id : UX DEVICE CLASS RTOS Condition cause : null
2023-09-18 21:27:13,312 [WARN] ConditionMgr:1039 - genDependencies : Invalid condition id : UX DEVICE CLASS RTOS Condition cause : null
2023-09-18 21:27:13,327 [WARN] PackLoader:240 - Cannot read IP mode file for STMicroelectronics.X-CUBE-NFC7.1.0.1
2023-09-18 21:27:13,343 [WARN] PackLoader:240 - Cannot read IP mode file for STMicroelectronics.X-CUBE-NFC6.3.0.0
2023-09-18 21:27:13,361 [WARN] PackLoader:240 - Cannot read IP mode file for STMicroelectronics.X-CUBE-EEPRMA1.4.1.0
2023-09-18 21:27:13,373 [WARN] PackLoader:240 - Cannot read IP mode file for STMicroelectronics.X-CUBE-AI.8.1.0
2023-09-18 21:27:13,391 [WARN] ConditionMgr:438 - getConditionDescription Invalid condition id : LAN8742 Phy interface Condition cause : null
2023-09-18 21:27:13,392 [WARN] PackLoader:240 - Cannot read IP mode file for STMicroelectronics.X-CUBE-AZRTOS-L4.2.0.0
2023-09-18 21:27:13,394 [WARN] ConditionMgr:1039 - genDependencies : Invalid condition id : LAN8742 Phy interface Condition cause : null
2023-09-18 21:27:13,394 [WARN] ConditionMgr:1039 - genDependencies : Invalid condition id : LAN8742 Phy interface Condition cause : null
2023-09-18 21:27:13,395 [WARN] ConditionMgr:1039 - genDependencies : Invalid condition id : LAN8742 Phy interface Condition cause : null
2023-09-18 21:27:13,412 [WARN] PackLoader:240 - Cannot read IP mode file for STMicroelectronics.X-CUBE-SFXS2LP1.4.0.0
2023-09-18 21:27:13,424 [WARN] PackLoader:240 - Cannot read IP mode file for STMicroelectronics.X-CUBE-ISPU.1.1.0
2023-09-18 21:27:13,443 [WARN] ConditionMgr:438 - getConditionDescription Invalid condition id : UX DEVICE CLASS RTOS Condition cause : null
2023-09-18 21:27:13,444 [WARN] ConditionMgr:438 - getConditionDescription Invalid condition id : UX DEVICE CLASS RTOS Condition cause : null
2023-09-18 21:27:13,446 [WARN] PackLoader:240 - Cannot read IP mode file for STMicroelectronics.X-CUBE-AZRTOS-WB.2.0.0
2023-09-18 21:27:13,447 [WARN] ConditionMgr:1039 - genDependencies : Invalid condition id : UX DEVICE CLASS RTOS Condition cause : null
2023-09-18 21:27:13,447 [WARN] ConditionMgr:1039 - genDependencies : Invalid condition id : UX DEVICE CLASS RTOS Condition cause : null
2023-09-18 21:27:13,448 [WARN] ConditionMgr:1039 - genDependencies : Invalid condition id : UX DEVICE CLASS RTOS Condition cause : null
2023-09-18 21:27:13,448 [WARN] ConditionMgr:1039 - genDependencies : Invalid condition id : UX DEVICE CLASS RTOS Condition cause : null
2023-09-18 21:27:13,449 [WARN] ConditionMgr:1039 - genDependencies : Invalid condition id : UX DEVICE CLASS RTOS Condition cause : null
2023-09-18 21:27:13,465 [WARN] PackLoader:240 - Cannot read IP mode file for STMicroelectronics.X-CUBE-SUBG2.5.0.0
2023-09-18 21:27:13,483 [WARN] PackLoader:240 - Cannot read IP mode file for STMicroelectronics.X-CUBE-TOF1.3.3.1
2023-09-18 21:27:13,510 [WARN] PackLoader:240 - Cannot read IP mode file for STMicroelectronics.X-CUBE-AZRTOS-G4.2.0.0
2023-09-18 21:27:13,521 [WARN] PackLoader:240 - Cannot read IP mode file for STMicroelectronics.X-CUBE-FREERTOS.1.1.0
2023-09-18 21:27:13,534 [WARN] PackLoader:240 - Cannot read IP mode file for portGmbH.I-Cube-SoM-uGOAL.1.1.0
2023-09-18 21:27:13,543 [WARN] PackLoader:240 - Cannot read IP mode file for STMicroelectronics.X-CUBE-ALS.1.0.1
2023-09-18 21:27:13,551 [WARN] PackLoader:240 - Cannot read IP mode file for STMicroelectronics.FP-ATR-ASTRA1.2.0.0
2023-09-18 21:27:13,552 [INFO] ThirdParty:978 - Integrity check success = true
2023-09-18 21:27:13,552 [INFO] IntegrityCheckThread:100 - exiting critical section [integrity check]
2023-09-18 21:27:13,552 [INFO] IntegrityCheckThread:103 - End integrity checks thread
2023-09-18 21:35:53,093 [ERROR] LogOutputStream:75 - [STDERR_REDIRECT] 
