2023-10-12 15:19:16,571 [INFO] Activator:176 - 


2023-10-12 15:19:16,575 [INFO] Activator:177 - !SESSION log4j initialized
2023-10-12 15:19:21,159 [INFO] LogOutputStream:77 - [STDOUT_REDIRECT] 
2023-10-12 15:19:30,188 [INFO] ApplicationProperties:184 - Using Application install path: C:\ST\STM32CubeIDE_1.13.0\STM32CubeIDE\plugins\com.st.stm32cube.common.mx_6.9.2.202309101412
2023-10-12 15:19:30,206 [INFO] DbMcusXml:78 - Set database path to: C:\ST\STM32CubeIDE_1.13.0\STM32CubeIDE\plugins\com.st.stm32cube.common.mx_6.9.2.202309101412\\db\/mcu/
2023-10-12 15:19:30,206 [INFO] ApiDb:274 - Set plugin database path to: C:\ST\STM32CubeIDE_1.13.0\STM32CubeIDE\plugins\com.st.stm32cube.common.mx_6.9.2.202309101412\\db\/plugins/boardmanager/
2023-10-12 15:19:30,207 [WARN] ApiDb:259 - Overriding images path with different value:  => C:\ST\STM32CubeIDE_1.13.0\STM32CubeIDE\plugins\com.st.stm32cube.common.mx_6.9.2.202309101412\\db\/plugins/mcufinder/images/
2023-10-12 15:19:30,221 [INFO] ApiDb:250 - Set database path to: C:\Users\User\.stmcufinder\plugins\mcufinder//mcu/
2023-10-12 15:19:30,222 [INFO] DbMcusAds:125 - Set database path to: C:\Users\User\.stmcufinder\plugins\mcufinder//mcu/
2023-10-12 15:19:30,225 [INFO] CrossReferenceDbSqlite:203 - Set database path to: C:\Users\User\.stmcufinder\plugins\mcufinder//mcu/cs/
2023-10-12 15:19:30,327 [INFO] RulesReader:64 - Compatibility file has been processed (293 Rules)
2023-10-12 15:19:30,420 [INFO] DbMcusXml:78 - Set database path to: C:\ST\STM32CubeIDE_1.13.0\STM32CubeIDE\plugins\com.st.stm32cube.common.mx_6.9.2.202309101412\\db\/mcu/
2023-10-12 15:19:30,420 [INFO] ApiDb:274 - Set plugin database path to: C:\ST\STM32CubeIDE_1.13.0\STM32CubeIDE\plugins\com.st.stm32cube.common.mx_6.9.2.202309101412\\db\/plugins/boardmanager/
2023-10-12 15:19:30,420 [INFO] ApiDb:261 - Set plugin images path to: C:\ST\STM32CubeIDE_1.13.0\STM32CubeIDE\plugins\com.st.stm32cube.common.mx_6.9.2.202309101412\\db\/plugins/mcufinder/images/
2023-10-12 15:19:30,420 [WARN] DbFile:41 - Overriding database path with different value: C:\Users\User\.stmcufinder\plugins\mcufinder/ => C:\Users\User\.stmcufinder\plugins\mcufinder
2023-10-12 15:19:30,420 [INFO] ApiDb:250 - Set database path to: C:\Users\User\.stmcufinder\plugins\mcufinder//mcu/
2023-10-12 15:19:30,421 [WARN] DbFile:41 - Overriding database path with different value: C:\Users\User\.stmcufinder\plugins\mcufinder/ => C:\Users\User\.stmcufinder\plugins\mcufinder
2023-10-12 15:19:30,421 [INFO] DbMcusAds:125 - Set database path to: C:\Users\User\.stmcufinder\plugins\mcufinder//mcu/
2023-10-12 15:19:30,421 [WARN] DbFile:41 - Overriding database path with different value: C:\Users\User\.stmcufinder\plugins\mcufinder/ => C:\Users\User\.stmcufinder\plugins\mcufinder
2023-10-12 15:19:30,421 [WARN] DbFile:41 - Overriding database path with different value: C:\Users\User\.stmcufinder\plugins\mcufinder/ => C:\Users\User\.stmcufinder\plugins\mcufinder
2023-10-12 15:19:30,421 [INFO] CrossReferenceDbSqlite:203 - Set database path to: C:\Users\User\.stmcufinder\plugins\mcufinder//mcu/cs/
2023-10-12 15:19:30,503 [INFO] MainPanel:262 - HeapMemory: 268435456
2023-10-12 15:19:30,583 [INFO] DbMcusXml:78 - Set database path to: C:\ST\STM32CubeIDE_1.13.0\STM32CubeIDE\plugins\com.st.stm32cube.common.mx_6.9.2.202309101412\\db\/mcu/
2023-10-12 15:19:30,583 [INFO] ApiDb:274 - Set plugin database path to: C:\ST\STM32CubeIDE_1.13.0\STM32CubeIDE\plugins\com.st.stm32cube.common.mx_6.9.2.202309101412\\db\/plugins/boardmanager/
2023-10-12 15:19:30,584 [INFO] ApiDb:261 - Set plugin images path to: C:\ST\STM32CubeIDE_1.13.0\STM32CubeIDE\plugins\com.st.stm32cube.common.mx_6.9.2.202309101412\\db\/plugins/mcufinder/images/
2023-10-12 15:19:30,584 [WARN] DbFile:41 - Overriding database path with different value: C:\Users\User\.stmcufinder\plugins\mcufinder/ => C:\Users\User\.stmcufinder\plugins\mcufinder
2023-10-12 15:19:30,584 [INFO] ApiDb:250 - Set database path to: C:\Users\User\.stmcufinder\plugins\mcufinder//mcu/
2023-10-12 15:19:30,584 [WARN] DbFile:41 - Overriding database path with different value: C:\Users\User\.stmcufinder\plugins\mcufinder/ => C:\Users\User\.stmcufinder\plugins\mcufinder
2023-10-12 15:19:30,584 [INFO] DbMcusAds:125 - Set database path to: C:\Users\User\.stmcufinder\plugins\mcufinder//mcu/
2023-10-12 15:19:30,584 [WARN] DbFile:41 - Overriding database path with different value: C:\Users\User\.stmcufinder\plugins\mcufinder/ => C:\Users\User\.stmcufinder\plugins\mcufinder
2023-10-12 15:19:30,584 [WARN] DbFile:41 - Overriding database path with different value: C:\Users\User\.stmcufinder\plugins\mcufinder/ => C:\Users\User\.stmcufinder\plugins\mcufinder
2023-10-12 15:19:30,584 [INFO] CrossReferenceDbSqlite:203 - Set database path to: C:\Users\User\.stmcufinder\plugins\mcufinder//mcu/cs/
2023-10-12 15:19:30,604 [INFO] ApplicationProperties:184 - Using Application install path: C:\ST\STM32CubeIDE_1.13.0\STM32CubeIDE\plugins\com.st.stm32cube.common.mx_6.9.2.202309101412
2023-10-12 15:19:30,605 [INFO] PluginManage:196 - Search for loadable plugins [exclusion list=, ]
2023-10-12 15:19:30,606 [INFO] PluginManage:310 - Check plugin analytics
2023-10-12 15:19:35,287 [INFO] AnalyticsPlugin:253 - Accepted Software Licenses: STM32CubeMX.6.9.0
2023-10-12 15:19:35,287 [INFO] AnalyticsPlugin:255 - Accepted CMSIS Pack Licenses: 
2023-10-12 15:19:35,288 [INFO] AnalyticsPlugin:257 - Accepted Firmware Licenses: FW.F4.1.27.0
2023-10-12 15:19:35,290 [INFO] PluginManage:359 - Loaded plugin analytics (category:tool,tabindex:-1)
2023-10-12 15:19:35,290 [INFO] PluginManage:310 - Check plugin cadmodel
2023-10-12 15:19:35,312 [INFO] CADModel:105 - Init CAD model plugin
2023-10-12 15:19:35,313 [INFO] PluginManage:359 - Loaded plugin cadmodel (category:power,tabindex:5)
2023-10-12 15:19:35,313 [INFO] PluginManage:310 - Check plugin clock
2023-10-12 15:19:35,328 [INFO] PluginManage:359 - Loaded plugin clock (category:base,tabindex:2)
2023-10-12 15:19:35,328 [INFO] PluginManage:310 - Check plugin ddr
2023-10-12 15:19:35,330 [INFO] PluginManage:359 - Loaded plugin ddr (category:tool,tabindex:6)
2023-10-12 15:19:35,331 [INFO] PluginManage:310 - Check plugin filemanager
2023-10-12 15:19:35,429 [INFO] PluginManage:359 - Loaded plugin filemanager (category:base,tabindex:10)
2023-10-12 15:19:35,429 [INFO] PluginManage:310 - Check plugin ipmanager
2023-10-12 15:19:35,436 [INFO] PluginManage:359 - Loaded plugin ipmanager (category:base,tabindex:5)
2023-10-12 15:19:35,436 [INFO] PluginManage:310 - Check plugin lpbam
2023-10-12 15:19:35,450 [INFO] PluginManage:359 - Loaded plugin lpbam (category:base,tabindex:0)
2023-10-12 15:19:35,450 [INFO] PluginManage:310 - Check plugin memorymap
2023-10-12 15:19:35,470 [INFO] PluginManage:359 - Loaded plugin memorymap (category:base,tabindex:4)
2023-10-12 15:19:35,470 [INFO] PluginManage:310 - Check plugin pinoutandconfiguration
2023-10-12 15:19:35,482 [INFO] PluginManage:359 - Loaded plugin pinoutandconfiguration (category:base,tabindex:1)
2023-10-12 15:19:35,483 [INFO] PluginManage:310 - Check plugin pinoutconfig
2023-10-12 15:19:35,557 [WARN] SupportedApi:132 - Cannot load RTOS API schema: s4s-elt-must-match.1: The content of 'definitions' must match (annotation?, (simpleType | complexType)?, (unique | key | keyref)*)). A problem was found starting at: attribute.
2023-10-12 15:19:35,670 [INFO] PluginManage:359 - Loaded plugin pinoutconfig (category:base,tabindex:0)
2023-10-12 15:19:35,671 [INFO] PluginManage:310 - Check plugin power
2023-10-12 15:19:35,702 [INFO] PluginManage:359 - Loaded plugin power (category:power,tabindex:4)
2023-10-12 15:19:35,702 [INFO] PluginManage:310 - Check plugin projectmanager
2023-10-12 15:19:35,715 [INFO] PluginManage:359 - Loaded plugin projectmanager (category:projectmanager,tabindex:3)
2023-10-12 15:19:35,715 [INFO] PluginManage:310 - Check plugin thirdparty
2023-10-12 15:19:35,866 [INFO] PluginManage:359 - Loaded plugin thirdparty (category:base,tabindex:-1)
2023-10-12 15:19:35,866 [WARN] IntegrityCheckThread:84 - waiting for thirdparty lock release [integrity check]
2023-10-12 15:19:35,866 [INFO] PluginManage:310 - Check plugin tools
2023-10-12 15:19:35,866 [INFO] IntegrityCheckThread:86 - entering critical section [integrity check]
2023-10-12 15:19:35,866 [INFO] ThirdPartyUpdaterWithRetryManager:70 - Updater plugin not ready yet. [1/15]
2023-10-12 15:19:35,872 [INFO] PluginManage:359 - Loaded plugin tools (category:base,tabindex:7)
2023-10-12 15:19:35,872 [INFO] PluginManage:310 - Check plugin tutovideos
2023-10-12 15:19:36,046 [INFO] PluginManage:359 - Loaded plugin tutovideos (category:base,tabindex:-1)
2023-10-12 15:19:36,046 [INFO] PluginManage:310 - Check plugin updater
2023-10-12 15:19:36,057 [INFO] PluginManage:359 - Loaded plugin updater (category:base,tabindex:12)
2023-10-12 15:19:36,057 [INFO] PluginManage:310 - Check plugin userauth
2023-10-12 15:19:36,065 [INFO] UserAuth:113 - Init User Auth plugin
2023-10-12 15:19:36,065 [INFO] PluginManage:359 - Loaded plugin userauth (category:base,tabindex:14)
2023-10-12 15:19:36,066 [INFO] PluginManage:283 - PluginManage : Loaded plugins [17]
2023-10-12 15:19:36,255 [INFO] PinOutPanel:1499 - setPackage(No Configuration,No Configuration)
2023-10-12 15:19:36,354 [INFO] CADModel:165 - CPN selected for project level
2023-10-12 15:19:36,354 [INFO] CADModel:114 - Register for checkConnection events
2023-10-12 15:19:36,375 [INFO] IPUIPlugin:80 - create IPUIPlugin
2023-10-12 15:19:36,375 [INFO] PluginManager:220 - loadIPPluginJar : add adc
2023-10-12 15:19:36,381 [INFO] IPUIPlugin:80 - create IPUIPlugin
2023-10-12 15:19:36,381 [INFO] PluginManager:220 - loadIPPluginJar : add aes
2023-10-12 15:19:36,389 [INFO] IPUIPlugin:80 - create IPUIPlugin
2023-10-12 15:19:36,390 [INFO] PluginManager:220 - loadIPPluginJar : add can
2023-10-12 15:19:36,394 [INFO] IPUIPlugin:80 - create IPUIPlugin
2023-10-12 15:19:36,394 [INFO] PluginManager:220 - loadIPPluginJar : add comp
2023-10-12 15:19:36,400 [INFO] IPUIPlugin:80 - create IPUIPlugin
2023-10-12 15:19:36,400 [INFO] PluginManager:220 - loadIPPluginJar : add cryp
2023-10-12 15:19:36,406 [INFO] IPUIPlugin:80 - create IPUIPlugin
2023-10-12 15:19:36,406 [INFO] PluginManager:220 - loadIPPluginJar : add dfsdm
2023-10-12 15:19:36,414 [INFO] IPUIPlugin:80 - create IPUIPlugin
2023-10-12 15:19:36,414 [INFO] PluginManager:220 - loadIPPluginJar : add dma
2023-10-12 15:19:36,420 [INFO] IPUIPlugin:80 - create IPUIPlugin
2023-10-12 15:19:36,420 [INFO] PluginManager:220 - loadIPPluginJar : add dma3
2023-10-12 15:19:36,424 [INFO] IPUIPlugin:80 - create IPUIPlugin
2023-10-12 15:19:36,424 [INFO] PluginManager:220 - loadIPPluginJar : add fatfs
2023-10-12 15:19:36,432 [INFO] IPUIPlugin:80 - create IPUIPlugin
2023-10-12 15:19:36,432 [INFO] PluginManager:220 - loadIPPluginJar : add fmc
2023-10-12 15:19:36,445 [INFO] IPUIPlugin:80 - create IPUIPlugin
2023-10-12 15:19:36,445 [INFO] PluginManager:220 - loadIPPluginJar : add freertos
2023-10-12 15:19:36,448 [INFO] IPUIPlugin:80 - create IPUIPlugin
2023-10-12 15:19:36,449 [INFO] PluginManager:220 - loadIPPluginJar : add genericplugin
2023-10-12 15:19:36,455 [INFO] IPUIPlugin:80 - create IPUIPlugin
2023-10-12 15:19:36,455 [INFO] PluginManager:220 - loadIPPluginJar : add gfxmmu
2023-10-12 15:19:36,463 [INFO] IPUIPlugin:80 - create IPUIPlugin
2023-10-12 15:19:36,463 [INFO] PluginManager:220 - loadIPPluginJar : add gic
2023-10-12 15:19:36,473 [INFO] IPUIPlugin:80 - create IPUIPlugin
2023-10-12 15:19:36,473 [INFO] PluginManager:220 - loadIPPluginJar : add gpio
2023-10-12 15:19:36,480 [INFO] IPUIPlugin:80 - create IPUIPlugin
2023-10-12 15:19:36,480 [INFO] PluginManager:220 - loadIPPluginJar : add gtzc
2023-10-12 15:19:36,485 [INFO] IPUIPlugin:80 - create IPUIPlugin
2023-10-12 15:19:36,485 [INFO] PluginManager:220 - loadIPPluginJar : add hash
2023-10-12 15:19:36,492 [INFO] IPUIPlugin:80 - create IPUIPlugin
2023-10-12 15:19:36,492 [INFO] PluginManager:220 - loadIPPluginJar : add i2c
2023-10-12 15:19:36,499 [INFO] IPUIPlugin:80 - create IPUIPlugin
2023-10-12 15:19:36,499 [INFO] PluginManager:220 - loadIPPluginJar : add i2s
2023-10-12 15:19:36,505 [INFO] IPUIPlugin:80 - create IPUIPlugin
2023-10-12 15:19:36,505 [INFO] PluginManager:220 - loadIPPluginJar : add i3c
2023-10-12 15:19:36,515 [INFO] IPUIPlugin:80 - create IPUIPlugin
2023-10-12 15:19:36,515 [INFO] PluginManager:220 - loadIPPluginJar : add ipddr
2023-10-12 15:19:36,525 [INFO] IPUIPlugin:80 - create IPUIPlugin
2023-10-12 15:19:36,525 [INFO] PluginManager:220 - loadIPPluginJar : add linkedlist
2023-10-12 15:19:36,531 [INFO] IPUIPlugin:80 - create IPUIPlugin
2023-10-12 15:19:36,531 [INFO] PluginManager:220 - loadIPPluginJar : add lorawan
2023-10-12 15:19:36,537 [INFO] IPUIPlugin:80 - create IPUIPlugin
2023-10-12 15:19:36,537 [INFO] PluginManager:220 - loadIPPluginJar : add ltdc
2023-10-12 15:19:36,545 [INFO] IPUIPlugin:80 - create IPUIPlugin
2023-10-12 15:19:36,545 [INFO] PluginManager:220 - loadIPPluginJar : add mdma
2023-10-12 15:19:36,552 [INFO] IPUIPlugin:80 - create IPUIPlugin
2023-10-12 15:19:36,552 [INFO] PluginManager:220 - loadIPPluginJar : add nvic
2023-10-12 15:19:36,557 [INFO] IPUIPlugin:80 - create IPUIPlugin
2023-10-12 15:19:36,558 [INFO] PluginManager:220 - loadIPPluginJar : add opamp
2023-10-12 15:19:36,564 [INFO] IPUIPlugin:80 - create IPUIPlugin
2023-10-12 15:19:36,564 [INFO] PluginManager:220 - loadIPPluginJar : add openamp
2023-10-12 15:19:36,570 [INFO] IPUIPlugin:80 - create IPUIPlugin
2023-10-12 15:19:36,570 [INFO] PluginManager:220 - loadIPPluginJar : add pdm2pcm
2023-10-12 15:19:36,580 [INFO] IPUIPlugin:80 - create IPUIPlugin
2023-10-12 15:19:36,582 [INFO] PluginManager:220 - loadIPPluginJar : add plateformsettings
2023-10-12 15:19:36,586 [INFO] IPUIPlugin:80 - create IPUIPlugin
2023-10-12 15:19:36,586 [INFO] PluginManager:220 - loadIPPluginJar : add quadspi
2023-10-12 15:19:36,596 [INFO] IPUIPlugin:80 - create IPUIPlugin
2023-10-12 15:19:36,596 [INFO] PluginManager:220 - loadIPPluginJar : add resmgrutility
2023-10-12 15:19:36,605 [INFO] IPUIPlugin:80 - create IPUIPlugin
2023-10-12 15:19:36,605 [INFO] PluginManager:220 - loadIPPluginJar : add sai
2023-10-12 15:19:36,611 [INFO] IPUIPlugin:80 - create IPUIPlugin
2023-10-12 15:19:36,611 [INFO] PluginManager:220 - loadIPPluginJar : add spi
2023-10-12 15:19:36,621 [INFO] IPUIPlugin:80 - create IPUIPlugin
2023-10-12 15:19:36,621 [INFO] PluginManager:220 - loadIPPluginJar : add stm32_wpan
2023-10-12 15:19:36,625 [INFO] IPUIPlugin:80 - create IPUIPlugin
2023-10-12 15:19:36,625 [INFO] PluginManager:220 - loadIPPluginJar : add tim
2023-10-12 15:19:36,633 [INFO] IPUIPlugin:80 - create IPUIPlugin
2023-10-12 15:19:36,634 [INFO] PluginManager:220 - loadIPPluginJar : add touchsensing
2023-10-12 15:19:36,638 [INFO] IPUIPlugin:80 - create IPUIPlugin
2023-10-12 15:19:36,638 [INFO] PluginManager:220 - loadIPPluginJar : add tracer_emb
2023-10-12 15:19:36,643 [INFO] IPUIPlugin:80 - create IPUIPlugin
2023-10-12 15:19:36,643 [INFO] PluginManager:220 - loadIPPluginJar : add ts
2023-10-12 15:19:36,646 [INFO] IPUIPlugin:80 - create IPUIPlugin
2023-10-12 15:19:36,646 [INFO] PluginManager:220 - loadIPPluginJar : add tsc
2023-10-12 15:19:36,650 [INFO] IPUIPlugin:80 - create IPUIPlugin
2023-10-12 15:19:36,650 [INFO] PluginManager:220 - loadIPPluginJar : add ucpd
2023-10-12 15:19:36,660 [INFO] IPUIPlugin:80 - create IPUIPlugin
2023-10-12 15:19:36,660 [INFO] PluginManager:220 - loadIPPluginJar : add usart
2023-10-12 15:19:36,668 [INFO] IPUIPlugin:80 - create IPUIPlugin
2023-10-12 15:19:36,668 [INFO] PluginManager:220 - loadIPPluginJar : add usbx
2023-10-12 15:19:36,785 [INFO] CADModel:165 - CPN selected for project level
2023-10-12 15:19:36,786 [INFO] CADModel:114 - Register for checkConnection events
2023-10-12 15:19:36,786 [FATAL] Updater:308 - Updater called before beeing initialized
2023-10-12 15:19:36,786 [ERROR] CADModel:125 - Updater not yet initialized, retry later 
2023-10-12 15:19:36,909 [INFO] CADModel:165 - CPN selected for project level
2023-10-12 15:19:36,910 [INFO] CADModel:114 - Register for checkConnection events
2023-10-12 15:19:36,910 [FATAL] Updater:308 - Updater called before beeing initialized
2023-10-12 15:19:36,910 [ERROR] CADModel:125 - Updater not yet initialized, retry later 
2023-10-12 15:19:36,914 [FATAL] Updater:308 - Updater called before beeing initialized
2023-10-12 15:19:37,016 [FATAL] Updater:308 - Updater called before beeing initialized
2023-10-12 15:19:37,024 [INFO] DbMcusAds:53 - JSON generation date=Tue Mar 07 17:50:55 KST 2023 (1678179055114)
2023-10-12 15:19:37,024 [FATAL] Updater:308 - Updater called before beeing initialized
2023-10-12 15:19:37,061 [WARN] DetailPanel:346 - Failed to get advertising image, set to default
2023-10-12 15:19:37,151 [FATAL] Updater:308 - Updater called before beeing initialized
2023-10-12 15:19:37,153 [FATAL] Updater:308 - Updater called before beeing initialized
2023-10-12 15:19:37,153 [FATAL] Updater:308 - Updater called before beeing initialized
2023-10-12 15:19:37,153 [WARN] DetailPanel:346 - Failed to get advertising image, set to default
2023-10-12 15:19:37,154 [FATAL] Updater:308 - Updater called before beeing initialized
2023-10-12 15:19:37,193 [ERROR] Updater:1120 - MainUpdater not yet initialized. External WinMGr cannot be set.
2023-10-12 15:19:37,197 [INFO] Updater:1056 - Updater Version found : 6.9.2
2023-10-12 15:19:37,215 [INFO] ApplicationProperties:184 - Using Application install path: C:\ST\STM32CubeIDE_1.13.0\STM32CubeIDE\plugins\com.st.stm32cube.common.mx_6.9.2.202309101412
2023-10-12 15:19:38,668 [INFO] MainUpdater:2868 - connection check result : 10
2023-10-12 15:19:38,668 [INFO] MainUpdater:285 - Updater Check For Update Now.
2023-10-12 15:19:38,669 [INFO] MicroXplorer:498 - Change Database Version : DB.6.0.92
2023-10-12 15:19:38,677 [INFO] McuFinderGlobals:63 - Set McuFinder mode to 2 (CubeIDE integrated)
2023-10-12 15:19:38,677 [INFO] UserAuth:179 - activating auth plugin
2023-10-12 15:19:38,680 [INFO] UserAuth:393 - Internet connection configuration mode: 1
2023-10-12 15:19:38,707 [INFO] JxBrowserEngine:151 - Initiate JxBrowser Engine with user profile folder
2023-10-12 15:19:38,838 [INFO] CheckServerUpdateThread:120 - End of CheckServer Thread
2023-10-12 15:19:39,078 [WARN] PackLoader:240 - Cannot read IP mode file for STMicroelectronics.X-CUBE-SMBUS.2.1.0
2023-10-12 15:19:39,109 [WARN] PackLoader:240 - Cannot read IP mode file for STMicroelectronics.X-CUBE-AZRTOS-F7.1.1.0
2023-10-12 15:19:39,123 [WARN] PackLoader:240 - Cannot read IP mode file for STMicroelectronics.FP-SNS-MOTENV1.4.3.2
2023-10-12 15:19:39,133 [WARN] PackLoader:240 - Cannot read IP mode file for STMicroelectronics.FP-SNS-FLIGHT1.5.0.2
2023-10-12 15:19:39,145 [WARN] PackLoader:240 - Cannot read IP mode file for STMicroelectronics.X-CUBE-DISPLAY.3.0.0
2023-10-12 15:19:39,164 [WARN] PackLoader:240 - Cannot read IP mode file for STMicroelectronics.X-CUBE-BLE1.7.0.0
2023-10-12 15:19:39,175 [WARN] PackLoader:240 - Cannot read IP mode file for emotas.I-CUBE-CANOPEN.1.3.0
2023-10-12 15:19:39,184 [WARN] PackLoader:240 - Cannot read IP mode file for STMicroelectronics.X-CUBE-TOUCHGFX.4.22.0
2023-10-12 15:19:39,190 [WARN] PackLoader:240 - Cannot read IP mode file for STMicroelectronics.X-CUBE-TOUCHGFX.4.22.1
2023-10-12 15:19:39,198 [WARN] PackLoader:240 - Cannot read IP mode file for STMicroelectronics.FP-SNS-SMARTAG2.1.2.0
2023-10-12 15:19:39,209 [INFO] LogOutputStream:77 - [STDOUT_REDIRECT] 1 : Invalid condition id : UX_CORESTACK_Condition cause : null
2023-10-12 15:19:39,210 [INFO] LogOutputStream:77 - [STDOUT_REDIRECT] 1 : Invalid condition id : UX_CORESTACK_Condition cause : null
2023-10-12 15:19:39,211 [INFO] LogOutputStream:77 - [STDOUT_REDIRECT] 1 : Invalid condition id : UX_CORESTACK_Condition cause : null
2023-10-12 15:19:39,212 [INFO] LogOutputStream:77 - [STDOUT_REDIRECT] 1 : Invalid condition id : UX_CORESTACK_Condition cause : null
2023-10-12 15:19:39,213 [INFO] LogOutputStream:77 - [STDOUT_REDIRECT] 1 : Invalid condition id : UX_CORESTACK_Condition cause : null
2023-10-12 15:19:39,216 [WARN] PackLoader:240 - Cannot read IP mode file for STMicroelectronics.X-CUBE-AZRTOS-WL.2.0.0
2023-10-12 15:19:39,226 [WARN] PackLoader:240 - Cannot read IP mode file for WES.I-CUBE-Cesium.1.3.0
2023-10-12 15:19:39,235 [WARN] PackLoader:240 - Cannot read IP mode file for STMicroelectronics.X-CUBE-BLE2.3.3.0
2023-10-12 15:19:39,246 [WARN] PackLoader:240 - Cannot read IP mode file for STMicroelectronics.X-CUBE-ALGOBUILD.1.3.0
2023-10-12 15:19:39,261 [WARN] PackLoader:240 - Cannot read IP mode file for STMicroelectronics.X-CUBE-AZRTOS-G0.1.1.0
2023-10-12 15:19:39,274 [WARN] PackLoader:240 - Cannot read IP mode file for STMicroelectronics.X-CUBE-NFC4.3.0.0
2023-10-12 15:19:39,281 [WARN] PackLoader:240 - Cannot read IP mode file for STMicroelectronics.FP-ATR-SIGFOX1.3.2.0
2023-10-12 15:19:39,307 [WARN] PackLoader:240 - Cannot read IP mode file for SEGGER.I-CUBE-embOS.1.3.1
2023-10-12 15:19:39,358 [WARN] PackLoader:240 - Cannot read IP mode file for STMicroelectronics.X-CUBE-GNSS1.6.0.0
2023-10-12 15:19:39,385 [WARN] PackLoader:240 - Cannot read IP mode file for STMicroelectronics.X-CUBE-AZRTOS-F4.1.1.0
2023-10-12 15:19:39,397 [WARN] PackLoader:240 - Cannot read IP mode file for wolfSSL.I-CUBE-wolfSSL.5.6.3
2023-10-12 15:19:39,416 [WARN] PackLoader:240 - Cannot read IP mode file for STMicroelectronics.X-CUBE-AZRTOS-L5.2.0.0
2023-10-12 15:19:39,514 [WARN] PackLoader:240 - Cannot read IP mode file for STMicroelectronics.X-CUBE-MEMS1.9.6.0
2023-10-12 15:19:39,660 [WARN] PackLoader:240 - Cannot read IP mode file for ITTIA_DB.I-CUBE-ITTIADB.8.8.0
2023-10-12 15:19:39,674 [WARN] PackLoader:240 - Cannot read IP mode file for STMicroelectronics.X-CUBE-BLEMGR.2.0.0
2023-10-12 15:19:39,698 [WARN] ConditionMgr:438 - getConditionDescription Invalid condition id : UX DEVICE CLASS RTOS Condition cause : null
2023-10-12 15:19:39,699 [WARN] ConditionMgr:438 - getConditionDescription Invalid condition id : UX DEVICE CLASS RTOS Condition cause : null
2023-10-12 15:19:39,707 [WARN] PackLoader:240 - Cannot read IP mode file for STMicroelectronics.X-CUBE-AZRTOS-H7.3.1.0
2023-10-12 15:19:39,709 [WARN] ConditionMgr:1039 - genDependencies : Invalid condition id : UX DEVICE CLASS RTOS Condition cause : null
2023-10-12 15:19:39,709 [WARN] ConditionMgr:1039 - genDependencies : Invalid condition id : UX DEVICE CLASS RTOS Condition cause : null
2023-10-12 15:19:39,710 [WARN] ConditionMgr:1039 - genDependencies : Invalid condition id : UX DEVICE CLASS RTOS Condition cause : null
2023-10-12 15:19:39,710 [WARN] ConditionMgr:1039 - genDependencies : Invalid condition id : UX DEVICE CLASS RTOS Condition cause : null
2023-10-12 15:19:39,711 [WARN] ConditionMgr:1039 - genDependencies : Invalid condition id : UX DEVICE CLASS RTOS Condition cause : null
2023-10-12 15:19:39,800 [WARN] PackLoader:240 - Cannot read IP mode file for STMicroelectronics.X-CUBE-NFC7.1.0.1
2023-10-12 15:19:39,818 [WARN] PackLoader:240 - Cannot read IP mode file for STMicroelectronics.X-CUBE-NFC6.3.0.0
2023-10-12 15:19:39,831 [WARN] PackLoader:240 - Cannot read IP mode file for STMicroelectronics.X-CUBE-EEPRMA1.4.1.0
2023-10-12 15:19:39,840 [WARN] PackLoader:240 - Cannot read IP mode file for STMicroelectronics.X-CUBE-AI.8.1.0
2023-10-12 15:19:39,857 [WARN] ConditionMgr:438 - getConditionDescription Invalid condition id : LAN8742 Phy interface Condition cause : null
2023-10-12 15:19:39,858 [WARN] PackLoader:240 - Cannot read IP mode file for STMicroelectronics.X-CUBE-AZRTOS-L4.2.0.0
2023-10-12 15:19:39,859 [WARN] ConditionMgr:1039 - genDependencies : Invalid condition id : LAN8742 Phy interface Condition cause : null
2023-10-12 15:19:39,859 [WARN] ConditionMgr:1039 - genDependencies : Invalid condition id : LAN8742 Phy interface Condition cause : null
2023-10-12 15:19:39,860 [WARN] ConditionMgr:1039 - genDependencies : Invalid condition id : LAN8742 Phy interface Condition cause : null
2023-10-12 15:19:39,874 [WARN] PackLoader:240 - Cannot read IP mode file for STMicroelectronics.X-CUBE-SFXS2LP1.4.0.0
2023-10-12 15:19:39,885 [WARN] PackLoader:240 - Cannot read IP mode file for STMicroelectronics.X-CUBE-ISPU.1.1.0
2023-10-12 15:19:39,903 [WARN] ConditionMgr:438 - getConditionDescription Invalid condition id : UX DEVICE CLASS RTOS Condition cause : null
2023-10-12 15:19:39,903 [WARN] ConditionMgr:438 - getConditionDescription Invalid condition id : UX DEVICE CLASS RTOS Condition cause : null
2023-10-12 15:19:39,906 [WARN] PackLoader:240 - Cannot read IP mode file for STMicroelectronics.X-CUBE-AZRTOS-WB.2.0.0
2023-10-12 15:19:39,907 [WARN] ConditionMgr:1039 - genDependencies : Invalid condition id : UX DEVICE CLASS RTOS Condition cause : null
2023-10-12 15:19:39,908 [WARN] ConditionMgr:1039 - genDependencies : Invalid condition id : UX DEVICE CLASS RTOS Condition cause : null
2023-10-12 15:19:39,908 [WARN] ConditionMgr:1039 - genDependencies : Invalid condition id : UX DEVICE CLASS RTOS Condition cause : null
2023-10-12 15:19:39,909 [WARN] ConditionMgr:1039 - genDependencies : Invalid condition id : UX DEVICE CLASS RTOS Condition cause : null
2023-10-12 15:19:39,909 [WARN] ConditionMgr:1039 - genDependencies : Invalid condition id : UX DEVICE CLASS RTOS Condition cause : null
2023-10-12 15:19:39,924 [WARN] PackLoader:240 - Cannot read IP mode file for STMicroelectronics.X-CUBE-SUBG2.5.0.0
2023-10-12 15:19:39,941 [WARN] PackLoader:240 - Cannot read IP mode file for STMicroelectronics.X-CUBE-TOF1.3.3.1
2023-10-12 15:19:39,967 [WARN] PackLoader:240 - Cannot read IP mode file for STMicroelectronics.X-CUBE-AZRTOS-G4.2.0.0
2023-10-12 15:19:39,985 [WARN] PackLoader:240 - Cannot read IP mode file for Infineon.AIROC-Wi-Fi-Bluetooth-STM32.1.5.1
2023-10-12 15:19:39,997 [WARN] PackLoader:240 - Cannot read IP mode file for STMicroelectronics.X-CUBE-FREERTOS.1.1.0
2023-10-12 15:19:40,008 [WARN] PackLoader:240 - Cannot read IP mode file for portGmbH.I-Cube-SoM-uGOAL.1.1.0
2023-10-12 15:19:40,017 [WARN] PackLoader:240 - Cannot read IP mode file for STMicroelectronics.X-CUBE-ALS.1.0.1
2023-10-12 15:19:40,026 [WARN] PackLoader:240 - Cannot read IP mode file for STMicroelectronics.FP-ATR-ASTRA1.2.0.0
2023-10-12 15:19:40,027 [INFO] ThirdParty:978 - Integrity check success = true
2023-10-12 15:19:40,027 [INFO] IntegrityCheckThread:100 - exiting critical section [integrity check]
2023-10-12 15:19:40,028 [INFO] IntegrityCheckThread:103 - End integrity checks thread
2023-10-12 15:19:40,426 [INFO] WebApp:157 - Instantiating new browser for Auth
2023-10-12 15:19:41,063 [INFO] WebApp:753 - Register for checkConnection events
2023-10-12 15:19:41,063 [INFO] WebApp:390 - Apply proxy settings
2023-10-12 15:19:41,063 [INFO] WebApp:475 - Chromium requires no authentication
2023-10-12 15:19:41,071 [INFO] WebApp:418 - Direct internet connection detected
2023-10-12 15:19:41,208 [INFO] WebApp:188 - Starting web application
2023-10-12 15:19:41,208 [INFO] WebApp:520 - Web application path used C:\ST\STM32CubeIDE_1.13.0\STM32CubeIDE\plugins\com.st.stm32cube.common.mx_6.9.2.202309101412\db\plugins\mcufinder\reactClient1\index.html
2023-10-12 16:00:19,661 [INFO] McuFinderGlobals:63 - Set McuFinder mode to 2 (CubeIDE integrated)
2023-10-12 16:00:19,669 [INFO] MainUpdater:2868 - connection check result : 10
2023-10-12 16:00:19,671 [INFO] MainUpdater:2868 - connection check result : 10
2023-10-12 16:00:19,716 [INFO] MicroXplorer:468 - Change Database Path : 
2023-10-12 16:00:19,716 [INFO] MicroXplorer:498 - Change Database Version : DB.6.0.92
2023-10-12 16:00:19,720 [WARN] ThirdParty:871 - waiting for thirdparty lock release [close project]
2023-10-12 16:00:19,720 [INFO] ThirdParty:873 - entering critical section [close project]
2023-10-12 16:00:19,721 [INFO] ThirdParty:883 - exiting critical section [close project]
2023-10-12 16:00:19,723 [INFO] PinOutPanel:1499 - setPackage(No Configuration,No Configuration)
2023-10-12 16:00:19,744 [INFO] UtilMem:75 - Begin LoadConfig() Used Memory: 510873240 Bytes (807403520)
2023-10-12 16:00:19,752 [INFO] MicroXplorer:468 - Change Database Path : C:/Users/User/.stm32cubemx/databases/DB.6.0.91/db/
2023-10-12 16:00:19,752 [INFO] MicroXplorer:498 - Change Database Version : DB.6.0.91
2023-10-12 16:00:22,629 [INFO] OpenFileManager:308 - Change cursor
2023-10-12 16:00:22,672 [INFO] Mcu:1946 - Initializing MCU STM32F429ZITx STM32F429ZITx STM32F429ZIT6
2023-10-12 16:00:24,539 [INFO] Context:659 - Trying to add GPIOservice into a context  which must be forbidden
2023-10-12 16:00:25,091 [INFO] RtosManager:555 - Registered RTOS mode: class=CMSIS, group=RTOS, mode=CMSIS_V1, owner=FREERTOS
2023-10-12 16:00:25,091 [INFO] RtosManager:555 - Registered RTOS mode: class=CMSIS, group=RTOS2, mode=CMSIS_V2, owner=FREERTOS
2023-10-12 16:00:25,091 [INFO] RtosManager:555 - Registered RTOS mode: class=RTOS, group=Core, mode=CMSIS_V1, owner=FREERTOS
2023-10-12 16:00:25,091 [INFO] RtosManager:555 - Registered RTOS mode: class=RTOS, group=Core, mode=CMSIS_V2, owner=FREERTOS
2023-10-12 16:00:25,091 [WARN] ModelIntegratedComponent:184 - Missing modes for component STMicroelectronics:FreeRTOS:0.0.1:STMicroelectronics:RTOS:FreeRTOS:Core:::10.2.0:
2023-10-12 16:00:25,101 [WARN] ModelIntegratedComponent:63 - No mode defined for component null
2023-10-12 16:00:25,101 [WARN] ModelIntegratedComponent:63 - No mode defined for component null
2023-10-12 16:00:25,101 [WARN] ModelIntegratedComponent:63 - No mode defined for component null
2023-10-12 16:00:25,101 [WARN] ModelIntegratedComponent:63 - No mode defined for component null
2023-10-12 16:00:25,101 [WARN] ModelIntegratedComponent:63 - No mode defined for component null
2023-10-12 16:00:25,102 [WARN] ModelIntegratedComponent:63 - No mode defined for component null
2023-10-12 16:00:25,102 [WARN] ModelIntegratedComponent:63 - No mode defined for component null
2023-10-12 16:00:25,102 [WARN] ModelIntegratedComponent:63 - No mode defined for component null
2023-10-12 16:00:25,102 [WARN] ModelIntegratedComponent:63 - No mode defined for component null
2023-10-12 16:00:25,102 [WARN] ModelIntegratedComponent:63 - No mode defined for component null
2023-10-12 16:00:25,102 [WARN] ModelIntegratedComponent:63 - No mode defined for component null
2023-10-12 16:00:25,102 [WARN] ModelIntegratedComponent:63 - No mode defined for component null
2023-10-12 16:00:25,102 [WARN] ModelIntegratedComponent:63 - No mode defined for component null
2023-10-12 16:00:25,102 [WARN] ModelIntegratedComponent:63 - No mode defined for component null
2023-10-12 16:00:25,102 [WARN] ModelIntegratedComponent:63 - No mode defined for component null
2023-10-12 16:00:25,102 [WARN] ModelIntegratedComponent:63 - No mode defined for component null
2023-10-12 16:00:25,102 [WARN] ModelIntegratedComponent:63 - No mode defined for component null
2023-10-12 16:00:25,102 [WARN] ModelIntegratedComponent:63 - No mode defined for component null
2023-10-12 16:00:25,102 [WARN] ModelIntegratedComponent:63 - No mode defined for component null
2023-10-12 16:00:25,102 [WARN] ModelIntegratedComponent:63 - No mode defined for component null
2023-10-12 16:00:25,102 [WARN] ModelIntegratedComponent:63 - No mode defined for component null
2023-10-12 16:00:25,102 [WARN] ModelIntegratedComponent:63 - No mode defined for component null
2023-10-12 16:00:25,102 [WARN] ModelIntegratedComponent:63 - No mode defined for component null
2023-10-12 16:00:25,103 [WARN] ModelIntegratedComponent:63 - No mode defined for component null
2023-10-12 16:00:25,103 [WARN] ModelIntegratedComponent:63 - No mode defined for component null
2023-10-12 16:00:25,103 [WARN] ModelIntegratedComponent:63 - No mode defined for component null
2023-10-12 16:00:25,103 [WARN] ModelIntegratedComponent:63 - No mode defined for component null
2023-10-12 16:00:25,103 [WARN] ModelIntegratedComponent:63 - No mode defined for component null
2023-10-12 16:00:25,103 [WARN] ModelIntegratedComponent:63 - No mode defined for component null
2023-10-12 16:00:25,103 [WARN] ModelIntegratedComponent:63 - No mode defined for component null
2023-10-12 16:00:25,103 [WARN] ModelIntegratedComponent:63 - No mode defined for component null
2023-10-12 16:00:25,103 [WARN] ModelIntegratedComponent:63 - No mode defined for component null
2023-10-12 16:00:25,103 [WARN] ModelIntegratedComponent:63 - No mode defined for component null
2023-10-12 16:00:25,123 [INFO] ThirdPartyModel:298 - Start build external matchings
2023-10-12 16:00:25,299 [INFO] ThirdPartyModel:316 - End build external matchings
2023-10-12 16:00:25,308 [INFO] RtosManager:919 - Current active RTOS is FREERTOS [Cortex-M4NS]
2023-10-12 16:00:25,315 [INFO] ImportTextPane:194 - (OptionalMessage_ERROR) IP (DMA) : Parameter (Instance) has Id (USART2_RX) currently not set
2023-10-12 16:00:25,315 [INFO] ImportTextPane:194 - (OptionalMessage_ERROR) IP (DMA) : Parameter (Channel) has Id (USART2_RX) currently not set
2023-10-12 16:00:25,315 [INFO] ImportTextPane:194 - (OptionalMessage_ERROR) IP (DMA) : Parameter (Direction) has Id (USART2_RX) currently not set
2023-10-12 16:00:25,315 [INFO] ImportTextPane:194 - (OptionalMessage_ERROR) IP (DMA) : Parameter (PeriphInc) has Id (USART2_RX) currently not set
2023-10-12 16:00:25,315 [INFO] ImportTextPane:194 - (OptionalMessage_ERROR) IP (DMA) : Parameter (MemInc) has Id (USART2_RX) currently not set
2023-10-12 16:00:25,316 [INFO] ImportTextPane:194 - (OptionalMessage_ERROR) IP (DMA) : Parameter (PeriphDataAlignment) has Id (USART2_RX) currently not set
2023-10-12 16:00:25,316 [INFO] ImportTextPane:194 - (OptionalMessage_ERROR) IP (DMA) : Parameter (MemDataAlignment) has Id (USART2_RX) currently not set
2023-10-12 16:00:25,316 [INFO] ImportTextPane:194 - (OptionalMessage_ERROR) IP (DMA) : Parameter (Mode) has Id (USART2_RX) currently not set
2023-10-12 16:00:25,316 [INFO] ImportTextPane:194 - (OptionalMessage_ERROR) IP (DMA) : Parameter (Priority) has Id (USART2_RX) currently not set
2023-10-12 16:00:25,316 [INFO] ImportTextPane:194 - (OptionalMessage_ERROR) IP (DMA) : Parameter (FIFOMode) has Id (USART2_RX) currently not set
2023-10-12 16:00:25,316 [INFO] ImportTextPane:194 - (OptionalMessage_ERROR) IP (DMA) : Parameter (Instance) has Id (USART2_TX) currently not set
2023-10-12 16:00:25,316 [INFO] ImportTextPane:194 - (OptionalMessage_ERROR) IP (DMA) : Parameter (Channel) has Id (USART2_TX) currently not set
2023-10-12 16:00:25,316 [INFO] ImportTextPane:194 - (OptionalMessage_ERROR) IP (DMA) : Parameter (Direction) has Id (USART2_TX) currently not set
2023-10-12 16:00:25,316 [INFO] ImportTextPane:194 - (OptionalMessage_ERROR) IP (DMA) : Parameter (PeriphInc) has Id (USART2_TX) currently not set
2023-10-12 16:00:25,316 [INFO] ImportTextPane:194 - (OptionalMessage_ERROR) IP (DMA) : Parameter (MemInc) has Id (USART2_TX) currently not set
2023-10-12 16:00:25,316 [INFO] ImportTextPane:194 - (OptionalMessage_ERROR) IP (DMA) : Parameter (PeriphDataAlignment) has Id (USART2_TX) currently not set
2023-10-12 16:00:25,316 [INFO] ImportTextPane:194 - (OptionalMessage_ERROR) IP (DMA) : Parameter (MemDataAlignment) has Id (USART2_TX) currently not set
2023-10-12 16:00:25,317 [INFO] ImportTextPane:194 - (OptionalMessage_ERROR) IP (DMA) : Parameter (Mode) has Id (USART2_TX) currently not set
2023-10-12 16:00:25,317 [INFO] ImportTextPane:194 - (OptionalMessage_ERROR) IP (DMA) : Parameter (Priority) has Id (USART2_TX) currently not set
2023-10-12 16:00:25,317 [INFO] ImportTextPane:194 - (OptionalMessage_ERROR) IP (DMA) : Parameter (FIFOMode) has Id (USART2_TX) currently not set
2023-10-12 16:00:25,317 [INFO] ImportTextPane:194 - (OptionalMessage_ERROR) IP (ETH) : Invalid parameter (PHY_Name)
2023-10-12 16:00:25,317 [INFO] ImportTextPane:194 - (OptionalMessage_ERROR) IP (ETH) : Invalid parameter (PHY_Value)
2023-10-12 16:00:25,317 [INFO] ImportTextPane:194 - (OptionalMessage_ERROR) IP (ETH) : Invalid parameter (PhyAddress)
2023-10-12 16:00:25,322 [INFO] ImportTextPane:194 - (OptionalMessage_ERROR) IP (RCC) : Invalid parameter (ADC12outputFreq_Value)
2023-10-12 16:00:25,322 [INFO] ImportTextPane:194 - (OptionalMessage_ERROR) IP (RCC) : Invalid parameter (ADC34outputFreq_Value)
2023-10-12 16:00:25,322 [INFO] ImportTextPane:194 - (OptionalMessage_ERROR) IP (RCC) : Invalid parameter (FamilyName)
2023-10-12 16:00:25,323 [INFO] ImportTextPane:194 - (OptionalMessage_ERROR) IP (RCC) : Invalid parameter (I2C1Freq_Value)
2023-10-12 16:00:25,323 [INFO] ImportTextPane:194 - (OptionalMessage_ERROR) IP (RCC) : Invalid parameter (I2C2Freq_Value)
2023-10-12 16:00:25,323 [INFO] ImportTextPane:194 - (OptionalMessage_ERROR) IP (RCC) : Invalid parameter (I2C3Freq_Value)
2023-10-12 16:00:25,323 [INFO] ImportTextPane:194 - (OptionalMessage_ERROR) IP (RCC) : Parameter (MCO2PinFreq_Value) has invalid value (168000000)
2023-10-12 16:00:25,323 [INFO] ImportTextPane:194 - (OptionalMessage_ERROR) IP (RCC) : Invalid parameter (MCOFreq_Value)
2023-10-12 16:00:25,324 [INFO] ImportTextPane:194 - (OptionalMessage_ERROR) IP (RCC) : Invalid parameter (PLLMCOFreq_Value)
2023-10-12 16:00:25,324 [INFO] ImportTextPane:194 - (OptionalMessage_ERROR) IP (RCC) : Invalid parameter (PLLMUL)
2023-10-12 16:00:25,324 [INFO] ImportTextPane:194 - (OptionalMessage_ERROR) IP (RCC) : Invalid parameter (PRESCALERUSB)
2023-10-12 16:00:25,324 [INFO] ImportTextPane:194 - (OptionalMessage_ERROR) IP (RCC) : Parameter (RTCHSEDivFreq_Value) has invalid value (4000000)
2023-10-12 16:00:25,324 [INFO] ImportTextPane:194 - (OptionalMessage_ERROR) IP (RCC) : Invalid parameter (SYSCLKSourceVirtual)
2023-10-12 16:00:25,324 [INFO] ImportTextPane:194 - (OptionalMessage_ERROR) IP (RCC) : Invalid parameter (TIM15Freq_Value)
2023-10-12 16:00:25,324 [INFO] ImportTextPane:194 - (OptionalMessage_ERROR) IP (RCC) : Invalid parameter (TIM16Freq_Value)
2023-10-12 16:00:25,324 [INFO] ImportTextPane:194 - (OptionalMessage_ERROR) IP (RCC) : Invalid parameter (TIM17Freq_Value)
2023-10-12 16:00:25,324 [INFO] ImportTextPane:194 - (OptionalMessage_ERROR) IP (RCC) : Invalid parameter (TIM1Freq_Value)
2023-10-12 16:00:25,324 [INFO] ImportTextPane:194 - (OptionalMessage_ERROR) IP (RCC) : Invalid parameter (TIM20Freq_Value)
2023-10-12 16:00:25,324 [INFO] ImportTextPane:194 - (OptionalMessage_ERROR) IP (RCC) : Invalid parameter (TIM2Freq_Value)
2023-10-12 16:00:25,324 [INFO] ImportTextPane:194 - (OptionalMessage_ERROR) IP (RCC) : Invalid parameter (TIM3Freq_Value)
2023-10-12 16:00:25,324 [INFO] ImportTextPane:194 - (OptionalMessage_ERROR) IP (RCC) : Invalid parameter (TIM8Freq_Value)
2023-10-12 16:00:25,324 [INFO] ImportTextPane:194 - (OptionalMessage_ERROR) IP (RCC) : Invalid parameter (UART4Freq_Value)
2023-10-12 16:00:25,324 [INFO] ImportTextPane:194 - (OptionalMessage_ERROR) IP (RCC) : Invalid parameter (UART5Freq_Value)
2023-10-12 16:00:25,324 [INFO] ImportTextPane:194 - (OptionalMessage_ERROR) IP (RCC) : Invalid parameter (USART1Freq_Value)
2023-10-12 16:00:25,324 [INFO] ImportTextPane:194 - (OptionalMessage_ERROR) IP (RCC) : Invalid parameter (USART2Freq_Value)
2023-10-12 16:00:25,324 [INFO] ImportTextPane:194 - (OptionalMessage_ERROR) IP (RCC) : Invalid parameter (USART3Freq_Value)
2023-10-12 16:00:25,324 [INFO] ImportTextPane:194 - (OptionalMessage_ERROR) IP (RCC) : Invalid parameter (USBFreq_Value)
2023-10-12 16:00:25,324 [INFO] ImportTextPane:194 - (OptionalMessage_ERROR) IP (RCC) : Invalid parameter (VCOOutput2Freq_Value)
2023-10-12 16:00:25,679 [INFO] UtilMem:75 - End LoadConfig() Used Memory: 543824040 Bytes (751828992)
2023-10-12 16:00:25,757 [INFO] ApiDb:581 - Connected to CubeFinder SQLite database (C:\Users\User\.stmcufinder\plugins\mcufinder\mcu\cube-finder-db.db)
2023-10-12 16:00:25,827 [INFO] ApiDb:668 - CubeFinder database Data Model version=2.1
2023-10-12 16:00:25,827 [INFO] ApiDb:669 - CubeFinder database Configuration version=3.0.37
2023-10-12 16:00:25,828 [INFO] ApiDb:670 - CubeFinder database generation date=2023-08-09 (1691586011)
2023-10-12 16:00:25,828 [INFO] ApiDb:671 - CubeFinder database FW Pack versions=[FP-ATR-ASTRA1_V2.0.0, FP-SNS-FLIGHT1_V5.0.1, FP-SNS-FLIGHT1_V5.0.2, FP-SNS-MOTENV1_V4.3.1, FP-SNS-MOTENV1_V4.3.2, STM32Cube_FW_C0_V1.1.0, STM32Cube_FW_F4_V1.27.1, STM32Cube_FW_F7_V1.17.0, STM32Cube_FW_G0_V1.6.1, STM32Cube_FW_G4_V1.5.1, STM32Cube_FW_H5_V0.5.1, STM32Cube_FW_H5_V1.1.0, STM32Cube_FW_H7_V1.11.0, STM32Cube_FW_L0_V1.12.2, STM32Cube_FW_L5_V1.5.0, STM32Cube_FW_U5_V1.3.0, STM32Cube_FW_U5_V1.3.0RC4, STM32Cube_FW_WBA_V1.0.0RC1, STM32Cube_FW_WBA_V1.1.0, STM32Cube_FW_WBA_V1.1.0RC1, STM32Cube_FW_WB_V1.15.0RC1, STM32Cube_FW_WB_V1.16.0, STM32Cube_FW_WB_V1.16.0RC2, STM32Cube_FW_WB_V1.17.0, STM32Cube_FW_WL_V1.3.0, X-CUBE-ALGOBUILD_V1.3.0, X-CUBE-ALS_V1.0.1, X-CUBE-AZRTOS-F4_V1.1.0, X-CUBE-AZRTOS-F7_V1.1.0, X-CUBE-AZRTOS-G0_V1.1.0, X-CUBE-AZRTOS-G4_V2.0.0, X-CUBE-AZRTOS-H7_V3.1.0, X-CUBE-AZRTOS-L4_V1.0.0, X-CUBE-AZRTOS-L4_V2.0.0, X-CUBE-AZRTOS-L5_V1.1.0, X-CUBE-AZRTOS-WB_V1.1.0, X-CUBE-AZRTOS-WL_V2.0.0, X-CUBE-BLE1_V7.0.0, X-CUBE-BLE2_V3.3.0, X-CUBE-BLEMGR_V2.0.0, X-CUBE-EEPRMA1_V4.1.0, X-CUBE-FREERTOS_V1.1.0, X-CUBE-GNSS1_V6.0.0, X-CUBE-MEMS1_V9.1.0, X-CUBE-MEMS1_V9.4.0, X-CUBE-MEMS1_V9.6.0, X-CUBE-NFC4_V3.0.0, X-CUBE-NFC7_V1.0.0, X-CUBE-SFXS2LP1_V4.0.0, X-CUBE-SUBG2_V5.0.0, X-CUBE-TOF1_V3.3.1]
2023-10-12 16:00:27,897 [INFO] ApiDb:240 - Found 323 in-development CPN: [B-G473E-ZEST1S, B-WB1M-WPAN1, B-WL5M-SUBG1, NUCLEO-C031C6, NUCLEO-H503RB, NUCLEO-H563ZI, NUCLEO-U545RE-Q, NUCLEO-U5A5ZJ-Q, NUCLEO-WBA52CG, STEVAL-PROTEUS1, STEVAL-SMARTAG2, STEVAL-STWINBX1, STM320518-EVAL, STM32C0116-DK, STM32C011D6Y3TR, STM32C011D6Y6TR, STM32C011F4P3, STM32C011F4P6, STM32C011F4U3, STM32C011F4U6TR, STM32C011F6P3, STM32C011F6P6, STM32C011F6U3, STM32C011F6U6TR, STM32C011J4M3, STM32C011J4M6, STM32C011J6M3, STM32C011J6M6, STM32C0316-DK, STM32C031C4T3, STM32C031C4T6, STM32C031C4U3, STM32C031C4U6, STM32C031C6T3, STM32C031C6T6, STM32C031C6U3, STM32C031C6U6, STM32C031F4P3, STM32C031F4P6, STM32C031F6P3, STM32C031F6P6, STM32C031G4U3, STM32C031G4U6, STM32C031G6U3, STM32C031G6U6, STM32C031K4T3, STM32C031K4T6, STM32C031K4U3, STM32C031K4U6, STM32C031K6T3, STM32C031K6T6, STM32C031K6U3, STM32C031K6U6, STM32G071K8TXN, STM32G071K8UXN, STM32G081GBU6N, STM32G081KBT6N, STM32G081KBUXN, STM32G0B1CCT6N, STM32G0B1KCT6, STM32G0B1NEY6TR, STM32G0B1RCT6N, STM32G0C1CCT6, STM32G0C1CCT6N, STM32G0C1CCU6N, STM32G0C1CET6N, STM32G0C1CEU6N, STM32G0C1KCT6, STM32G0C1NEY6TR, STM32G0C1RCI6N, STM32G0C1RCT6N, STM32G0C1REI6N, STM32G0C1RET6N, STM32G0C1VCI6, STM32G0C1VEI6, STM32G471CCT6, STM32G471CCU6, STM32G471CET3, STM32G471CET6, STM32G471CEU3, STM32G471CEU6, STM32G471MCT6, STM32G471MET3, STM32G471MET6, STM32G471MEY6TR, STM32G471QCT6, STM32G471QET3, STM32G471RCT6, STM32G471RET3, STM32G471RET6, STM32G471VCH6, STM32G471VCI6, STM32G471VCT6, STM32G471VEH3, STM32G471VEH6, STM32G471VEI3, STM32G471VEI6, STM32G471VET3, STM32G471VET6, STM32G474CCT6, STM32H503CBT6, STM32H503CBU6, STM32H503EBY6TR, STM32H503KBU6, STM32H503RBT6, STM32H562AGI6, STM32H562AII6, STM32H562IGK6, STM32H562IGT6, STM32H562IIK6, STM32H562IIT6, STM32H562RGT6, STM32H562RGV6, STM32H562RIT6, STM32H562RIV6, STM32H562VGT6, STM32H562VIT6, STM32H562ZGT6, STM32H562ZIT6, STM32H563AGI6, STM32H563AII3Q, STM32H563AII6, STM32H563IGK6, STM32H563IGT6, STM32H563IIK3Q, STM32H563IIK6, STM32H563IIT3Q, STM32H563IIT6, STM32H563MIY3QTR, STM32H563RGT6, STM32H563RGV6, STM32H563RIT6, STM32H563RIV6, STM32H563VGT6, STM32H563VIT3Q, STM32H563VIT6, STM32H563ZGT6, STM32H563ZIT3Q, STM32H563ZIT6, STM32H573AII3Q, STM32H573AII6, STM32H573I-DK, STM32H573IIK3Q, STM32H573IIK6, STM32H573IIT3Q, STM32H573IIT6, STM32H573MIY3QTR, STM32H573RIT6, STM32H573RIV6, STM32H573VIT3Q, STM32H573VIT6, STM32H573ZIT3Q, STM32H573ZIT6, STM32L4R5QGI6STR, STM32MP131AAE3, STM32MP131AAF3, STM32MP131AAG3, STM32MP131CAE3, STM32MP131CAF3, STM32MP131CAG3, STM32MP131DAE7, STM32MP131DAF7, STM32MP131DAG7, STM32MP131FAE7, STM32MP131FAF7, STM32MP131FAG7, STM32MP133AAE3, STM32MP133AAF3, STM32MP133AAG3, STM32MP133CAE3, STM32MP133CAF3, STM32MP133CAG3, STM32MP133DAE7, STM32MP133DAF7, STM32MP133DAG7, STM32MP133FAE7, STM32MP133FAF7, STM32MP133FAG7, STM32MP135AAE3, STM32MP135AAF3, STM32MP135AAG3, STM32MP135CAE3, STM32MP135CAF3, STM32MP135CAG3, STM32MP135DAE7, STM32MP135DAF7, STM32MP135DAG7, STM32MP135F-DK, STM32MP135FAE7, STM32MP135FAF7, STM32MP135FAF7T, STM32MP135FAF7U, STM32MP135FAG7, STM32U535CBT6, STM32U535CBT6Q, STM32U535CBU6, STM32U535CBU6Q, STM32U535CCT6, STM32U535CCT6Q, STM32U535CCU6, STM32U535CCU6Q, STM32U535CET6, STM32U535CET6Q, STM32U535CEU6, STM32U535CEU6Q, STM32U535JEY6QTR, STM32U535NCY6QTR, STM32U535NEY6QTR, STM32U535RBI6, STM32U535RBI6Q, STM32U535RBT6, STM32U535RBT6Q, STM32U535RCI6, STM32U535RCI6Q, STM32U535RCT6, STM32U535RCT6Q, STM32U535REI6, STM32U535REI6Q, STM32U535RET6, STM32U535RET6Q, STM32U535VCI6, STM32U535VCI6Q, STM32U535VCT6, STM32U535VCT6Q, STM32U535VEI6, STM32U535VEI6Q, STM32U535VET6, STM32U535VET6Q, STM32U545CET6, STM32U545CET6Q, STM32U545CEU6, STM32U545CEU6Q, STM32U545JEY6QTR, STM32U545NEY6QTR, STM32U545REI6, STM32U545REI6Q, STM32U545RET6, STM32U545RET6Q, STM32U545VEI6, STM32U545VEI6Q, STM32U545VET6, STM32U545VET6Q, STM32U595AIH6, STM32U595AIH6Q, STM32U595AJH6, STM32U595AJH6Q, STM32U595QII6, STM32U595QII6Q, STM32U595QJI6, STM32U595QJI6Q, STM32U595RIT6, STM32U595RIT6Q, STM32U595RJT6, STM32U595RJT6Q, STM32U595VIT6, STM32U595VIT6Q, STM32U595VJT6, STM32U595VJT6Q, STM32U595ZIT6, STM32U595ZIT6Q, STM32U595ZIY6QTR, STM32U595ZJT6, STM32U595ZJT6Q, STM32U595ZJY6QTR, STM32U599BJY6QTR, STM32U599NIH6Q, STM32U599NJH6Q, STM32U599VIT6Q, STM32U599VJT6, STM32U599VJT6Q, STM32U599ZIT6Q, STM32U599ZIY6QTR, STM32U599ZJT6Q, STM32U599ZJY6QTR, STM32U5A5AJH6, STM32U5A5AJH6Q, STM32U5A5QJI6, STM32U5A5QJI6Q, STM32U5A5RJT6, STM32U5A5RJT6Q, STM32U5A5VJT6, STM32U5A5VJT6Q, STM32U5A5ZJT6, STM32U5A5ZJT6Q, STM32U5A5ZJY6QTR, STM32U5A9BJY6QTR, STM32U5A9J-DK, STM32U5A9NJH6Q, STM32U5A9VJT6Q, STM32U5A9ZJT6Q, STM32U5A9ZJY6QTR, STM32U5F7VIT6, STM32U5F7VIT6Q, STM32U5F7VJT6, STM32U5F7VJT6Q, STM32U5F9BJY6QTR, STM32U5F9NJH6Q, STM32U5F9VIT6Q, STM32U5F9VJT6Q, STM32U5F9ZIJ6QTR, STM32U5F9ZIT6Q, STM32U5F9ZJJ6QTR, STM32U5F9ZJT6Q, STM32U5G7VJT6, STM32U5G7VJT6Q, STM32U5G9BJY6QTR, STM32U5G9J-DK1, STM32U5G9J-DK2, STM32U5G9NJH6Q, STM32U5G9VJT6Q, STM32U5G9ZJJ6QTR, STM32U5G9ZJT6Q, STM32WB1MMCH6, STM32WBA52CEU6, STM32WBA52CEU6T, STM32WBA52CGU6, STM32WBA52CGU6T, STM32WBA52KEU6, STM32WBA52KEU6T, STM32WBA52KGU6, STM32WBA52KGU6T, STM32WL5MOCH6, STM32WL5MOCH6TR]
2023-10-12 16:00:27,900 [INFO] DbMcus:217 - Found 3848 MCUs, 3848 are supported
2023-10-12 16:00:27,902 [INFO] ApiDb:423 - Load user favorites file C:\Users\User/.stm32cubeide/favorites.mcus.txt: 0 item(s)
2023-10-12 16:00:27,902 [INFO] ApiDb:427 - User favorites MCUs=[]
2023-10-12 16:00:27,902 [INFO] DbMcus:223 - Set 0 / 0 favorites MCUs
2023-10-12 16:00:28,201 [WARN] ThirdParty:833 - waiting for thirdparty lock release [change project]
2023-10-12 16:00:28,202 [INFO] ThirdParty:835 - entering critical section [change project]
2023-10-12 16:00:28,202 [INFO] ThirdParty:1030 - CMSIS Pack Vendor :STMicroelectronics X-CUBE-ISPU 1.1.0
2023-10-12 16:00:28,202 [INFO] ThirdParty:1030 - CMSIS Pack Vendor :STMicroelectronics USBPD 4.1
2023-10-12 16:00:28,202 [INFO] ThirdParty:1030 - CMSIS Pack Vendor :STMicroelectronics X-CUBE-GNSS1 6.0.0
2023-10-12 16:00:28,202 [INFO] ThirdParty:1030 - CMSIS Pack Vendor :STMicroelectronics USB_HOST 2.0.0
2023-10-12 16:00:28,202 [INFO] ThirdParty:1030 - CMSIS Pack Vendor :STMicroelectronics X-CUBE-AZRTOS-F4 1.1.0
2023-10-12 16:00:28,202 [INFO] ThirdParty:1030 - CMSIS Pack Vendor :STMicroelectronics LIBJPEG 8.0.0
2023-10-12 16:00:28,202 [INFO] ThirdParty:1030 - CMSIS Pack Vendor :wolfSSL I-CUBE-wolfSSL 5.6.3
2023-10-12 16:00:28,202 [INFO] ThirdParty:1030 - CMSIS Pack Vendor :STMicroelectronics X-CUBE-SMBUS 2.1.0
2023-10-12 16:00:28,202 [INFO] ThirdParty:1030 - CMSIS Pack Vendor :STMicroelectronics USB_DEVICE 3.0.0
2023-10-12 16:00:28,202 [INFO] ThirdParty:1030 - CMSIS Pack Vendor :STMicroelectronics X-CUBE-AZRTOS-WB 2.0.0
2023-10-12 16:00:28,202 [INFO] ThirdParty:1030 - CMSIS Pack Vendor :STMicroelectronics X-CUBE-AZRTOS-F7 1.1.0
2023-10-12 16:00:28,202 [INFO] ThirdParty:1030 - CMSIS Pack Vendor :STMicroelectronics X-CUBE-AZRTOS-L5 2.0.0
2023-10-12 16:00:28,202 [INFO] ThirdParty:1030 - CMSIS Pack Vendor :STMicroelectronics USB_DEVICE 2.0.0
2023-10-12 16:00:28,202 [INFO] ThirdParty:1030 - CMSIS Pack Vendor :STMicroelectronics X-CUBE-MEMS1 9.6.0
2023-10-12 16:00:28,202 [INFO] ThirdParty:1030 - CMSIS Pack Vendor :ITTIA_DB I-CUBE-ITTIADB 8.8.0
2023-10-12 16:00:28,202 [INFO] ThirdParty:1030 - CMSIS Pack Vendor :STMicroelectronics FP-SNS-MOTENV1 4.3.2
2023-10-12 16:00:28,202 [INFO] ThirdParty:1030 - CMSIS Pack Vendor :STMicroelectronics X-CUBE-ALGOBUILD 1.3.0
2023-10-12 16:00:28,202 [INFO] ThirdParty:1030 - CMSIS Pack Vendor :STMicroelectronics FreeRTOS 0.0.1
2023-10-12 16:00:28,202 [INFO] ThirdParty:1030 - CMSIS Pack Vendor :STMicroelectronics X-CUBE-AZRTOS-G0 1.1.0
2023-10-12 16:00:28,203 [INFO] ThirdParty:1030 - CMSIS Pack Vendor :STMicroelectronics X-CUBE-BLEMGR 2.0.0
2023-10-12 16:00:28,203 [INFO] ThirdParty:1030 - CMSIS Pack Vendor :STMicroelectronics X-CUBE-NFC4 3.0.0
2023-10-12 16:00:28,203 [INFO] ThirdParty:1030 - CMSIS Pack Vendor :STMicroelectronics X-CUBE-SUBG2 5.0.0
2023-10-12 16:00:28,203 [INFO] ThirdParty:1030 - CMSIS Pack Vendor :STMicroelectronics STM32_WPAN 1.0.0
2023-10-12 16:00:28,203 [INFO] ThirdParty:1030 - CMSIS Pack Vendor :STMicroelectronics lwIP 2.0.3
2023-10-12 16:00:28,203 [INFO] ThirdParty:1030 - CMSIS Pack Vendor :STMicroelectronics FP-SNS-FLIGHT1 5.0.2
2023-10-12 16:00:28,203 [INFO] ThirdParty:1030 - CMSIS Pack Vendor :STMicroelectronics USB_HOST 1.0.0
2023-10-12 16:00:28,203 [INFO] ThirdParty:1030 - CMSIS Pack Vendor :STMicroelectronics X-CUBE-TOF1 3.3.1
2023-10-12 16:00:28,203 [INFO] ThirdParty:1030 - CMSIS Pack Vendor :STMicroelectronics X-CUBE-AZRTOS-G4 2.0.0
2023-10-12 16:00:28,203 [INFO] ThirdParty:1030 - CMSIS Pack Vendor :STMicroelectronics PDM2PCM 3.1.0
2023-10-12 16:00:28,203 [INFO] ThirdParty:1030 - CMSIS Pack Vendor :STMicroelectronics X-CUBE-AZRTOS-H7 3.1.0
2023-10-12 16:00:28,203 [INFO] ThirdParty:1030 - CMSIS Pack Vendor :Infineon AIROC-Wi-Fi-Bluetooth-STM32 1.5.1
2023-10-12 16:00:28,203 [INFO] ThirdParty:1030 - CMSIS Pack Vendor :STMicroelectronics PDM2PCM 3.3.0
2023-10-12 16:00:28,203 [INFO] ThirdParty:1030 - CMSIS Pack Vendor :STMicroelectronics X-CUBE-DISPLAY 3.0.0
2023-10-12 16:00:28,203 [INFO] ThirdParty:1030 - CMSIS Pack Vendor :STMicroelectronics X-CUBE-BLE1 7.0.0
2023-10-12 16:00:28,203 [INFO] ThirdParty:1030 - CMSIS Pack Vendor :STMicroelectronics FP-ATR-SIGFOX1 3.2.0
2023-10-12 16:00:28,204 [INFO] ThirdParty:1030 - CMSIS Pack Vendor :STMicroelectronics HAL Drivers 0.0.0
2023-10-12 16:00:28,204 [INFO] ThirdParty:1030 - CMSIS Pack Vendor :STMicroelectronics MBEDTLS 2.16.2
2023-10-12 16:00:28,204 [INFO] ThirdParty:1030 - CMSIS Pack Vendor :emotas I-CUBE-CANOPEN 1.3.0
2023-10-12 16:00:28,204 [INFO] ThirdParty:1030 - CMSIS Pack Vendor :STMicroelectronics X-CUBE-FREERTOS 1.1.0
2023-10-12 16:00:28,204 [INFO] ThirdParty:1030 - CMSIS Pack Vendor :STMicroelectronics X-CUBE-TOUCHGFX 4.22.0
2023-10-12 16:00:28,204 [INFO] ThirdParty:1030 - CMSIS Pack Vendor :STMicroelectronics X-CUBE-NFC7 1.0.1
2023-10-12 16:00:28,204 [INFO] ThirdParty:1030 - CMSIS Pack Vendor :STMicroelectronics MBEDTLS 2.14.1
2023-10-12 16:00:28,204 [INFO] ThirdParty:1030 - CMSIS Pack Vendor :STMicroelectronics X-CUBE-TOUCHGFX 4.22.1
2023-10-12 16:00:28,204 [INFO] ThirdParty:1030 - CMSIS Pack Vendor :STMicroelectronics X-CUBE-NFC6 3.0.0
2023-10-12 16:00:28,204 [INFO] ThirdParty:1030 - CMSIS Pack Vendor :STMicroelectronics X-CUBE-EEPRMA1 4.1.0
2023-10-12 16:00:28,204 [INFO] ThirdParty:1030 - CMSIS Pack Vendor :portGmbH I-Cube-SoM-uGOAL 1.1.0
2023-10-12 16:00:28,204 [INFO] ThirdParty:1030 - CMSIS Pack Vendor :STMicroelectronics X-CUBE-ALS 1.0.1
2023-10-12 16:00:28,204 [INFO] ThirdParty:1030 - CMSIS Pack Vendor :STMicroelectronics ThreadX 1.0.0
2023-10-12 16:00:28,204 [INFO] ThirdParty:1030 - CMSIS Pack Vendor :STMicroelectronics FP-SNS-SMARTAG2 1.2.0
2023-10-12 16:00:28,204 [INFO] ThirdParty:1030 - CMSIS Pack Vendor :STMicroelectronics X-CUBE-AZRTOS-WL 2.0.0
2023-10-12 16:00:28,204 [INFO] ThirdParty:1030 - CMSIS Pack Vendor :SEGGER I-CUBE-embOS 1.3.1
2023-10-12 16:00:28,204 [INFO] ThirdParty:1030 - CMSIS Pack Vendor :STMicroelectronics USB_DEVICE 1.0.0
2023-10-12 16:00:28,204 [INFO] ThirdParty:1030 - CMSIS Pack Vendor :STMicroelectronics X-CUBE-AI 8.1.0
2023-10-12 16:00:28,204 [INFO] ThirdParty:1030 - CMSIS Pack Vendor :STMicroelectronics X-CUBE-AZRTOS-L4 2.0.0
2023-10-12 16:00:28,204 [INFO] ThirdParty:1030 - CMSIS Pack Vendor :STMicroelectronics ThreadX 0.0.2
2023-10-12 16:00:28,204 [INFO] ThirdParty:1030 - CMSIS Pack Vendor :WES I-CUBE-Cesium 1.3.0
2023-10-12 16:00:28,204 [INFO] ThirdParty:1030 - CMSIS Pack Vendor :STMicroelectronics FP-ATR-ASTRA1 2.0.0
2023-10-12 16:00:28,204 [INFO] ThirdParty:1030 - CMSIS Pack Vendor :STMicroelectronics lwIP 2.1.2
2023-10-12 16:00:28,204 [INFO] ThirdParty:1030 - CMSIS Pack Vendor :STMicroelectronics X-CUBE-SFXS2LP1 4.0.0
2023-10-12 16:00:28,204 [INFO] ThirdParty:1030 - CMSIS Pack Vendor :STMicroelectronics X-CUBE-BLE2 3.3.0
2023-10-12 16:00:28,204 [INFO] ThirdParty:1030 - CMSIS Pack Vendor :STMicroelectronics PDM2PCM 3.2.0
2023-10-12 16:00:28,204 [INFO] ThirdParty:841 - exiting critical section [change project]
2023-10-12 16:00:28,586 [INFO] PinOutPanel:1499 - setPackage(No Configuration,No Configuration)
2023-10-12 16:00:28,588 [INFO] PinOutPanel:1499 - setPackage(STM32F429ZITx,LQFP144)
2023-10-12 16:00:29,007 [INFO] UtilMem:75 - Before build in PCC Used Memory: 499581776 Bytes (741343232)
2023-10-12 16:00:29,743 [INFO] UtilMem:75 - After build in PCC Used Memory: 583971136 Bytes (741343232)
2023-10-12 16:00:29,856 [INFO] ApiDbMcu:507 - Load IP Config File for FREERTOS
2023-10-12 16:00:29,891 [INFO] IPUIPlugin:80 - create IPUIPlugin
2023-10-12 16:00:29,891 [INFO] IPUIPlugin:80 - create IPUIPlugin
2023-10-12 16:00:29,891 [INFO] IPUIPlugin:80 - create IPUIPlugin
2023-10-12 16:00:29,891 [INFO] IPUIPlugin:80 - create IPUIPlugin
2023-10-12 16:00:29,892 [INFO] IPUIPlugin:80 - create IPUIPlugin
2023-10-12 16:00:29,892 [INFO] IPUIPlugin:80 - create IPUIPlugin
2023-10-12 16:00:29,892 [INFO] IPUIPlugin:80 - create IPUIPlugin
2023-10-12 16:00:29,892 [INFO] IPUIPlugin:80 - create IPUIPlugin
2023-10-12 16:00:29,892 [INFO] IPUIPlugin:80 - create IPUIPlugin
2023-10-12 16:00:29,892 [INFO] IPUIPlugin:80 - create IPUIPlugin
2023-10-12 16:00:29,893 [INFO] IPUIPlugin:80 - create IPUIPlugin
2023-10-12 16:00:29,893 [INFO] IPUIPlugin:80 - create IPUIPlugin
2023-10-12 16:00:29,893 [INFO] IPUIPlugin:80 - create IPUIPlugin
2023-10-12 16:00:29,893 [INFO] IPUIPlugin:80 - create IPUIPlugin
2023-10-12 16:00:29,894 [INFO] IPUIPlugin:80 - create IPUIPlugin
2023-10-12 16:00:29,894 [INFO] IPUIPlugin:80 - create IPUIPlugin
2023-10-12 16:00:29,894 [INFO] IPUIPlugin:80 - create IPUIPlugin
2023-10-12 16:00:29,894 [INFO] IPUIPlugin:80 - create IPUIPlugin
2023-10-12 16:00:29,894 [INFO] IPUIPlugin:80 - create IPUIPlugin
2023-10-12 16:00:29,894 [INFO] IPUIPlugin:80 - create IPUIPlugin
2023-10-12 16:00:29,894 [INFO] IPUIPlugin:80 - create IPUIPlugin
2023-10-12 16:00:29,894 [INFO] IPUIPlugin:80 - create IPUIPlugin
2023-10-12 16:00:29,895 [INFO] IPUIPlugin:80 - create IPUIPlugin
2023-10-12 16:00:29,895 [INFO] IPUIPlugin:80 - create IPUIPlugin
2023-10-12 16:00:29,895 [INFO] IPUIPlugin:80 - create IPUIPlugin
2023-10-12 16:00:29,895 [INFO] IPUIPlugin:80 - create IPUIPlugin
2023-10-12 16:00:29,895 [INFO] IPUIPlugin:80 - create IPUIPlugin
2023-10-12 16:00:29,895 [INFO] IPUIPlugin:80 - create IPUIPlugin
2023-10-12 16:00:29,896 [INFO] IPUIPlugin:80 - create IPUIPlugin
2023-10-12 16:00:29,896 [INFO] IPUIPlugin:80 - create IPUIPlugin
2023-10-12 16:00:29,896 [INFO] IPUIPlugin:80 - create IPUIPlugin
2023-10-12 16:00:29,896 [INFO] IPUIPlugin:80 - create IPUIPlugin
2023-10-12 16:00:29,896 [INFO] IPUIPlugin:80 - create IPUIPlugin
2023-10-12 16:00:29,897 [INFO] IPUIPlugin:80 - create IPUIPlugin
2023-10-12 16:00:29,897 [INFO] IPUIPlugin:80 - create IPUIPlugin
2023-10-12 16:00:29,897 [INFO] IPUIPlugin:80 - create IPUIPlugin
2023-10-12 16:00:29,897 [INFO] IPUIPlugin:80 - create IPUIPlugin
2023-10-12 16:00:29,897 [INFO] IPUIPlugin:80 - create IPUIPlugin
2023-10-12 16:00:29,897 [INFO] IPUIPlugin:80 - create IPUIPlugin
2023-10-12 16:00:29,898 [INFO] IPUIPlugin:80 - create IPUIPlugin
2023-10-12 16:00:29,898 [INFO] IPUIPlugin:80 - create IPUIPlugin
2023-10-12 16:00:29,898 [INFO] IPUIPlugin:80 - create IPUIPlugin
2023-10-12 16:00:29,898 [INFO] IPUIPlugin:80 - create IPUIPlugin
2023-10-12 16:00:29,898 [INFO] IPUIPlugin:80 - create IPUIPlugin
2023-10-12 16:00:29,899 [INFO] IPUIPlugin:80 - create IPUIPlugin
2023-10-12 16:00:29,899 [INFO] IPUIPlugin:80 - create IPUIPlugin
2023-10-12 16:00:29,899 [INFO] IPUIPlugin:80 - create IPUIPlugin
2023-10-12 16:00:29,899 [INFO] IPUIPlugin:80 - create IPUIPlugin
2023-10-12 16:00:29,900 [INFO] IPUIPlugin:80 - create IPUIPlugin
2023-10-12 16:00:29,900 [INFO] IPUIPlugin:80 - create IPUIPlugin
2023-10-12 16:00:29,900 [INFO] IPUIPlugin:80 - create IPUIPlugin
2023-10-12 16:00:29,900 [INFO] IPUIPlugin:80 - create IPUIPlugin
2023-10-12 16:00:29,901 [INFO] IPUIPlugin:80 - create IPUIPlugin
2023-10-12 16:00:29,901 [INFO] IPUIPlugin:80 - create IPUIPlugin
2023-10-12 16:00:29,901 [INFO] IPUIPlugin:80 - create IPUIPlugin
2023-10-12 16:00:29,902 [INFO] IPUIPlugin:80 - create IPUIPlugin
2023-10-12 16:00:29,902 [INFO] IPUIPlugin:80 - create IPUIPlugin
2023-10-12 16:00:29,902 [INFO] IPUIPlugin:80 - create IPUIPlugin
2023-10-12 16:00:29,902 [INFO] IPUIPlugin:80 - create IPUIPlugin
2023-10-12 16:00:29,903 [INFO] IPUIPlugin:80 - create IPUIPlugin
2023-10-12 16:00:29,903 [INFO] IPUIPlugin:80 - create IPUIPlugin
2023-10-12 16:00:29,903 [INFO] IPUIPlugin:80 - create IPUIPlugin
2023-10-12 16:00:29,905 [INFO] IPUIPlugin:80 - create IPUIPlugin
2023-10-12 16:00:29,905 [INFO] IPUIPlugin:80 - create IPUIPlugin
2023-10-12 16:00:29,906 [INFO] IPUIPlugin:80 - create IPUIPlugin
2023-10-12 16:00:29,906 [INFO] IPUIPlugin:80 - create IPUIPlugin
2023-10-12 16:00:29,922 [INFO] ApiDbMcu:507 - Load IP Config File for PDM2PCM
2023-10-12 16:00:29,973 [WARN] FreeRTOS:1023 - Null or empty value: should not occur! (nothing added to the table)
2023-10-12 16:00:30,213 [INFO] CADModel:165 - CPN selected for project levelSTM32F429ZIT6
2023-10-12 16:00:30,213 [INFO] CADModel:114 - Register for checkConnection events
2023-10-12 16:00:30,216 [INFO] RtosManager:697 - Active RTOS found at IOC load: FREERTOS [Cortex-M4NS]
2023-10-12 16:00:30,255 [INFO] OpenFileManager:328 - Restore cursor
2023-10-12 16:00:46,478 [INFO] Gpio:273 - dependency for GPIO [ETH, RCC, SYS, TIM3, USART2, USART3, USB_OTG_FS]
2023-10-12 16:00:56,473 [INFO] Gpio:273 - dependency for GPIO [ETH, RCC, SYS, TIM3, USART2, USART3, USB_OTG_FS]
2023-10-12 16:00:56,543 [INFO] NvicIntPanel:101 - NVIC parent = com.st.microxplorer.plugins.ip.nvic.MultiNvicIntPanel[,0,0,0x0,invalid,layout=javax.swing.BoxLayout,alignmentX=0.0,alignmentY=0.0,border=,flags=9,maximumSize=,minimumSize=,preferredSize=]
2023-10-12 16:00:56,871 [INFO] Gpio:273 - dependency for GPIO [ETH, RCC, SYS, TIM3, USART2, USART3, USB_OTG_FS]
2023-10-12 16:00:56,949 [INFO] NvicIntPanel:101 - NVIC parent = com.st.microxplorer.plugins.ip.nvic.MultiNvicIntPanel[,0,0,0x0,invalid,layout=javax.swing.BoxLayout,alignmentX=0.0,alignmentY=0.0,border=,flags=9,maximumSize=,minimumSize=,preferredSize=]
2023-10-12 16:00:59,638 [INFO] Gpio:273 - dependency for GPIO [ETH, RCC, SYS, TIM3, USART2, USART3, USB_OTG_FS]
2023-10-12 16:00:59,721 [INFO] NvicIntPanel:101 - NVIC parent = com.st.microxplorer.plugins.ip.nvic.MultiNvicIntPanel[,0,0,0x0,invalid,layout=javax.swing.BoxLayout,alignmentX=0.0,alignmentY=0.0,border=,flags=9,maximumSize=,minimumSize=,preferredSize=]
2023-10-12 16:00:59,911 [INFO] Gpio:273 - dependency for GPIO [ETH, RCC, SYS, TIM3, USART2, USART3, USB_OTG_FS]
2023-10-12 16:00:59,968 [INFO] NvicIntPanel:101 - NVIC parent = com.st.microxplorer.plugins.ip.nvic.MultiNvicIntPanel[,0,0,0x0,invalid,layout=javax.swing.BoxLayout,alignmentX=0.0,alignmentY=0.0,border=,flags=9,maximumSize=,minimumSize=,preferredSize=]
2023-10-12 16:01:10,055 [INFO] Gpio:273 - dependency for GPIO [ETH, RCC, SYS, TIM3, USART2, USART3, USB_OTG_FS]
2023-10-12 16:01:10,099 [INFO] NvicIntPanel:101 - NVIC parent = com.st.microxplorer.plugins.ip.nvic.MultiNvicIntPanel[,0,0,0x0,invalid,layout=javax.swing.BoxLayout,alignmentX=0.0,alignmentY=0.0,border=,flags=9,maximumSize=,minimumSize=,preferredSize=]
2023-10-12 16:01:10,167 [INFO] Gpio:273 - dependency for GPIO [ETH, RCC, SYS, TIM3, USART2, USART3, USB_OTG_FS]
2023-10-12 16:01:10,212 [INFO] NvicIntPanel:101 - NVIC parent = com.st.microxplorer.plugins.ip.nvic.MultiNvicIntPanel[,0,0,0x0,invalid,layout=javax.swing.BoxLayout,alignmentX=0.0,alignmentY=0.0,border=,flags=9,maximumSize=,minimumSize=,preferredSize=]
2023-10-12 16:01:10,348 [INFO] Gpio:273 - dependency for GPIO [ETH, RCC, SYS, TIM3, USART2, USART3, USB_OTG_FS]
2023-10-12 16:01:10,386 [INFO] NvicIntPanel:101 - NVIC parent = com.st.microxplorer.plugins.ip.nvic.MultiNvicIntPanel[,0,0,0x0,invalid,layout=javax.swing.BoxLayout,alignmentX=0.0,alignmentY=0.0,border=,flags=9,maximumSize=,minimumSize=,preferredSize=]
2023-10-12 16:01:15,339 [INFO] Gpio:273 - dependency for GPIO [ETH, RCC, SYS, TIM3, USART2, USART3, USB_OTG_FS]
2023-10-12 16:01:15,378 [INFO] NvicIntPanel:101 - NVIC parent = com.st.microxplorer.plugins.ip.nvic.MultiNvicIntPanel[,0,0,0x0,invalid,layout=javax.swing.BoxLayout,alignmentX=0.0,alignmentY=0.0,border=,flags=9,maximumSize=,minimumSize=,preferredSize=]
2023-10-12 16:01:15,443 [INFO] Gpio:273 - dependency for GPIO [ETH, RCC, SYS, TIM3, USART2, USART3, USB_OTG_FS]
2023-10-12 16:01:15,482 [INFO] NvicIntPanel:101 - NVIC parent = com.st.microxplorer.plugins.ip.nvic.MultiNvicIntPanel[,0,0,0x0,invalid,layout=javax.swing.BoxLayout,alignmentX=0.0,alignmentY=0.0,border=,flags=9,maximumSize=,minimumSize=,preferredSize=]
2023-10-12 16:01:15,552 [INFO] Gpio:273 - dependency for GPIO [ETH, RCC, SYS, TIM3, USART2, USART3, USB_OTG_FS]
2023-10-12 16:01:15,592 [INFO] NvicIntPanel:101 - NVIC parent = com.st.microxplorer.plugins.ip.nvic.MultiNvicIntPanel[,0,0,0x0,invalid,layout=javax.swing.BoxLayout,alignmentX=0.0,alignmentY=0.0,border=,flags=9,maximumSize=,minimumSize=,preferredSize=]
2023-10-12 16:01:16,413 [INFO] UtilMem:75 - End SaveConfig() Used Memory: 611713240 Bytes (741343232)
2023-10-12 16:01:37,289 [INFO] MainUpdater:2868 - connection check result : 10
2023-10-12 16:01:37,289 [INFO] MainUpdater:2868 - connection check result : 10
2023-10-12 16:01:37,304 [INFO] MicroXplorer:468 - Change Database Path : 
2023-10-12 16:01:37,304 [INFO] MicroXplorer:498 - Change Database Version : DB.6.0.92
2023-10-12 16:01:37,318 [WARN] ThirdParty:871 - waiting for thirdparty lock release [close project]
2023-10-12 16:01:37,318 [INFO] ThirdParty:873 - entering critical section [close project]
2023-10-12 16:01:37,318 [INFO] ThirdParty:883 - exiting critical section [close project]
2023-10-12 16:01:37,319 [INFO] PinOutPanel:1499 - setPackage(No Configuration,No Configuration)
2023-10-12 16:01:37,339 [WARN] IpParametersView:151 - Warning: This peripheral hasn't parameters
2023-10-12 16:01:37,346 [WARN] MainPanel:272 - <html><b><center>Warning: This peripheral has no parameters to be configured<br></b></html>
2023-10-12 16:01:37,353 [INFO] UtilMem:75 - Begin LoadConfig() Used Memory: 635304488 Bytes (741343232)
2023-10-12 16:01:37,358 [INFO] MicroXplorer:468 - Change Database Path : C:/Users/User/.stm32cubemx/databases/DB.6.0.91/db/
2023-10-12 16:01:37,358 [INFO] MicroXplorer:498 - Change Database Version : DB.6.0.91
2023-10-12 16:01:38,713 [INFO] OpenFileManager:308 - Change cursor
2023-10-12 16:01:38,734 [INFO] RulesReader:64 - Compatibility file has been processed (293 Rules)
2023-10-12 16:01:38,737 [INFO] Mcu:1946 - Initializing MCU STM32F429ZITx STM32F429ZITx STM32F429ZIT6
2023-10-12 16:01:39,768 [INFO] Context:659 - Trying to add GPIOservice into a context  which must be forbidden
2023-10-12 16:01:40,047 [INFO] RtosManager:555 - Registered RTOS mode: class=CMSIS, group=RTOS, mode=CMSIS_V1, owner=FREERTOS
2023-10-12 16:01:40,047 [INFO] RtosManager:555 - Registered RTOS mode: class=CMSIS, group=RTOS2, mode=CMSIS_V2, owner=FREERTOS
2023-10-12 16:01:40,047 [INFO] RtosManager:555 - Registered RTOS mode: class=RTOS, group=Core, mode=CMSIS_V1, owner=FREERTOS
2023-10-12 16:01:40,047 [INFO] RtosManager:555 - Registered RTOS mode: class=RTOS, group=Core, mode=CMSIS_V2, owner=FREERTOS
2023-10-12 16:01:40,047 [WARN] ModelIntegratedComponent:184 - Missing modes for component STMicroelectronics:FreeRTOS:0.0.1:STMicroelectronics:RTOS:FreeRTOS:Core:::10.2.0:
2023-10-12 16:01:40,055 [WARN] ModelIntegratedComponent:63 - No mode defined for component null
2023-10-12 16:01:40,055 [WARN] ModelIntegratedComponent:63 - No mode defined for component null
2023-10-12 16:01:40,055 [WARN] ModelIntegratedComponent:63 - No mode defined for component null
2023-10-12 16:01:40,055 [WARN] ModelIntegratedComponent:63 - No mode defined for component null
2023-10-12 16:01:40,055 [WARN] ModelIntegratedComponent:63 - No mode defined for component null
2023-10-12 16:01:40,055 [WARN] ModelIntegratedComponent:63 - No mode defined for component null
2023-10-12 16:01:40,055 [WARN] ModelIntegratedComponent:63 - No mode defined for component null
2023-10-12 16:01:40,055 [WARN] ModelIntegratedComponent:63 - No mode defined for component null
2023-10-12 16:01:40,056 [WARN] ModelIntegratedComponent:63 - No mode defined for component null
2023-10-12 16:01:40,056 [WARN] ModelIntegratedComponent:63 - No mode defined for component null
2023-10-12 16:01:40,056 [WARN] ModelIntegratedComponent:63 - No mode defined for component null
2023-10-12 16:01:40,056 [WARN] ModelIntegratedComponent:63 - No mode defined for component null
2023-10-12 16:01:40,056 [WARN] ModelIntegratedComponent:63 - No mode defined for component null
2023-10-12 16:01:40,056 [WARN] ModelIntegratedComponent:63 - No mode defined for component null
2023-10-12 16:01:40,056 [WARN] ModelIntegratedComponent:63 - No mode defined for component null
2023-10-12 16:01:40,056 [WARN] ModelIntegratedComponent:63 - No mode defined for component null
2023-10-12 16:01:40,056 [WARN] ModelIntegratedComponent:63 - No mode defined for component null
2023-10-12 16:01:40,056 [WARN] ModelIntegratedComponent:63 - No mode defined for component null
2023-10-12 16:01:40,056 [WARN] ModelIntegratedComponent:63 - No mode defined for component null
2023-10-12 16:01:40,056 [WARN] ModelIntegratedComponent:63 - No mode defined for component null
2023-10-12 16:01:40,056 [WARN] ModelIntegratedComponent:63 - No mode defined for component null
2023-10-12 16:01:40,056 [WARN] ModelIntegratedComponent:63 - No mode defined for component null
2023-10-12 16:01:40,056 [WARN] ModelIntegratedComponent:63 - No mode defined for component null
2023-10-12 16:01:40,056 [WARN] ModelIntegratedComponent:63 - No mode defined for component null
2023-10-12 16:01:40,056 [WARN] ModelIntegratedComponent:63 - No mode defined for component null
2023-10-12 16:01:40,056 [WARN] ModelIntegratedComponent:63 - No mode defined for component null
2023-10-12 16:01:40,056 [WARN] ModelIntegratedComponent:63 - No mode defined for component null
2023-10-12 16:01:40,056 [WARN] ModelIntegratedComponent:63 - No mode defined for component null
2023-10-12 16:01:40,056 [WARN] ModelIntegratedComponent:63 - No mode defined for component null
2023-10-12 16:01:40,056 [WARN] ModelIntegratedComponent:63 - No mode defined for component null
2023-10-12 16:01:40,056 [WARN] ModelIntegratedComponent:63 - No mode defined for component null
2023-10-12 16:01:40,056 [WARN] ModelIntegratedComponent:63 - No mode defined for component null
2023-10-12 16:01:40,056 [WARN] ModelIntegratedComponent:63 - No mode defined for component null
2023-10-12 16:01:40,067 [INFO] ThirdPartyModel:298 - Start build external matchings
2023-10-12 16:01:40,249 [INFO] ThirdPartyModel:316 - End build external matchings
2023-10-12 16:01:40,256 [INFO] RtosManager:919 - Current active RTOS is FREERTOS [Cortex-M4NS]
2023-10-12 16:01:40,258 [INFO] ImportTextPane:194 - (OptionalMessage_ERROR) IP (DMA) : Parameter (Instance) has Id (USART2_RX) currently not set
2023-10-12 16:01:40,258 [INFO] ImportTextPane:194 - (OptionalMessage_ERROR) IP (DMA) : Parameter (Channel) has Id (USART2_RX) currently not set
2023-10-12 16:01:40,258 [INFO] ImportTextPane:194 - (OptionalMessage_ERROR) IP (DMA) : Parameter (Direction) has Id (USART2_RX) currently not set
2023-10-12 16:01:40,259 [INFO] ImportTextPane:194 - (OptionalMessage_ERROR) IP (DMA) : Parameter (PeriphInc) has Id (USART2_RX) currently not set
2023-10-12 16:01:40,259 [INFO] ImportTextPane:194 - (OptionalMessage_ERROR) IP (DMA) : Parameter (MemInc) has Id (USART2_RX) currently not set
2023-10-12 16:01:40,259 [INFO] ImportTextPane:194 - (OptionalMessage_ERROR) IP (DMA) : Parameter (PeriphDataAlignment) has Id (USART2_RX) currently not set
2023-10-12 16:01:40,259 [INFO] ImportTextPane:194 - (OptionalMessage_ERROR) IP (DMA) : Parameter (MemDataAlignment) has Id (USART2_RX) currently not set
2023-10-12 16:01:40,259 [INFO] ImportTextPane:194 - (OptionalMessage_ERROR) IP (DMA) : Parameter (Mode) has Id (USART2_RX) currently not set
2023-10-12 16:01:40,259 [INFO] ImportTextPane:194 - (OptionalMessage_ERROR) IP (DMA) : Parameter (Priority) has Id (USART2_RX) currently not set
2023-10-12 16:01:40,259 [INFO] ImportTextPane:194 - (OptionalMessage_ERROR) IP (DMA) : Parameter (FIFOMode) has Id (USART2_RX) currently not set
2023-10-12 16:01:40,259 [INFO] ImportTextPane:194 - (OptionalMessage_ERROR) IP (DMA) : Parameter (Instance) has Id (USART2_TX) currently not set
2023-10-12 16:01:40,259 [INFO] ImportTextPane:194 - (OptionalMessage_ERROR) IP (DMA) : Parameter (Channel) has Id (USART2_TX) currently not set
2023-10-12 16:01:40,259 [INFO] ImportTextPane:194 - (OptionalMessage_ERROR) IP (DMA) : Parameter (Direction) has Id (USART2_TX) currently not set
2023-10-12 16:01:40,259 [INFO] ImportTextPane:194 - (OptionalMessage_ERROR) IP (DMA) : Parameter (PeriphInc) has Id (USART2_TX) currently not set
2023-10-12 16:01:40,259 [INFO] ImportTextPane:194 - (OptionalMessage_ERROR) IP (DMA) : Parameter (MemInc) has Id (USART2_TX) currently not set
2023-10-12 16:01:40,259 [INFO] ImportTextPane:194 - (OptionalMessage_ERROR) IP (DMA) : Parameter (PeriphDataAlignment) has Id (USART2_TX) currently not set
2023-10-12 16:01:40,259 [INFO] ImportTextPane:194 - (OptionalMessage_ERROR) IP (DMA) : Parameter (MemDataAlignment) has Id (USART2_TX) currently not set
2023-10-12 16:01:40,259 [INFO] ImportTextPane:194 - (OptionalMessage_ERROR) IP (DMA) : Parameter (Mode) has Id (USART2_TX) currently not set
2023-10-12 16:01:40,259 [INFO] ImportTextPane:194 - (OptionalMessage_ERROR) IP (DMA) : Parameter (Priority) has Id (USART2_TX) currently not set
2023-10-12 16:01:40,259 [INFO] ImportTextPane:194 - (OptionalMessage_ERROR) IP (DMA) : Parameter (FIFOMode) has Id (USART2_TX) currently not set
2023-10-12 16:01:40,260 [INFO] ImportTextPane:194 - (OptionalMessage_ERROR) IP (ETH) : Invalid parameter (PHY_Name)
2023-10-12 16:01:40,260 [INFO] ImportTextPane:194 - (OptionalMessage_ERROR) IP (ETH) : Invalid parameter (PHY_Value)
2023-10-12 16:01:40,260 [INFO] ImportTextPane:194 - (OptionalMessage_ERROR) IP (ETH) : Invalid parameter (PhyAddress)
2023-10-12 16:01:40,261 [INFO] ImportTextPane:194 - (OptionalMessage_ERROR) IP (RCC) : Invalid parameter (ADC12outputFreq_Value)
2023-10-12 16:01:40,261 [INFO] ImportTextPane:194 - (OptionalMessage_ERROR) IP (RCC) : Invalid parameter (ADC34outputFreq_Value)
2023-10-12 16:01:40,261 [INFO] ImportTextPane:194 - (OptionalMessage_ERROR) IP (RCC) : Invalid parameter (FamilyName)
2023-10-12 16:01:40,262 [INFO] ImportTextPane:194 - (OptionalMessage_ERROR) IP (RCC) : Invalid parameter (I2C1Freq_Value)
2023-10-12 16:01:40,262 [INFO] ImportTextPane:194 - (OptionalMessage_ERROR) IP (RCC) : Invalid parameter (I2C2Freq_Value)
2023-10-12 16:01:40,262 [INFO] ImportTextPane:194 - (OptionalMessage_ERROR) IP (RCC) : Invalid parameter (I2C3Freq_Value)
2023-10-12 16:01:40,262 [INFO] ImportTextPane:194 - (OptionalMessage_ERROR) IP (RCC) : Parameter (MCO2PinFreq_Value) has invalid value (168000000)
2023-10-12 16:01:40,262 [INFO] ImportTextPane:194 - (OptionalMessage_ERROR) IP (RCC) : Invalid parameter (MCOFreq_Value)
2023-10-12 16:01:40,262 [INFO] ImportTextPane:194 - (OptionalMessage_ERROR) IP (RCC) : Invalid parameter (PLLMCOFreq_Value)
2023-10-12 16:01:40,262 [INFO] ImportTextPane:194 - (OptionalMessage_ERROR) IP (RCC) : Invalid parameter (PLLMUL)
2023-10-12 16:01:40,262 [INFO] ImportTextPane:194 - (OptionalMessage_ERROR) IP (RCC) : Invalid parameter (PRESCALERUSB)
2023-10-12 16:01:40,262 [INFO] ImportTextPane:194 - (OptionalMessage_ERROR) IP (RCC) : Parameter (RTCHSEDivFreq_Value) has invalid value (4000000)
2023-10-12 16:01:40,262 [INFO] ImportTextPane:194 - (OptionalMessage_ERROR) IP (RCC) : Invalid parameter (SYSCLKSourceVirtual)
2023-10-12 16:01:40,262 [INFO] ImportTextPane:194 - (OptionalMessage_ERROR) IP (RCC) : Invalid parameter (TIM15Freq_Value)
2023-10-12 16:01:40,262 [INFO] ImportTextPane:194 - (OptionalMessage_ERROR) IP (RCC) : Invalid parameter (TIM16Freq_Value)
2023-10-12 16:01:40,262 [INFO] ImportTextPane:194 - (OptionalMessage_ERROR) IP (RCC) : Invalid parameter (TIM17Freq_Value)
2023-10-12 16:01:40,262 [INFO] ImportTextPane:194 - (OptionalMessage_ERROR) IP (RCC) : Invalid parameter (TIM1Freq_Value)
2023-10-12 16:01:40,262 [INFO] ImportTextPane:194 - (OptionalMessage_ERROR) IP (RCC) : Invalid parameter (TIM20Freq_Value)
2023-10-12 16:01:40,262 [INFO] ImportTextPane:194 - (OptionalMessage_ERROR) IP (RCC) : Invalid parameter (TIM2Freq_Value)
2023-10-12 16:01:40,262 [INFO] ImportTextPane:194 - (OptionalMessage_ERROR) IP (RCC) : Invalid parameter (TIM3Freq_Value)
2023-10-12 16:01:40,262 [INFO] ImportTextPane:194 - (OptionalMessage_ERROR) IP (RCC) : Invalid parameter (TIM8Freq_Value)
2023-10-12 16:01:40,262 [INFO] ImportTextPane:194 - (OptionalMessage_ERROR) IP (RCC) : Invalid parameter (UART4Freq_Value)
2023-10-12 16:01:40,262 [INFO] ImportTextPane:194 - (OptionalMessage_ERROR) IP (RCC) : Invalid parameter (UART5Freq_Value)
2023-10-12 16:01:40,262 [INFO] ImportTextPane:194 - (OptionalMessage_ERROR) IP (RCC) : Invalid parameter (USART1Freq_Value)
2023-10-12 16:01:40,262 [INFO] ImportTextPane:194 - (OptionalMessage_ERROR) IP (RCC) : Invalid parameter (USART2Freq_Value)
2023-10-12 16:01:40,262 [INFO] ImportTextPane:194 - (OptionalMessage_ERROR) IP (RCC) : Invalid parameter (USART3Freq_Value)
2023-10-12 16:01:40,262 [INFO] ImportTextPane:194 - (OptionalMessage_ERROR) IP (RCC) : Invalid parameter (USBFreq_Value)
2023-10-12 16:01:40,263 [INFO] ImportTextPane:194 - (OptionalMessage_ERROR) IP (RCC) : Invalid parameter (VCOOutput2Freq_Value)
2023-10-12 16:01:40,519 [INFO] UtilMem:75 - End LoadConfig() Used Memory: 628305920 Bytes (741343232)
2023-10-12 16:01:40,551 [WARN] ThirdParty:833 - waiting for thirdparty lock release [change project]
2023-10-12 16:01:40,551 [INFO] ThirdParty:835 - entering critical section [change project]
2023-10-12 16:01:40,552 [INFO] ThirdParty:1030 - CMSIS Pack Vendor :STMicroelectronics X-CUBE-ISPU 1.1.0
2023-10-12 16:01:40,552 [INFO] ThirdParty:1030 - CMSIS Pack Vendor :STMicroelectronics USBPD 4.1
2023-10-12 16:01:40,552 [INFO] ThirdParty:1030 - CMSIS Pack Vendor :STMicroelectronics X-CUBE-GNSS1 6.0.0
2023-10-12 16:01:40,552 [INFO] ThirdParty:1030 - CMSIS Pack Vendor :STMicroelectronics USB_HOST 2.0.0
2023-10-12 16:01:40,552 [INFO] ThirdParty:1030 - CMSIS Pack Vendor :STMicroelectronics X-CUBE-AZRTOS-F4 1.1.0
2023-10-12 16:01:40,552 [INFO] ThirdParty:1030 - CMSIS Pack Vendor :STMicroelectronics LIBJPEG 8.0.0
2023-10-12 16:01:40,552 [INFO] ThirdParty:1030 - CMSIS Pack Vendor :wolfSSL I-CUBE-wolfSSL 5.6.3
2023-10-12 16:01:40,552 [INFO] ThirdParty:1030 - CMSIS Pack Vendor :STMicroelectronics X-CUBE-SMBUS 2.1.0
2023-10-12 16:01:40,552 [INFO] ThirdParty:1030 - CMSIS Pack Vendor :STMicroelectronics USB_DEVICE 3.0.0
2023-10-12 16:01:40,552 [INFO] ThirdParty:1030 - CMSIS Pack Vendor :STMicroelectronics X-CUBE-AZRTOS-WB 2.0.0
2023-10-12 16:01:40,552 [INFO] ThirdParty:1030 - CMSIS Pack Vendor :STMicroelectronics X-CUBE-AZRTOS-F7 1.1.0
2023-10-12 16:01:40,552 [INFO] ThirdParty:1030 - CMSIS Pack Vendor :STMicroelectronics X-CUBE-AZRTOS-L5 2.0.0
2023-10-12 16:01:40,552 [INFO] ThirdParty:1030 - CMSIS Pack Vendor :STMicroelectronics USB_DEVICE 2.0.0
2023-10-12 16:01:40,552 [INFO] ThirdParty:1030 - CMSIS Pack Vendor :STMicroelectronics X-CUBE-MEMS1 9.6.0
2023-10-12 16:01:40,552 [INFO] ThirdParty:1030 - CMSIS Pack Vendor :ITTIA_DB I-CUBE-ITTIADB 8.8.0
2023-10-12 16:01:40,552 [INFO] ThirdParty:1030 - CMSIS Pack Vendor :STMicroelectronics FP-SNS-MOTENV1 4.3.2
2023-10-12 16:01:40,552 [INFO] ThirdParty:1030 - CMSIS Pack Vendor :STMicroelectronics X-CUBE-ALGOBUILD 1.3.0
2023-10-12 16:01:40,552 [INFO] ThirdParty:1030 - CMSIS Pack Vendor :STMicroelectronics FreeRTOS 0.0.1
2023-10-12 16:01:40,552 [INFO] ThirdParty:1030 - CMSIS Pack Vendor :STMicroelectronics X-CUBE-AZRTOS-G0 1.1.0
2023-10-12 16:01:40,552 [INFO] ThirdParty:1030 - CMSIS Pack Vendor :STMicroelectronics X-CUBE-BLEMGR 2.0.0
2023-10-12 16:01:40,552 [INFO] ThirdParty:1030 - CMSIS Pack Vendor :STMicroelectronics X-CUBE-NFC4 3.0.0
2023-10-12 16:01:40,552 [INFO] ThirdParty:1030 - CMSIS Pack Vendor :STMicroelectronics X-CUBE-SUBG2 5.0.0
2023-10-12 16:01:40,552 [INFO] ThirdParty:1030 - CMSIS Pack Vendor :STMicroelectronics STM32_WPAN 1.0.0
2023-10-12 16:01:40,552 [INFO] ThirdParty:1030 - CMSIS Pack Vendor :STMicroelectronics lwIP 2.0.3
2023-10-12 16:01:40,552 [INFO] ThirdParty:1030 - CMSIS Pack Vendor :STMicroelectronics FP-SNS-FLIGHT1 5.0.2
2023-10-12 16:01:40,552 [INFO] ThirdParty:1030 - CMSIS Pack Vendor :STMicroelectronics USB_HOST 1.0.0
2023-10-12 16:01:40,552 [INFO] ThirdParty:1030 - CMSIS Pack Vendor :STMicroelectronics X-CUBE-TOF1 3.3.1
2023-10-12 16:01:40,552 [INFO] ThirdParty:1030 - CMSIS Pack Vendor :STMicroelectronics X-CUBE-AZRTOS-G4 2.0.0
2023-10-12 16:01:40,552 [INFO] ThirdParty:1030 - CMSIS Pack Vendor :STMicroelectronics PDM2PCM 3.1.0
2023-10-12 16:01:40,552 [INFO] ThirdParty:1030 - CMSIS Pack Vendor :STMicroelectronics X-CUBE-AZRTOS-H7 3.1.0
2023-10-12 16:01:40,552 [INFO] ThirdParty:1030 - CMSIS Pack Vendor :Infineon AIROC-Wi-Fi-Bluetooth-STM32 1.5.1
2023-10-12 16:01:40,552 [INFO] ThirdParty:1030 - CMSIS Pack Vendor :STMicroelectronics PDM2PCM 3.3.0
2023-10-12 16:01:40,552 [INFO] ThirdParty:1030 - CMSIS Pack Vendor :STMicroelectronics X-CUBE-DISPLAY 3.0.0
2023-10-12 16:01:40,552 [INFO] ThirdParty:1030 - CMSIS Pack Vendor :STMicroelectronics X-CUBE-BLE1 7.0.0
2023-10-12 16:01:40,552 [INFO] ThirdParty:1030 - CMSIS Pack Vendor :STMicroelectronics FP-ATR-SIGFOX1 3.2.0
2023-10-12 16:01:40,552 [INFO] ThirdParty:1030 - CMSIS Pack Vendor :STMicroelectronics HAL Drivers 0.0.0
2023-10-12 16:01:40,552 [INFO] ThirdParty:1030 - CMSIS Pack Vendor :STMicroelectronics MBEDTLS 2.16.2
2023-10-12 16:01:40,552 [INFO] ThirdParty:1030 - CMSIS Pack Vendor :emotas I-CUBE-CANOPEN 1.3.0
2023-10-12 16:01:40,552 [INFO] ThirdParty:1030 - CMSIS Pack Vendor :STMicroelectronics X-CUBE-FREERTOS 1.1.0
2023-10-12 16:01:40,552 [INFO] ThirdParty:1030 - CMSIS Pack Vendor :STMicroelectronics X-CUBE-TOUCHGFX 4.22.0
2023-10-12 16:01:40,552 [INFO] ThirdParty:1030 - CMSIS Pack Vendor :STMicroelectronics X-CUBE-NFC7 1.0.1
2023-10-12 16:01:40,552 [INFO] ThirdParty:1030 - CMSIS Pack Vendor :STMicroelectronics MBEDTLS 2.14.1
2023-10-12 16:01:40,552 [INFO] ThirdParty:1030 - CMSIS Pack Vendor :STMicroelectronics X-CUBE-TOUCHGFX 4.22.1
2023-10-12 16:01:40,552 [INFO] ThirdParty:1030 - CMSIS Pack Vendor :STMicroelectronics X-CUBE-NFC6 3.0.0
2023-10-12 16:01:40,553 [INFO] ThirdParty:1030 - CMSIS Pack Vendor :STMicroelectronics X-CUBE-EEPRMA1 4.1.0
2023-10-12 16:01:40,553 [INFO] ThirdParty:1030 - CMSIS Pack Vendor :portGmbH I-Cube-SoM-uGOAL 1.1.0
2023-10-12 16:01:40,553 [INFO] ThirdParty:1030 - CMSIS Pack Vendor :STMicroelectronics X-CUBE-ALS 1.0.1
2023-10-12 16:01:40,553 [INFO] ThirdParty:1030 - CMSIS Pack Vendor :STMicroelectronics ThreadX 1.0.0
2023-10-12 16:01:40,553 [INFO] ThirdParty:1030 - CMSIS Pack Vendor :STMicroelectronics FP-SNS-SMARTAG2 1.2.0
2023-10-12 16:01:40,553 [INFO] ThirdParty:1030 - CMSIS Pack Vendor :STMicroelectronics X-CUBE-AZRTOS-WL 2.0.0
2023-10-12 16:01:40,553 [INFO] ThirdParty:1030 - CMSIS Pack Vendor :SEGGER I-CUBE-embOS 1.3.1
2023-10-12 16:01:40,553 [INFO] ThirdParty:1030 - CMSIS Pack Vendor :STMicroelectronics USB_DEVICE 1.0.0
2023-10-12 16:01:40,553 [INFO] ThirdParty:1030 - CMSIS Pack Vendor :STMicroelectronics X-CUBE-AI 8.1.0
2023-10-12 16:01:40,553 [INFO] ThirdParty:1030 - CMSIS Pack Vendor :STMicroelectronics X-CUBE-AZRTOS-L4 2.0.0
2023-10-12 16:01:40,553 [INFO] ThirdParty:1030 - CMSIS Pack Vendor :STMicroelectronics ThreadX 0.0.2
2023-10-12 16:01:40,553 [INFO] ThirdParty:1030 - CMSIS Pack Vendor :WES I-CUBE-Cesium 1.3.0
2023-10-12 16:01:40,553 [INFO] ThirdParty:1030 - CMSIS Pack Vendor :STMicroelectronics FP-ATR-ASTRA1 2.0.0
2023-10-12 16:01:40,553 [INFO] ThirdParty:1030 - CMSIS Pack Vendor :STMicroelectronics lwIP 2.1.2
2023-10-12 16:01:40,553 [INFO] ThirdParty:1030 - CMSIS Pack Vendor :STMicroelectronics X-CUBE-SFXS2LP1 4.0.0
2023-10-12 16:01:40,553 [INFO] ThirdParty:1030 - CMSIS Pack Vendor :STMicroelectronics X-CUBE-BLE2 3.3.0
2023-10-12 16:01:40,553 [INFO] ThirdParty:1030 - CMSIS Pack Vendor :STMicroelectronics PDM2PCM 3.2.0
2023-10-12 16:01:40,553 [INFO] ThirdParty:841 - exiting critical section [change project]
2023-10-12 16:01:40,683 [INFO] PinOutPanel:1499 - setPackage(No Configuration,No Configuration)
2023-10-12 16:01:40,684 [INFO] PinOutPanel:1499 - setPackage(STM32F429ZITx,LQFP144)
2023-10-12 16:01:40,848 [INFO] UtilMem:75 - Before build in PCC Used Memory: 466450800 Bytes (741343232)
2023-10-12 16:01:41,009 [INFO] UtilMem:75 - After build in PCC Used Memory: 513901408 Bytes (741343232)
2023-10-12 16:01:41,014 [INFO] ApiDbMcu:507 - Load IP Config File for FREERTOS
2023-10-12 16:01:41,032 [INFO] IPUIPlugin:80 - create IPUIPlugin
2023-10-12 16:01:41,032 [INFO] IPUIPlugin:80 - create IPUIPlugin
2023-10-12 16:01:41,032 [INFO] IPUIPlugin:80 - create IPUIPlugin
2023-10-12 16:01:41,032 [INFO] IPUIPlugin:80 - create IPUIPlugin
2023-10-12 16:01:41,032 [INFO] IPUIPlugin:80 - create IPUIPlugin
2023-10-12 16:01:41,033 [INFO] IPUIPlugin:80 - create IPUIPlugin
2023-10-12 16:01:41,033 [INFO] IPUIPlugin:80 - create IPUIPlugin
2023-10-12 16:01:41,033 [INFO] IPUIPlugin:80 - create IPUIPlugin
2023-10-12 16:01:41,033 [INFO] IPUIPlugin:80 - create IPUIPlugin
2023-10-12 16:01:41,033 [INFO] IPUIPlugin:80 - create IPUIPlugin
2023-10-12 16:01:41,033 [INFO] IPUIPlugin:80 - create IPUIPlugin
2023-10-12 16:01:41,033 [INFO] IPUIPlugin:80 - create IPUIPlugin
2023-10-12 16:01:41,033 [INFO] IPUIPlugin:80 - create IPUIPlugin
2023-10-12 16:01:41,033 [INFO] IPUIPlugin:80 - create IPUIPlugin
2023-10-12 16:01:41,033 [INFO] IPUIPlugin:80 - create IPUIPlugin
2023-10-12 16:01:41,033 [INFO] IPUIPlugin:80 - create IPUIPlugin
2023-10-12 16:01:41,033 [INFO] IPUIPlugin:80 - create IPUIPlugin
2023-10-12 16:01:41,034 [INFO] IPUIPlugin:80 - create IPUIPlugin
2023-10-12 16:01:41,034 [INFO] IPUIPlugin:80 - create IPUIPlugin
2023-10-12 16:01:41,034 [INFO] IPUIPlugin:80 - create IPUIPlugin
2023-10-12 16:01:41,034 [INFO] IPUIPlugin:80 - create IPUIPlugin
2023-10-12 16:01:41,034 [INFO] IPUIPlugin:80 - create IPUIPlugin
2023-10-12 16:01:41,034 [INFO] IPUIPlugin:80 - create IPUIPlugin
2023-10-12 16:01:41,034 [INFO] IPUIPlugin:80 - create IPUIPlugin
2023-10-12 16:01:41,034 [INFO] IPUIPlugin:80 - create IPUIPlugin
2023-10-12 16:01:41,035 [INFO] IPUIPlugin:80 - create IPUIPlugin
2023-10-12 16:01:41,035 [INFO] IPUIPlugin:80 - create IPUIPlugin
2023-10-12 16:01:41,035 [INFO] IPUIPlugin:80 - create IPUIPlugin
2023-10-12 16:01:41,035 [INFO] IPUIPlugin:80 - create IPUIPlugin
2023-10-12 16:01:41,035 [INFO] IPUIPlugin:80 - create IPUIPlugin
2023-10-12 16:01:41,035 [INFO] IPUIPlugin:80 - create IPUIPlugin
2023-10-12 16:01:41,035 [INFO] IPUIPlugin:80 - create IPUIPlugin
2023-10-12 16:01:41,036 [INFO] IPUIPlugin:80 - create IPUIPlugin
2023-10-12 16:01:41,036 [INFO] IPUIPlugin:80 - create IPUIPlugin
2023-10-12 16:01:41,036 [INFO] IPUIPlugin:80 - create IPUIPlugin
2023-10-12 16:01:41,036 [INFO] IPUIPlugin:80 - create IPUIPlugin
2023-10-12 16:01:41,036 [INFO] IPUIPlugin:80 - create IPUIPlugin
2023-10-12 16:01:41,036 [INFO] IPUIPlugin:80 - create IPUIPlugin
2023-10-12 16:01:41,036 [INFO] IPUIPlugin:80 - create IPUIPlugin
2023-10-12 16:01:41,037 [INFO] IPUIPlugin:80 - create IPUIPlugin
2023-10-12 16:01:41,037 [INFO] IPUIPlugin:80 - create IPUIPlugin
2023-10-12 16:01:41,037 [INFO] IPUIPlugin:80 - create IPUIPlugin
2023-10-12 16:01:41,038 [INFO] IPUIPlugin:80 - create IPUIPlugin
2023-10-12 16:01:41,038 [INFO] IPUIPlugin:80 - create IPUIPlugin
2023-10-12 16:01:41,038 [INFO] IPUIPlugin:80 - create IPUIPlugin
2023-10-12 16:01:41,038 [INFO] IPUIPlugin:80 - create IPUIPlugin
2023-10-12 16:01:41,038 [INFO] IPUIPlugin:80 - create IPUIPlugin
2023-10-12 16:01:41,039 [INFO] IPUIPlugin:80 - create IPUIPlugin
2023-10-12 16:01:41,039 [INFO] IPUIPlugin:80 - create IPUIPlugin
2023-10-12 16:01:41,039 [INFO] IPUIPlugin:80 - create IPUIPlugin
2023-10-12 16:01:41,039 [INFO] IPUIPlugin:80 - create IPUIPlugin
2023-10-12 16:01:41,039 [INFO] IPUIPlugin:80 - create IPUIPlugin
2023-10-12 16:01:41,039 [INFO] IPUIPlugin:80 - create IPUIPlugin
2023-10-12 16:01:41,040 [INFO] IPUIPlugin:80 - create IPUIPlugin
2023-10-12 16:01:41,040 [INFO] IPUIPlugin:80 - create IPUIPlugin
2023-10-12 16:01:41,040 [INFO] IPUIPlugin:80 - create IPUIPlugin
2023-10-12 16:01:41,040 [INFO] IPUIPlugin:80 - create IPUIPlugin
2023-10-12 16:01:41,041 [INFO] IPUIPlugin:80 - create IPUIPlugin
2023-10-12 16:01:41,041 [INFO] IPUIPlugin:80 - create IPUIPlugin
2023-10-12 16:01:41,041 [INFO] IPUIPlugin:80 - create IPUIPlugin
2023-10-12 16:01:41,042 [INFO] IPUIPlugin:80 - create IPUIPlugin
2023-10-12 16:01:41,042 [INFO] IPUIPlugin:80 - create IPUIPlugin
2023-10-12 16:01:41,042 [INFO] IPUIPlugin:80 - create IPUIPlugin
2023-10-12 16:01:41,043 [INFO] IPUIPlugin:80 - create IPUIPlugin
2023-10-12 16:01:41,043 [INFO] IPUIPlugin:80 - create IPUIPlugin
2023-10-12 16:01:41,043 [INFO] IPUIPlugin:80 - create IPUIPlugin
2023-10-12 16:01:41,047 [INFO] ApiDbMcu:507 - Load IP Config File for PDM2PCM
2023-10-12 16:01:41,053 [WARN] FreeRTOS:1023 - Null or empty value: should not occur! (nothing added to the table)
2023-10-12 16:01:41,093 [INFO] CADModel:165 - CPN selected for project levelSTM32F429ZIT6
2023-10-12 16:01:41,094 [INFO] CADModel:114 - Register for checkConnection events
2023-10-12 16:01:41,096 [INFO] RtosManager:697 - Active RTOS found at IOC load: FREERTOS [Cortex-M4NS]
2023-10-12 16:01:41,153 [INFO] OpenFileManager:328 - Restore cursor
2023-10-12 16:02:11,906 [INFO] UtilMem:75 - End SaveConfig() Used Memory: 348227040 Bytes (741343232)
2023-10-12 16:02:16,606 [INFO] UtilMem:75 - End SaveConfig() Used Memory: 401323648 Bytes (741343232)
2023-10-12 16:02:17,872 [INFO] UtilMem:75 - End SaveConfig() Used Memory: 440645936 Bytes (741343232)
2023-10-12 16:02:19,480 [INFO] UtilMem:75 - End SaveConfig() Used Memory: 484687440 Bytes (741343232)
2023-10-12 16:02:24,436 [INFO] BlockDiagram:2759 - set Specific Code input for plugin: FREERTOS
2023-10-12 16:02:24,436 [INFO] BlockDiagram:2759 - set Specific Code input for plugin: TIM1_8
2023-10-12 16:02:24,436 [INFO] BlockDiagram:2759 - set Specific Code input for plugin: SYS
2023-10-12 16:02:24,436 [INFO] BlockDiagram:2759 - set Specific Code input for plugin: RCC
2023-10-12 16:02:24,436 [INFO] BlockDiagram:2759 - set Specific Code input for plugin: USB_OTG_FS
2023-10-12 16:02:24,436 [INFO] BlockDiagram:2759 - set Specific Code input for plugin: NVIC
2023-10-12 16:02:24,436 [INFO] BlockDiagram:2759 - set Specific Code input for plugin: USART
2023-10-12 16:02:24,436 [INFO] BlockDiagram:2759 - set Specific Code input for plugin: USART
2023-10-12 16:02:24,436 [INFO] BlockDiagram:2759 - set Specific Code input for plugin: DMA
2023-10-12 16:02:24,436 [INFO] BlockDiagram:2759 - set Specific Code input for plugin: GPIO
2023-10-12 16:02:24,436 [INFO] BlockDiagram:2759 - set Specific Code input for plugin: ETH
2023-10-12 16:02:24,438 [INFO] CodeGenerator:799 - code generatio: config db path: C:/Users/User/.stm32cubemx/databases/DB.6.0.91/db/
2023-10-12 16:02:24,615 [INFO] CodeEngine:255 - oldGeneratedFile, C:\Users\User\Desktop\stm32\rtos_msg_q\MXTmpFiles\license.tmp_save
2023-10-12 16:02:24,898 [INFO] CodeEngine:279 - Generated code: C:\Users\User\Desktop\stm32\rtos_msg_q\MXTmpFiles\license.tmp
2023-10-12 16:02:24,972 [INFO] CodeEngine:255 - oldGeneratedFile, C:\Users\User\Desktop\stm32\rtos_msg_q\MXTmpFiles\gpio.tmp_save
2023-10-12 16:02:25,125 [INFO] CodeEngine:279 - Generated code: C:\Users\User\Desktop\stm32\rtos_msg_q\MXTmpFiles\gpio.tmp
2023-10-12 16:02:25,555 [WARN] IPConfigManager:2937 - Warning: the RefConfig PWREx_EnableUSBVoltageDetector is not available in your config.xml file
2023-10-12 16:02:25,603 [INFO] Middleware:1439 - No code input for Bsp Dependency
2023-10-12 16:02:25,618 [INFO] CodeEngine:255 - oldGeneratedFile, C:\Users\User\Desktop\stm32\rtos_msg_q\MXTmpFiles\rtos_inc.tmp_save
2023-10-12 16:02:25,715 [INFO] CodeEngine:279 - Generated code: C:\Users\User\Desktop\stm32\rtos_msg_q\MXTmpFiles\rtos_inc.tmp
2023-10-12 16:02:25,725 [INFO] CodeEngine:255 - oldGeneratedFile, C:\Users\User\Desktop\stm32\rtos_msg_q\MXTmpFiles\rtos_kernelInit.tmp_save
2023-10-12 16:02:25,798 [INFO] CodeEngine:279 - Generated code: C:\Users\User\Desktop\stm32\rtos_msg_q\MXTmpFiles\rtos_kernelInit.tmp
2023-10-12 16:02:25,807 [INFO] CodeEngine:255 - oldGeneratedFile, C:\Users\User\Desktop\stm32\rtos_msg_q\MXTmpFiles\rtos_kernelStart.tmp_save
2023-10-12 16:02:25,867 [INFO] CodeEngine:279 - Generated code: C:\Users\User\Desktop\stm32\rtos_msg_q\MXTmpFiles\rtos_kernelStart.tmp
2023-10-12 16:02:25,877 [INFO] CodeEngine:255 - oldGeneratedFile, C:\Users\User\Desktop\stm32\rtos_msg_q\MXTmpFiles\rtos_typedefs.tmp_save
2023-10-12 16:02:25,931 [INFO] CodeEngine:279 - Generated code: C:\Users\User\Desktop\stm32\rtos_msg_q\MXTmpFiles\rtos_typedefs.tmp
2023-10-12 16:02:25,936 [INFO] CodeEngine:255 - oldGeneratedFile, C:\Users\User\Desktop\stm32\rtos_msg_q\MXTmpFiles\rtos_vars.tmp_save
2023-10-12 16:02:26,001 [INFO] CodeEngine:279 - Generated code: C:\Users\User\Desktop\stm32\rtos_msg_q\MXTmpFiles\rtos_vars.tmp
2023-10-12 16:02:26,009 [INFO] CodeEngine:255 - oldGeneratedFile, C:\Users\User\Desktop\stm32\rtos_msg_q\MXTmpFiles\rtos_pfp.tmp_save
2023-10-12 16:02:26,062 [INFO] CodeEngine:279 - Generated code: C:\Users\User\Desktop\stm32\rtos_msg_q\MXTmpFiles\rtos_pfp.tmp
2023-10-12 16:02:26,069 [INFO] CodeEngine:255 - oldGeneratedFile, C:\Users\User\Desktop\stm32\rtos_msg_q\MXTmpFiles\rtos_obj_creat.tmp_save
2023-10-12 16:02:26,120 [INFO] CodeEngine:279 - Generated code: C:\Users\User\Desktop\stm32\rtos_msg_q\MXTmpFiles\rtos_obj_creat.tmp
2023-10-12 16:02:26,126 [INFO] CodeEngine:255 - oldGeneratedFile, C:\Users\User\Desktop\stm32\rtos_msg_q\MXTmpFiles\rtos_default_thread.tmp_save
2023-10-12 16:02:26,174 [INFO] CodeEngine:279 - Generated code: C:\Users\User\Desktop\stm32\rtos_msg_q\MXTmpFiles\rtos_default_thread.tmp
2023-10-12 16:02:26,181 [INFO] CodeEngine:255 - oldGeneratedFile, C:\Users\User\Desktop\stm32\rtos_msg_q\MXTmpFiles\rtos_threads.tmp_save
2023-10-12 16:02:26,226 [INFO] CodeEngine:279 - Generated code: C:\Users\User\Desktop\stm32\rtos_msg_q\MXTmpFiles\rtos_threads.tmp
2023-10-12 16:02:26,245 [INFO] Middleware:1439 - No code input for Bsp Dependency
2023-10-12 16:02:26,255 [INFO] CodeEngine:255 - oldGeneratedFile, C:\Users\User\Desktop\stm32\rtos_msg_q\MXTmpFiles\rtos_inc.tmp_save
2023-10-12 16:02:26,303 [INFO] CodeEngine:279 - Generated code: C:\Users\User\Desktop\stm32\rtos_msg_q\MXTmpFiles\rtos_inc.tmp
2023-10-12 16:02:26,310 [INFO] CodeEngine:255 - oldGeneratedFile, C:\Users\User\Desktop\stm32\rtos_msg_q\MXTmpFiles\rtos_kernelInit.tmp_save
2023-10-12 16:02:26,357 [INFO] CodeEngine:279 - Generated code: C:\Users\User\Desktop\stm32\rtos_msg_q\MXTmpFiles\rtos_kernelInit.tmp
2023-10-12 16:02:26,364 [INFO] CodeEngine:255 - oldGeneratedFile, C:\Users\User\Desktop\stm32\rtos_msg_q\MXTmpFiles\rtos_kernelStart.tmp_save
2023-10-12 16:02:26,409 [INFO] CodeEngine:279 - Generated code: C:\Users\User\Desktop\stm32\rtos_msg_q\MXTmpFiles\rtos_kernelStart.tmp
2023-10-12 16:02:26,417 [INFO] CodeEngine:255 - oldGeneratedFile, C:\Users\User\Desktop\stm32\rtos_msg_q\MXTmpFiles\rtos_typedefs.tmp_save
2023-10-12 16:02:26,466 [INFO] CodeEngine:279 - Generated code: C:\Users\User\Desktop\stm32\rtos_msg_q\MXTmpFiles\rtos_typedefs.tmp
2023-10-12 16:02:26,474 [INFO] CodeEngine:255 - oldGeneratedFile, C:\Users\User\Desktop\stm32\rtos_msg_q\MXTmpFiles\rtos_vars.tmp_save
2023-10-12 16:02:26,523 [INFO] CodeEngine:279 - Generated code: C:\Users\User\Desktop\stm32\rtos_msg_q\MXTmpFiles\rtos_vars.tmp
2023-10-12 16:02:26,531 [INFO] CodeEngine:255 - oldGeneratedFile, C:\Users\User\Desktop\stm32\rtos_msg_q\MXTmpFiles\rtos_pfp.tmp_save
2023-10-12 16:02:26,577 [INFO] CodeEngine:279 - Generated code: C:\Users\User\Desktop\stm32\rtos_msg_q\MXTmpFiles\rtos_pfp.tmp
2023-10-12 16:02:26,585 [INFO] CodeEngine:255 - oldGeneratedFile, C:\Users\User\Desktop\stm32\rtos_msg_q\MXTmpFiles\rtos_obj_creat.tmp_save
2023-10-12 16:02:26,633 [INFO] CodeEngine:279 - Generated code: C:\Users\User\Desktop\stm32\rtos_msg_q\MXTmpFiles\rtos_obj_creat.tmp
2023-10-12 16:02:26,640 [INFO] CodeEngine:255 - oldGeneratedFile, C:\Users\User\Desktop\stm32\rtos_msg_q\MXTmpFiles\rtos_default_thread.tmp_save
2023-10-12 16:02:26,686 [INFO] CodeEngine:279 - Generated code: C:\Users\User\Desktop\stm32\rtos_msg_q\MXTmpFiles\rtos_default_thread.tmp
2023-10-12 16:02:26,694 [INFO] CodeEngine:255 - oldGeneratedFile, C:\Users\User\Desktop\stm32\rtos_msg_q\MXTmpFiles\rtos_threads.tmp_save
2023-10-12 16:02:26,737 [INFO] CodeEngine:279 - Generated code: C:\Users\User\Desktop\stm32\rtos_msg_q\MXTmpFiles\rtos_threads.tmp
2023-10-12 16:02:26,758 [INFO] CodeEngine:255 - oldGeneratedFile, C:\Users\User\Desktop\stm32\rtos_msg_q\Core\Inc\FreeRTOSConfig.h_save
2023-10-12 16:02:26,823 [INFO] CodeEngine:279 - Generated code: C:\Users\User\Desktop\stm32\rtos_msg_q\Core\Inc\FreeRTOSConfig.h
2023-10-12 16:02:26,836 [INFO] CodeEngine:255 - oldGeneratedFile, C:\Users\User\Desktop\stm32\rtos_msg_q\Core\Src\freertos.c_save
2023-10-12 16:02:26,909 [INFO] CodeEngine:279 - Generated code: C:\Users\User\Desktop\stm32\rtos_msg_q\Core\Src\freertos.c
2023-10-12 16:02:26,958 [INFO] CodeEngine:255 - oldGeneratedFile, C:\Users\User\Desktop\stm32\rtos_msg_q\MXTmpFiles\dma.tmp_save
2023-10-12 16:02:27,014 [INFO] CodeEngine:279 - Generated code: C:\Users\User\Desktop\stm32\rtos_msg_q\MXTmpFiles\dma.tmp
2023-10-12 16:02:27,019 [INFO] CodeEngine:255 - oldGeneratedFile, C:\Users\User\Desktop\stm32\rtos_msg_q\MXTmpFiles\dma_GV.tmp_save
2023-10-12 16:02:27,065 [INFO] CodeEngine:279 - Generated code: C:\Users\User\Desktop\stm32\rtos_msg_q\MXTmpFiles\dma_GV.tmp
2023-10-12 16:02:27,088 [INFO] CodeEngine:255 - oldGeneratedFile, C:\Users\User\Desktop\stm32\rtos_msg_q\Core\Src\stm32f4xx_it.c_save
2023-10-12 16:02:27,161 [INFO] CodeEngine:279 - Generated code: C:\Users\User\Desktop\stm32\rtos_msg_q\Core\Src\stm32f4xx_it.c
2023-10-12 16:02:27,171 [INFO] CodeEngine:255 - oldGeneratedFile, C:\Users\User\Desktop\stm32\rtos_msg_q\Core\Inc\stm32f4xx_it.h_save
2023-10-12 16:02:27,221 [INFO] CodeEngine:279 - Generated code: C:\Users\User\Desktop\stm32\rtos_msg_q\Core\Inc\stm32f4xx_it.h
2023-10-12 16:02:27,238 [INFO] CodeEngine:255 - oldGeneratedFile, C:\Users\User\Desktop\stm32\rtos_msg_q\Core\Src\stm32f4xx_hal_msp.c_save
2023-10-12 16:02:27,361 [INFO] CodeEngine:279 - Generated code: C:\Users\User\Desktop\stm32\rtos_msg_q\Core\Src\stm32f4xx_hal_msp.c
2023-10-12 16:02:27,372 [INFO] CodeEngine:255 - oldGeneratedFile, C:\Users\User\Desktop\stm32\rtos_msg_q\MXTmpFiles\system.tmp_save
2023-10-12 16:02:27,432 [INFO] CodeEngine:279 - Generated code: C:\Users\User\Desktop\stm32\rtos_msg_q\MXTmpFiles\system.tmp
2023-10-12 16:02:27,451 [INFO] CodeEngine:311 - oldGeneratedFile, C:\Users\User\Desktop\stm32\rtos_msg_q\Core\Inc\stm32f4xx_hal_conf.h_save
2023-10-12 16:02:27,515 [INFO] CodeEngine:335 - Generated code: C:\Users\User\Desktop\stm32\rtos_msg_q\Core\Inc\stm32f4xx_hal_conf.h
2023-10-12 16:02:27,544 [WARN] IPConfigManager:3431 - IP not found : TIM
2023-10-12 16:02:27,544 [WARN] IPConfigManager:3431 - IP not found : USB_OTG
2023-10-12 16:02:27,545 [WARN] CodeGenerator:3764 - IP not found : null
2023-10-12 16:02:27,545 [WARN] CodeGenerator:3764 - IP not found : null
2023-10-12 16:02:27,559 [INFO] CodeEngine:255 - oldGeneratedFile, C:\Users\User\Desktop\stm32\rtos_msg_q\Core\Inc\main.h_save
2023-10-12 16:02:27,631 [INFO] CodeEngine:279 - Generated code: C:\Users\User\Desktop\stm32\rtos_msg_q\Core\Inc\main.h
2023-10-12 16:02:27,647 [INFO] CodeEngine:255 - oldGeneratedFile, C:\Users\User\Desktop\stm32\rtos_msg_q\Core\Src\main.c_save
2023-10-12 16:02:27,807 [INFO] CodeEngine:279 - Generated code: C:\Users\User\Desktop\stm32\rtos_msg_q\Core\Src\main.c
2023-10-12 16:02:28,508 [INFO] ProjectBuilder:3064 - Time for Copy HAL[1] : 470mS.
2023-10-12 16:02:28,517 [INFO] ProjectBuilder:4404 - Project Generator version: 4.1.0
2023-10-12 16:02:28,716 [INFO] ConfigFileManager:1457 - The Die is : DIE419
2023-10-12 16:02:28,723 [INFO] ApiDbMcu:507 - Load IP Config File for FATFS
2023-10-12 16:02:28,727 [INFO] ApiDbMcu:507 - Load IP Config File for LIBJPEG
2023-10-12 16:02:28,735 [INFO] ApiDbMcu:507 - Load IP Config File for LWIP
2023-10-12 16:02:28,744 [INFO] ApiDbMcu:507 - Load IP Config File for MBEDTLS
2023-10-12 16:02:28,756 [INFO] ApiDbMcu:507 - Load IP Config File for USB_DEVICE
2023-10-12 16:02:28,764 [INFO] ApiDbMcu:507 - Load IP Config File for USB_HOST
2023-10-12 16:02:29,376 [INFO] LogOutputStream:77 - [STDOUT_REDIRECT] 
2023-10-12 16:02:30,954 [INFO] ProjectBuilder:4626 - Time for Generating toolchain IDE Files: 2437mS.
2023-10-12 16:02:30,956 [INFO] ProjectBuilder:2935 - Time for Copy CMSIS : 1mS.
2023-10-12 16:02:30,968 [INFO] ProjectBuilder:2935 - Time for Copy CMSIS : 1mS.
2023-10-12 20:35:21,266 [ERROR] LogOutputStream:75 - [STDERR_REDIRECT] 
