2023-10-10 13:39:41,125 [INFO] Activator:176 - 


2023-10-10 13:39:41,132 [INFO] Activator:177 - !SESSION log4j initialized
2023-10-10 13:39:48,053 [INFO] LogOutputStream:77 - [STDOUT_REDIRECT] 
2023-10-10 13:40:03,113 [INFO] ApplicationProperties:184 - Using Application install path: C:\ST\STM32CubeIDE_1.13.0\STM32CubeIDE\plugins\com.st.stm32cube.common.mx_6.9.0.202307051724
2023-10-10 13:40:03,131 [INFO] DbMcusXml:78 - Set database path to: C:\ST\STM32CubeIDE_1.13.0\STM32CubeIDE\plugins\com.st.stm32cube.common.mx_6.9.0.202307051724\\db\/mcu/
2023-10-10 13:40:03,132 [INFO] ApiDb:274 - Set plugin database path to: C:\ST\STM32CubeIDE_1.13.0\STM32CubeIDE\plugins\com.st.stm32cube.common.mx_6.9.0.202307051724\\db\/plugins/boardmanager/
2023-10-10 13:40:03,132 [WARN] ApiDb:259 - Overriding images path with different value:  => C:\ST\STM32CubeIDE_1.13.0\STM32CubeIDE\plugins\com.st.stm32cube.common.mx_6.9.0.202307051724\\db\/plugins/mcufinder/images/
2023-10-10 13:40:03,142 [INFO] ApiDb:250 - Set database path to: C:\Users\User\.stmcufinder\plugins\mcufinder//mcu/
2023-10-10 13:40:03,143 [INFO] DbMcusAds:125 - Set database path to: C:\Users\User\.stmcufinder\plugins\mcufinder//mcu/
2023-10-10 13:40:03,185 [INFO] CrossReferenceDbSqlite:203 - Set database path to: C:\Users\User\.stmcufinder\plugins\mcufinder//mcu/cs/
2023-10-10 13:40:03,279 [INFO] RulesReader:64 - Compatibility file has been processed (293 Rules)
2023-10-10 13:40:03,369 [INFO] DbMcusXml:78 - Set database path to: C:\ST\STM32CubeIDE_1.13.0\STM32CubeIDE\plugins\com.st.stm32cube.common.mx_6.9.0.202307051724\\db\/mcu/
2023-10-10 13:40:03,369 [INFO] ApiDb:274 - Set plugin database path to: C:\ST\STM32CubeIDE_1.13.0\STM32CubeIDE\plugins\com.st.stm32cube.common.mx_6.9.0.202307051724\\db\/plugins/boardmanager/
2023-10-10 13:40:03,369 [INFO] ApiDb:261 - Set plugin images path to: C:\ST\STM32CubeIDE_1.13.0\STM32CubeIDE\plugins\com.st.stm32cube.common.mx_6.9.0.202307051724\\db\/plugins/mcufinder/images/
2023-10-10 13:40:03,369 [WARN] DbFile:41 - Overriding database path with different value: C:\Users\User\.stmcufinder\plugins\mcufinder/ => C:\Users\User\.stmcufinder\plugins\mcufinder
2023-10-10 13:40:03,369 [INFO] ApiDb:250 - Set database path to: C:\Users\User\.stmcufinder\plugins\mcufinder//mcu/
2023-10-10 13:40:03,369 [WARN] DbFile:41 - Overriding database path with different value: C:\Users\User\.stmcufinder\plugins\mcufinder/ => C:\Users\User\.stmcufinder\plugins\mcufinder
2023-10-10 13:40:03,369 [INFO] DbMcusAds:125 - Set database path to: C:\Users\User\.stmcufinder\plugins\mcufinder//mcu/
2023-10-10 13:40:03,369 [WARN] DbFile:41 - Overriding database path with different value: C:\Users\User\.stmcufinder\plugins\mcufinder/ => C:\Users\User\.stmcufinder\plugins\mcufinder
2023-10-10 13:40:03,369 [WARN] DbFile:41 - Overriding database path with different value: C:\Users\User\.stmcufinder\plugins\mcufinder/ => C:\Users\User\.stmcufinder\plugins\mcufinder
2023-10-10 13:40:03,369 [INFO] CrossReferenceDbSqlite:203 - Set database path to: C:\Users\User\.stmcufinder\plugins\mcufinder//mcu/cs/
2023-10-10 13:40:03,450 [INFO] MainPanel:262 - HeapMemory: 268435456
2023-10-10 13:40:03,545 [INFO] DbMcusXml:78 - Set database path to: C:\ST\STM32CubeIDE_1.13.0\STM32CubeIDE\plugins\com.st.stm32cube.common.mx_6.9.0.202307051724\\db\/mcu/
2023-10-10 13:40:03,545 [INFO] ApiDb:274 - Set plugin database path to: C:\ST\STM32CubeIDE_1.13.0\STM32CubeIDE\plugins\com.st.stm32cube.common.mx_6.9.0.202307051724\\db\/plugins/boardmanager/
2023-10-10 13:40:03,545 [INFO] ApiDb:261 - Set plugin images path to: C:\ST\STM32CubeIDE_1.13.0\STM32CubeIDE\plugins\com.st.stm32cube.common.mx_6.9.0.202307051724\\db\/plugins/mcufinder/images/
2023-10-10 13:40:03,545 [WARN] DbFile:41 - Overriding database path with different value: C:\Users\User\.stmcufinder\plugins\mcufinder/ => C:\Users\User\.stmcufinder\plugins\mcufinder
2023-10-10 13:40:03,546 [INFO] ApiDb:250 - Set database path to: C:\Users\User\.stmcufinder\plugins\mcufinder//mcu/
2023-10-10 13:40:03,546 [WARN] DbFile:41 - Overriding database path with different value: C:\Users\User\.stmcufinder\plugins\mcufinder/ => C:\Users\User\.stmcufinder\plugins\mcufinder
2023-10-10 13:40:03,546 [INFO] DbMcusAds:125 - Set database path to: C:\Users\User\.stmcufinder\plugins\mcufinder//mcu/
2023-10-10 13:40:03,546 [WARN] DbFile:41 - Overriding database path with different value: C:\Users\User\.stmcufinder\plugins\mcufinder/ => C:\Users\User\.stmcufinder\plugins\mcufinder
2023-10-10 13:40:03,546 [WARN] DbFile:41 - Overriding database path with different value: C:\Users\User\.stmcufinder\plugins\mcufinder/ => C:\Users\User\.stmcufinder\plugins\mcufinder
2023-10-10 13:40:03,546 [INFO] CrossReferenceDbSqlite:203 - Set database path to: C:\Users\User\.stmcufinder\plugins\mcufinder//mcu/cs/
2023-10-10 13:40:03,564 [INFO] ApplicationProperties:184 - Using Application install path: C:\ST\STM32CubeIDE_1.13.0\STM32CubeIDE\plugins\com.st.stm32cube.common.mx_6.9.0.202307051724
2023-10-10 13:40:03,565 [INFO] PluginManage:196 - Search for loadable plugins [exclusion list=, ]
2023-10-10 13:40:03,567 [INFO] PluginManage:310 - Check plugin analytics
2023-10-10 13:40:12,803 [INFO] AnalyticsPlugin:253 - Accepted Software Licenses: STM32CubeMX.6.9.0
2023-10-10 13:40:12,803 [INFO] AnalyticsPlugin:255 - Accepted CMSIS Pack Licenses: 
2023-10-10 13:40:12,803 [INFO] AnalyticsPlugin:257 - Accepted Firmware Licenses: FW.F4.1.27.0
2023-10-10 13:40:12,806 [INFO] PluginManage:359 - Loaded plugin analytics (category:tool,tabindex:-1)
2023-10-10 13:40:12,806 [INFO] PluginManage:310 - Check plugin cadmodel
2023-10-10 13:40:12,829 [INFO] CADModel:105 - Init CAD model plugin
2023-10-10 13:40:12,830 [INFO] PluginManage:359 - Loaded plugin cadmodel (category:power,tabindex:5)
2023-10-10 13:40:12,830 [INFO] PluginManage:310 - Check plugin clock
2023-10-10 13:40:12,846 [INFO] PluginManage:359 - Loaded plugin clock (category:base,tabindex:2)
2023-10-10 13:40:12,846 [INFO] PluginManage:310 - Check plugin ddr
2023-10-10 13:40:12,848 [INFO] PluginManage:359 - Loaded plugin ddr (category:tool,tabindex:6)
2023-10-10 13:40:12,848 [INFO] PluginManage:310 - Check plugin filemanager
2023-10-10 13:40:12,954 [INFO] PluginManage:359 - Loaded plugin filemanager (category:base,tabindex:10)
2023-10-10 13:40:12,954 [INFO] PluginManage:310 - Check plugin ipmanager
2023-10-10 13:40:12,961 [INFO] PluginManage:359 - Loaded plugin ipmanager (category:base,tabindex:5)
2023-10-10 13:40:12,961 [INFO] PluginManage:310 - Check plugin lpbam
2023-10-10 13:40:12,972 [INFO] PluginManage:359 - Loaded plugin lpbam (category:base,tabindex:0)
2023-10-10 13:40:12,972 [INFO] PluginManage:310 - Check plugin memorymap
2023-10-10 13:40:12,990 [INFO] PluginManage:359 - Loaded plugin memorymap (category:base,tabindex:4)
2023-10-10 13:40:12,990 [INFO] PluginManage:310 - Check plugin pinoutandconfiguration
2023-10-10 13:40:13,001 [INFO] PluginManage:359 - Loaded plugin pinoutandconfiguration (category:base,tabindex:1)
2023-10-10 13:40:13,002 [INFO] PluginManage:310 - Check plugin pinoutconfig
2023-10-10 13:40:13,069 [WARN] SupportedApi:132 - Cannot load RTOS API schema: s4s-elt-must-match.1: The content of 'definitions' must match (annotation?, (simpleType | complexType)?, (unique | key | keyref)*)). A problem was found starting at: attribute.
2023-10-10 13:40:13,175 [INFO] PluginManage:359 - Loaded plugin pinoutconfig (category:base,tabindex:0)
2023-10-10 13:40:13,176 [INFO] PluginManage:310 - Check plugin power
2023-10-10 13:40:13,201 [INFO] PluginManage:359 - Loaded plugin power (category:power,tabindex:4)
2023-10-10 13:40:13,201 [INFO] PluginManage:310 - Check plugin projectmanager
2023-10-10 13:40:13,211 [INFO] PluginManage:359 - Loaded plugin projectmanager (category:projectmanager,tabindex:3)
2023-10-10 13:40:13,212 [INFO] PluginManage:310 - Check plugin thirdparty
2023-10-10 13:40:13,352 [INFO] PluginManage:359 - Loaded plugin thirdparty (category:base,tabindex:-1)
2023-10-10 13:40:13,352 [WARN] IntegrityCheckThread:84 - waiting for thirdparty lock release [integrity check]
2023-10-10 13:40:13,352 [INFO] PluginManage:310 - Check plugin tools
2023-10-10 13:40:13,352 [INFO] IntegrityCheckThread:86 - entering critical section [integrity check]
2023-10-10 13:40:13,352 [INFO] ThirdPartyUpdaterWithRetryManager:70 - Updater plugin not ready yet. [1/15]
2023-10-10 13:40:13,358 [INFO] PluginManage:359 - Loaded plugin tools (category:base,tabindex:7)
2023-10-10 13:40:13,358 [INFO] PluginManage:310 - Check plugin tutovideos
2023-10-10 13:40:13,510 [INFO] PluginManage:359 - Loaded plugin tutovideos (category:base,tabindex:-1)
2023-10-10 13:40:13,510 [INFO] PluginManage:310 - Check plugin updater
2023-10-10 13:40:13,520 [INFO] PluginManage:359 - Loaded plugin updater (category:base,tabindex:12)
2023-10-10 13:40:13,520 [INFO] PluginManage:310 - Check plugin userauth
2023-10-10 13:40:13,524 [INFO] UserAuth:113 - Init User Auth plugin
2023-10-10 13:40:13,524 [INFO] PluginManage:359 - Loaded plugin userauth (category:base,tabindex:14)
2023-10-10 13:40:13,525 [INFO] PluginManage:283 - PluginManage : Loaded plugins [17]
2023-10-10 13:40:13,702 [INFO] PinOutPanel:1499 - setPackage(No Configuration,No Configuration)
2023-10-10 13:40:13,793 [INFO] CADModel:165 - CPN selected for project level
2023-10-10 13:40:13,793 [INFO] CADModel:114 - Register for checkConnection events
2023-10-10 13:40:13,812 [INFO] IPUIPlugin:80 - create IPUIPlugin
2023-10-10 13:40:13,812 [INFO] PluginManager:220 - loadIPPluginJar : add adc
2023-10-10 13:40:13,819 [INFO] IPUIPlugin:80 - create IPUIPlugin
2023-10-10 13:40:13,819 [INFO] PluginManager:220 - loadIPPluginJar : add aes
2023-10-10 13:40:13,826 [INFO] IPUIPlugin:80 - create IPUIPlugin
2023-10-10 13:40:13,826 [INFO] PluginManager:220 - loadIPPluginJar : add can
2023-10-10 13:40:13,830 [INFO] IPUIPlugin:80 - create IPUIPlugin
2023-10-10 13:40:13,831 [INFO] PluginManager:220 - loadIPPluginJar : add comp
2023-10-10 13:40:13,838 [INFO] IPUIPlugin:80 - create IPUIPlugin
2023-10-10 13:40:13,838 [INFO] PluginManager:220 - loadIPPluginJar : add cryp
2023-10-10 13:40:13,845 [INFO] IPUIPlugin:80 - create IPUIPlugin
2023-10-10 13:40:13,845 [INFO] PluginManager:220 - loadIPPluginJar : add dfsdm
2023-10-10 13:40:13,856 [INFO] IPUIPlugin:80 - create IPUIPlugin
2023-10-10 13:40:13,856 [INFO] PluginManager:220 - loadIPPluginJar : add dma
2023-10-10 13:40:13,863 [INFO] IPUIPlugin:80 - create IPUIPlugin
2023-10-10 13:40:13,863 [INFO] PluginManager:220 - loadIPPluginJar : add dma3
2023-10-10 13:40:13,867 [INFO] IPUIPlugin:80 - create IPUIPlugin
2023-10-10 13:40:13,867 [INFO] PluginManager:220 - loadIPPluginJar : add fatfs
2023-10-10 13:40:13,877 [INFO] IPUIPlugin:80 - create IPUIPlugin
2023-10-10 13:40:13,877 [INFO] PluginManager:220 - loadIPPluginJar : add fmc
2023-10-10 13:40:13,898 [INFO] IPUIPlugin:80 - create IPUIPlugin
2023-10-10 13:40:13,899 [INFO] PluginManager:220 - loadIPPluginJar : add freertos
2023-10-10 13:40:13,902 [INFO] IPUIPlugin:80 - create IPUIPlugin
2023-10-10 13:40:13,902 [INFO] PluginManager:220 - loadIPPluginJar : add genericplugin
2023-10-10 13:40:13,908 [INFO] IPUIPlugin:80 - create IPUIPlugin
2023-10-10 13:40:13,908 [INFO] PluginManager:220 - loadIPPluginJar : add gfxmmu
2023-10-10 13:40:13,916 [INFO] IPUIPlugin:80 - create IPUIPlugin
2023-10-10 13:40:13,916 [INFO] PluginManager:220 - loadIPPluginJar : add gic
2023-10-10 13:40:13,925 [INFO] IPUIPlugin:80 - create IPUIPlugin
2023-10-10 13:40:13,925 [INFO] PluginManager:220 - loadIPPluginJar : add gpio
2023-10-10 13:40:13,932 [INFO] IPUIPlugin:80 - create IPUIPlugin
2023-10-10 13:40:13,932 [INFO] PluginManager:220 - loadIPPluginJar : add gtzc
2023-10-10 13:40:13,937 [INFO] IPUIPlugin:80 - create IPUIPlugin
2023-10-10 13:40:13,938 [INFO] PluginManager:220 - loadIPPluginJar : add hash
2023-10-10 13:40:13,944 [INFO] IPUIPlugin:80 - create IPUIPlugin
2023-10-10 13:40:13,944 [INFO] PluginManager:220 - loadIPPluginJar : add i2c
2023-10-10 13:40:13,951 [INFO] IPUIPlugin:80 - create IPUIPlugin
2023-10-10 13:40:13,951 [INFO] PluginManager:220 - loadIPPluginJar : add i2s
2023-10-10 13:40:13,957 [INFO] IPUIPlugin:80 - create IPUIPlugin
2023-10-10 13:40:13,957 [INFO] PluginManager:220 - loadIPPluginJar : add i3c
2023-10-10 13:40:13,965 [INFO] IPUIPlugin:80 - create IPUIPlugin
2023-10-10 13:40:13,965 [INFO] PluginManager:220 - loadIPPluginJar : add ipddr
2023-10-10 13:40:13,976 [INFO] IPUIPlugin:80 - create IPUIPlugin
2023-10-10 13:40:13,976 [INFO] PluginManager:220 - loadIPPluginJar : add linkedlist
2023-10-10 13:40:13,983 [INFO] IPUIPlugin:80 - create IPUIPlugin
2023-10-10 13:40:13,983 [INFO] PluginManager:220 - loadIPPluginJar : add lorawan
2023-10-10 13:40:13,989 [INFO] IPUIPlugin:80 - create IPUIPlugin
2023-10-10 13:40:13,990 [INFO] PluginManager:220 - loadIPPluginJar : add ltdc
2023-10-10 13:40:13,998 [INFO] IPUIPlugin:80 - create IPUIPlugin
2023-10-10 13:40:13,998 [INFO] PluginManager:220 - loadIPPluginJar : add mdma
2023-10-10 13:40:14,006 [INFO] IPUIPlugin:80 - create IPUIPlugin
2023-10-10 13:40:14,006 [INFO] PluginManager:220 - loadIPPluginJar : add nvic
2023-10-10 13:40:14,011 [INFO] IPUIPlugin:80 - create IPUIPlugin
2023-10-10 13:40:14,011 [INFO] PluginManager:220 - loadIPPluginJar : add opamp
2023-10-10 13:40:14,017 [INFO] IPUIPlugin:80 - create IPUIPlugin
2023-10-10 13:40:14,017 [INFO] PluginManager:220 - loadIPPluginJar : add openamp
2023-10-10 13:40:14,023 [INFO] IPUIPlugin:80 - create IPUIPlugin
2023-10-10 13:40:14,023 [INFO] PluginManager:220 - loadIPPluginJar : add pdm2pcm
2023-10-10 13:40:14,033 [INFO] IPUIPlugin:80 - create IPUIPlugin
2023-10-10 13:40:14,035 [INFO] PluginManager:220 - loadIPPluginJar : add plateformsettings
2023-10-10 13:40:14,039 [INFO] IPUIPlugin:80 - create IPUIPlugin
2023-10-10 13:40:14,039 [INFO] PluginManager:220 - loadIPPluginJar : add quadspi
2023-10-10 13:40:14,049 [INFO] IPUIPlugin:80 - create IPUIPlugin
2023-10-10 13:40:14,049 [INFO] PluginManager:220 - loadIPPluginJar : add resmgrutility
2023-10-10 13:40:14,056 [INFO] IPUIPlugin:80 - create IPUIPlugin
2023-10-10 13:40:14,056 [INFO] PluginManager:220 - loadIPPluginJar : add sai
2023-10-10 13:40:14,062 [INFO] IPUIPlugin:80 - create IPUIPlugin
2023-10-10 13:40:14,062 [INFO] PluginManager:220 - loadIPPluginJar : add spi
2023-10-10 13:40:14,072 [INFO] IPUIPlugin:80 - create IPUIPlugin
2023-10-10 13:40:14,072 [INFO] PluginManager:220 - loadIPPluginJar : add stm32_wpan
2023-10-10 13:40:14,076 [INFO] IPUIPlugin:80 - create IPUIPlugin
2023-10-10 13:40:14,076 [INFO] PluginManager:220 - loadIPPluginJar : add tim
2023-10-10 13:40:14,084 [INFO] IPUIPlugin:80 - create IPUIPlugin
2023-10-10 13:40:14,084 [INFO] PluginManager:220 - loadIPPluginJar : add touchsensing
2023-10-10 13:40:14,087 [INFO] IPUIPlugin:80 - create IPUIPlugin
2023-10-10 13:40:14,087 [INFO] PluginManager:220 - loadIPPluginJar : add tracer_emb
2023-10-10 13:40:14,091 [INFO] IPUIPlugin:80 - create IPUIPlugin
2023-10-10 13:40:14,091 [INFO] PluginManager:220 - loadIPPluginJar : add ts
2023-10-10 13:40:14,095 [INFO] IPUIPlugin:80 - create IPUIPlugin
2023-10-10 13:40:14,095 [INFO] PluginManager:220 - loadIPPluginJar : add tsc
2023-10-10 13:40:14,099 [INFO] IPUIPlugin:80 - create IPUIPlugin
2023-10-10 13:40:14,099 [INFO] PluginManager:220 - loadIPPluginJar : add ucpd
2023-10-10 13:40:14,106 [INFO] IPUIPlugin:80 - create IPUIPlugin
2023-10-10 13:40:14,106 [INFO] PluginManager:220 - loadIPPluginJar : add usart
2023-10-10 13:40:14,114 [INFO] IPUIPlugin:80 - create IPUIPlugin
2023-10-10 13:40:14,114 [INFO] PluginManager:220 - loadIPPluginJar : add usbx
2023-10-10 13:40:14,238 [INFO] CADModel:165 - CPN selected for project level
2023-10-10 13:40:14,239 [INFO] CADModel:114 - Register for checkConnection events
2023-10-10 13:40:14,239 [FATAL] Updater:308 - Updater called before beeing initialized
2023-10-10 13:40:14,239 [ERROR] CADModel:125 - Updater not yet initialized, retry later 
2023-10-10 13:40:14,355 [INFO] CADModel:165 - CPN selected for project level
2023-10-10 13:40:14,355 [INFO] CADModel:114 - Register for checkConnection events
2023-10-10 13:40:14,355 [FATAL] Updater:308 - Updater called before beeing initialized
2023-10-10 13:40:14,355 [ERROR] CADModel:125 - Updater not yet initialized, retry later 
2023-10-10 13:40:14,357 [FATAL] Updater:308 - Updater called before beeing initialized
2023-10-10 13:40:14,476 [FATAL] Updater:308 - Updater called before beeing initialized
2023-10-10 13:40:14,481 [INFO] DbMcusAds:53 - JSON generation date=Tue Mar 07 17:50:55 KST 2023 (1678179055114)
2023-10-10 13:40:14,481 [FATAL] Updater:308 - Updater called before beeing initialized
2023-10-10 13:40:14,519 [WARN] DetailPanel:346 - Failed to get advertising image, set to default
2023-10-10 13:40:14,661 [FATAL] Updater:308 - Updater called before beeing initialized
2023-10-10 13:40:14,664 [FATAL] Updater:308 - Updater called before beeing initialized
2023-10-10 13:40:14,664 [FATAL] Updater:308 - Updater called before beeing initialized
2023-10-10 13:40:14,664 [WARN] DetailPanel:346 - Failed to get advertising image, set to default
2023-10-10 13:40:14,665 [FATAL] Updater:308 - Updater called before beeing initialized
2023-10-10 13:40:14,714 [ERROR] Updater:1120 - MainUpdater not yet initialized. External WinMGr cannot be set.
2023-10-10 13:40:14,719 [INFO] Updater:1056 - Updater Version found : 6.9.0
2023-10-10 13:40:14,735 [INFO] ApplicationProperties:184 - Using Application install path: C:\ST\STM32CubeIDE_1.13.0\STM32CubeIDE\plugins\com.st.stm32cube.common.mx_6.9.0.202307051724
2023-10-10 13:40:15,152 [INFO] MainUpdater:2868 - connection check result : 10
2023-10-10 13:40:15,152 [INFO] MainUpdater:285 - Updater Check For Update Now.
2023-10-10 13:40:15,152 [INFO] MicroXplorer:498 - Change Database Version : DB.6.0.90
2023-10-10 13:40:15,170 [INFO] McuFinderGlobals:63 - Set McuFinder mode to 2 (CubeIDE integrated)
2023-10-10 13:40:15,170 [INFO] UserAuth:179 - activating auth plugin
2023-10-10 13:40:15,172 [INFO] UserAuth:393 - Internet connection configuration mode: 1
2023-10-10 13:40:15,194 [INFO] JxBrowserEngine:151 - Initiate JxBrowser Engine with user profile folder
2023-10-10 13:40:15,331 [INFO] CheckServerUpdateThread:120 - End of CheckServer Thread
2023-10-10 13:40:16,491 [INFO] WebApp:157 - Instantiating new browser for Auth
2023-10-10 13:40:16,661 [WARN] PackLoader:240 - Cannot read IP mode file for STMicroelectronics.X-CUBE-SMBUS.2.1.0
2023-10-10 13:40:16,693 [WARN] PackLoader:240 - Cannot read IP mode file for STMicroelectronics.X-CUBE-AZRTOS-F7.1.1.0
2023-10-10 13:40:16,708 [WARN] PackLoader:240 - Cannot read IP mode file for STMicroelectronics.FP-SNS-MOTENV1.4.3.2
2023-10-10 13:40:16,720 [WARN] PackLoader:240 - Cannot read IP mode file for STMicroelectronics.FP-SNS-FLIGHT1.5.0.2
2023-10-10 13:40:16,732 [WARN] PackLoader:240 - Cannot read IP mode file for STMicroelectronics.X-CUBE-DISPLAY.3.0.0
2023-10-10 13:40:16,753 [WARN] PackLoader:240 - Cannot read IP mode file for STMicroelectronics.X-CUBE-BLE1.7.0.0
2023-10-10 13:40:16,763 [WARN] PackLoader:240 - Cannot read IP mode file for emotas.I-CUBE-CANOPEN.1.3.0
2023-10-10 13:40:16,772 [WARN] PackLoader:240 - Cannot read IP mode file for STMicroelectronics.X-CUBE-TOUCHGFX.4.22.0
2023-10-10 13:40:16,778 [WARN] PackLoader:240 - Cannot read IP mode file for STMicroelectronics.X-CUBE-TOUCHGFX.4.22.1
2023-10-10 13:40:16,786 [WARN] PackLoader:240 - Cannot read IP mode file for STMicroelectronics.FP-SNS-SMARTAG2.1.2.0
2023-10-10 13:40:16,803 [INFO] LogOutputStream:77 - [STDOUT_REDIRECT] 1 : Invalid condition id : UX_CORESTACK_Condition cause : null
2023-10-10 13:40:16,804 [INFO] LogOutputStream:77 - [STDOUT_REDIRECT] 1 : Invalid condition id : UX_CORESTACK_Condition cause : null
2023-10-10 13:40:16,805 [INFO] LogOutputStream:77 - [STDOUT_REDIRECT] 1 : Invalid condition id : UX_CORESTACK_Condition cause : null
2023-10-10 13:40:16,806 [INFO] LogOutputStream:77 - [STDOUT_REDIRECT] 1 : Invalid condition id : UX_CORESTACK_Condition cause : null
2023-10-10 13:40:16,807 [INFO] LogOutputStream:77 - [STDOUT_REDIRECT] 1 : Invalid condition id : UX_CORESTACK_Condition cause : null
2023-10-10 13:40:16,810 [WARN] PackLoader:240 - Cannot read IP mode file for STMicroelectronics.X-CUBE-AZRTOS-WL.2.0.0
2023-10-10 13:40:16,822 [WARN] PackLoader:240 - Cannot read IP mode file for WES.I-CUBE-Cesium.1.3.0
2023-10-10 13:40:16,838 [WARN] PackLoader:240 - Cannot read IP mode file for STMicroelectronics.X-CUBE-BLE2.3.3.0
2023-10-10 13:40:16,853 [WARN] PackLoader:240 - Cannot read IP mode file for STMicroelectronics.X-CUBE-ALGOBUILD.1.3.0
2023-10-10 13:40:16,871 [WARN] PackLoader:240 - Cannot read IP mode file for STMicroelectronics.X-CUBE-AZRTOS-G0.1.1.0
2023-10-10 13:40:16,888 [WARN] PackLoader:240 - Cannot read IP mode file for STMicroelectronics.X-CUBE-NFC4.3.0.0
2023-10-10 13:40:16,904 [WARN] PackLoader:240 - Cannot read IP mode file for STMicroelectronics.FP-ATR-SIGFOX1.3.2.0
2023-10-10 13:40:16,942 [WARN] PackLoader:240 - Cannot read IP mode file for SEGGER.I-CUBE-embOS.1.3.1
2023-10-10 13:40:17,014 [WARN] PackLoader:240 - Cannot read IP mode file for STMicroelectronics.X-CUBE-GNSS1.6.0.0
2023-10-10 13:40:17,040 [WARN] PackLoader:240 - Cannot read IP mode file for STMicroelectronics.X-CUBE-AZRTOS-F4.1.1.0
2023-10-10 13:40:17,055 [WARN] PackLoader:240 - Cannot read IP mode file for wolfSSL.I-CUBE-wolfSSL.5.6.3
2023-10-10 13:40:17,082 [WARN] PackLoader:240 - Cannot read IP mode file for STMicroelectronics.X-CUBE-AZRTOS-L5.2.0.0
2023-10-10 13:40:17,242 [WARN] PackLoader:240 - Cannot read IP mode file for STMicroelectronics.X-CUBE-MEMS1.9.6.0
2023-10-10 13:40:17,383 [INFO] WebApp:753 - Register for checkConnection events
2023-10-10 13:40:17,384 [INFO] WebApp:390 - Apply proxy settings
2023-10-10 13:40:17,384 [INFO] WebApp:475 - Chromium requires no authentication
2023-10-10 13:40:17,422 [INFO] WebApp:418 - Direct internet connection detected
2023-10-10 13:40:17,436 [WARN] PackLoader:240 - Cannot read IP mode file for ITTIA_DB.I-CUBE-ITTIADB.8.8.0
2023-10-10 13:40:17,449 [WARN] PackLoader:240 - Cannot read IP mode file for STMicroelectronics.X-CUBE-BLEMGR.2.0.0
2023-10-10 13:40:17,478 [WARN] ConditionMgr:438 - getConditionDescription Invalid condition id : UX DEVICE CLASS RTOS Condition cause : null
2023-10-10 13:40:17,478 [WARN] ConditionMgr:438 - getConditionDescription Invalid condition id : UX DEVICE CLASS RTOS Condition cause : null
2023-10-10 13:40:17,482 [WARN] PackLoader:240 - Cannot read IP mode file for STMicroelectronics.X-CUBE-AZRTOS-H7.3.1.0
2023-10-10 13:40:17,483 [WARN] ConditionMgr:1039 - genDependencies : Invalid condition id : UX DEVICE CLASS RTOS Condition cause : null
2023-10-10 13:40:17,483 [WARN] ConditionMgr:1039 - genDependencies : Invalid condition id : UX DEVICE CLASS RTOS Condition cause : null
2023-10-10 13:40:17,484 [WARN] ConditionMgr:1039 - genDependencies : Invalid condition id : UX DEVICE CLASS RTOS Condition cause : null
2023-10-10 13:40:17,484 [WARN] ConditionMgr:1039 - genDependencies : Invalid condition id : UX DEVICE CLASS RTOS Condition cause : null
2023-10-10 13:40:17,484 [WARN] ConditionMgr:1039 - genDependencies : Invalid condition id : UX DEVICE CLASS RTOS Condition cause : null
2023-10-10 13:40:17,499 [WARN] PackLoader:240 - Cannot read IP mode file for STMicroelectronics.X-CUBE-NFC7.1.0.1
2023-10-10 13:40:17,520 [WARN] PackLoader:240 - Cannot read IP mode file for STMicroelectronics.X-CUBE-NFC6.3.0.0
2023-10-10 13:40:17,540 [WARN] PackLoader:240 - Cannot read IP mode file for STMicroelectronics.X-CUBE-EEPRMA1.4.1.0
2023-10-10 13:40:17,553 [WARN] PackLoader:240 - Cannot read IP mode file for STMicroelectronics.X-CUBE-AI.8.1.0
2023-10-10 13:40:17,576 [WARN] ConditionMgr:438 - getConditionDescription Invalid condition id : LAN8742 Phy interface Condition cause : null
2023-10-10 13:40:17,577 [WARN] PackLoader:240 - Cannot read IP mode file for STMicroelectronics.X-CUBE-AZRTOS-L4.2.0.0
2023-10-10 13:40:17,579 [WARN] ConditionMgr:1039 - genDependencies : Invalid condition id : LAN8742 Phy interface Condition cause : null
2023-10-10 13:40:17,579 [WARN] ConditionMgr:1039 - genDependencies : Invalid condition id : LAN8742 Phy interface Condition cause : null
2023-10-10 13:40:17,580 [WARN] ConditionMgr:1039 - genDependencies : Invalid condition id : LAN8742 Phy interface Condition cause : null
2023-10-10 13:40:17,600 [WARN] PackLoader:240 - Cannot read IP mode file for STMicroelectronics.X-CUBE-SFXS2LP1.4.0.0
2023-10-10 13:40:17,611 [WARN] PackLoader:240 - Cannot read IP mode file for STMicroelectronics.X-CUBE-ISPU.1.1.0
2023-10-10 13:40:17,630 [WARN] ConditionMgr:438 - getConditionDescription Invalid condition id : UX DEVICE CLASS RTOS Condition cause : null
2023-10-10 13:40:17,630 [WARN] ConditionMgr:438 - getConditionDescription Invalid condition id : UX DEVICE CLASS RTOS Condition cause : null
2023-10-10 13:40:17,632 [WARN] PackLoader:240 - Cannot read IP mode file for STMicroelectronics.X-CUBE-AZRTOS-WB.2.0.0
2023-10-10 13:40:17,633 [WARN] ConditionMgr:1039 - genDependencies : Invalid condition id : UX DEVICE CLASS RTOS Condition cause : null
2023-10-10 13:40:17,633 [WARN] ConditionMgr:1039 - genDependencies : Invalid condition id : UX DEVICE CLASS RTOS Condition cause : null
2023-10-10 13:40:17,633 [WARN] ConditionMgr:1039 - genDependencies : Invalid condition id : UX DEVICE CLASS RTOS Condition cause : null
2023-10-10 13:40:17,634 [WARN] ConditionMgr:1039 - genDependencies : Invalid condition id : UX DEVICE CLASS RTOS Condition cause : null
2023-10-10 13:40:17,634 [WARN] ConditionMgr:1039 - genDependencies : Invalid condition id : UX DEVICE CLASS RTOS Condition cause : null
2023-10-10 13:40:17,649 [WARN] PackLoader:240 - Cannot read IP mode file for STMicroelectronics.X-CUBE-SUBG2.5.0.0
2023-10-10 13:40:17,681 [WARN] PackLoader:240 - Cannot read IP mode file for STMicroelectronics.X-CUBE-TOF1.3.3.1
2023-10-10 13:40:17,701 [INFO] WebApp:188 - Starting web application
2023-10-10 13:40:17,701 [INFO] WebApp:520 - Web application path used C:\ST\STM32CubeIDE_1.13.0\STM32CubeIDE\plugins\com.st.stm32cube.common.mx_6.9.0.202307051724\db\plugins\mcufinder\reactClient1\index.html
2023-10-10 13:40:17,710 [WARN] PackLoader:240 - Cannot read IP mode file for STMicroelectronics.X-CUBE-AZRTOS-G4.2.0.0
2023-10-10 13:40:17,734 [WARN] PackLoader:240 - Cannot read IP mode file for Infineon.AIROC-Wi-Fi-Bluetooth-STM32.1.5.1
2023-10-10 13:40:17,748 [WARN] PackLoader:240 - Cannot read IP mode file for STMicroelectronics.X-CUBE-FREERTOS.1.1.0
2023-10-10 13:40:17,759 [WARN] PackLoader:240 - Cannot read IP mode file for portGmbH.I-Cube-SoM-uGOAL.1.1.0
2023-10-10 13:40:17,768 [WARN] PackLoader:240 - Cannot read IP mode file for STMicroelectronics.X-CUBE-ALS.1.0.1
2023-10-10 13:40:17,777 [WARN] PackLoader:240 - Cannot read IP mode file for STMicroelectronics.FP-ATR-ASTRA1.2.0.0
2023-10-10 13:40:17,778 [INFO] ThirdParty:978 - Integrity check success = true
2023-10-10 13:40:17,778 [INFO] IntegrityCheckThread:100 - exiting critical section [integrity check]
2023-10-10 13:40:17,778 [INFO] IntegrityCheckThread:103 - End integrity checks thread
2023-10-10 19:01:11,299 [ERROR] LogOutputStream:75 - [STDERR_REDIRECT] 
