2023-08-13 13:14:44,591 [INFO] Activator:176 - 


2023-08-13 13:14:44,597 [INFO] Activator:177 - !SESSION log4j initialized
2023-08-13 13:14:49,927 [INFO] LogOutputStream:77 - [STDOUT_REDIRECT] 
2023-08-13 13:15:02,976 [INFO] ApplicationProperties:184 - Using Application install path: C:\ST\STM32CubeIDE_1.13.0\STM32CubeIDE\plugins\com.st.stm32cube.common.mx_6.9.0.202307051724
2023-08-13 13:15:02,993 [INFO] DbMcusXml:78 - Set database path to: C:\ST\STM32CubeIDE_1.13.0\STM32CubeIDE\plugins\com.st.stm32cube.common.mx_6.9.0.202307051724\\db\/mcu/
2023-08-13 13:15:02,993 [INFO] ApiDb:274 - Set plugin database path to: C:\ST\STM32CubeIDE_1.13.0\STM32CubeIDE\plugins\com.st.stm32cube.common.mx_6.9.0.202307051724\\db\/plugins/boardmanager/
2023-08-13 13:15:02,993 [WARN] ApiDb:259 - Overriding images path with different value:  => C:\ST\STM32CubeIDE_1.13.0\STM32CubeIDE\plugins\com.st.stm32cube.common.mx_6.9.0.202307051724\\db\/plugins/mcufinder/images/
2023-08-13 13:15:03,003 [INFO] ApiDb:250 - Set database path to: C:\Users\User\.stmcufinder\plugins\mcufinder//mcu/
2023-08-13 13:15:03,004 [INFO] DbMcusAds:125 - Set database path to: C:\Users\User\.stmcufinder\plugins\mcufinder//mcu/
2023-08-13 13:15:03,508 [INFO] CrossReferenceDbSqlite:203 - Set database path to: C:\Users\User\.stmcufinder\plugins\mcufinder//mcu/cs/
2023-08-13 13:15:03,599 [INFO] RulesReader:64 - Compatibility file has been processed (293 Rules)
2023-08-13 13:15:03,687 [INFO] DbMcusXml:78 - Set database path to: C:\ST\STM32CubeIDE_1.13.0\STM32CubeIDE\plugins\com.st.stm32cube.common.mx_6.9.0.202307051724\\db\/mcu/
2023-08-13 13:15:03,687 [INFO] ApiDb:274 - Set plugin database path to: C:\ST\STM32CubeIDE_1.13.0\STM32CubeIDE\plugins\com.st.stm32cube.common.mx_6.9.0.202307051724\\db\/plugins/boardmanager/
2023-08-13 13:15:03,687 [INFO] ApiDb:261 - Set plugin images path to: C:\ST\STM32CubeIDE_1.13.0\STM32CubeIDE\plugins\com.st.stm32cube.common.mx_6.9.0.202307051724\\db\/plugins/mcufinder/images/
2023-08-13 13:15:03,687 [WARN] DbFile:41 - Overriding database path with different value: C:\Users\User\.stmcufinder\plugins\mcufinder/ => C:\Users\User\.stmcufinder\plugins\mcufinder
2023-08-13 13:15:03,687 [INFO] ApiDb:250 - Set database path to: C:\Users\User\.stmcufinder\plugins\mcufinder//mcu/
2023-08-13 13:15:03,687 [WARN] DbFile:41 - Overriding database path with different value: C:\Users\User\.stmcufinder\plugins\mcufinder/ => C:\Users\User\.stmcufinder\plugins\mcufinder
2023-08-13 13:15:03,687 [INFO] DbMcusAds:125 - Set database path to: C:\Users\User\.stmcufinder\plugins\mcufinder//mcu/
2023-08-13 13:15:03,687 [WARN] DbFile:41 - Overriding database path with different value: C:\Users\User\.stmcufinder\plugins\mcufinder/ => C:\Users\User\.stmcufinder\plugins\mcufinder
2023-08-13 13:15:03,687 [WARN] DbFile:41 - Overriding database path with different value: C:\Users\User\.stmcufinder\plugins\mcufinder/ => C:\Users\User\.stmcufinder\plugins\mcufinder
2023-08-13 13:15:03,687 [INFO] CrossReferenceDbSqlite:203 - Set database path to: C:\Users\User\.stmcufinder\plugins\mcufinder//mcu/cs/
2023-08-13 13:15:03,760 [INFO] MainPanel:262 - HeapMemory: 268435456
2023-08-13 13:15:03,845 [INFO] DbMcusXml:78 - Set database path to: C:\ST\STM32CubeIDE_1.13.0\STM32CubeIDE\plugins\com.st.stm32cube.common.mx_6.9.0.202307051724\\db\/mcu/
2023-08-13 13:15:03,845 [INFO] ApiDb:274 - Set plugin database path to: C:\ST\STM32CubeIDE_1.13.0\STM32CubeIDE\plugins\com.st.stm32cube.common.mx_6.9.0.202307051724\\db\/plugins/boardmanager/
2023-08-13 13:15:03,845 [INFO] ApiDb:261 - Set plugin images path to: C:\ST\STM32CubeIDE_1.13.0\STM32CubeIDE\plugins\com.st.stm32cube.common.mx_6.9.0.202307051724\\db\/plugins/mcufinder/images/
2023-08-13 13:15:03,846 [WARN] DbFile:41 - Overriding database path with different value: C:\Users\User\.stmcufinder\plugins\mcufinder/ => C:\Users\User\.stmcufinder\plugins\mcufinder
2023-08-13 13:15:03,846 [INFO] ApiDb:250 - Set database path to: C:\Users\User\.stmcufinder\plugins\mcufinder//mcu/
2023-08-13 13:15:03,846 [WARN] DbFile:41 - Overriding database path with different value: C:\Users\User\.stmcufinder\plugins\mcufinder/ => C:\Users\User\.stmcufinder\plugins\mcufinder
2023-08-13 13:15:03,846 [INFO] DbMcusAds:125 - Set database path to: C:\Users\User\.stmcufinder\plugins\mcufinder//mcu/
2023-08-13 13:15:03,846 [WARN] DbFile:41 - Overriding database path with different value: C:\Users\User\.stmcufinder\plugins\mcufinder/ => C:\Users\User\.stmcufinder\plugins\mcufinder
2023-08-13 13:15:03,846 [WARN] DbFile:41 - Overriding database path with different value: C:\Users\User\.stmcufinder\plugins\mcufinder/ => C:\Users\User\.stmcufinder\plugins\mcufinder
2023-08-13 13:15:03,846 [INFO] CrossReferenceDbSqlite:203 - Set database path to: C:\Users\User\.stmcufinder\plugins\mcufinder//mcu/cs/
2023-08-13 13:15:03,864 [INFO] ApplicationProperties:184 - Using Application install path: C:\ST\STM32CubeIDE_1.13.0\STM32CubeIDE\plugins\com.st.stm32cube.common.mx_6.9.0.202307051724
2023-08-13 13:15:03,865 [INFO] PluginManage:196 - Search for loadable plugins [exclusion list=, ]
2023-08-13 13:15:03,866 [INFO] PluginManage:310 - Check plugin analytics
2023-08-13 13:15:13,074 [INFO] AnalyticsPlugin:253 - Accepted Software Licenses: STM32CubeMX.6.9.0
2023-08-13 13:15:13,074 [INFO] AnalyticsPlugin:255 - Accepted CMSIS Pack Licenses: 
2023-08-13 13:15:13,074 [INFO] AnalyticsPlugin:257 - Accepted Firmware Licenses: FW.F4.1.27.0
2023-08-13 13:15:13,076 [INFO] PluginManage:359 - Loaded plugin analytics (category:tool,tabindex:-1)
2023-08-13 13:15:13,077 [INFO] PluginManage:310 - Check plugin cadmodel
2023-08-13 13:15:13,099 [INFO] CADModel:105 - Init CAD model plugin
2023-08-13 13:15:13,099 [INFO] PluginManage:359 - Loaded plugin cadmodel (category:power,tabindex:5)
2023-08-13 13:15:13,099 [INFO] PluginManage:310 - Check plugin clock
2023-08-13 13:15:13,117 [INFO] PluginManage:359 - Loaded plugin clock (category:base,tabindex:2)
2023-08-13 13:15:13,118 [INFO] PluginManage:310 - Check plugin ddr
2023-08-13 13:15:13,120 [INFO] PluginManage:359 - Loaded plugin ddr (category:tool,tabindex:6)
2023-08-13 13:15:13,120 [INFO] PluginManage:310 - Check plugin filemanager
2023-08-13 13:15:13,230 [INFO] PluginManage:359 - Loaded plugin filemanager (category:base,tabindex:10)
2023-08-13 13:15:13,230 [INFO] PluginManage:310 - Check plugin ipmanager
2023-08-13 13:15:13,236 [INFO] PluginManage:359 - Loaded plugin ipmanager (category:base,tabindex:5)
2023-08-13 13:15:13,236 [INFO] PluginManage:310 - Check plugin lpbam
2023-08-13 13:15:13,249 [INFO] PluginManage:359 - Loaded plugin lpbam (category:base,tabindex:0)
2023-08-13 13:15:13,249 [INFO] PluginManage:310 - Check plugin memorymap
2023-08-13 13:15:13,267 [INFO] PluginManage:359 - Loaded plugin memorymap (category:base,tabindex:4)
2023-08-13 13:15:13,267 [INFO] PluginManage:310 - Check plugin pinoutandconfiguration
2023-08-13 13:15:13,279 [INFO] PluginManage:359 - Loaded plugin pinoutandconfiguration (category:base,tabindex:1)
2023-08-13 13:15:13,279 [INFO] PluginManage:310 - Check plugin pinoutconfig
2023-08-13 13:15:13,356 [WARN] SupportedApi:132 - Cannot load RTOS API schema: s4s-elt-must-match.1: The content of 'definitions' must match (annotation?, (simpleType | complexType)?, (unique | key | keyref)*)). A problem was found starting at: attribute.
2023-08-13 13:15:13,469 [INFO] PluginManage:359 - Loaded plugin pinoutconfig (category:base,tabindex:0)
2023-08-13 13:15:13,469 [INFO] PluginManage:310 - Check plugin power
2023-08-13 13:15:13,495 [INFO] PluginManage:359 - Loaded plugin power (category:power,tabindex:4)
2023-08-13 13:15:13,495 [INFO] PluginManage:310 - Check plugin projectmanager
2023-08-13 13:15:13,507 [INFO] PluginManage:359 - Loaded plugin projectmanager (category:projectmanager,tabindex:3)
2023-08-13 13:15:13,507 [INFO] PluginManage:310 - Check plugin thirdparty
2023-08-13 13:15:13,656 [INFO] PluginManage:359 - Loaded plugin thirdparty (category:base,tabindex:-1)
2023-08-13 13:15:13,656 [INFO] PluginManage:310 - Check plugin tools
2023-08-13 13:15:13,656 [WARN] IntegrityCheckThread:84 - waiting for thirdparty lock release [integrity check]
2023-08-13 13:15:13,656 [INFO] IntegrityCheckThread:86 - entering critical section [integrity check]
2023-08-13 13:15:13,656 [INFO] ThirdPartyUpdaterWithRetryManager:70 - Updater plugin not ready yet. [1/15]
2023-08-13 13:15:13,661 [INFO] PluginManage:359 - Loaded plugin tools (category:base,tabindex:7)
2023-08-13 13:15:13,661 [INFO] PluginManage:310 - Check plugin tutovideos
2023-08-13 13:15:13,808 [INFO] PluginManage:359 - Loaded plugin tutovideos (category:base,tabindex:-1)
2023-08-13 13:15:13,809 [INFO] PluginManage:310 - Check plugin updater
2023-08-13 13:15:13,819 [INFO] PluginManage:359 - Loaded plugin updater (category:base,tabindex:12)
2023-08-13 13:15:13,819 [INFO] PluginManage:310 - Check plugin userauth
2023-08-13 13:15:13,824 [INFO] UserAuth:113 - Init User Auth plugin
2023-08-13 13:15:13,825 [INFO] PluginManage:359 - Loaded plugin userauth (category:base,tabindex:14)
2023-08-13 13:15:13,825 [INFO] PluginManage:283 - PluginManage : Loaded plugins [17]
2023-08-13 13:15:14,011 [INFO] PinOutPanel:1499 - setPackage(No Configuration,No Configuration)
2023-08-13 13:15:14,105 [INFO] CADModel:165 - CPN selected for project level
2023-08-13 13:15:14,105 [INFO] CADModel:114 - Register for checkConnection events
2023-08-13 13:15:14,125 [INFO] IPUIPlugin:80 - create IPUIPlugin
2023-08-13 13:15:14,125 [INFO] PluginManager:220 - loadIPPluginJar : add adc
2023-08-13 13:15:14,131 [INFO] IPUIPlugin:80 - create IPUIPlugin
2023-08-13 13:15:14,131 [INFO] PluginManager:220 - loadIPPluginJar : add aes
2023-08-13 13:15:14,138 [INFO] IPUIPlugin:80 - create IPUIPlugin
2023-08-13 13:15:14,138 [INFO] PluginManager:220 - loadIPPluginJar : add can
2023-08-13 13:15:14,143 [INFO] IPUIPlugin:80 - create IPUIPlugin
2023-08-13 13:15:14,143 [INFO] PluginManager:220 - loadIPPluginJar : add comp
2023-08-13 13:15:14,155 [INFO] IPUIPlugin:80 - create IPUIPlugin
2023-08-13 13:15:14,155 [INFO] PluginManager:220 - loadIPPluginJar : add cryp
2023-08-13 13:15:14,160 [INFO] IPUIPlugin:80 - create IPUIPlugin
2023-08-13 13:15:14,161 [INFO] PluginManager:220 - loadIPPluginJar : add dfsdm
2023-08-13 13:15:14,176 [INFO] IPUIPlugin:80 - create IPUIPlugin
2023-08-13 13:15:14,177 [INFO] PluginManager:220 - loadIPPluginJar : add dma
2023-08-13 13:15:14,184 [INFO] IPUIPlugin:80 - create IPUIPlugin
2023-08-13 13:15:14,184 [INFO] PluginManager:220 - loadIPPluginJar : add dma3
2023-08-13 13:15:14,187 [INFO] IPUIPlugin:80 - create IPUIPlugin
2023-08-13 13:15:14,187 [INFO] PluginManager:220 - loadIPPluginJar : add fatfs
2023-08-13 13:15:14,198 [INFO] IPUIPlugin:80 - create IPUIPlugin
2023-08-13 13:15:14,198 [INFO] PluginManager:220 - loadIPPluginJar : add fmc
2023-08-13 13:15:14,219 [INFO] IPUIPlugin:80 - create IPUIPlugin
2023-08-13 13:15:14,219 [INFO] PluginManager:220 - loadIPPluginJar : add freertos
2023-08-13 13:15:14,224 [INFO] IPUIPlugin:80 - create IPUIPlugin
2023-08-13 13:15:14,224 [INFO] PluginManager:220 - loadIPPluginJar : add genericplugin
2023-08-13 13:15:14,231 [INFO] IPUIPlugin:80 - create IPUIPlugin
2023-08-13 13:15:14,231 [INFO] PluginManager:220 - loadIPPluginJar : add gfxmmu
2023-08-13 13:15:14,245 [INFO] IPUIPlugin:80 - create IPUIPlugin
2023-08-13 13:15:14,245 [INFO] PluginManager:220 - loadIPPluginJar : add gic
2023-08-13 13:15:14,255 [INFO] IPUIPlugin:80 - create IPUIPlugin
2023-08-13 13:15:14,255 [INFO] PluginManager:220 - loadIPPluginJar : add gpio
2023-08-13 13:15:14,263 [INFO] IPUIPlugin:80 - create IPUIPlugin
2023-08-13 13:15:14,263 [INFO] PluginManager:220 - loadIPPluginJar : add gtzc
2023-08-13 13:15:14,268 [INFO] IPUIPlugin:80 - create IPUIPlugin
2023-08-13 13:15:14,268 [INFO] PluginManager:220 - loadIPPluginJar : add hash
2023-08-13 13:15:14,275 [INFO] IPUIPlugin:80 - create IPUIPlugin
2023-08-13 13:15:14,275 [INFO] PluginManager:220 - loadIPPluginJar : add i2c
2023-08-13 13:15:14,282 [INFO] IPUIPlugin:80 - create IPUIPlugin
2023-08-13 13:15:14,282 [INFO] PluginManager:220 - loadIPPluginJar : add i2s
2023-08-13 13:15:14,289 [INFO] IPUIPlugin:80 - create IPUIPlugin
2023-08-13 13:15:14,289 [INFO] PluginManager:220 - loadIPPluginJar : add i3c
2023-08-13 13:15:14,297 [INFO] IPUIPlugin:80 - create IPUIPlugin
2023-08-13 13:15:14,298 [INFO] PluginManager:220 - loadIPPluginJar : add ipddr
2023-08-13 13:15:14,307 [INFO] IPUIPlugin:80 - create IPUIPlugin
2023-08-13 13:15:14,307 [INFO] PluginManager:220 - loadIPPluginJar : add linkedlist
2023-08-13 13:15:14,313 [INFO] IPUIPlugin:80 - create IPUIPlugin
2023-08-13 13:15:14,313 [INFO] PluginManager:220 - loadIPPluginJar : add lorawan
2023-08-13 13:15:14,318 [INFO] IPUIPlugin:80 - create IPUIPlugin
2023-08-13 13:15:14,318 [INFO] PluginManager:220 - loadIPPluginJar : add ltdc
2023-08-13 13:15:14,326 [INFO] IPUIPlugin:80 - create IPUIPlugin
2023-08-13 13:15:14,326 [INFO] PluginManager:220 - loadIPPluginJar : add mdma
2023-08-13 13:15:14,332 [INFO] IPUIPlugin:80 - create IPUIPlugin
2023-08-13 13:15:14,332 [INFO] PluginManager:220 - loadIPPluginJar : add nvic
2023-08-13 13:15:14,337 [INFO] IPUIPlugin:80 - create IPUIPlugin
2023-08-13 13:15:14,337 [INFO] PluginManager:220 - loadIPPluginJar : add opamp
2023-08-13 13:15:14,343 [INFO] IPUIPlugin:80 - create IPUIPlugin
2023-08-13 13:15:14,343 [INFO] PluginManager:220 - loadIPPluginJar : add openamp
2023-08-13 13:15:14,349 [INFO] IPUIPlugin:80 - create IPUIPlugin
2023-08-13 13:15:14,349 [INFO] PluginManager:220 - loadIPPluginJar : add pdm2pcm
2023-08-13 13:15:14,358 [INFO] IPUIPlugin:80 - create IPUIPlugin
2023-08-13 13:15:14,360 [INFO] PluginManager:220 - loadIPPluginJar : add plateformsettings
2023-08-13 13:15:14,363 [INFO] IPUIPlugin:80 - create IPUIPlugin
2023-08-13 13:15:14,363 [INFO] PluginManager:220 - loadIPPluginJar : add quadspi
2023-08-13 13:15:14,373 [INFO] IPUIPlugin:80 - create IPUIPlugin
2023-08-13 13:15:14,373 [INFO] PluginManager:220 - loadIPPluginJar : add resmgrutility
2023-08-13 13:15:14,380 [INFO] IPUIPlugin:80 - create IPUIPlugin
2023-08-13 13:15:14,380 [INFO] PluginManager:220 - loadIPPluginJar : add sai
2023-08-13 13:15:14,386 [INFO] IPUIPlugin:80 - create IPUIPlugin
2023-08-13 13:15:14,386 [INFO] PluginManager:220 - loadIPPluginJar : add spi
2023-08-13 13:15:14,403 [INFO] IPUIPlugin:80 - create IPUIPlugin
2023-08-13 13:15:14,403 [INFO] PluginManager:220 - loadIPPluginJar : add stm32_wpan
2023-08-13 13:15:14,408 [INFO] IPUIPlugin:80 - create IPUIPlugin
2023-08-13 13:15:14,408 [INFO] PluginManager:220 - loadIPPluginJar : add tim
2023-08-13 13:15:14,416 [INFO] IPUIPlugin:80 - create IPUIPlugin
2023-08-13 13:15:14,416 [INFO] PluginManager:220 - loadIPPluginJar : add touchsensing
2023-08-13 13:15:14,419 [INFO] IPUIPlugin:80 - create IPUIPlugin
2023-08-13 13:15:14,419 [INFO] PluginManager:220 - loadIPPluginJar : add tracer_emb
2023-08-13 13:15:14,422 [INFO] IPUIPlugin:80 - create IPUIPlugin
2023-08-13 13:15:14,422 [INFO] PluginManager:220 - loadIPPluginJar : add ts
2023-08-13 13:15:14,425 [INFO] IPUIPlugin:80 - create IPUIPlugin
2023-08-13 13:15:14,425 [INFO] PluginManager:220 - loadIPPluginJar : add tsc
2023-08-13 13:15:14,429 [INFO] IPUIPlugin:80 - create IPUIPlugin
2023-08-13 13:15:14,429 [INFO] PluginManager:220 - loadIPPluginJar : add ucpd
2023-08-13 13:15:14,436 [INFO] IPUIPlugin:80 - create IPUIPlugin
2023-08-13 13:15:14,436 [INFO] PluginManager:220 - loadIPPluginJar : add usart
2023-08-13 13:15:14,445 [INFO] IPUIPlugin:80 - create IPUIPlugin
2023-08-13 13:15:14,445 [INFO] PluginManager:220 - loadIPPluginJar : add usbx
2023-08-13 13:15:14,555 [INFO] CADModel:165 - CPN selected for project level
2023-08-13 13:15:14,555 [INFO] CADModel:114 - Register for checkConnection events
2023-08-13 13:15:14,555 [FATAL] Updater:308 - Updater called before beeing initialized
2023-08-13 13:15:14,555 [ERROR] CADModel:125 - Updater not yet initialized, retry later 
2023-08-13 13:15:14,678 [INFO] CADModel:165 - CPN selected for project level
2023-08-13 13:15:14,678 [INFO] CADModel:114 - Register for checkConnection events
2023-08-13 13:15:14,678 [FATAL] Updater:308 - Updater called before beeing initialized
2023-08-13 13:15:14,678 [ERROR] CADModel:125 - Updater not yet initialized, retry later 
2023-08-13 13:15:14,681 [FATAL] Updater:308 - Updater called before beeing initialized
2023-08-13 13:15:14,762 [FATAL] Updater:308 - Updater called before beeing initialized
2023-08-13 13:15:14,766 [INFO] DbMcusAds:53 - JSON generation date=Tue Mar 07 17:50:55 KST 2023 (1678179055114)
2023-08-13 13:15:14,766 [FATAL] Updater:308 - Updater called before beeing initialized
2023-08-13 13:15:14,799 [WARN] DetailPanel:346 - Failed to get advertising image, set to default
2023-08-13 13:15:14,885 [FATAL] Updater:308 - Updater called before beeing initialized
2023-08-13 13:15:14,887 [FATAL] Updater:308 - Updater called before beeing initialized
2023-08-13 13:15:14,887 [FATAL] Updater:308 - Updater called before beeing initialized
2023-08-13 13:15:14,887 [WARN] DetailPanel:346 - Failed to get advertising image, set to default
2023-08-13 13:15:14,888 [FATAL] Updater:308 - Updater called before beeing initialized
2023-08-13 13:15:14,932 [ERROR] Updater:1120 - MainUpdater not yet initialized. External WinMGr cannot be set.
2023-08-13 13:15:14,936 [INFO] Updater:1056 - Updater Version found : 6.9.0
2023-08-13 13:15:14,950 [INFO] ApplicationProperties:184 - Using Application install path: C:\ST\STM32CubeIDE_1.13.0\STM32CubeIDE\plugins\com.st.stm32cube.common.mx_6.9.0.202307051724
2023-08-13 13:15:15,525 [INFO] MainUpdater:2868 - connection check result : 10
2023-08-13 13:15:15,526 [INFO] MainUpdater:285 - Updater Check For Update Now.
2023-08-13 13:15:15,526 [INFO] MicroXplorer:498 - Change Database Version : DB.6.0.90
2023-08-13 13:15:15,545 [INFO] McuFinderGlobals:63 - Set McuFinder mode to 2 (CubeIDE integrated)
2023-08-13 13:15:15,545 [INFO] UserAuth:179 - activating auth plugin
2023-08-13 13:15:15,548 [INFO] UserAuth:393 - Internet connection configuration mode: 1
2023-08-13 13:15:15,568 [INFO] JxBrowserEngine:151 - Initiate JxBrowser Engine with user profile folder
2023-08-13 13:15:15,701 [INFO] CheckServerUpdateThread:120 - End of CheckServer Thread
2023-08-13 13:15:16,769 [INFO] WebApp:157 - Instantiating new browser for Auth
2023-08-13 13:15:16,876 [WARN] PackLoader:240 - Cannot read IP mode file for STMicroelectronics.X-CUBE-SMBUS.2.1.0
2023-08-13 13:15:16,926 [WARN] PackLoader:240 - Cannot read IP mode file for STMicroelectronics.X-CUBE-AZRTOS-F7.1.1.0
2023-08-13 13:15:16,947 [WARN] PackLoader:240 - Cannot read IP mode file for STMicroelectronics.FP-SNS-MOTENV1.4.3.2
2023-08-13 13:15:16,968 [WARN] PackLoader:240 - Cannot read IP mode file for STMicroelectronics.X-CUBE-BLE1.6.2.4
2023-08-13 13:15:16,977 [WARN] PackLoader:240 - Cannot read IP mode file for STMicroelectronics.FP-SNS-FLIGHT1.5.0.2
2023-08-13 13:15:16,990 [WARN] PackLoader:240 - Cannot read IP mode file for STMicroelectronics.X-CUBE-DISPLAY.3.0.0
2023-08-13 13:15:17,008 [WARN] PackLoader:240 - Cannot read IP mode file for STMicroelectronics.X-CUBE-BLE1.7.0.0
2023-08-13 13:15:17,019 [WARN] PackLoader:240 - Cannot read IP mode file for emotas.I-CUBE-CANOPEN.1.3.0
2023-08-13 13:15:17,029 [WARN] PackLoader:240 - Cannot read IP mode file for STMicroelectronics.X-CUBE-TOUCHGFX.4.22.0
2023-08-13 13:15:17,041 [INFO] LogOutputStream:77 - [STDOUT_REDIRECT] 1 : Invalid condition id : UX_CORESTACK_Condition cause : null
2023-08-13 13:15:17,041 [INFO] LogOutputStream:77 - [STDOUT_REDIRECT] 1 : Invalid condition id : UX_CORESTACK_Condition cause : null
2023-08-13 13:15:17,042 [INFO] LogOutputStream:77 - [STDOUT_REDIRECT] 1 : Invalid condition id : UX_CORESTACK_Condition cause : null
2023-08-13 13:15:17,043 [INFO] LogOutputStream:77 - [STDOUT_REDIRECT] 1 : Invalid condition id : UX_CORESTACK_Condition cause : null
2023-08-13 13:15:17,044 [INFO] LogOutputStream:77 - [STDOUT_REDIRECT] 1 : Invalid condition id : UX_CORESTACK_Condition cause : null
2023-08-13 13:15:17,048 [WARN] PackLoader:240 - Cannot read IP mode file for STMicroelectronics.X-CUBE-AZRTOS-WL.2.0.0
2023-08-13 13:15:17,059 [WARN] PackLoader:240 - Cannot read IP mode file for WES.I-CUBE-Cesium.1.3.0
2023-08-13 13:15:17,069 [WARN] PackLoader:240 - Cannot read IP mode file for STMicroelectronics.X-CUBE-BLE2.3.3.0
2023-08-13 13:15:17,082 [WARN] PackLoader:240 - Cannot read IP mode file for STMicroelectronics.X-CUBE-ALGOBUILD.1.3.0
2023-08-13 13:15:17,102 [WARN] PackLoader:240 - Cannot read IP mode file for STMicroelectronics.X-CUBE-AZRTOS-G0.1.1.0
2023-08-13 13:15:17,118 [WARN] PackLoader:240 - Cannot read IP mode file for STMicroelectronics.X-CUBE-NFC4.3.0.0
2023-08-13 13:15:17,127 [WARN] PackLoader:240 - Cannot read IP mode file for STMicroelectronics.FP-ATR-SIGFOX1.3.2.0
2023-08-13 13:15:17,163 [WARN] PackLoader:240 - Cannot read IP mode file for SEGGER.I-CUBE-embOS.1.3.1
2023-08-13 13:15:17,223 [WARN] PackLoader:240 - Cannot read IP mode file for STMicroelectronics.X-CUBE-GNSS1.6.0.0
2023-08-13 13:15:17,250 [WARN] PackLoader:240 - Cannot read IP mode file for STMicroelectronics.X-CUBE-AZRTOS-F4.1.1.0
2023-08-13 13:15:17,264 [WARN] PackLoader:240 - Cannot read IP mode file for wolfSSL.I-CUBE-wolfSSL.5.6.3
2023-08-13 13:15:17,309 [WARN] PackLoader:240 - Cannot read IP mode file for STMicroelectronics.X-CUBE-AZRTOS-L5.2.0.0
2023-08-13 13:15:17,448 [WARN] PackLoader:240 - Cannot read IP mode file for STMicroelectronics.X-CUBE-MEMS1.9.6.0
2023-08-13 13:15:17,621 [WARN] PackLoader:240 - Cannot read IP mode file for STMicroelectronics.X-CUBE-BLEMGR.2.0.0
2023-08-13 13:15:17,640 [WARN] ConditionMgr:438 - getConditionDescription Invalid condition id : UX DEVICE CLASS RTOS Condition cause : null
2023-08-13 13:15:17,641 [WARN] ConditionMgr:438 - getConditionDescription Invalid condition id : UX DEVICE CLASS RTOS Condition cause : null
2023-08-13 13:15:17,643 [WARN] PackLoader:240 - Cannot read IP mode file for STMicroelectronics.X-CUBE-AZRTOS-H7.3.1.0
2023-08-13 13:15:17,644 [WARN] ConditionMgr:1039 - genDependencies : Invalid condition id : UX DEVICE CLASS RTOS Condition cause : null
2023-08-13 13:15:17,645 [WARN] ConditionMgr:1039 - genDependencies : Invalid condition id : UX DEVICE CLASS RTOS Condition cause : null
2023-08-13 13:15:17,646 [WARN] ConditionMgr:1039 - genDependencies : Invalid condition id : UX DEVICE CLASS RTOS Condition cause : null
2023-08-13 13:15:17,646 [WARN] ConditionMgr:1039 - genDependencies : Invalid condition id : UX DEVICE CLASS RTOS Condition cause : null
2023-08-13 13:15:17,646 [WARN] ConditionMgr:1039 - genDependencies : Invalid condition id : UX DEVICE CLASS RTOS Condition cause : null
2023-08-13 13:15:17,674 [WARN] PackLoader:240 - Cannot read IP mode file for STMicroelectronics.X-CUBE-NFC7.1.0.1
2023-08-13 13:15:17,688 [WARN] PackLoader:240 - Cannot read IP mode file for STMicroelectronics.X-CUBE-EEPRMA1.4.1.0
2023-08-13 13:15:17,700 [WARN] PackLoader:240 - Cannot read IP mode file for STMicroelectronics.X-CUBE-AI.8.1.0
2023-08-13 13:15:17,714 [INFO] WebApp:753 - Register for checkConnection events
2023-08-13 13:15:17,714 [INFO] WebApp:390 - Apply proxy settings
2023-08-13 13:15:17,714 [INFO] WebApp:475 - Chromium requires no authentication
2023-08-13 13:15:17,725 [WARN] ConditionMgr:438 - getConditionDescription Invalid condition id : LAN8742 Phy interface Condition cause : null
2023-08-13 13:15:17,726 [WARN] PackLoader:240 - Cannot read IP mode file for STMicroelectronics.X-CUBE-AZRTOS-L4.2.0.0
2023-08-13 13:15:17,728 [WARN] ConditionMgr:1039 - genDependencies : Invalid condition id : LAN8742 Phy interface Condition cause : null
2023-08-13 13:15:17,728 [WARN] ConditionMgr:1039 - genDependencies : Invalid condition id : LAN8742 Phy interface Condition cause : null
2023-08-13 13:15:17,729 [WARN] ConditionMgr:1039 - genDependencies : Invalid condition id : LAN8742 Phy interface Condition cause : null
2023-08-13 13:15:17,735 [INFO] WebApp:418 - Direct internet connection detected
2023-08-13 13:15:17,747 [WARN] PackLoader:240 - Cannot read IP mode file for STMicroelectronics.X-CUBE-SFXS2LP1.4.0.0
2023-08-13 13:15:17,758 [WARN] PackLoader:240 - Cannot read IP mode file for STMicroelectronics.X-CUBE-ISPU.1.1.0
2023-08-13 13:15:17,777 [WARN] ConditionMgr:438 - getConditionDescription Invalid condition id : UX DEVICE CLASS RTOS Condition cause : null
2023-08-13 13:15:17,777 [WARN] ConditionMgr:438 - getConditionDescription Invalid condition id : UX DEVICE CLASS RTOS Condition cause : null
2023-08-13 13:15:17,781 [WARN] PackLoader:240 - Cannot read IP mode file for STMicroelectronics.X-CUBE-AZRTOS-WB.2.0.0
2023-08-13 13:15:17,782 [WARN] ConditionMgr:1039 - genDependencies : Invalid condition id : UX DEVICE CLASS RTOS Condition cause : null
2023-08-13 13:15:17,782 [WARN] ConditionMgr:1039 - genDependencies : Invalid condition id : UX DEVICE CLASS RTOS Condition cause : null
2023-08-13 13:15:17,783 [WARN] ConditionMgr:1039 - genDependencies : Invalid condition id : UX DEVICE CLASS RTOS Condition cause : null
2023-08-13 13:15:17,783 [WARN] ConditionMgr:1039 - genDependencies : Invalid condition id : UX DEVICE CLASS RTOS Condition cause : null
2023-08-13 13:15:17,783 [WARN] ConditionMgr:1039 - genDependencies : Invalid condition id : UX DEVICE CLASS RTOS Condition cause : null
2023-08-13 13:15:17,794 [WARN] PackLoader:240 - Cannot read IP mode file for STMicroelectronics.X-CUBE-FREERTOS.1.0.1
2023-08-13 13:15:17,818 [WARN] PackLoader:240 - Cannot read IP mode file for STMicroelectronics.X-CUBE-AZRTOS-L5.1.1.0
2023-08-13 13:15:17,833 [WARN] PackLoader:240 - Cannot read IP mode file for STMicroelectronics.X-CUBE-AI.8.0.1
2023-08-13 13:15:17,850 [WARN] PackLoader:240 - Cannot read IP mode file for STMicroelectronics.X-CUBE-SUBG2.5.0.0
2023-08-13 13:15:17,869 [WARN] PackLoader:240 - Cannot read IP mode file for STMicroelectronics.X-CUBE-TOF1.3.3.1
2023-08-13 13:15:17,896 [WARN] PackLoader:240 - Cannot read IP mode file for STMicroelectronics.X-CUBE-AZRTOS-G4.2.0.0
2023-08-13 13:15:17,918 [WARN] PackLoader:240 - Cannot read IP mode file for portGmbH.I-Cube-SoM-uGOAL.1.1.0
2023-08-13 13:15:17,927 [WARN] PackLoader:240 - Cannot read IP mode file for STMicroelectronics.X-CUBE-ALS.1.0.1
2023-08-13 13:15:17,947 [WARN] PackLoader:240 - Cannot read IP mode file for STMicroelectronics.X-CUBE-AZRTOS-WB.1.1.0
2023-08-13 13:15:17,957 [WARN] PackLoader:240 - Cannot read IP mode file for STMicroelectronics.FP-ATR-ASTRA1.2.0.0
2023-08-13 13:15:17,958 [INFO] ThirdParty:978 - Integrity check success = true
2023-08-13 13:15:17,958 [INFO] IntegrityCheckThread:100 - exiting critical section [integrity check]
2023-08-13 13:15:17,958 [INFO] IntegrityCheckThread:103 - End integrity checks thread
2023-08-13 13:15:18,043 [INFO] WebApp:188 - Starting web application
2023-08-13 13:15:18,043 [INFO] WebApp:520 - Web application path used C:\ST\STM32CubeIDE_1.13.0\STM32CubeIDE\plugins\com.st.stm32cube.common.mx_6.9.0.202307051724\db\plugins\mcufinder\reactClient1\index.html
2023-08-13 19:16:04,629 [ERROR] ConfigurationRetriever:142 - IOException on connection: Read timed out
2023-08-13 19:16:06,819 [ERROR] ConfigurationRetriever:142 - IOException on connection: Read timed out
