2023-08-26 13:07:19,841 [INFO] NvicIntPanel:101 - NVIC parent = com.st.microxplorer.plugins.ip.nvic.MultiNvicIntPanel[,0,0,0x0,invalid,layout=javax.swing.BoxLayout,alignmentX=0.0,alignmentY=0.0,border=,flags=9,maximumSize=,minimumSize=,preferredSize=]
2023-08-26 16:19:44,625 [INFO] UtilMem:75 - End SaveConfig() Used Memory: 871972936 Bytes (1073741824)
2023-08-26 16:19:46,047 [INFO] UtilMem:75 - End SaveConfig() Used Memory: 913102632 Bytes (1073741824)
2023-08-26 16:19:49,452 [INFO] UtilMem:75 - End SaveConfig() Used Memory: 907901416 Bytes (1073741824)
2023-08-26 16:19:49,662 [INFO] BlockDiagram:2759 - set Specific Code input for plugin: TIM1_8
2023-08-26 16:19:49,662 [INFO] BlockDiagram:2759 - set Specific Code input for plugin: TIM1_8
2023-08-26 16:19:49,662 [INFO] BlockDiagram:2759 - set Specific Code input for plugin: TIM1_8
2023-08-26 16:19:49,662 [INFO] BlockDiagram:2759 - set Specific Code input for plugin: SYS
2023-08-26 16:19:49,662 [INFO] BlockDiagram:2759 - set Specific Code input for plugin: RCC
2023-08-26 16:19:49,662 [INFO] BlockDiagram:2759 - set Specific Code input for plugin: USB_OTG_FS
2023-08-26 16:19:49,662 [INFO] BlockDiagram:2759 - set Specific Code input for plugin: NVIC
2023-08-26 16:19:49,662 [INFO] BlockDiagram:2759 - set Specific Code input for plugin: USART
2023-08-26 16:19:49,662 [INFO] BlockDiagram:2759 - set Specific Code input for plugin: GPIO
2023-08-26 16:19:49,662 [INFO] BlockDiagram:2759 - set Specific Code input for plugin: ETH
2023-08-26 16:19:49,664 [INFO] CodeGenerator:799 - code generatio: config db path: C:\ST\STM32CubeIDE_1.13.0\STM32CubeIDE\plugins\com.st.stm32cube.common.mx_6.9.0.202307051724\\db\
2023-08-26 16:19:49,824 [INFO] CodeEngine:255 - oldGeneratedFile, C:\Users\User\Desktop\stm32\timer_test\MXTmpFiles\license.tmp_save
2023-08-26 16:19:49,910 [INFO] CodeEngine:279 - Generated code: C:\Users\User\Desktop\stm32\timer_test\MXTmpFiles\license.tmp
2023-08-26 16:19:49,952 [INFO] CodeEngine:255 - oldGeneratedFile, C:\Users\User\Desktop\stm32\timer_test\MXTmpFiles\gpio.tmp_save
2023-08-26 16:19:50,032 [INFO] CodeEngine:279 - Generated code: C:\Users\User\Desktop\stm32\timer_test\MXTmpFiles\gpio.tmp
2023-08-26 16:19:50,139 [WARN] IPConfigManager:2937 - Warning: the RefConfig PWREx_EnableUSBVoltageDetector is not available in your config.xml file
2023-08-26 16:19:50,165 [INFO] CodeEngine:255 - oldGeneratedFile, C:\Users\User\Desktop\stm32\timer_test\Core\Src\stm32f4xx_it.c_save
2023-08-26 16:19:50,294 [INFO] CodeEngine:279 - Generated code: C:\Users\User\Desktop\stm32\timer_test\Core\Src\stm32f4xx_it.c
2023-08-26 16:19:50,304 [INFO] CodeEngine:255 - oldGeneratedFile, C:\Users\User\Desktop\stm32\timer_test\Core\Inc\stm32f4xx_it.h_save
2023-08-26 16:19:50,366 [INFO] CodeEngine:279 - Generated code: C:\Users\User\Desktop\stm32\timer_test\Core\Inc\stm32f4xx_it.h
2023-08-26 16:19:50,387 [INFO] CodeEngine:255 - oldGeneratedFile, C:\Users\User\Desktop\stm32\timer_test\Core\Src\stm32f4xx_hal_msp.c_save
2023-08-26 16:19:50,516 [INFO] CodeEngine:279 - Generated code: C:\Users\User\Desktop\stm32\timer_test\Core\Src\stm32f4xx_hal_msp.c
2023-08-26 16:19:50,528 [INFO] CodeEngine:255 - oldGeneratedFile, C:\Users\User\Desktop\stm32\timer_test\MXTmpFiles\system.tmp_save
2023-08-26 16:19:50,589 [INFO] CodeEngine:279 - Generated code: C:\Users\User\Desktop\stm32\timer_test\MXTmpFiles\system.tmp
2023-08-26 16:19:50,608 [INFO] CodeEngine:311 - oldGeneratedFile, C:\Users\User\Desktop\stm32\timer_test\Core\Inc\stm32f4xx_hal_conf.h_save
2023-08-26 16:19:50,665 [INFO] CodeEngine:335 - Generated code: C:\Users\User\Desktop\stm32\timer_test\Core\Inc\stm32f4xx_hal_conf.h
2023-08-26 16:19:50,679 [WARN] IPConfigManager:3431 - IP not found : TIM
2023-08-26 16:19:50,679 [WARN] IPConfigManager:3431 - IP not found : USB_OTG
2023-08-26 16:19:50,680 [WARN] CodeGenerator:3760 - IP not found : null
2023-08-26 16:19:50,680 [WARN] CodeGenerator:3760 - IP not found : null
2023-08-26 16:19:50,693 [INFO] CodeEngine:255 - oldGeneratedFile, C:\Users\User\Desktop\stm32\timer_test\Core\Inc\main.h_save
2023-08-26 16:19:50,770 [INFO] CodeEngine:279 - Generated code: C:\Users\User\Desktop\stm32\timer_test\Core\Inc\main.h
2023-08-26 16:19:50,789 [INFO] CodeEngine:255 - oldGeneratedFile, C:\Users\User\Desktop\stm32\timer_test\Core\Src\main.c_save
2023-08-26 16:19:50,895 [INFO] CodeEngine:279 - Generated code: C:\Users\User\Desktop\stm32\timer_test\Core\Src\main.c
2023-08-26 16:19:51,828 [INFO] ProjectBuilder:3064 - Time for Copy HAL[1] : 637mS.
2023-08-26 16:19:51,832 [INFO] ProjectBuilder:4404 - Project Generator version: 4.1.0
2023-08-26 16:19:52,024 [INFO] ConfigFileManager:1457 - The Die is : DIE419
2023-08-26 16:19:53,537 [INFO] ProjectBuilder:4626 - Time for Generating toolchain IDE Files: 1705mS.
2023-08-26 16:19:53,538 [INFO] ProjectBuilder:2935 - Time for Copy CMSIS : 1mS.
2023-08-26 16:19:53,544 [INFO] ProjectBuilder:2935 - Time for Copy CMSIS : 0mS.
2023-08-26 16:54:00,401 [INFO] MainUpdater:2868 - connection check result : 10
2023-08-26 16:54:00,402 [INFO] MainUpdater:2868 - connection check result : 10
2023-08-26 16:54:00,489 [INFO] MicroXplorer:468 - Change Database Path : 
2023-08-26 16:54:00,489 [INFO] MicroXplorer:498 - Change Database Version : DB.6.0.90
2023-08-26 16:54:00,503 [WARN] ThirdParty:871 - waiting for thirdparty lock release [close project]
2023-08-26 16:54:00,503 [INFO] ThirdParty:873 - entering critical section [close project]
2023-08-26 16:54:00,503 [INFO] ThirdParty:883 - exiting critical section [close project]
2023-08-26 16:54:00,504 [INFO] PinOutPanel:1499 - setPackage(No Configuration,No Configuration)
2023-08-26 16:54:00,508 [WARN] IpParametersView:151 - Warning: This peripheral hasn't parameters
2023-08-26 16:54:00,510 [WARN] MainPanel:272 - <html><b><center>Warning: This peripheral has no parameters to be configured<br></b></html>
2023-08-26 16:54:00,514 [INFO] UtilMem:75 - Begin LoadConfig() Used Memory: 779833992 Bytes (1073741824)
2023-08-26 16:54:00,515 [INFO] MicroXplorer:468 - Change Database Path : 
2023-08-26 16:54:00,515 [INFO] MicroXplorer:498 - Change Database Version : DB.6.0.90
2023-08-26 16:54:00,515 [INFO] OpenFileManager:308 - Change cursor
2023-08-26 16:54:00,527 [INFO] RulesReader:64 - Compatibility file has been processed (293 Rules)
2023-08-26 16:54:00,531 [INFO] Mcu:1946 - Initializing MCU STM32F429ZITx STM32F429ZITx STM32F429ZIT6
2023-08-26 16:54:02,007 [INFO] Context:659 - Trying to add GPIOservice into a context  which must be forbidden
2023-08-26 16:54:02,237 [INFO] RtosManager:555 - Registered RTOS mode: class=CMSIS, group=RTOS, mode=CMSIS_V1, owner=FREERTOS
2023-08-26 16:54:02,237 [INFO] RtosManager:555 - Registered RTOS mode: class=CMSIS, group=RTOS2, mode=CMSIS_V2, owner=FREERTOS
2023-08-26 16:54:02,237 [INFO] RtosManager:555 - Registered RTOS mode: class=RTOS, group=Core, mode=CMSIS_V1, owner=FREERTOS
2023-08-26 16:54:02,237 [INFO] RtosManager:555 - Registered RTOS mode: class=RTOS, group=Core, mode=CMSIS_V2, owner=FREERTOS
2023-08-26 16:54:02,238 [WARN] ModelIntegratedComponent:184 - Missing modes for component STMicroelectronics:FreeRTOS:0.0.1:STMicroelectronics:RTOS:FreeRTOS:Core:::10.2.0:
2023-08-26 16:54:02,243 [WARN] ModelIntegratedComponent:63 - No mode defined for component null
2023-08-26 16:54:02,243 [WARN] ModelIntegratedComponent:63 - No mode defined for component null
2023-08-26 16:54:02,243 [WARN] ModelIntegratedComponent:63 - No mode defined for component null
2023-08-26 16:54:02,243 [WARN] ModelIntegratedComponent:63 - No mode defined for component null
2023-08-26 16:54:02,243 [WARN] ModelIntegratedComponent:63 - No mode defined for component null
2023-08-26 16:54:02,243 [WARN] ModelIntegratedComponent:63 - No mode defined for component null
2023-08-26 16:54:02,243 [WARN] ModelIntegratedComponent:63 - No mode defined for component null
2023-08-26 16:54:02,243 [WARN] ModelIntegratedComponent:63 - No mode defined for component null
2023-08-26 16:54:02,243 [WARN] ModelIntegratedComponent:63 - No mode defined for component null
2023-08-26 16:54:02,243 [WARN] ModelIntegratedComponent:63 - No mode defined for component null
2023-08-26 16:54:02,243 [WARN] ModelIntegratedComponent:63 - No mode defined for component null
2023-08-26 16:54:02,243 [WARN] ModelIntegratedComponent:63 - No mode defined for component null
2023-08-26 16:54:02,243 [WARN] ModelIntegratedComponent:63 - No mode defined for component null
2023-08-26 16:54:02,243 [WARN] ModelIntegratedComponent:63 - No mode defined for component null
2023-08-26 16:54:02,243 [WARN] ModelIntegratedComponent:63 - No mode defined for component null
2023-08-26 16:54:02,243 [WARN] ModelIntegratedComponent:63 - No mode defined for component null
2023-08-26 16:54:02,243 [WARN] ModelIntegratedComponent:63 - No mode defined for component null
2023-08-26 16:54:02,243 [WARN] ModelIntegratedComponent:63 - No mode defined for component null
2023-08-26 16:54:02,243 [WARN] ModelIntegratedComponent:63 - No mode defined for component null
2023-08-26 16:54:02,243 [WARN] ModelIntegratedComponent:63 - No mode defined for component null
2023-08-26 16:54:02,243 [WARN] ModelIntegratedComponent:63 - No mode defined for component null
2023-08-26 16:54:02,243 [WARN] ModelIntegratedComponent:63 - No mode defined for component null
2023-08-26 16:54:02,243 [WARN] ModelIntegratedComponent:63 - No mode defined for component null
2023-08-26 16:54:02,243 [WARN] ModelIntegratedComponent:63 - No mode defined for component null
2023-08-26 16:54:02,244 [WARN] ModelIntegratedComponent:63 - No mode defined for component null
2023-08-26 16:54:02,244 [WARN] ModelIntegratedComponent:63 - No mode defined for component null
2023-08-26 16:54:02,244 [WARN] ModelIntegratedComponent:63 - No mode defined for component null
2023-08-26 16:54:02,244 [WARN] ModelIntegratedComponent:63 - No mode defined for component null
2023-08-26 16:54:02,244 [WARN] ModelIntegratedComponent:63 - No mode defined for component null
2023-08-26 16:54:02,244 [WARN] ModelIntegratedComponent:63 - No mode defined for component null
2023-08-26 16:54:02,244 [WARN] ModelIntegratedComponent:63 - No mode defined for component null
2023-08-26 16:54:02,244 [WARN] ModelIntegratedComponent:63 - No mode defined for component null
2023-08-26 16:54:02,244 [WARN] ModelIntegratedComponent:63 - No mode defined for component null
2023-08-26 16:54:02,251 [INFO] ThirdPartyModel:298 - Start build external matchings
2023-08-26 16:54:02,497 [INFO] ThirdPartyModel:316 - End build external matchings
2023-08-26 16:54:02,501 [INFO] ImportTextPane:194 - (OptionalMessage_ERROR) IP (ETH) : Invalid parameter (PHY_Name)
2023-08-26 16:54:02,501 [INFO] ImportTextPane:194 - (OptionalMessage_ERROR) IP (ETH) : Invalid parameter (PHY_Value)
2023-08-26 16:54:02,502 [INFO] ImportTextPane:194 - (OptionalMessage_ERROR) IP (ETH) : Invalid parameter (PhyAddress)
2023-08-26 16:54:02,502 [INFO] ImportTextPane:194 - (OptionalMessage_ERROR) IP (RCC) : Invalid parameter (ADC12outputFreq_Value)
2023-08-26 16:54:02,502 [INFO] ImportTextPane:194 - (OptionalMessage_ERROR) IP (RCC) : Invalid parameter (ADC34outputFreq_Value)
2023-08-26 16:54:02,502 [INFO] ImportTextPane:194 - (OptionalMessage_ERROR) IP (RCC) : Invalid parameter (FamilyName)
2023-08-26 16:54:02,502 [INFO] ImportTextPane:194 - (OptionalMessage_ERROR) IP (RCC) : Invalid parameter (I2C1Freq_Value)
2023-08-26 16:54:02,502 [INFO] ImportTextPane:194 - (OptionalMessage_ERROR) IP (RCC) : Invalid parameter (I2C2Freq_Value)
2023-08-26 16:54:02,502 [INFO] ImportTextPane:194 - (OptionalMessage_ERROR) IP (RCC) : Invalid parameter (I2C3Freq_Value)
2023-08-26 16:54:02,502 [INFO] ImportTextPane:194 - (OptionalMessage_ERROR) IP (RCC) : Parameter (MCO2PinFreq_Value) has invalid value (168000000)
2023-08-26 16:54:02,502 [INFO] ImportTextPane:194 - (OptionalMessage_ERROR) IP (RCC) : Invalid parameter (MCOFreq_Value)
2023-08-26 16:54:02,502 [INFO] ImportTextPane:194 - (OptionalMessage_ERROR) IP (RCC) : Invalid parameter (PLLMCOFreq_Value)
2023-08-26 16:54:02,502 [INFO] ImportTextPane:194 - (OptionalMessage_ERROR) IP (RCC) : Invalid parameter (PLLMUL)
2023-08-26 16:54:02,502 [INFO] ImportTextPane:194 - (OptionalMessage_ERROR) IP (RCC) : Invalid parameter (PRESCALERUSB)
2023-08-26 16:54:02,502 [INFO] ImportTextPane:194 - (OptionalMessage_ERROR) IP (RCC) : Parameter (RTCHSEDivFreq_Value) has invalid value (4000000)
2023-08-26 16:54:02,502 [INFO] ImportTextPane:194 - (OptionalMessage_ERROR) IP (RCC) : Invalid parameter (SYSCLKSourceVirtual)
2023-08-26 16:54:02,503 [INFO] ImportTextPane:194 - (OptionalMessage_ERROR) IP (RCC) : Invalid parameter (TIM15Freq_Value)
2023-08-26 16:54:02,503 [INFO] ImportTextPane:194 - (OptionalMessage_ERROR) IP (RCC) : Invalid parameter (TIM16Freq_Value)
2023-08-26 16:54:02,503 [INFO] ImportTextPane:194 - (OptionalMessage_ERROR) IP (RCC) : Invalid parameter (TIM17Freq_Value)
2023-08-26 16:54:02,503 [INFO] ImportTextPane:194 - (OptionalMessage_ERROR) IP (RCC) : Invalid parameter (TIM1Freq_Value)
2023-08-26 16:54:02,503 [INFO] ImportTextPane:194 - (OptionalMessage_ERROR) IP (RCC) : Invalid parameter (TIM20Freq_Value)
2023-08-26 16:54:02,503 [INFO] ImportTextPane:194 - (OptionalMessage_ERROR) IP (RCC) : Invalid parameter (TIM2Freq_Value)
2023-08-26 16:54:02,503 [INFO] ImportTextPane:194 - (OptionalMessage_ERROR) IP (RCC) : Invalid parameter (TIM3Freq_Value)
2023-08-26 16:54:02,503 [INFO] ImportTextPane:194 - (OptionalMessage_ERROR) IP (RCC) : Invalid parameter (TIM8Freq_Value)
2023-08-26 16:54:02,503 [INFO] ImportTextPane:194 - (OptionalMessage_ERROR) IP (RCC) : Invalid parameter (UART4Freq_Value)
2023-08-26 16:54:02,503 [INFO] ImportTextPane:194 - (OptionalMessage_ERROR) IP (RCC) : Invalid parameter (UART5Freq_Value)
2023-08-26 16:54:02,503 [INFO] ImportTextPane:194 - (OptionalMessage_ERROR) IP (RCC) : Invalid parameter (USART1Freq_Value)
2023-08-26 16:54:02,503 [INFO] ImportTextPane:194 - (OptionalMessage_ERROR) IP (RCC) : Invalid parameter (USART2Freq_Value)
2023-08-26 16:54:02,503 [INFO] ImportTextPane:194 - (OptionalMessage_ERROR) IP (RCC) : Invalid parameter (USART3Freq_Value)
2023-08-26 16:54:02,503 [INFO] ImportTextPane:194 - (OptionalMessage_ERROR) IP (RCC) : Invalid parameter (USBFreq_Value)
2023-08-26 16:54:02,503 [INFO] ImportTextPane:194 - (OptionalMessage_ERROR) IP (RCC) : Invalid parameter (VCOOutput2Freq_Value)
2023-08-26 16:54:02,787 [INFO] UtilMem:75 - End LoadConfig() Used Memory: 939113088 Bytes (1073741824)
2023-08-26 16:54:02,822 [WARN] ThirdParty:833 - waiting for thirdparty lock release [change project]
2023-08-26 16:54:02,822 [INFO] ThirdParty:835 - entering critical section [change project]
2023-08-26 16:54:02,823 [INFO] ThirdParty:1030 - CMSIS Pack Vendor :STMicroelectronics X-CUBE-ISPU 1.1.0
2023-08-26 16:54:02,823 [INFO] ThirdParty:1030 - CMSIS Pack Vendor :STMicroelectronics USBPD 4.1
2023-08-26 16:54:02,823 [INFO] ThirdParty:1030 - CMSIS Pack Vendor :STMicroelectronics X-CUBE-GNSS1 6.0.0
2023-08-26 16:54:02,823 [INFO] ThirdParty:1030 - CMSIS Pack Vendor :STMicroelectronics USB_HOST 2.0.0
2023-08-26 16:54:02,823 [INFO] ThirdParty:1030 - CMSIS Pack Vendor :STMicroelectronics X-CUBE-AZRTOS-F4 1.1.0
2023-08-26 16:54:02,823 [INFO] ThirdParty:1030 - CMSIS Pack Vendor :STMicroelectronics LIBJPEG 8.0.0
2023-08-26 16:54:02,823 [INFO] ThirdParty:1030 - CMSIS Pack Vendor :wolfSSL I-CUBE-wolfSSL 5.6.3
2023-08-26 16:54:02,823 [INFO] ThirdParty:1030 - CMSIS Pack Vendor :STMicroelectronics X-CUBE-SMBUS 2.1.0
2023-08-26 16:54:02,823 [INFO] ThirdParty:1030 - CMSIS Pack Vendor :STMicroelectronics USB_DEVICE 3.0.0
2023-08-26 16:54:02,823 [INFO] ThirdParty:1030 - CMSIS Pack Vendor :STMicroelectronics X-CUBE-AZRTOS-WB 2.0.0
2023-08-26 16:54:02,823 [INFO] ThirdParty:1030 - CMSIS Pack Vendor :STMicroelectronics X-CUBE-FREERTOS 1.0.1
2023-08-26 16:54:02,823 [INFO] ThirdParty:1030 - CMSIS Pack Vendor :STMicroelectronics X-CUBE-AZRTOS-F7 1.1.0
2023-08-26 16:54:02,823 [INFO] ThirdParty:1030 - CMSIS Pack Vendor :STMicroelectronics X-CUBE-AZRTOS-L5 2.0.0
2023-08-26 16:54:02,823 [INFO] ThirdParty:1030 - CMSIS Pack Vendor :STMicroelectronics USB_DEVICE 2.0.0
2023-08-26 16:54:02,823 [INFO] ThirdParty:1030 - CMSIS Pack Vendor :STMicroelectronics X-CUBE-MEMS1 9.6.0
2023-08-26 16:54:02,823 [INFO] ThirdParty:1030 - CMSIS Pack Vendor :STMicroelectronics FP-SNS-MOTENV1 4.3.2
2023-08-26 16:54:02,823 [INFO] ThirdParty:1030 - CMSIS Pack Vendor :STMicroelectronics X-CUBE-ALGOBUILD 1.3.0
2023-08-26 16:54:02,823 [INFO] ThirdParty:1030 - CMSIS Pack Vendor :STMicroelectronics X-CUBE-BLE1 6.2.4
2023-08-26 16:54:02,823 [INFO] ThirdParty:1030 - CMSIS Pack Vendor :STMicroelectronics X-CUBE-AZRTOS-L5 1.1.0
2023-08-26 16:54:02,823 [INFO] ThirdParty:1030 - CMSIS Pack Vendor :STMicroelectronics FreeRTOS 0.0.1
2023-08-26 16:54:02,823 [INFO] ThirdParty:1030 - CMSIS Pack Vendor :STMicroelectronics X-CUBE-AZRTOS-G0 1.1.0
2023-08-26 16:54:02,823 [INFO] ThirdParty:1030 - CMSIS Pack Vendor :STMicroelectronics X-CUBE-BLEMGR 2.0.0
2023-08-26 16:54:02,823 [INFO] ThirdParty:1030 - CMSIS Pack Vendor :STMicroelectronics X-CUBE-AI 8.0.1
2023-08-26 16:54:02,823 [INFO] ThirdParty:1030 - CMSIS Pack Vendor :STMicroelectronics X-CUBE-NFC4 3.0.0
2023-08-26 16:54:02,823 [INFO] ThirdParty:1030 - CMSIS Pack Vendor :STMicroelectronics X-CUBE-SUBG2 5.0.0
2023-08-26 16:54:02,823 [INFO] ThirdParty:1030 - CMSIS Pack Vendor :STMicroelectronics STM32_WPAN 1.0.0
2023-08-26 16:54:02,823 [INFO] ThirdParty:1030 - CMSIS Pack Vendor :STMicroelectronics lwIP 2.0.3
2023-08-26 16:54:02,824 [INFO] ThirdParty:1030 - CMSIS Pack Vendor :STMicroelectronics FP-SNS-FLIGHT1 5.0.2
2023-08-26 16:54:02,824 [INFO] ThirdParty:1030 - CMSIS Pack Vendor :STMicroelectronics USB_HOST 1.0.0
2023-08-26 16:54:02,824 [INFO] ThirdParty:1030 - CMSIS Pack Vendor :STMicroelectronics X-CUBE-TOF1 3.3.1
2023-08-26 16:54:02,824 [INFO] ThirdParty:1030 - CMSIS Pack Vendor :STMicroelectronics X-CUBE-AZRTOS-G4 2.0.0
2023-08-26 16:54:02,824 [INFO] ThirdParty:1030 - CMSIS Pack Vendor :STMicroelectronics PDM2PCM 3.1.0
2023-08-26 16:54:02,824 [INFO] ThirdParty:1030 - CMSIS Pack Vendor :STMicroelectronics X-CUBE-AZRTOS-H7 3.1.0
2023-08-26 16:54:02,824 [INFO] ThirdParty:1030 - CMSIS Pack Vendor :STMicroelectronics PDM2PCM 3.3.0
2023-08-26 16:54:02,824 [INFO] ThirdParty:1030 - CMSIS Pack Vendor :STMicroelectronics X-CUBE-DISPLAY 3.0.0
2023-08-26 16:54:02,824 [INFO] ThirdParty:1030 - CMSIS Pack Vendor :STMicroelectronics X-CUBE-BLE1 7.0.0
2023-08-26 16:54:02,824 [INFO] ThirdParty:1030 - CMSIS Pack Vendor :STMicroelectronics FP-ATR-SIGFOX1 3.2.0
2023-08-26 16:54:02,824 [INFO] ThirdParty:1030 - CMSIS Pack Vendor :STMicroelectronics HAL Drivers 0.0.0
2023-08-26 16:54:02,824 [INFO] ThirdParty:1030 - CMSIS Pack Vendor :STMicroelectronics MBEDTLS 2.16.2
2023-08-26 16:54:02,824 [INFO] ThirdParty:1030 - CMSIS Pack Vendor :emotas I-CUBE-CANOPEN 1.3.0
2023-08-26 16:54:02,824 [INFO] ThirdParty:1030 - CMSIS Pack Vendor :STMicroelectronics X-CUBE-TOUCHGFX 4.22.0
2023-08-26 16:54:02,824 [INFO] ThirdParty:1030 - CMSIS Pack Vendor :STMicroelectronics X-CUBE-NFC7 1.0.1
2023-08-26 16:54:02,824 [INFO] ThirdParty:1030 - CMSIS Pack Vendor :STMicroelectronics MBEDTLS 2.14.1
2023-08-26 16:54:02,824 [INFO] ThirdParty:1030 - CMSIS Pack Vendor :STMicroelectronics X-CUBE-EEPRMA1 4.1.0
2023-08-26 16:54:02,824 [INFO] ThirdParty:1030 - CMSIS Pack Vendor :portGmbH I-Cube-SoM-uGOAL 1.1.0
2023-08-26 16:54:02,824 [INFO] ThirdParty:1030 - CMSIS Pack Vendor :STMicroelectronics X-CUBE-ALS 1.0.1
2023-08-26 16:54:02,824 [INFO] ThirdParty:1030 - CMSIS Pack Vendor :STMicroelectronics ThreadX 1.0.0
2023-08-26 16:54:02,824 [INFO] ThirdParty:1030 - CMSIS Pack Vendor :STMicroelectronics X-CUBE-AZRTOS-WB 1.1.0
2023-08-26 16:54:02,824 [INFO] ThirdParty:1030 - CMSIS Pack Vendor :STMicroelectronics X-CUBE-AZRTOS-WL 2.0.0
2023-08-26 16:54:02,824 [INFO] ThirdParty:1030 - CMSIS Pack Vendor :SEGGER I-CUBE-embOS 1.3.1
2023-08-26 16:54:02,824 [INFO] ThirdParty:1030 - CMSIS Pack Vendor :STMicroelectronics USB_DEVICE 1.0.0
2023-08-26 16:54:02,824 [INFO] ThirdParty:1030 - CMSIS Pack Vendor :STMicroelectronics X-CUBE-AI 8.1.0
2023-08-26 16:54:02,824 [INFO] ThirdParty:1030 - CMSIS Pack Vendor :STMicroelectronics X-CUBE-AZRTOS-L4 2.0.0
2023-08-26 16:54:02,824 [INFO] ThirdParty:1030 - CMSIS Pack Vendor :STMicroelectronics ThreadX 0.0.2
2023-08-26 16:54:02,824 [INFO] ThirdParty:1030 - CMSIS Pack Vendor :WES I-CUBE-Cesium 1.3.0
2023-08-26 16:54:02,824 [INFO] ThirdParty:1030 - CMSIS Pack Vendor :STMicroelectronics FP-ATR-ASTRA1 2.0.0
2023-08-26 16:54:02,824 [INFO] ThirdParty:1030 - CMSIS Pack Vendor :STMicroelectronics lwIP 2.1.2
2023-08-26 16:54:02,824 [INFO] ThirdParty:1030 - CMSIS Pack Vendor :STMicroelectronics X-CUBE-SFXS2LP1 4.0.0
2023-08-26 16:54:02,824 [INFO] ThirdParty:1030 - CMSIS Pack Vendor :STMicroelectronics X-CUBE-BLE2 3.3.0
2023-08-26 16:54:02,824 [INFO] ThirdParty:1030 - CMSIS Pack Vendor :STMicroelectronics PDM2PCM 3.2.0
2023-08-26 16:54:02,824 [INFO] ThirdParty:841 - exiting critical section [change project]
2023-08-26 16:54:02,940 [INFO] PinOutPanel:1499 - setPackage(No Configuration,No Configuration)
2023-08-26 16:54:02,941 [INFO] PinOutPanel:1499 - setPackage(STM32F429ZITx,LQFP144)
2023-08-26 16:54:03,119 [INFO] UtilMem:75 - Before build in PCC Used Memory: 839511400 Bytes (1073741824)
2023-08-26 16:54:03,254 [INFO] UtilMem:75 - After build in PCC Used Memory: 886680896 Bytes (1073741824)
2023-08-26 16:54:03,269 [INFO] IPUIPlugin:80 - create IPUIPlugin
2023-08-26 16:54:03,269 [INFO] IPUIPlugin:80 - create IPUIPlugin
2023-08-26 16:54:03,269 [INFO] IPUIPlugin:80 - create IPUIPlugin
2023-08-26 16:54:03,269 [INFO] IPUIPlugin:80 - create IPUIPlugin
2023-08-26 16:54:03,269 [INFO] IPUIPlugin:80 - create IPUIPlugin
2023-08-26 16:54:03,269 [INFO] IPUIPlugin:80 - create IPUIPlugin
2023-08-26 16:54:03,269 [INFO] IPUIPlugin:80 - create IPUIPlugin
2023-08-26 16:54:03,269 [INFO] IPUIPlugin:80 - create IPUIPlugin
2023-08-26 16:54:03,270 [INFO] IPUIPlugin:80 - create IPUIPlugin
2023-08-26 16:54:03,270 [INFO] IPUIPlugin:80 - create IPUIPlugin
2023-08-26 16:54:03,270 [INFO] IPUIPlugin:80 - create IPUIPlugin
2023-08-26 16:54:03,270 [INFO] IPUIPlugin:80 - create IPUIPlugin
2023-08-26 16:54:03,270 [INFO] IPUIPlugin:80 - create IPUIPlugin
2023-08-26 16:54:03,270 [INFO] IPUIPlugin:80 - create IPUIPlugin
2023-08-26 16:54:03,270 [INFO] IPUIPlugin:80 - create IPUIPlugin
2023-08-26 16:54:03,270 [INFO] IPUIPlugin:80 - create IPUIPlugin
2023-08-26 16:54:03,270 [INFO] IPUIPlugin:80 - create IPUIPlugin
2023-08-26 16:54:03,270 [INFO] IPUIPlugin:80 - create IPUIPlugin
2023-08-26 16:54:03,270 [INFO] IPUIPlugin:80 - create IPUIPlugin
2023-08-26 16:54:03,270 [INFO] IPUIPlugin:80 - create IPUIPlugin
2023-08-26 16:54:03,270 [INFO] IPUIPlugin:80 - create IPUIPlugin
2023-08-26 16:54:03,271 [INFO] IPUIPlugin:80 - create IPUIPlugin
2023-08-26 16:54:03,271 [INFO] IPUIPlugin:80 - create IPUIPlugin
2023-08-26 16:54:03,271 [INFO] IPUIPlugin:80 - create IPUIPlugin
2023-08-26 16:54:03,271 [INFO] IPUIPlugin:80 - create IPUIPlugin
2023-08-26 16:54:03,271 [INFO] IPUIPlugin:80 - create IPUIPlugin
2023-08-26 16:54:03,271 [INFO] IPUIPlugin:80 - create IPUIPlugin
2023-08-26 16:54:03,271 [INFO] IPUIPlugin:80 - create IPUIPlugin
2023-08-26 16:54:03,271 [INFO] IPUIPlugin:80 - create IPUIPlugin
2023-08-26 16:54:03,272 [INFO] IPUIPlugin:80 - create IPUIPlugin
2023-08-26 16:54:03,272 [INFO] IPUIPlugin:80 - create IPUIPlugin
2023-08-26 16:54:03,272 [INFO] IPUIPlugin:80 - create IPUIPlugin
2023-08-26 16:54:03,272 [INFO] IPUIPlugin:80 - create IPUIPlugin
2023-08-26 16:54:03,272 [INFO] IPUIPlugin:80 - create IPUIPlugin
2023-08-26 16:54:03,272 [INFO] IPUIPlugin:80 - create IPUIPlugin
2023-08-26 16:54:03,272 [INFO] IPUIPlugin:80 - create IPUIPlugin
2023-08-26 16:54:03,272 [INFO] IPUIPlugin:80 - create IPUIPlugin
2023-08-26 16:54:03,273 [INFO] IPUIPlugin:80 - create IPUIPlugin
2023-08-26 16:54:03,273 [INFO] IPUIPlugin:80 - create IPUIPlugin
2023-08-26 16:54:03,273 [INFO] IPUIPlugin:80 - create IPUIPlugin
2023-08-26 16:54:03,273 [INFO] IPUIPlugin:80 - create IPUIPlugin
2023-08-26 16:54:03,273 [INFO] IPUIPlugin:80 - create IPUIPlugin
2023-08-26 16:54:03,273 [INFO] IPUIPlugin:80 - create IPUIPlugin
2023-08-26 16:54:03,273 [INFO] IPUIPlugin:80 - create IPUIPlugin
2023-08-26 16:54:03,274 [INFO] IPUIPlugin:80 - create IPUIPlugin
2023-08-26 16:54:03,274 [INFO] IPUIPlugin:80 - create IPUIPlugin
2023-08-26 16:54:03,274 [INFO] IPUIPlugin:80 - create IPUIPlugin
2023-08-26 16:54:03,274 [INFO] IPUIPlugin:80 - create IPUIPlugin
2023-08-26 16:54:03,274 [INFO] IPUIPlugin:80 - create IPUIPlugin
2023-08-26 16:54:03,274 [INFO] IPUIPlugin:80 - create IPUIPlugin
2023-08-26 16:54:03,275 [INFO] IPUIPlugin:80 - create IPUIPlugin
2023-08-26 16:54:03,275 [INFO] IPUIPlugin:80 - create IPUIPlugin
2023-08-26 16:54:03,275 [INFO] IPUIPlugin:80 - create IPUIPlugin
2023-08-26 16:54:03,275 [INFO] IPUIPlugin:80 - create IPUIPlugin
2023-08-26 16:54:03,275 [INFO] IPUIPlugin:80 - create IPUIPlugin
2023-08-26 16:54:03,276 [INFO] IPUIPlugin:80 - create IPUIPlugin
2023-08-26 16:54:03,276 [INFO] IPUIPlugin:80 - create IPUIPlugin
2023-08-26 16:54:03,276 [INFO] IPUIPlugin:80 - create IPUIPlugin
2023-08-26 16:54:03,276 [INFO] IPUIPlugin:80 - create IPUIPlugin
2023-08-26 16:54:03,277 [INFO] IPUIPlugin:80 - create IPUIPlugin
2023-08-26 16:54:03,277 [INFO] IPUIPlugin:80 - create IPUIPlugin
2023-08-26 16:54:03,277 [INFO] IPUIPlugin:80 - create IPUIPlugin
2023-08-26 16:54:03,278 [INFO] IPUIPlugin:80 - create IPUIPlugin
2023-08-26 16:54:03,278 [INFO] IPUIPlugin:80 - create IPUIPlugin
2023-08-26 16:54:03,278 [INFO] IPUIPlugin:80 - create IPUIPlugin
2023-08-26 16:54:03,278 [INFO] IPUIPlugin:80 - create IPUIPlugin
2023-08-26 16:54:03,283 [INFO] ApiDbMcu:507 - Load IP Config File for PDM2PCM
2023-08-26 16:54:03,325 [INFO] CADModel:165 - CPN selected for project levelSTM32F429ZIT6
2023-08-26 16:54:03,325 [INFO] CADModel:114 - Register for checkConnection events
2023-08-26 16:54:03,377 [INFO] OpenFileManager:328 - Restore cursor
2023-08-26 16:54:27,478 [INFO] MainUpdater:2868 - connection check result : 10
2023-08-26 16:54:27,478 [INFO] MainUpdater:2868 - connection check result : 10
2023-08-26 16:54:27,555 [INFO] MicroXplorer:468 - Change Database Path : 
2023-08-26 16:54:27,555 [INFO] MicroXplorer:498 - Change Database Version : DB.6.0.90
2023-08-26 16:54:27,566 [WARN] ThirdParty:871 - waiting for thirdparty lock release [close project]
2023-08-26 16:54:27,566 [INFO] ThirdParty:873 - entering critical section [close project]
2023-08-26 16:54:27,566 [INFO] ThirdParty:883 - exiting critical section [close project]
2023-08-26 16:54:27,567 [INFO] PinOutPanel:1499 - setPackage(No Configuration,No Configuration)
2023-08-26 16:54:27,569 [WARN] IpParametersView:151 - Warning: This peripheral hasn't parameters
2023-08-26 16:54:27,570 [WARN] MainPanel:272 - <html><b><center>Warning: This peripheral has no parameters to be configured<br></b></html>
2023-08-26 16:54:27,572 [INFO] UtilMem:75 - Begin LoadConfig() Used Memory: 849521320 Bytes (1073741824)
2023-08-26 16:54:27,572 [INFO] MicroXplorer:468 - Change Database Path : 
2023-08-26 16:54:27,572 [INFO] MicroXplorer:498 - Change Database Version : DB.6.0.90
2023-08-26 16:54:27,572 [INFO] OpenFileManager:308 - Change cursor
2023-08-26 16:54:27,577 [INFO] Mcu:1946 - Initializing MCU STM32F429ZITx STM32F429ZITx STM32F429ZIT6
2023-08-26 16:54:28,800 [INFO] Context:659 - Trying to add GPIOservice into a context  which must be forbidden
2023-08-26 16:54:28,998 [INFO] RtosManager:555 - Registered RTOS mode: class=CMSIS, group=RTOS, mode=CMSIS_V1, owner=FREERTOS
2023-08-26 16:54:28,998 [INFO] RtosManager:555 - Registered RTOS mode: class=CMSIS, group=RTOS2, mode=CMSIS_V2, owner=FREERTOS
2023-08-26 16:54:28,998 [INFO] RtosManager:555 - Registered RTOS mode: class=RTOS, group=Core, mode=CMSIS_V1, owner=FREERTOS
2023-08-26 16:54:28,998 [INFO] RtosManager:555 - Registered RTOS mode: class=RTOS, group=Core, mode=CMSIS_V2, owner=FREERTOS
2023-08-26 16:54:28,998 [WARN] ModelIntegratedComponent:184 - Missing modes for component STMicroelectronics:FreeRTOS:0.0.1:STMicroelectronics:RTOS:FreeRTOS:Core:::10.2.0:
2023-08-26 16:54:29,002 [WARN] ModelIntegratedComponent:63 - No mode defined for component null
2023-08-26 16:54:29,002 [WARN] ModelIntegratedComponent:63 - No mode defined for component null
2023-08-26 16:54:29,002 [WARN] ModelIntegratedComponent:63 - No mode defined for component null
2023-08-26 16:54:29,002 [WARN] ModelIntegratedComponent:63 - No mode defined for component null
2023-08-26 16:54:29,002 [WARN] ModelIntegratedComponent:63 - No mode defined for component null
2023-08-26 16:54:29,002 [WARN] ModelIntegratedComponent:63 - No mode defined for component null
2023-08-26 16:54:29,002 [WARN] ModelIntegratedComponent:63 - No mode defined for component null
2023-08-26 16:54:29,002 [WARN] ModelIntegratedComponent:63 - No mode defined for component null
2023-08-26 16:54:29,003 [WARN] ModelIntegratedComponent:63 - No mode defined for component null
2023-08-26 16:54:29,003 [WARN] ModelIntegratedComponent:63 - No mode defined for component null
2023-08-26 16:54:29,003 [WARN] ModelIntegratedComponent:63 - No mode defined for component null
2023-08-26 16:54:29,003 [WARN] ModelIntegratedComponent:63 - No mode defined for component null
2023-08-26 16:54:29,003 [WARN] ModelIntegratedComponent:63 - No mode defined for component null
2023-08-26 16:54:29,003 [WARN] ModelIntegratedComponent:63 - No mode defined for component null
2023-08-26 16:54:29,003 [WARN] ModelIntegratedComponent:63 - No mode defined for component null
2023-08-26 16:54:29,003 [WARN] ModelIntegratedComponent:63 - No mode defined for component null
2023-08-26 16:54:29,003 [WARN] ModelIntegratedComponent:63 - No mode defined for component null
2023-08-26 16:54:29,003 [WARN] ModelIntegratedComponent:63 - No mode defined for component null
2023-08-26 16:54:29,003 [WARN] ModelIntegratedComponent:63 - No mode defined for component null
2023-08-26 16:54:29,003 [WARN] ModelIntegratedComponent:63 - No mode defined for component null
2023-08-26 16:54:29,003 [WARN] ModelIntegratedComponent:63 - No mode defined for component null
2023-08-26 16:54:29,003 [WARN] ModelIntegratedComponent:63 - No mode defined for component null
2023-08-26 16:54:29,003 [WARN] ModelIntegratedComponent:63 - No mode defined for component null
2023-08-26 16:54:29,003 [WARN] ModelIntegratedComponent:63 - No mode defined for component null
2023-08-26 16:54:29,003 [WARN] ModelIntegratedComponent:63 - No mode defined for component null
2023-08-26 16:54:29,003 [WARN] ModelIntegratedComponent:63 - No mode defined for component null
2023-08-26 16:54:29,003 [WARN] ModelIntegratedComponent:63 - No mode defined for component null
2023-08-26 16:54:29,003 [WARN] ModelIntegratedComponent:63 - No mode defined for component null
2023-08-26 16:54:29,003 [WARN] ModelIntegratedComponent:63 - No mode defined for component null
2023-08-26 16:54:29,003 [WARN] ModelIntegratedComponent:63 - No mode defined for component null
2023-08-26 16:54:29,003 [WARN] ModelIntegratedComponent:63 - No mode defined for component null
2023-08-26 16:54:29,003 [WARN] ModelIntegratedComponent:63 - No mode defined for component null
2023-08-26 16:54:29,003 [WARN] ModelIntegratedComponent:63 - No mode defined for component null
2023-08-26 16:54:29,009 [INFO] ThirdPartyModel:298 - Start build external matchings
2023-08-26 16:54:29,228 [INFO] ThirdPartyModel:316 - End build external matchings
2023-08-26 16:54:29,232 [INFO] ImportTextPane:194 - (OptionalMessage_ERROR) IP (ETH) : Invalid parameter (PHY_Name)
2023-08-26 16:54:29,232 [INFO] ImportTextPane:194 - (OptionalMessage_ERROR) IP (ETH) : Invalid parameter (PHY_Value)
2023-08-26 16:54:29,232 [INFO] ImportTextPane:194 - (OptionalMessage_ERROR) IP (ETH) : Invalid parameter (PhyAddress)
2023-08-26 16:54:29,232 [INFO] ImportTextPane:194 - (OptionalMessage_ERROR) IP (RCC) : Invalid parameter (ADC12outputFreq_Value)
2023-08-26 16:54:29,233 [INFO] ImportTextPane:194 - (OptionalMessage_ERROR) IP (RCC) : Invalid parameter (ADC34outputFreq_Value)
2023-08-26 16:54:29,233 [INFO] ImportTextPane:194 - (OptionalMessage_ERROR) IP (RCC) : Invalid parameter (FamilyName)
2023-08-26 16:54:29,233 [INFO] ImportTextPane:194 - (OptionalMessage_ERROR) IP (RCC) : Invalid parameter (I2C1Freq_Value)
2023-08-26 16:54:29,233 [INFO] ImportTextPane:194 - (OptionalMessage_ERROR) IP (RCC) : Invalid parameter (I2C2Freq_Value)
2023-08-26 16:54:29,233 [INFO] ImportTextPane:194 - (OptionalMessage_ERROR) IP (RCC) : Invalid parameter (I2C3Freq_Value)
2023-08-26 16:54:29,233 [INFO] ImportTextPane:194 - (OptionalMessage_ERROR) IP (RCC) : Parameter (MCO2PinFreq_Value) has invalid value (168000000)
2023-08-26 16:54:29,233 [INFO] ImportTextPane:194 - (OptionalMessage_ERROR) IP (RCC) : Invalid parameter (MCOFreq_Value)
2023-08-26 16:54:29,233 [INFO] ImportTextPane:194 - (OptionalMessage_ERROR) IP (RCC) : Invalid parameter (PLLMCOFreq_Value)
2023-08-26 16:54:29,233 [INFO] ImportTextPane:194 - (OptionalMessage_ERROR) IP (RCC) : Invalid parameter (PLLMUL)
2023-08-26 16:54:29,233 [INFO] ImportTextPane:194 - (OptionalMessage_ERROR) IP (RCC) : Invalid parameter (PRESCALERUSB)
2023-08-26 16:54:29,233 [INFO] ImportTextPane:194 - (OptionalMessage_ERROR) IP (RCC) : Parameter (RTCHSEDivFreq_Value) has invalid value (4000000)
2023-08-26 16:54:29,233 [INFO] ImportTextPane:194 - (OptionalMessage_ERROR) IP (RCC) : Invalid parameter (SYSCLKSourceVirtual)
2023-08-26 16:54:29,233 [INFO] ImportTextPane:194 - (OptionalMessage_ERROR) IP (RCC) : Invalid parameter (TIM15Freq_Value)
2023-08-26 16:54:29,233 [INFO] ImportTextPane:194 - (OptionalMessage_ERROR) IP (RCC) : Invalid parameter (TIM16Freq_Value)
2023-08-26 16:54:29,233 [INFO] ImportTextPane:194 - (OptionalMessage_ERROR) IP (RCC) : Invalid parameter (TIM17Freq_Value)
2023-08-26 16:54:29,233 [INFO] ImportTextPane:194 - (OptionalMessage_ERROR) IP (RCC) : Invalid parameter (TIM1Freq_Value)
2023-08-26 16:54:29,233 [INFO] ImportTextPane:194 - (OptionalMessage_ERROR) IP (RCC) : Invalid parameter (TIM20Freq_Value)
2023-08-26 16:54:29,233 [INFO] ImportTextPane:194 - (OptionalMessage_ERROR) IP (RCC) : Invalid parameter (TIM2Freq_Value)
2023-08-26 16:54:29,233 [INFO] ImportTextPane:194 - (OptionalMessage_ERROR) IP (RCC) : Invalid parameter (TIM3Freq_Value)
2023-08-26 16:54:29,233 [INFO] ImportTextPane:194 - (OptionalMessage_ERROR) IP (RCC) : Invalid parameter (TIM8Freq_Value)
2023-08-26 16:54:29,233 [INFO] ImportTextPane:194 - (OptionalMessage_ERROR) IP (RCC) : Invalid parameter (UART4Freq_Value)
2023-08-26 16:54:29,233 [INFO] ImportTextPane:194 - (OptionalMessage_ERROR) IP (RCC) : Invalid parameter (UART5Freq_Value)
2023-08-26 16:54:29,233 [INFO] ImportTextPane:194 - (OptionalMessage_ERROR) IP (RCC) : Invalid parameter (USART1Freq_Value)
2023-08-26 16:54:29,233 [INFO] ImportTextPane:194 - (OptionalMessage_ERROR) IP (RCC) : Invalid parameter (USART2Freq_Value)
2023-08-26 16:54:29,233 [INFO] ImportTextPane:194 - (OptionalMessage_ERROR) IP (RCC) : Invalid parameter (USART3Freq_Value)
2023-08-26 16:54:29,233 [INFO] ImportTextPane:194 - (OptionalMessage_ERROR) IP (RCC) : Invalid parameter (USBFreq_Value)
2023-08-26 16:54:29,234 [INFO] ImportTextPane:194 - (OptionalMessage_ERROR) IP (RCC) : Invalid parameter (VCOOutput2Freq_Value)
2023-08-26 16:54:29,554 [INFO] UtilMem:75 - End LoadConfig() Used Memory: 827886584 Bytes (1073741824)
2023-08-26 16:54:29,593 [WARN] ThirdParty:833 - waiting for thirdparty lock release [change project]
2023-08-26 16:54:29,593 [INFO] ThirdParty:835 - entering critical section [change project]
2023-08-26 16:54:29,593 [INFO] ThirdParty:1030 - CMSIS Pack Vendor :STMicroelectronics X-CUBE-ISPU 1.1.0
2023-08-26 16:54:29,593 [INFO] ThirdParty:1030 - CMSIS Pack Vendor :STMicroelectronics USBPD 4.1
2023-08-26 16:54:29,593 [INFO] ThirdParty:1030 - CMSIS Pack Vendor :STMicroelectronics X-CUBE-GNSS1 6.0.0
2023-08-26 16:54:29,593 [INFO] ThirdParty:1030 - CMSIS Pack Vendor :STMicroelectronics USB_HOST 2.0.0
2023-08-26 16:54:29,593 [INFO] ThirdParty:1030 - CMSIS Pack Vendor :STMicroelectronics X-CUBE-AZRTOS-F4 1.1.0
2023-08-26 16:54:29,593 [INFO] ThirdParty:1030 - CMSIS Pack Vendor :STMicroelectronics LIBJPEG 8.0.0
2023-08-26 16:54:29,593 [INFO] ThirdParty:1030 - CMSIS Pack Vendor :wolfSSL I-CUBE-wolfSSL 5.6.3
2023-08-26 16:54:29,593 [INFO] ThirdParty:1030 - CMSIS Pack Vendor :STMicroelectronics X-CUBE-SMBUS 2.1.0
2023-08-26 16:54:29,593 [INFO] ThirdParty:1030 - CMSIS Pack Vendor :STMicroelectronics USB_DEVICE 3.0.0
2023-08-26 16:54:29,593 [INFO] ThirdParty:1030 - CMSIS Pack Vendor :STMicroelectronics X-CUBE-AZRTOS-WB 2.0.0
2023-08-26 16:54:29,593 [INFO] ThirdParty:1030 - CMSIS Pack Vendor :STMicroelectronics X-CUBE-FREERTOS 1.0.1
2023-08-26 16:54:29,593 [INFO] ThirdParty:1030 - CMSIS Pack Vendor :STMicroelectronics X-CUBE-AZRTOS-F7 1.1.0
2023-08-26 16:54:29,593 [INFO] ThirdParty:1030 - CMSIS Pack Vendor :STMicroelectronics X-CUBE-AZRTOS-L5 2.0.0
2023-08-26 16:54:29,593 [INFO] ThirdParty:1030 - CMSIS Pack Vendor :STMicroelectronics USB_DEVICE 2.0.0
2023-08-26 16:54:29,593 [INFO] ThirdParty:1030 - CMSIS Pack Vendor :STMicroelectronics X-CUBE-MEMS1 9.6.0
2023-08-26 16:54:29,593 [INFO] ThirdParty:1030 - CMSIS Pack Vendor :STMicroelectronics FP-SNS-MOTENV1 4.3.2
2023-08-26 16:54:29,593 [INFO] ThirdParty:1030 - CMSIS Pack Vendor :STMicroelectronics X-CUBE-ALGOBUILD 1.3.0
2023-08-26 16:54:29,593 [INFO] ThirdParty:1030 - CMSIS Pack Vendor :STMicroelectronics X-CUBE-BLE1 6.2.4
2023-08-26 16:54:29,593 [INFO] ThirdParty:1030 - CMSIS Pack Vendor :STMicroelectronics X-CUBE-AZRTOS-L5 1.1.0
2023-08-26 16:54:29,593 [INFO] ThirdParty:1030 - CMSIS Pack Vendor :STMicroelectronics FreeRTOS 0.0.1
2023-08-26 16:54:29,593 [INFO] ThirdParty:1030 - CMSIS Pack Vendor :STMicroelectronics X-CUBE-AZRTOS-G0 1.1.0
2023-08-26 16:54:29,593 [INFO] ThirdParty:1030 - CMSIS Pack Vendor :STMicroelectronics X-CUBE-BLEMGR 2.0.0
2023-08-26 16:54:29,593 [INFO] ThirdParty:1030 - CMSIS Pack Vendor :STMicroelectronics X-CUBE-AI 8.0.1
2023-08-26 16:54:29,593 [INFO] ThirdParty:1030 - CMSIS Pack Vendor :STMicroelectronics X-CUBE-NFC4 3.0.0
2023-08-26 16:54:29,593 [INFO] ThirdParty:1030 - CMSIS Pack Vendor :STMicroelectronics X-CUBE-SUBG2 5.0.0
2023-08-26 16:54:29,593 [INFO] ThirdParty:1030 - CMSIS Pack Vendor :STMicroelectronics STM32_WPAN 1.0.0
2023-08-26 16:54:29,593 [INFO] ThirdParty:1030 - CMSIS Pack Vendor :STMicroelectronics lwIP 2.0.3
2023-08-26 16:54:29,593 [INFO] ThirdParty:1030 - CMSIS Pack Vendor :STMicroelectronics FP-SNS-FLIGHT1 5.0.2
2023-08-26 16:54:29,593 [INFO] ThirdParty:1030 - CMSIS Pack Vendor :STMicroelectronics USB_HOST 1.0.0
2023-08-26 16:54:29,593 [INFO] ThirdParty:1030 - CMSIS Pack Vendor :STMicroelectronics X-CUBE-TOF1 3.3.1
2023-08-26 16:54:29,593 [INFO] ThirdParty:1030 - CMSIS Pack Vendor :STMicroelectronics X-CUBE-AZRTOS-G4 2.0.0
2023-08-26 16:54:29,593 [INFO] ThirdParty:1030 - CMSIS Pack Vendor :STMicroelectronics PDM2PCM 3.1.0
2023-08-26 16:54:29,593 [INFO] ThirdParty:1030 - CMSIS Pack Vendor :STMicroelectronics X-CUBE-AZRTOS-H7 3.1.0
2023-08-26 16:54:29,593 [INFO] ThirdParty:1030 - CMSIS Pack Vendor :STMicroelectronics PDM2PCM 3.3.0
2023-08-26 16:54:29,593 [INFO] ThirdParty:1030 - CMSIS Pack Vendor :STMicroelectronics X-CUBE-DISPLAY 3.0.0
2023-08-26 16:54:29,593 [INFO] ThirdParty:1030 - CMSIS Pack Vendor :STMicroelectronics X-CUBE-BLE1 7.0.0
2023-08-26 16:54:29,593 [INFO] ThirdParty:1030 - CMSIS Pack Vendor :STMicroelectronics FP-ATR-SIGFOX1 3.2.0
2023-08-26 16:54:29,593 [INFO] ThirdParty:1030 - CMSIS Pack Vendor :STMicroelectronics HAL Drivers 0.0.0
2023-08-26 16:54:29,593 [INFO] ThirdParty:1030 - CMSIS Pack Vendor :STMicroelectronics MBEDTLS 2.16.2
2023-08-26 16:54:29,593 [INFO] ThirdParty:1030 - CMSIS Pack Vendor :emotas I-CUBE-CANOPEN 1.3.0
2023-08-26 16:54:29,594 [INFO] ThirdParty:1030 - CMSIS Pack Vendor :STMicroelectronics X-CUBE-TOUCHGFX 4.22.0
2023-08-26 16:54:29,594 [INFO] ThirdParty:1030 - CMSIS Pack Vendor :STMicroelectronics X-CUBE-NFC7 1.0.1
2023-08-26 16:54:29,594 [INFO] ThirdParty:1030 - CMSIS Pack Vendor :STMicroelectronics MBEDTLS 2.14.1
2023-08-26 16:54:29,594 [INFO] ThirdParty:1030 - CMSIS Pack Vendor :STMicroelectronics X-CUBE-EEPRMA1 4.1.0
2023-08-26 16:54:29,594 [INFO] ThirdParty:1030 - CMSIS Pack Vendor :portGmbH I-Cube-SoM-uGOAL 1.1.0
2023-08-26 16:54:29,594 [INFO] ThirdParty:1030 - CMSIS Pack Vendor :STMicroelectronics X-CUBE-ALS 1.0.1
2023-08-26 16:54:29,594 [INFO] ThirdParty:1030 - CMSIS Pack Vendor :STMicroelectronics ThreadX 1.0.0
2023-08-26 16:54:29,594 [INFO] ThirdParty:1030 - CMSIS Pack Vendor :STMicroelectronics X-CUBE-AZRTOS-WB 1.1.0
2023-08-26 16:54:29,594 [INFO] ThirdParty:1030 - CMSIS Pack Vendor :STMicroelectronics X-CUBE-AZRTOS-WL 2.0.0
2023-08-26 16:54:29,594 [INFO] ThirdParty:1030 - CMSIS Pack Vendor :SEGGER I-CUBE-embOS 1.3.1
2023-08-26 16:54:29,594 [INFO] ThirdParty:1030 - CMSIS Pack Vendor :STMicroelectronics USB_DEVICE 1.0.0
2023-08-26 16:54:29,594 [INFO] ThirdParty:1030 - CMSIS Pack Vendor :STMicroelectronics X-CUBE-AI 8.1.0
2023-08-26 16:54:29,594 [INFO] ThirdParty:1030 - CMSIS Pack Vendor :STMicroelectronics X-CUBE-AZRTOS-L4 2.0.0
2023-08-26 16:54:29,594 [INFO] ThirdParty:1030 - CMSIS Pack Vendor :STMicroelectronics ThreadX 0.0.2
2023-08-26 16:54:29,594 [INFO] ThirdParty:1030 - CMSIS Pack Vendor :WES I-CUBE-Cesium 1.3.0
2023-08-26 16:54:29,594 [INFO] ThirdParty:1030 - CMSIS Pack Vendor :STMicroelectronics FP-ATR-ASTRA1 2.0.0
2023-08-26 16:54:29,594 [INFO] ThirdParty:1030 - CMSIS Pack Vendor :STMicroelectronics lwIP 2.1.2
2023-08-26 16:54:29,594 [INFO] ThirdParty:1030 - CMSIS Pack Vendor :STMicroelectronics X-CUBE-SFXS2LP1 4.0.0
2023-08-26 16:54:29,594 [INFO] ThirdParty:1030 - CMSIS Pack Vendor :STMicroelectronics X-CUBE-BLE2 3.3.0
2023-08-26 16:54:29,594 [INFO] ThirdParty:1030 - CMSIS Pack Vendor :STMicroelectronics PDM2PCM 3.2.0
2023-08-26 16:54:29,594 [INFO] ThirdParty:841 - exiting critical section [change project]
2023-08-26 16:54:29,679 [INFO] PinOutPanel:1499 - setPackage(No Configuration,No Configuration)
2023-08-26 16:54:29,680 [INFO] PinOutPanel:1499 - setPackage(STM32F429ZITx,LQFP144)
2023-08-26 16:54:29,833 [INFO] UtilMem:75 - Before build in PCC Used Memory: 849920520 Bytes (1073741824)
2023-08-26 16:54:29,940 [INFO] UtilMem:75 - After build in PCC Used Memory: 896584200 Bytes (1073741824)
2023-08-26 16:54:29,955 [INFO] IPUIPlugin:80 - create IPUIPlugin
2023-08-26 16:54:29,956 [INFO] IPUIPlugin:80 - create IPUIPlugin
2023-08-26 16:54:29,956 [INFO] IPUIPlugin:80 - create IPUIPlugin
2023-08-26 16:54:29,956 [INFO] IPUIPlugin:80 - create IPUIPlugin
2023-08-26 16:54:29,956 [INFO] IPUIPlugin:80 - create IPUIPlugin
2023-08-26 16:54:29,956 [INFO] IPUIPlugin:80 - create IPUIPlugin
2023-08-26 16:54:29,956 [INFO] IPUIPlugin:80 - create IPUIPlugin
2023-08-26 16:54:29,956 [INFO] IPUIPlugin:80 - create IPUIPlugin
2023-08-26 16:54:29,956 [INFO] IPUIPlugin:80 - create IPUIPlugin
2023-08-26 16:54:29,956 [INFO] IPUIPlugin:80 - create IPUIPlugin
2023-08-26 16:54:29,956 [INFO] IPUIPlugin:80 - create IPUIPlugin
2023-08-26 16:54:29,956 [INFO] IPUIPlugin:80 - create IPUIPlugin
2023-08-26 16:54:29,956 [INFO] IPUIPlugin:80 - create IPUIPlugin
2023-08-26 16:54:29,956 [INFO] IPUIPlugin:80 - create IPUIPlugin
2023-08-26 16:54:29,956 [INFO] IPUIPlugin:80 - create IPUIPlugin
2023-08-26 16:54:29,956 [INFO] IPUIPlugin:80 - create IPUIPlugin
2023-08-26 16:54:29,956 [INFO] IPUIPlugin:80 - create IPUIPlugin
2023-08-26 16:54:29,957 [INFO] IPUIPlugin:80 - create IPUIPlugin
2023-08-26 16:54:29,957 [INFO] IPUIPlugin:80 - create IPUIPlugin
2023-08-26 16:54:29,957 [INFO] IPUIPlugin:80 - create IPUIPlugin
2023-08-26 16:54:29,957 [INFO] IPUIPlugin:80 - create IPUIPlugin
2023-08-26 16:54:29,957 [INFO] IPUIPlugin:80 - create IPUIPlugin
2023-08-26 16:54:29,957 [INFO] IPUIPlugin:80 - create IPUIPlugin
2023-08-26 16:54:29,957 [INFO] IPUIPlugin:80 - create IPUIPlugin
2023-08-26 16:54:29,957 [INFO] IPUIPlugin:80 - create IPUIPlugin
2023-08-26 16:54:29,957 [INFO] IPUIPlugin:80 - create IPUIPlugin
2023-08-26 16:54:29,957 [INFO] IPUIPlugin:80 - create IPUIPlugin
2023-08-26 16:54:29,958 [INFO] IPUIPlugin:80 - create IPUIPlugin
2023-08-26 16:54:29,958 [INFO] IPUIPlugin:80 - create IPUIPlugin
2023-08-26 16:54:29,958 [INFO] IPUIPlugin:80 - create IPUIPlugin
2023-08-26 16:54:29,958 [INFO] IPUIPlugin:80 - create IPUIPlugin
2023-08-26 16:54:29,958 [INFO] IPUIPlugin:80 - create IPUIPlugin
2023-08-26 16:54:29,958 [INFO] IPUIPlugin:80 - create IPUIPlugin
2023-08-26 16:54:29,958 [INFO] IPUIPlugin:80 - create IPUIPlugin
2023-08-26 16:54:29,958 [INFO] IPUIPlugin:80 - create IPUIPlugin
2023-08-26 16:54:29,959 [INFO] IPUIPlugin:80 - create IPUIPlugin
2023-08-26 16:54:29,959 [INFO] IPUIPlugin:80 - create IPUIPlugin
2023-08-26 16:54:29,959 [INFO] IPUIPlugin:80 - create IPUIPlugin
2023-08-26 16:54:29,959 [INFO] IPUIPlugin:80 - create IPUIPlugin
2023-08-26 16:54:29,959 [INFO] IPUIPlugin:80 - create IPUIPlugin
2023-08-26 16:54:29,959 [INFO] IPUIPlugin:80 - create IPUIPlugin
2023-08-26 16:54:29,960 [INFO] IPUIPlugin:80 - create IPUIPlugin
2023-08-26 16:54:29,960 [INFO] IPUIPlugin:80 - create IPUIPlugin
2023-08-26 16:54:29,960 [INFO] IPUIPlugin:80 - create IPUIPlugin
2023-08-26 16:54:29,960 [INFO] IPUIPlugin:80 - create IPUIPlugin
2023-08-26 16:54:29,960 [INFO] IPUIPlugin:80 - create IPUIPlugin
2023-08-26 16:54:29,960 [INFO] IPUIPlugin:80 - create IPUIPlugin
2023-08-26 16:54:29,961 [INFO] IPUIPlugin:80 - create IPUIPlugin
2023-08-26 16:54:29,961 [INFO] IPUIPlugin:80 - create IPUIPlugin
2023-08-26 16:54:29,961 [INFO] IPUIPlugin:80 - create IPUIPlugin
2023-08-26 16:54:29,961 [INFO] IPUIPlugin:80 - create IPUIPlugin
2023-08-26 16:54:29,961 [INFO] IPUIPlugin:80 - create IPUIPlugin
2023-08-26 16:54:29,961 [INFO] IPUIPlugin:80 - create IPUIPlugin
2023-08-26 16:54:29,962 [INFO] IPUIPlugin:80 - create IPUIPlugin
2023-08-26 16:54:29,962 [INFO] IPUIPlugin:80 - create IPUIPlugin
2023-08-26 16:54:29,962 [INFO] IPUIPlugin:80 - create IPUIPlugin
2023-08-26 16:54:29,962 [INFO] IPUIPlugin:80 - create IPUIPlugin
2023-08-26 16:54:29,962 [INFO] IPUIPlugin:80 - create IPUIPlugin
2023-08-26 16:54:29,963 [INFO] IPUIPlugin:80 - create IPUIPlugin
2023-08-26 16:54:29,963 [INFO] IPUIPlugin:80 - create IPUIPlugin
2023-08-26 16:54:29,963 [INFO] IPUIPlugin:80 - create IPUIPlugin
2023-08-26 16:54:29,964 [INFO] IPUIPlugin:80 - create IPUIPlugin
2023-08-26 16:54:29,964 [INFO] IPUIPlugin:80 - create IPUIPlugin
2023-08-26 16:54:29,964 [INFO] IPUIPlugin:80 - create IPUIPlugin
2023-08-26 16:54:29,964 [INFO] IPUIPlugin:80 - create IPUIPlugin
2023-08-26 16:54:29,965 [INFO] IPUIPlugin:80 - create IPUIPlugin
2023-08-26 16:54:29,966 [INFO] ApiDbMcu:507 - Load IP Config File for PDM2PCM
2023-08-26 16:54:30,009 [INFO] CADModel:165 - CPN selected for project levelSTM32F429ZIT6
2023-08-26 16:54:30,009 [INFO] CADModel:114 - Register for checkConnection events
2023-08-26 16:54:30,075 [INFO] OpenFileManager:328 - Restore cursor
2023-08-26 16:56:58,098 [INFO] MainUpdater:2868 - connection check result : 10
2023-08-26 16:56:58,098 [INFO] MainUpdater:2868 - connection check result : 10
2023-08-26 16:56:58,177 [INFO] MicroXplorer:468 - Change Database Path : 
2023-08-26 16:56:58,177 [INFO] MicroXplorer:498 - Change Database Version : DB.6.0.90
2023-08-26 16:56:58,188 [WARN] ThirdParty:871 - waiting for thirdparty lock release [close project]
2023-08-26 16:56:58,189 [INFO] ThirdParty:873 - entering critical section [close project]
2023-08-26 16:56:58,189 [INFO] ThirdParty:883 - exiting critical section [close project]
2023-08-26 16:56:58,190 [INFO] PinOutPanel:1499 - setPackage(No Configuration,No Configuration)
2023-08-26 16:56:58,192 [WARN] IpParametersView:151 - Warning: This peripheral hasn't parameters
2023-08-26 16:56:58,193 [WARN] MainPanel:272 - <html><b><center>Warning: This peripheral has no parameters to be configured<br></b></html>
2023-08-26 16:56:58,195 [INFO] UtilMem:75 - Begin LoadConfig() Used Memory: 893544816 Bytes (1073741824)
2023-08-26 16:56:58,196 [INFO] MicroXplorer:468 - Change Database Path : 
2023-08-26 16:56:58,196 [INFO] MicroXplorer:498 - Change Database Version : DB.6.0.90
2023-08-26 16:56:58,196 [INFO] OpenFileManager:308 - Change cursor
2023-08-26 16:56:58,201 [INFO] Mcu:1946 - Initializing MCU STM32F429ZITx STM32F429ZITx STM32F429ZIT6
2023-08-26 16:56:59,364 [INFO] Context:659 - Trying to add GPIOservice into a context  which must be forbidden
2023-08-26 16:56:59,646 [INFO] RtosManager:555 - Registered RTOS mode: class=CMSIS, group=RTOS, mode=CMSIS_V1, owner=FREERTOS
2023-08-26 16:56:59,646 [INFO] RtosManager:555 - Registered RTOS mode: class=CMSIS, group=RTOS2, mode=CMSIS_V2, owner=FREERTOS
2023-08-26 16:56:59,646 [INFO] RtosManager:555 - Registered RTOS mode: class=RTOS, group=Core, mode=CMSIS_V1, owner=FREERTOS
2023-08-26 16:56:59,646 [INFO] RtosManager:555 - Registered RTOS mode: class=RTOS, group=Core, mode=CMSIS_V2, owner=FREERTOS
2023-08-26 16:56:59,646 [WARN] ModelIntegratedComponent:184 - Missing modes for component STMicroelectronics:FreeRTOS:0.0.1:STMicroelectronics:RTOS:FreeRTOS:Core:::10.2.0:
2023-08-26 16:56:59,651 [WARN] ModelIntegratedComponent:63 - No mode defined for component null
2023-08-26 16:56:59,651 [WARN] ModelIntegratedComponent:63 - No mode defined for component null
2023-08-26 16:56:59,651 [WARN] ModelIntegratedComponent:63 - No mode defined for component null
2023-08-26 16:56:59,651 [WARN] ModelIntegratedComponent:63 - No mode defined for component null
2023-08-26 16:56:59,651 [WARN] ModelIntegratedComponent:63 - No mode defined for component null
2023-08-26 16:56:59,651 [WARN] ModelIntegratedComponent:63 - No mode defined for component null
2023-08-26 16:56:59,651 [WARN] ModelIntegratedComponent:63 - No mode defined for component null
2023-08-26 16:56:59,651 [WARN] ModelIntegratedComponent:63 - No mode defined for component null
2023-08-26 16:56:59,651 [WARN] ModelIntegratedComponent:63 - No mode defined for component null
2023-08-26 16:56:59,651 [WARN] ModelIntegratedComponent:63 - No mode defined for component null
2023-08-26 16:56:59,651 [WARN] ModelIntegratedComponent:63 - No mode defined for component null
2023-08-26 16:56:59,651 [WARN] ModelIntegratedComponent:63 - No mode defined for component null
2023-08-26 16:56:59,651 [WARN] ModelIntegratedComponent:63 - No mode defined for component null
2023-08-26 16:56:59,651 [WARN] ModelIntegratedComponent:63 - No mode defined for component null
2023-08-26 16:56:59,651 [WARN] ModelIntegratedComponent:63 - No mode defined for component null
2023-08-26 16:56:59,651 [WARN] ModelIntegratedComponent:63 - No mode defined for component null
2023-08-26 16:56:59,651 [WARN] ModelIntegratedComponent:63 - No mode defined for component null
2023-08-26 16:56:59,651 [WARN] ModelIntegratedComponent:63 - No mode defined for component null
2023-08-26 16:56:59,651 [WARN] ModelIntegratedComponent:63 - No mode defined for component null
2023-08-26 16:56:59,651 [WARN] ModelIntegratedComponent:63 - No mode defined for component null
2023-08-26 16:56:59,651 [WARN] ModelIntegratedComponent:63 - No mode defined for component null
2023-08-26 16:56:59,651 [WARN] ModelIntegratedComponent:63 - No mode defined for component null
2023-08-26 16:56:59,651 [WARN] ModelIntegratedComponent:63 - No mode defined for component null
2023-08-26 16:56:59,651 [WARN] ModelIntegratedComponent:63 - No mode defined for component null
2023-08-26 16:56:59,651 [WARN] ModelIntegratedComponent:63 - No mode defined for component null
2023-08-26 16:56:59,651 [WARN] ModelIntegratedComponent:63 - No mode defined for component null
2023-08-26 16:56:59,651 [WARN] ModelIntegratedComponent:63 - No mode defined for component null
2023-08-26 16:56:59,651 [WARN] ModelIntegratedComponent:63 - No mode defined for component null
2023-08-26 16:56:59,651 [WARN] ModelIntegratedComponent:63 - No mode defined for component null
2023-08-26 16:56:59,651 [WARN] ModelIntegratedComponent:63 - No mode defined for component null
2023-08-26 16:56:59,651 [WARN] ModelIntegratedComponent:63 - No mode defined for component null
2023-08-26 16:56:59,651 [WARN] ModelIntegratedComponent:63 - No mode defined for component null
2023-08-26 16:56:59,651 [WARN] ModelIntegratedComponent:63 - No mode defined for component null
2023-08-26 16:56:59,658 [INFO] ThirdPartyModel:298 - Start build external matchings
2023-08-26 16:56:59,841 [INFO] ThirdPartyModel:316 - End build external matchings
2023-08-26 16:56:59,845 [INFO] ImportTextPane:194 - (OptionalMessage_ERROR) IP (ETH) : Invalid parameter (PHY_Name)
2023-08-26 16:56:59,845 [INFO] ImportTextPane:194 - (OptionalMessage_ERROR) IP (ETH) : Invalid parameter (PHY_Value)
2023-08-26 16:56:59,845 [INFO] ImportTextPane:194 - (OptionalMessage_ERROR) IP (ETH) : Invalid parameter (PhyAddress)
2023-08-26 16:56:59,846 [INFO] ImportTextPane:194 - (OptionalMessage_ERROR) IP (RCC) : Invalid parameter (ADC12outputFreq_Value)
2023-08-26 16:56:59,846 [INFO] ImportTextPane:194 - (OptionalMessage_ERROR) IP (RCC) : Invalid parameter (ADC34outputFreq_Value)
2023-08-26 16:56:59,846 [INFO] ImportTextPane:194 - (OptionalMessage_ERROR) IP (RCC) : Invalid parameter (FamilyName)
2023-08-26 16:56:59,846 [INFO] ImportTextPane:194 - (OptionalMessage_ERROR) IP (RCC) : Invalid parameter (I2C1Freq_Value)
2023-08-26 16:56:59,846 [INFO] ImportTextPane:194 - (OptionalMessage_ERROR) IP (RCC) : Invalid parameter (I2C2Freq_Value)
2023-08-26 16:56:59,846 [INFO] ImportTextPane:194 - (OptionalMessage_ERROR) IP (RCC) : Invalid parameter (I2C3Freq_Value)
2023-08-26 16:56:59,846 [INFO] ImportTextPane:194 - (OptionalMessage_ERROR) IP (RCC) : Parameter (MCO2PinFreq_Value) has invalid value (168000000)
2023-08-26 16:56:59,846 [INFO] ImportTextPane:194 - (OptionalMessage_ERROR) IP (RCC) : Invalid parameter (MCOFreq_Value)
2023-08-26 16:56:59,846 [INFO] ImportTextPane:194 - (OptionalMessage_ERROR) IP (RCC) : Invalid parameter (PLLMCOFreq_Value)
2023-08-26 16:56:59,846 [INFO] ImportTextPane:194 - (OptionalMessage_ERROR) IP (RCC) : Invalid parameter (PLLMUL)
2023-08-26 16:56:59,846 [INFO] ImportTextPane:194 - (OptionalMessage_ERROR) IP (RCC) : Invalid parameter (PRESCALERUSB)
2023-08-26 16:56:59,846 [INFO] ImportTextPane:194 - (OptionalMessage_ERROR) IP (RCC) : Parameter (RTCHSEDivFreq_Value) has invalid value (4000000)
2023-08-26 16:56:59,847 [INFO] ImportTextPane:194 - (OptionalMessage_ERROR) IP (RCC) : Invalid parameter (SYSCLKSourceVirtual)
2023-08-26 16:56:59,847 [INFO] ImportTextPane:194 - (OptionalMessage_ERROR) IP (RCC) : Invalid parameter (TIM15Freq_Value)
2023-08-26 16:56:59,847 [INFO] ImportTextPane:194 - (OptionalMessage_ERROR) IP (RCC) : Invalid parameter (TIM16Freq_Value)
2023-08-26 16:56:59,847 [INFO] ImportTextPane:194 - (OptionalMessage_ERROR) IP (RCC) : Invalid parameter (TIM17Freq_Value)
2023-08-26 16:56:59,847 [INFO] ImportTextPane:194 - (OptionalMessage_ERROR) IP (RCC) : Invalid parameter (TIM1Freq_Value)
2023-08-26 16:56:59,847 [INFO] ImportTextPane:194 - (OptionalMessage_ERROR) IP (RCC) : Invalid parameter (TIM20Freq_Value)
2023-08-26 16:56:59,847 [INFO] ImportTextPane:194 - (OptionalMessage_ERROR) IP (RCC) : Invalid parameter (TIM2Freq_Value)
2023-08-26 16:56:59,847 [INFO] ImportTextPane:194 - (OptionalMessage_ERROR) IP (RCC) : Invalid parameter (TIM3Freq_Value)
2023-08-26 16:56:59,847 [INFO] ImportTextPane:194 - (OptionalMessage_ERROR) IP (RCC) : Invalid parameter (TIM8Freq_Value)
2023-08-26 16:56:59,847 [INFO] ImportTextPane:194 - (OptionalMessage_ERROR) IP (RCC) : Invalid parameter (UART4Freq_Value)
2023-08-26 16:56:59,847 [INFO] ImportTextPane:194 - (OptionalMessage_ERROR) IP (RCC) : Invalid parameter (UART5Freq_Value)
2023-08-26 16:56:59,847 [INFO] ImportTextPane:194 - (OptionalMessage_ERROR) IP (RCC) : Invalid parameter (USART1Freq_Value)
2023-08-26 16:56:59,847 [INFO] ImportTextPane:194 - (OptionalMessage_ERROR) IP (RCC) : Invalid parameter (USART2Freq_Value)
2023-08-26 16:56:59,847 [INFO] ImportTextPane:194 - (OptionalMessage_ERROR) IP (RCC) : Invalid parameter (USART3Freq_Value)
2023-08-26 16:56:59,847 [INFO] ImportTextPane:194 - (OptionalMessage_ERROR) IP (RCC) : Invalid parameter (USBFreq_Value)
2023-08-26 16:56:59,847 [INFO] ImportTextPane:194 - (OptionalMessage_ERROR) IP (RCC) : Invalid parameter (VCOOutput2Freq_Value)
2023-08-26 16:57:00,131 [INFO] UtilMem:75 - End LoadConfig() Used Memory: 851312784 Bytes (1073741824)
2023-08-26 16:57:00,185 [WARN] ThirdParty:833 - waiting for thirdparty lock release [change project]
2023-08-26 16:57:00,185 [INFO] ThirdParty:835 - entering critical section [change project]
2023-08-26 16:57:00,185 [INFO] ThirdParty:1030 - CMSIS Pack Vendor :STMicroelectronics X-CUBE-ISPU 1.1.0
2023-08-26 16:57:00,185 [INFO] ThirdParty:1030 - CMSIS Pack Vendor :STMicroelectronics USBPD 4.1
2023-08-26 16:57:00,185 [INFO] ThirdParty:1030 - CMSIS Pack Vendor :STMicroelectronics X-CUBE-GNSS1 6.0.0
2023-08-26 16:57:00,185 [INFO] ThirdParty:1030 - CMSIS Pack Vendor :STMicroelectronics USB_HOST 2.0.0
2023-08-26 16:57:00,185 [INFO] ThirdParty:1030 - CMSIS Pack Vendor :STMicroelectronics X-CUBE-AZRTOS-F4 1.1.0
2023-08-26 16:57:00,185 [INFO] ThirdParty:1030 - CMSIS Pack Vendor :STMicroelectronics LIBJPEG 8.0.0
2023-08-26 16:57:00,185 [INFO] ThirdParty:1030 - CMSIS Pack Vendor :wolfSSL I-CUBE-wolfSSL 5.6.3
2023-08-26 16:57:00,185 [INFO] ThirdParty:1030 - CMSIS Pack Vendor :STMicroelectronics X-CUBE-SMBUS 2.1.0
2023-08-26 16:57:00,185 [INFO] ThirdParty:1030 - CMSIS Pack Vendor :STMicroelectronics USB_DEVICE 3.0.0
2023-08-26 16:57:00,185 [INFO] ThirdParty:1030 - CMSIS Pack Vendor :STMicroelectronics X-CUBE-AZRTOS-WB 2.0.0
2023-08-26 16:57:00,185 [INFO] ThirdParty:1030 - CMSIS Pack Vendor :STMicroelectronics X-CUBE-FREERTOS 1.0.1
2023-08-26 16:57:00,185 [INFO] ThirdParty:1030 - CMSIS Pack Vendor :STMicroelectronics X-CUBE-AZRTOS-F7 1.1.0
2023-08-26 16:57:00,185 [INFO] ThirdParty:1030 - CMSIS Pack Vendor :STMicroelectronics X-CUBE-AZRTOS-L5 2.0.0
2023-08-26 16:57:00,185 [INFO] ThirdParty:1030 - CMSIS Pack Vendor :STMicroelectronics USB_DEVICE 2.0.0
2023-08-26 16:57:00,185 [INFO] ThirdParty:1030 - CMSIS Pack Vendor :STMicroelectronics X-CUBE-MEMS1 9.6.0
2023-08-26 16:57:00,185 [INFO] ThirdParty:1030 - CMSIS Pack Vendor :STMicroelectronics FP-SNS-MOTENV1 4.3.2
2023-08-26 16:57:00,185 [INFO] ThirdParty:1030 - CMSIS Pack Vendor :STMicroelectronics X-CUBE-ALGOBUILD 1.3.0
2023-08-26 16:57:00,185 [INFO] ThirdParty:1030 - CMSIS Pack Vendor :STMicroelectronics X-CUBE-BLE1 6.2.4
2023-08-26 16:57:00,185 [INFO] ThirdParty:1030 - CMSIS Pack Vendor :STMicroelectronics X-CUBE-AZRTOS-L5 1.1.0
2023-08-26 16:57:00,185 [INFO] ThirdParty:1030 - CMSIS Pack Vendor :STMicroelectronics FreeRTOS 0.0.1
2023-08-26 16:57:00,185 [INFO] ThirdParty:1030 - CMSIS Pack Vendor :STMicroelectronics X-CUBE-AZRTOS-G0 1.1.0
2023-08-26 16:57:00,185 [INFO] ThirdParty:1030 - CMSIS Pack Vendor :STMicroelectronics X-CUBE-BLEMGR 2.0.0
2023-08-26 16:57:00,185 [INFO] ThirdParty:1030 - CMSIS Pack Vendor :STMicroelectronics X-CUBE-AI 8.0.1
2023-08-26 16:57:00,185 [INFO] ThirdParty:1030 - CMSIS Pack Vendor :STMicroelectronics X-CUBE-NFC4 3.0.0
2023-08-26 16:57:00,185 [INFO] ThirdParty:1030 - CMSIS Pack Vendor :STMicroelectronics X-CUBE-SUBG2 5.0.0
2023-08-26 16:57:00,185 [INFO] ThirdParty:1030 - CMSIS Pack Vendor :STMicroelectronics STM32_WPAN 1.0.0
2023-08-26 16:57:00,185 [INFO] ThirdParty:1030 - CMSIS Pack Vendor :STMicroelectronics lwIP 2.0.3
2023-08-26 16:57:00,185 [INFO] ThirdParty:1030 - CMSIS Pack Vendor :STMicroelectronics FP-SNS-FLIGHT1 5.0.2
2023-08-26 16:57:00,185 [INFO] ThirdParty:1030 - CMSIS Pack Vendor :STMicroelectronics USB_HOST 1.0.0
2023-08-26 16:57:00,185 [INFO] ThirdParty:1030 - CMSIS Pack Vendor :STMicroelectronics X-CUBE-TOF1 3.3.1
2023-08-26 16:57:00,185 [INFO] ThirdParty:1030 - CMSIS Pack Vendor :STMicroelectronics X-CUBE-AZRTOS-G4 2.0.0
2023-08-26 16:57:00,185 [INFO] ThirdParty:1030 - CMSIS Pack Vendor :STMicroelectronics PDM2PCM 3.1.0
2023-08-26 16:57:00,186 [INFO] ThirdParty:1030 - CMSIS Pack Vendor :STMicroelectronics X-CUBE-AZRTOS-H7 3.1.0
2023-08-26 16:57:00,186 [INFO] ThirdParty:1030 - CMSIS Pack Vendor :STMicroelectronics PDM2PCM 3.3.0
2023-08-26 16:57:00,186 [INFO] ThirdParty:1030 - CMSIS Pack Vendor :STMicroelectronics X-CUBE-DISPLAY 3.0.0
2023-08-26 16:57:00,186 [INFO] ThirdParty:1030 - CMSIS Pack Vendor :STMicroelectronics X-CUBE-BLE1 7.0.0
2023-08-26 16:57:00,186 [INFO] ThirdParty:1030 - CMSIS Pack Vendor :STMicroelectronics FP-ATR-SIGFOX1 3.2.0
2023-08-26 16:57:00,186 [INFO] ThirdParty:1030 - CMSIS Pack Vendor :STMicroelectronics HAL Drivers 0.0.0
2023-08-26 16:57:00,186 [INFO] ThirdParty:1030 - CMSIS Pack Vendor :STMicroelectronics MBEDTLS 2.16.2
2023-08-26 16:57:00,186 [INFO] ThirdParty:1030 - CMSIS Pack Vendor :emotas I-CUBE-CANOPEN 1.3.0
2023-08-26 16:57:00,186 [INFO] ThirdParty:1030 - CMSIS Pack Vendor :STMicroelectronics X-CUBE-TOUCHGFX 4.22.0
2023-08-26 16:57:00,186 [INFO] ThirdParty:1030 - CMSIS Pack Vendor :STMicroelectronics X-CUBE-NFC7 1.0.1
2023-08-26 16:57:00,186 [INFO] ThirdParty:1030 - CMSIS Pack Vendor :STMicroelectronics MBEDTLS 2.14.1
2023-08-26 16:57:00,186 [INFO] ThirdParty:1030 - CMSIS Pack Vendor :STMicroelectronics X-CUBE-EEPRMA1 4.1.0
2023-08-26 16:57:00,186 [INFO] ThirdParty:1030 - CMSIS Pack Vendor :portGmbH I-Cube-SoM-uGOAL 1.1.0
2023-08-26 16:57:00,186 [INFO] ThirdParty:1030 - CMSIS Pack Vendor :STMicroelectronics X-CUBE-ALS 1.0.1
2023-08-26 16:57:00,186 [INFO] ThirdParty:1030 - CMSIS Pack Vendor :STMicroelectronics ThreadX 1.0.0
2023-08-26 16:57:00,186 [INFO] ThirdParty:1030 - CMSIS Pack Vendor :STMicroelectronics X-CUBE-AZRTOS-WB 1.1.0
2023-08-26 16:57:00,186 [INFO] ThirdParty:1030 - CMSIS Pack Vendor :STMicroelectronics X-CUBE-AZRTOS-WL 2.0.0
2023-08-26 16:57:00,186 [INFO] ThirdParty:1030 - CMSIS Pack Vendor :SEGGER I-CUBE-embOS 1.3.1
2023-08-26 16:57:00,186 [INFO] ThirdParty:1030 - CMSIS Pack Vendor :STMicroelectronics USB_DEVICE 1.0.0
2023-08-26 16:57:00,186 [INFO] ThirdParty:1030 - CMSIS Pack Vendor :STMicroelectronics X-CUBE-AI 8.1.0
2023-08-26 16:57:00,186 [INFO] ThirdParty:1030 - CMSIS Pack Vendor :STMicroelectronics X-CUBE-AZRTOS-L4 2.0.0
2023-08-26 16:57:00,186 [INFO] ThirdParty:1030 - CMSIS Pack Vendor :STMicroelectronics ThreadX 0.0.2
2023-08-26 16:57:00,186 [INFO] ThirdParty:1030 - CMSIS Pack Vendor :WES I-CUBE-Cesium 1.3.0
2023-08-26 16:57:00,186 [INFO] ThirdParty:1030 - CMSIS Pack Vendor :STMicroelectronics FP-ATR-ASTRA1 2.0.0
2023-08-26 16:57:00,186 [INFO] ThirdParty:1030 - CMSIS Pack Vendor :STMicroelectronics lwIP 2.1.2
2023-08-26 16:57:00,186 [INFO] ThirdParty:1030 - CMSIS Pack Vendor :STMicroelectronics X-CUBE-SFXS2LP1 4.0.0
2023-08-26 16:57:00,186 [INFO] ThirdParty:1030 - CMSIS Pack Vendor :STMicroelectronics X-CUBE-BLE2 3.3.0
2023-08-26 16:57:00,186 [INFO] ThirdParty:1030 - CMSIS Pack Vendor :STMicroelectronics PDM2PCM 3.2.0
2023-08-26 16:57:00,186 [INFO] ThirdParty:841 - exiting critical section [change project]
2023-08-26 16:57:00,302 [INFO] PinOutPanel:1499 - setPackage(No Configuration,No Configuration)
2023-08-26 16:57:00,303 [INFO] PinOutPanel:1499 - setPackage(STM32F429ZITx,LQFP144)
2023-08-26 16:57:00,475 [INFO] UtilMem:75 - Before build in PCC Used Memory: 917845640 Bytes (1073741824)
2023-08-26 16:57:00,573 [INFO] UtilMem:75 - After build in PCC Used Memory: 793162944 Bytes (1073741824)
2023-08-26 16:57:00,585 [INFO] IPUIPlugin:80 - create IPUIPlugin
2023-08-26 16:57:00,585 [INFO] IPUIPlugin:80 - create IPUIPlugin
2023-08-26 16:57:00,585 [INFO] IPUIPlugin:80 - create IPUIPlugin
2023-08-26 16:57:00,585 [INFO] IPUIPlugin:80 - create IPUIPlugin
2023-08-26 16:57:00,585 [INFO] IPUIPlugin:80 - create IPUIPlugin
2023-08-26 16:57:00,585 [INFO] IPUIPlugin:80 - create IPUIPlugin
2023-08-26 16:57:00,585 [INFO] IPUIPlugin:80 - create IPUIPlugin
2023-08-26 16:57:00,585 [INFO] IPUIPlugin:80 - create IPUIPlugin
2023-08-26 16:57:00,585 [INFO] IPUIPlugin:80 - create IPUIPlugin
2023-08-26 16:57:00,586 [INFO] IPUIPlugin:80 - create IPUIPlugin
2023-08-26 16:57:00,586 [INFO] IPUIPlugin:80 - create IPUIPlugin
2023-08-26 16:57:00,586 [INFO] IPUIPlugin:80 - create IPUIPlugin
2023-08-26 16:57:00,586 [INFO] IPUIPlugin:80 - create IPUIPlugin
2023-08-26 16:57:00,586 [INFO] IPUIPlugin:80 - create IPUIPlugin
2023-08-26 16:57:00,586 [INFO] IPUIPlugin:80 - create IPUIPlugin
2023-08-26 16:57:00,586 [INFO] IPUIPlugin:80 - create IPUIPlugin
2023-08-26 16:57:00,586 [INFO] IPUIPlugin:80 - create IPUIPlugin
2023-08-26 16:57:00,586 [INFO] IPUIPlugin:80 - create IPUIPlugin
2023-08-26 16:57:00,586 [INFO] IPUIPlugin:80 - create IPUIPlugin
2023-08-26 16:57:00,586 [INFO] IPUIPlugin:80 - create IPUIPlugin
2023-08-26 16:57:00,586 [INFO] IPUIPlugin:80 - create IPUIPlugin
2023-08-26 16:57:00,586 [INFO] IPUIPlugin:80 - create IPUIPlugin
2023-08-26 16:57:00,586 [INFO] IPUIPlugin:80 - create IPUIPlugin
2023-08-26 16:57:00,587 [INFO] IPUIPlugin:80 - create IPUIPlugin
2023-08-26 16:57:00,587 [INFO] IPUIPlugin:80 - create IPUIPlugin
2023-08-26 16:57:00,587 [INFO] IPUIPlugin:80 - create IPUIPlugin
2023-08-26 16:57:00,587 [INFO] IPUIPlugin:80 - create IPUIPlugin
2023-08-26 16:57:00,587 [INFO] IPUIPlugin:80 - create IPUIPlugin
2023-08-26 16:57:00,587 [INFO] IPUIPlugin:80 - create IPUIPlugin
2023-08-26 16:57:00,587 [INFO] IPUIPlugin:80 - create IPUIPlugin
2023-08-26 16:57:00,587 [INFO] IPUIPlugin:80 - create IPUIPlugin
2023-08-26 16:57:00,587 [INFO] IPUIPlugin:80 - create IPUIPlugin
2023-08-26 16:57:00,588 [INFO] IPUIPlugin:80 - create IPUIPlugin
2023-08-26 16:57:00,588 [INFO] IPUIPlugin:80 - create IPUIPlugin
2023-08-26 16:57:00,588 [INFO] IPUIPlugin:80 - create IPUIPlugin
2023-08-26 16:57:00,588 [INFO] IPUIPlugin:80 - create IPUIPlugin
2023-08-26 16:57:00,588 [INFO] IPUIPlugin:80 - create IPUIPlugin
2023-08-26 16:57:00,588 [INFO] IPUIPlugin:80 - create IPUIPlugin
2023-08-26 16:57:00,589 [INFO] IPUIPlugin:80 - create IPUIPlugin
2023-08-26 16:57:00,589 [INFO] IPUIPlugin:80 - create IPUIPlugin
2023-08-26 16:57:00,589 [INFO] IPUIPlugin:80 - create IPUIPlugin
2023-08-26 16:57:00,589 [INFO] IPUIPlugin:80 - create IPUIPlugin
2023-08-26 16:57:00,589 [INFO] IPUIPlugin:80 - create IPUIPlugin
2023-08-26 16:57:00,589 [INFO] IPUIPlugin:80 - create IPUIPlugin
2023-08-26 16:57:00,589 [INFO] IPUIPlugin:80 - create IPUIPlugin
2023-08-26 16:57:00,589 [INFO] IPUIPlugin:80 - create IPUIPlugin
2023-08-26 16:57:00,590 [INFO] IPUIPlugin:80 - create IPUIPlugin
2023-08-26 16:57:00,590 [INFO] IPUIPlugin:80 - create IPUIPlugin
2023-08-26 16:57:00,590 [INFO] IPUIPlugin:80 - create IPUIPlugin
2023-08-26 16:57:00,590 [INFO] IPUIPlugin:80 - create IPUIPlugin
2023-08-26 16:57:00,590 [INFO] IPUIPlugin:80 - create IPUIPlugin
2023-08-26 16:57:00,590 [INFO] IPUIPlugin:80 - create IPUIPlugin
2023-08-26 16:57:00,591 [INFO] IPUIPlugin:80 - create IPUIPlugin
2023-08-26 16:57:00,591 [INFO] IPUIPlugin:80 - create IPUIPlugin
2023-08-26 16:57:00,591 [INFO] IPUIPlugin:80 - create IPUIPlugin
2023-08-26 16:57:00,591 [INFO] IPUIPlugin:80 - create IPUIPlugin
2023-08-26 16:57:00,591 [INFO] IPUIPlugin:80 - create IPUIPlugin
2023-08-26 16:57:00,591 [INFO] IPUIPlugin:80 - create IPUIPlugin
2023-08-26 16:57:00,592 [INFO] IPUIPlugin:80 - create IPUIPlugin
2023-08-26 16:57:00,592 [INFO] IPUIPlugin:80 - create IPUIPlugin
2023-08-26 16:57:00,592 [INFO] IPUIPlugin:80 - create IPUIPlugin
2023-08-26 16:57:00,592 [INFO] IPUIPlugin:80 - create IPUIPlugin
2023-08-26 16:57:00,592 [INFO] IPUIPlugin:80 - create IPUIPlugin
2023-08-26 16:57:00,593 [INFO] IPUIPlugin:80 - create IPUIPlugin
2023-08-26 16:57:00,593 [INFO] IPUIPlugin:80 - create IPUIPlugin
2023-08-26 16:57:00,593 [INFO] IPUIPlugin:80 - create IPUIPlugin
2023-08-26 16:57:00,595 [INFO] ApiDbMcu:507 - Load IP Config File for PDM2PCM
2023-08-26 16:57:00,638 [INFO] CADModel:165 - CPN selected for project levelSTM32F429ZIT6
2023-08-26 16:57:00,638 [INFO] CADModel:114 - Register for checkConnection events
2023-08-26 16:57:00,693 [INFO] OpenFileManager:328 - Restore cursor
2023-08-26 16:57:17,664 [INFO] NvicIntPanel:101 - NVIC parent = com.st.microxplorer.plugins.ip.nvic.MultiNvicIntPanel[,0,0,450x134,layout=javax.swing.BoxLayout,alignmentX=0.0,alignmentY=0.0,border=,flags=9,maximumSize=,minimumSize=,preferredSize=]
2023-08-26 16:57:53,597 [INFO] Gpio:273 - dependency for GPIO [ETH, RCC, SYS, TIM3, USART3, USB_OTG_FS]
2023-08-26 16:58:08,243 [INFO] NvicIntPanel:101 - NVIC parent = com.st.microxplorer.plugins.ip.nvic.MultiNvicIntPanel[,2,68,368x424,layout=javax.swing.BoxLayout,alignmentX=0.0,alignmentY=0.0,border=,flags=9,maximumSize=,minimumSize=,preferredSize=]
2023-08-26 17:00:59,300 [INFO] Gpio:273 - dependency for GPIO [ETH, RCC, SYS, USART3, USB_OTG_FS]
2023-08-26 17:00:59,330 [INFO] NvicIntPanel:101 - NVIC parent = com.st.microxplorer.plugins.ip.nvic.MultiNvicIntPanel[,0,0,0x0,invalid,layout=javax.swing.BoxLayout,alignmentX=0.0,alignmentY=0.0,border=,flags=9,maximumSize=,minimumSize=,preferredSize=]
2023-08-26 17:00:59,384 [INFO] Gpio:273 - dependency for GPIO [ETH, RCC, SYS, USART3, USB_OTG_FS]
2023-08-26 17:00:59,420 [INFO] NvicIntPanel:101 - NVIC parent = com.st.microxplorer.plugins.ip.nvic.MultiNvicIntPanel[,0,0,0x0,invalid,layout=javax.swing.BoxLayout,alignmentX=0.0,alignmentY=0.0,border=,flags=9,maximumSize=,minimumSize=,preferredSize=]
