2023-08-23 17:35:31,912 [INFO] UtilMem:75 - End SaveConfig() Used Memory: 703538952 Bytes (1073741824)
2023-08-23 17:35:33,320 [INFO] UtilMem:75 - End SaveConfig() Used Memory: 732899080 Bytes (1073741824)
2023-08-23 17:35:33,520 [INFO] UtilMem:75 - End SaveConfig() Used Memory: 764356360 Bytes (1073741824)
2023-08-23 17:35:33,694 [INFO] BlockDiagram:2759 - set Specific Code input for plugin: TIM1_8
2023-08-23 17:35:33,694 [INFO] BlockDiagram:2759 - set Specific Code input for plugin: TIM1_8
2023-08-23 17:35:33,694 [INFO] BlockDiagram:2759 - set Specific Code input for plugin: SYS
2023-08-23 17:35:33,694 [INFO] BlockDiagram:2759 - set Specific Code input for plugin: RCC
2023-08-23 17:35:33,694 [INFO] BlockDiagram:2759 - set Specific Code input for plugin: USB_OTG_FS
2023-08-23 17:35:33,694 [INFO] BlockDiagram:2759 - set Specific Code input for plugin: NVIC
2023-08-23 17:35:33,694 [INFO] BlockDiagram:2759 - set Specific Code input for plugin: USART
2023-08-23 17:35:33,695 [INFO] BlockDiagram:2759 - set Specific Code input for plugin: GPIO
2023-08-23 17:35:33,695 [INFO] BlockDiagram:2759 - set Specific Code input for plugin: ETH
2023-08-23 17:35:33,696 [INFO] CodeGenerator:799 - code generatio: config db path: C:\ST\STM32CubeIDE_1.13.0\STM32CubeIDE\plugins\com.st.stm32cube.common.mx_6.9.0.202307051724\\db\
2023-08-23 17:35:33,794 [INFO] CodeEngine:255 - oldGeneratedFile, C:\Users\User\Desktop\stm32\timer_test\MXTmpFiles\license.tmp_save
2023-08-23 17:35:33,893 [INFO] CodeEngine:279 - Generated code: C:\Users\User\Desktop\stm32\timer_test\MXTmpFiles\license.tmp
2023-08-23 17:35:33,957 [INFO] CodeEngine:255 - oldGeneratedFile, C:\Users\User\Desktop\stm32\timer_test\MXTmpFiles\gpio.tmp_save
2023-08-23 17:35:34,021 [INFO] CodeEngine:279 - Generated code: C:\Users\User\Desktop\stm32\timer_test\MXTmpFiles\gpio.tmp
2023-08-23 17:35:34,187 [WARN] IPConfigManager:2937 - Warning: the RefConfig PWREx_EnableUSBVoltageDetector is not available in your config.xml file
2023-08-23 17:35:34,215 [INFO] CodeEngine:255 - oldGeneratedFile, C:\Users\User\Desktop\stm32\timer_test\Core\Src\stm32f4xx_it.c_save
2023-08-23 17:35:34,349 [INFO] CodeEngine:279 - Generated code: C:\Users\User\Desktop\stm32\timer_test\Core\Src\stm32f4xx_it.c
2023-08-23 17:35:34,360 [INFO] CodeEngine:255 - oldGeneratedFile, C:\Users\User\Desktop\stm32\timer_test\Core\Inc\stm32f4xx_it.h_save
2023-08-23 17:35:34,419 [INFO] CodeEngine:279 - Generated code: C:\Users\User\Desktop\stm32\timer_test\Core\Inc\stm32f4xx_it.h
2023-08-23 17:35:34,438 [INFO] CodeEngine:255 - oldGeneratedFile, C:\Users\User\Desktop\stm32\timer_test\Core\Src\stm32f4xx_hal_msp.c_save
2023-08-23 17:35:34,556 [INFO] CodeEngine:279 - Generated code: C:\Users\User\Desktop\stm32\timer_test\Core\Src\stm32f4xx_hal_msp.c
2023-08-23 17:35:34,566 [INFO] CodeEngine:255 - oldGeneratedFile, C:\Users\User\Desktop\stm32\timer_test\MXTmpFiles\system.tmp_save
2023-08-23 17:35:34,615 [INFO] CodeEngine:279 - Generated code: C:\Users\User\Desktop\stm32\timer_test\MXTmpFiles\system.tmp
2023-08-23 17:35:34,630 [INFO] CodeEngine:311 - oldGeneratedFile, C:\Users\User\Desktop\stm32\timer_test\Core\Inc\stm32f4xx_hal_conf.h_save
2023-08-23 17:35:34,688 [INFO] CodeEngine:335 - Generated code: C:\Users\User\Desktop\stm32\timer_test\Core\Inc\stm32f4xx_hal_conf.h
2023-08-23 17:35:34,705 [WARN] IPConfigManager:3431 - IP not found : TIM
2023-08-23 17:35:34,705 [WARN] IPConfigManager:3431 - IP not found : USB_OTG
2023-08-23 17:35:34,706 [WARN] CodeGenerator:3760 - IP not found : null
2023-08-23 17:35:34,707 [WARN] CodeGenerator:3760 - IP not found : null
2023-08-23 17:35:34,719 [INFO] CodeEngine:255 - oldGeneratedFile, C:\Users\User\Desktop\stm32\timer_test\Core\Inc\main.h_save
2023-08-23 17:35:34,785 [INFO] CodeEngine:279 - Generated code: C:\Users\User\Desktop\stm32\timer_test\Core\Inc\main.h
2023-08-23 17:35:34,802 [INFO] CodeEngine:255 - oldGeneratedFile, C:\Users\User\Desktop\stm32\timer_test\Core\Src\main.c_save
2023-08-23 17:35:34,896 [INFO] CodeEngine:279 - Generated code: C:\Users\User\Desktop\stm32\timer_test\Core\Src\main.c
2023-08-23 17:35:35,802 [INFO] ProjectBuilder:3064 - Time for Copy HAL[1] : 633mS.
2023-08-23 17:35:35,806 [INFO] ProjectBuilder:4404 - Project Generator version: 4.1.0
2023-08-23 17:35:35,971 [INFO] ConfigFileManager:1457 - The Die is : DIE419
2023-08-23 17:35:35,976 [INFO] ApiDbMcu:507 - Load IP Config File for FATFS
2023-08-23 17:35:35,981 [INFO] ApiDbMcu:507 - Load IP Config File for FREERTOS
2023-08-23 17:35:35,985 [INFO] ApiDbMcu:507 - Load IP Config File for LIBJPEG
2023-08-23 17:35:35,991 [INFO] ApiDbMcu:507 - Load IP Config File for LWIP
2023-08-23 17:35:35,997 [INFO] ApiDbMcu:507 - Load IP Config File for MBEDTLS
2023-08-23 17:35:36,004 [INFO] ApiDbMcu:507 - Load IP Config File for USB_DEVICE
2023-08-23 17:35:36,009 [INFO] ApiDbMcu:507 - Load IP Config File for USB_HOST
2023-08-23 17:35:37,025 [INFO] ProjectBuilder:4626 - Time for Generating toolchain IDE Files: 1219mS.
2023-08-23 17:35:37,026 [INFO] ProjectBuilder:2935 - Time for Copy CMSIS : 1mS.
2023-08-23 17:35:37,030 [INFO] ProjectBuilder:2935 - Time for Copy CMSIS : 0mS.
2023-08-23 17:35:37,501 [INFO] MainUpdater:2868 - connection check result : 10
2023-08-23 17:35:37,501 [INFO] MainUpdater:2868 - connection check result : 10
2023-08-23 17:35:37,607 [INFO] MicroXplorer:468 - Change Database Path : 
2023-08-23 17:35:37,607 [INFO] MicroXplorer:498 - Change Database Version : DB.6.0.90
2023-08-23 17:35:37,623 [WARN] ThirdParty:871 - waiting for thirdparty lock release [close project]
2023-08-23 17:35:37,623 [INFO] ThirdParty:873 - entering critical section [close project]
2023-08-23 17:35:37,623 [INFO] ThirdParty:883 - exiting critical section [close project]
2023-08-23 17:35:37,625 [INFO] PinOutPanel:1499 - setPackage(No Configuration,No Configuration)
2023-08-23 17:35:37,629 [WARN] IpParametersView:151 - Warning: This peripheral hasn't parameters
2023-08-23 17:35:37,632 [WARN] MainPanel:272 - <html><b><center>Warning: This peripheral has no parameters to be configured<br></b></html>
2023-08-23 17:35:37,635 [INFO] UtilMem:75 - Begin LoadConfig() Used Memory: 791383488 Bytes (1073741824)
2023-08-23 17:35:37,635 [INFO] MicroXplorer:468 - Change Database Path : 
2023-08-23 17:35:37,635 [INFO] MicroXplorer:498 - Change Database Version : DB.6.0.90
2023-08-23 17:35:37,635 [INFO] OpenFileManager:308 - Change cursor
2023-08-23 17:35:37,648 [INFO] RulesReader:64 - Compatibility file has been processed (293 Rules)
2023-08-23 17:35:37,652 [INFO] Mcu:1946 - Initializing MCU STM32F429ZITx STM32F429ZITx STM32F429ZIT6
2023-08-23 17:35:39,140 [INFO] Context:659 - Trying to add GPIOservice into a context  which must be forbidden
2023-08-23 17:35:39,357 [INFO] RtosManager:555 - Registered RTOS mode: class=CMSIS, group=RTOS, mode=CMSIS_V1, owner=FREERTOS
2023-08-23 17:35:39,357 [INFO] RtosManager:555 - Registered RTOS mode: class=CMSIS, group=RTOS2, mode=CMSIS_V2, owner=FREERTOS
2023-08-23 17:35:39,357 [INFO] RtosManager:555 - Registered RTOS mode: class=RTOS, group=Core, mode=CMSIS_V1, owner=FREERTOS
2023-08-23 17:35:39,357 [INFO] RtosManager:555 - Registered RTOS mode: class=RTOS, group=Core, mode=CMSIS_V2, owner=FREERTOS
2023-08-23 17:35:39,357 [WARN] ModelIntegratedComponent:184 - Missing modes for component STMicroelectronics:FreeRTOS:0.0.1:STMicroelectronics:RTOS:FreeRTOS:Core:::10.2.0:
2023-08-23 17:35:39,361 [WARN] ModelIntegratedComponent:63 - No mode defined for component null
2023-08-23 17:35:39,361 [WARN] ModelIntegratedComponent:63 - No mode defined for component null
2023-08-23 17:35:39,361 [WARN] ModelIntegratedComponent:63 - No mode defined for component null
2023-08-23 17:35:39,361 [WARN] ModelIntegratedComponent:63 - No mode defined for component null
2023-08-23 17:35:39,361 [WARN] ModelIntegratedComponent:63 - No mode defined for component null
2023-08-23 17:35:39,361 [WARN] ModelIntegratedComponent:63 - No mode defined for component null
2023-08-23 17:35:39,361 [WARN] ModelIntegratedComponent:63 - No mode defined for component null
2023-08-23 17:35:39,361 [WARN] ModelIntegratedComponent:63 - No mode defined for component null
2023-08-23 17:35:39,361 [WARN] ModelIntegratedComponent:63 - No mode defined for component null
2023-08-23 17:35:39,362 [WARN] ModelIntegratedComponent:63 - No mode defined for component null
2023-08-23 17:35:39,362 [WARN] ModelIntegratedComponent:63 - No mode defined for component null
2023-08-23 17:35:39,362 [WARN] ModelIntegratedComponent:63 - No mode defined for component null
2023-08-23 17:35:39,362 [WARN] ModelIntegratedComponent:63 - No mode defined for component null
2023-08-23 17:35:39,362 [WARN] ModelIntegratedComponent:63 - No mode defined for component null
2023-08-23 17:35:39,362 [WARN] ModelIntegratedComponent:63 - No mode defined for component null
2023-08-23 17:35:39,362 [WARN] ModelIntegratedComponent:63 - No mode defined for component null
2023-08-23 17:35:39,362 [WARN] ModelIntegratedComponent:63 - No mode defined for component null
2023-08-23 17:35:39,362 [WARN] ModelIntegratedComponent:63 - No mode defined for component null
2023-08-23 17:35:39,362 [WARN] ModelIntegratedComponent:63 - No mode defined for component null
2023-08-23 17:35:39,362 [WARN] ModelIntegratedComponent:63 - No mode defined for component null
2023-08-23 17:35:39,362 [WARN] ModelIntegratedComponent:63 - No mode defined for component null
2023-08-23 17:35:39,362 [WARN] ModelIntegratedComponent:63 - No mode defined for component null
2023-08-23 17:35:39,362 [WARN] ModelIntegratedComponent:63 - No mode defined for component null
2023-08-23 17:35:39,362 [WARN] ModelIntegratedComponent:63 - No mode defined for component null
2023-08-23 17:35:39,362 [WARN] ModelIntegratedComponent:63 - No mode defined for component null
2023-08-23 17:35:39,362 [WARN] ModelIntegratedComponent:63 - No mode defined for component null
2023-08-23 17:35:39,362 [WARN] ModelIntegratedComponent:63 - No mode defined for component null
2023-08-23 17:35:39,362 [WARN] ModelIntegratedComponent:63 - No mode defined for component null
2023-08-23 17:35:39,362 [WARN] ModelIntegratedComponent:63 - No mode defined for component null
2023-08-23 17:35:39,362 [WARN] ModelIntegratedComponent:63 - No mode defined for component null
2023-08-23 17:35:39,362 [WARN] ModelIntegratedComponent:63 - No mode defined for component null
2023-08-23 17:35:39,362 [WARN] ModelIntegratedComponent:63 - No mode defined for component null
2023-08-23 17:35:39,362 [WARN] ModelIntegratedComponent:63 - No mode defined for component null
2023-08-23 17:35:39,367 [INFO] ThirdPartyModel:298 - Start build external matchings
2023-08-23 17:35:39,586 [INFO] ThirdPartyModel:316 - End build external matchings
2023-08-23 17:35:39,590 [INFO] ImportTextPane:194 - (OptionalMessage_ERROR) IP (ETH) : Invalid parameter (PHY_Name)
2023-08-23 17:35:39,590 [INFO] ImportTextPane:194 - (OptionalMessage_ERROR) IP (ETH) : Invalid parameter (PHY_Value)
2023-08-23 17:35:39,590 [INFO] ImportTextPane:194 - (OptionalMessage_ERROR) IP (ETH) : Invalid parameter (PhyAddress)
2023-08-23 17:35:39,590 [INFO] ImportTextPane:194 - (OptionalMessage_ERROR) IP (RCC) : Invalid parameter (ADC12outputFreq_Value)
2023-08-23 17:35:39,590 [INFO] ImportTextPane:194 - (OptionalMessage_ERROR) IP (RCC) : Invalid parameter (ADC34outputFreq_Value)
2023-08-23 17:35:39,590 [INFO] ImportTextPane:194 - (OptionalMessage_ERROR) IP (RCC) : Invalid parameter (FamilyName)
2023-08-23 17:35:39,590 [INFO] ImportTextPane:194 - (OptionalMessage_ERROR) IP (RCC) : Invalid parameter (I2C1Freq_Value)
2023-08-23 17:35:39,590 [INFO] ImportTextPane:194 - (OptionalMessage_ERROR) IP (RCC) : Invalid parameter (I2C2Freq_Value)
2023-08-23 17:35:39,590 [INFO] ImportTextPane:194 - (OptionalMessage_ERROR) IP (RCC) : Invalid parameter (I2C3Freq_Value)
2023-08-23 17:35:39,590 [INFO] ImportTextPane:194 - (OptionalMessage_ERROR) IP (RCC) : Parameter (MCO2PinFreq_Value) has invalid value (168000000)
2023-08-23 17:35:39,590 [INFO] ImportTextPane:194 - (OptionalMessage_ERROR) IP (RCC) : Invalid parameter (MCOFreq_Value)
2023-08-23 17:35:39,591 [INFO] ImportTextPane:194 - (OptionalMessage_ERROR) IP (RCC) : Invalid parameter (PLLMCOFreq_Value)
2023-08-23 17:35:39,591 [INFO] ImportTextPane:194 - (OptionalMessage_ERROR) IP (RCC) : Invalid parameter (PLLMUL)
2023-08-23 17:35:39,591 [INFO] ImportTextPane:194 - (OptionalMessage_ERROR) IP (RCC) : Invalid parameter (PRESCALERUSB)
2023-08-23 17:35:39,591 [INFO] ImportTextPane:194 - (OptionalMessage_ERROR) IP (RCC) : Parameter (RTCHSEDivFreq_Value) has invalid value (4000000)
2023-08-23 17:35:39,591 [INFO] ImportTextPane:194 - (OptionalMessage_ERROR) IP (RCC) : Invalid parameter (SYSCLKSourceVirtual)
2023-08-23 17:35:39,591 [INFO] ImportTextPane:194 - (OptionalMessage_ERROR) IP (RCC) : Invalid parameter (TIM15Freq_Value)
2023-08-23 17:35:39,591 [INFO] ImportTextPane:194 - (OptionalMessage_ERROR) IP (RCC) : Invalid parameter (TIM16Freq_Value)
2023-08-23 17:35:39,591 [INFO] ImportTextPane:194 - (OptionalMessage_ERROR) IP (RCC) : Invalid parameter (TIM17Freq_Value)
2023-08-23 17:35:39,591 [INFO] ImportTextPane:194 - (OptionalMessage_ERROR) IP (RCC) : Invalid parameter (TIM1Freq_Value)
2023-08-23 17:35:39,591 [INFO] ImportTextPane:194 - (OptionalMessage_ERROR) IP (RCC) : Invalid parameter (TIM20Freq_Value)
2023-08-23 17:35:39,591 [INFO] ImportTextPane:194 - (OptionalMessage_ERROR) IP (RCC) : Invalid parameter (TIM2Freq_Value)
2023-08-23 17:35:39,591 [INFO] ImportTextPane:194 - (OptionalMessage_ERROR) IP (RCC) : Invalid parameter (TIM3Freq_Value)
2023-08-23 17:35:39,591 [INFO] ImportTextPane:194 - (OptionalMessage_ERROR) IP (RCC) : Invalid parameter (TIM8Freq_Value)
2023-08-23 17:35:39,591 [INFO] ImportTextPane:194 - (OptionalMessage_ERROR) IP (RCC) : Invalid parameter (UART4Freq_Value)
2023-08-23 17:35:39,591 [INFO] ImportTextPane:194 - (OptionalMessage_ERROR) IP (RCC) : Invalid parameter (UART5Freq_Value)
2023-08-23 17:35:39,591 [INFO] ImportTextPane:194 - (OptionalMessage_ERROR) IP (RCC) : Invalid parameter (USART1Freq_Value)
2023-08-23 17:35:39,591 [INFO] ImportTextPane:194 - (OptionalMessage_ERROR) IP (RCC) : Invalid parameter (USART2Freq_Value)
2023-08-23 17:35:39,591 [INFO] ImportTextPane:194 - (OptionalMessage_ERROR) IP (RCC) : Invalid parameter (USART3Freq_Value)
2023-08-23 17:35:39,591 [INFO] ImportTextPane:194 - (OptionalMessage_ERROR) IP (RCC) : Invalid parameter (USBFreq_Value)
2023-08-23 17:35:39,591 [INFO] ImportTextPane:194 - (OptionalMessage_ERROR) IP (RCC) : Invalid parameter (VCOOutput2Freq_Value)
2023-08-23 17:35:39,897 [INFO] UtilMem:75 - End LoadConfig() Used Memory: 846935024 Bytes (1073741824)
2023-08-23 17:35:39,927 [WARN] ThirdParty:833 - waiting for thirdparty lock release [change project]
2023-08-23 17:35:39,927 [INFO] ThirdParty:835 - entering critical section [change project]
2023-08-23 17:35:39,927 [INFO] ThirdParty:1030 - CMSIS Pack Vendor :STMicroelectronics X-CUBE-ISPU 1.1.0
2023-08-23 17:35:39,927 [INFO] ThirdParty:1030 - CMSIS Pack Vendor :STMicroelectronics USBPD 4.1
2023-08-23 17:35:39,927 [INFO] ThirdParty:1030 - CMSIS Pack Vendor :STMicroelectronics X-CUBE-GNSS1 6.0.0
2023-08-23 17:35:39,927 [INFO] ThirdParty:1030 - CMSIS Pack Vendor :STMicroelectronics USB_HOST 2.0.0
2023-08-23 17:35:39,927 [INFO] ThirdParty:1030 - CMSIS Pack Vendor :STMicroelectronics X-CUBE-AZRTOS-F4 1.1.0
2023-08-23 17:35:39,927 [INFO] ThirdParty:1030 - CMSIS Pack Vendor :STMicroelectronics LIBJPEG 8.0.0
2023-08-23 17:35:39,927 [INFO] ThirdParty:1030 - CMSIS Pack Vendor :wolfSSL I-CUBE-wolfSSL 5.6.3
2023-08-23 17:35:39,927 [INFO] ThirdParty:1030 - CMSIS Pack Vendor :STMicroelectronics X-CUBE-SMBUS 2.1.0
2023-08-23 17:35:39,927 [INFO] ThirdParty:1030 - CMSIS Pack Vendor :STMicroelectronics USB_DEVICE 3.0.0
2023-08-23 17:35:39,927 [INFO] ThirdParty:1030 - CMSIS Pack Vendor :STMicroelectronics X-CUBE-AZRTOS-WB 2.0.0
2023-08-23 17:35:39,927 [INFO] ThirdParty:1030 - CMSIS Pack Vendor :STMicroelectronics X-CUBE-FREERTOS 1.0.1
2023-08-23 17:35:39,927 [INFO] ThirdParty:1030 - CMSIS Pack Vendor :STMicroelectronics X-CUBE-AZRTOS-F7 1.1.0
2023-08-23 17:35:39,927 [INFO] ThirdParty:1030 - CMSIS Pack Vendor :STMicroelectronics X-CUBE-AZRTOS-L5 2.0.0
2023-08-23 17:35:39,928 [INFO] ThirdParty:1030 - CMSIS Pack Vendor :STMicroelectronics USB_DEVICE 2.0.0
2023-08-23 17:35:39,928 [INFO] ThirdParty:1030 - CMSIS Pack Vendor :STMicroelectronics X-CUBE-MEMS1 9.6.0
2023-08-23 17:35:39,928 [INFO] ThirdParty:1030 - CMSIS Pack Vendor :STMicroelectronics FP-SNS-MOTENV1 4.3.2
2023-08-23 17:35:39,928 [INFO] ThirdParty:1030 - CMSIS Pack Vendor :STMicroelectronics X-CUBE-ALGOBUILD 1.3.0
2023-08-23 17:35:39,928 [INFO] ThirdParty:1030 - CMSIS Pack Vendor :STMicroelectronics X-CUBE-BLE1 6.2.4
2023-08-23 17:35:39,928 [INFO] ThirdParty:1030 - CMSIS Pack Vendor :STMicroelectronics X-CUBE-AZRTOS-L5 1.1.0
2023-08-23 17:35:39,928 [INFO] ThirdParty:1030 - CMSIS Pack Vendor :STMicroelectronics FreeRTOS 0.0.1
2023-08-23 17:35:39,928 [INFO] ThirdParty:1030 - CMSIS Pack Vendor :STMicroelectronics X-CUBE-AZRTOS-G0 1.1.0
2023-08-23 17:35:39,928 [INFO] ThirdParty:1030 - CMSIS Pack Vendor :STMicroelectronics X-CUBE-BLEMGR 2.0.0
2023-08-23 17:35:39,928 [INFO] ThirdParty:1030 - CMSIS Pack Vendor :STMicroelectronics X-CUBE-AI 8.0.1
2023-08-23 17:35:39,928 [INFO] ThirdParty:1030 - CMSIS Pack Vendor :STMicroelectronics X-CUBE-NFC4 3.0.0
2023-08-23 17:35:39,928 [INFO] ThirdParty:1030 - CMSIS Pack Vendor :STMicroelectronics X-CUBE-SUBG2 5.0.0
2023-08-23 17:35:39,928 [INFO] ThirdParty:1030 - CMSIS Pack Vendor :STMicroelectronics STM32_WPAN 1.0.0
2023-08-23 17:35:39,928 [INFO] ThirdParty:1030 - CMSIS Pack Vendor :STMicroelectronics lwIP 2.0.3
2023-08-23 17:35:39,928 [INFO] ThirdParty:1030 - CMSIS Pack Vendor :STMicroelectronics FP-SNS-FLIGHT1 5.0.2
2023-08-23 17:35:39,928 [INFO] ThirdParty:1030 - CMSIS Pack Vendor :STMicroelectronics USB_HOST 1.0.0
2023-08-23 17:35:39,928 [INFO] ThirdParty:1030 - CMSIS Pack Vendor :STMicroelectronics X-CUBE-TOF1 3.3.1
2023-08-23 17:35:39,928 [INFO] ThirdParty:1030 - CMSIS Pack Vendor :STMicroelectronics X-CUBE-AZRTOS-G4 2.0.0
2023-08-23 17:35:39,928 [INFO] ThirdParty:1030 - CMSIS Pack Vendor :STMicroelectronics PDM2PCM 3.1.0
2023-08-23 17:35:39,928 [INFO] ThirdParty:1030 - CMSIS Pack Vendor :STMicroelectronics X-CUBE-AZRTOS-H7 3.1.0
2023-08-23 17:35:39,928 [INFO] ThirdParty:1030 - CMSIS Pack Vendor :STMicroelectronics PDM2PCM 3.3.0
2023-08-23 17:35:39,928 [INFO] ThirdParty:1030 - CMSIS Pack Vendor :STMicroelectronics X-CUBE-DISPLAY 3.0.0
2023-08-23 17:35:39,928 [INFO] ThirdParty:1030 - CMSIS Pack Vendor :STMicroelectronics X-CUBE-BLE1 7.0.0
2023-08-23 17:35:39,928 [INFO] ThirdParty:1030 - CMSIS Pack Vendor :STMicroelectronics FP-ATR-SIGFOX1 3.2.0
2023-08-23 17:35:39,928 [INFO] ThirdParty:1030 - CMSIS Pack Vendor :STMicroelectronics HAL Drivers 0.0.0
2023-08-23 17:35:39,928 [INFO] ThirdParty:1030 - CMSIS Pack Vendor :STMicroelectronics MBEDTLS 2.16.2
2023-08-23 17:35:39,928 [INFO] ThirdParty:1030 - CMSIS Pack Vendor :emotas I-CUBE-CANOPEN 1.3.0
2023-08-23 17:35:39,928 [INFO] ThirdParty:1030 - CMSIS Pack Vendor :STMicroelectronics X-CUBE-TOUCHGFX 4.22.0
2023-08-23 17:35:39,928 [INFO] ThirdParty:1030 - CMSIS Pack Vendor :STMicroelectronics X-CUBE-NFC7 1.0.1
2023-08-23 17:35:39,928 [INFO] ThirdParty:1030 - CMSIS Pack Vendor :STMicroelectronics MBEDTLS 2.14.1
2023-08-23 17:35:39,928 [INFO] ThirdParty:1030 - CMSIS Pack Vendor :STMicroelectronics X-CUBE-EEPRMA1 4.1.0
2023-08-23 17:35:39,928 [INFO] ThirdParty:1030 - CMSIS Pack Vendor :portGmbH I-Cube-SoM-uGOAL 1.1.0
2023-08-23 17:35:39,928 [INFO] ThirdParty:1030 - CMSIS Pack Vendor :STMicroelectronics X-CUBE-ALS 1.0.1
2023-08-23 17:35:39,928 [INFO] ThirdParty:1030 - CMSIS Pack Vendor :STMicroelectronics ThreadX 1.0.0
2023-08-23 17:35:39,928 [INFO] ThirdParty:1030 - CMSIS Pack Vendor :STMicroelectronics X-CUBE-AZRTOS-WB 1.1.0
2023-08-23 17:35:39,928 [INFO] ThirdParty:1030 - CMSIS Pack Vendor :STMicroelectronics X-CUBE-AZRTOS-WL 2.0.0
2023-08-23 17:35:39,928 [INFO] ThirdParty:1030 - CMSIS Pack Vendor :SEGGER I-CUBE-embOS 1.3.1
2023-08-23 17:35:39,928 [INFO] ThirdParty:1030 - CMSIS Pack Vendor :STMicroelectronics USB_DEVICE 1.0.0
2023-08-23 17:35:39,928 [INFO] ThirdParty:1030 - CMSIS Pack Vendor :STMicroelectronics X-CUBE-AI 8.1.0
2023-08-23 17:35:39,928 [INFO] ThirdParty:1030 - CMSIS Pack Vendor :STMicroelectronics X-CUBE-AZRTOS-L4 2.0.0
2023-08-23 17:35:39,928 [INFO] ThirdParty:1030 - CMSIS Pack Vendor :STMicroelectronics ThreadX 0.0.2
2023-08-23 17:35:39,928 [INFO] ThirdParty:1030 - CMSIS Pack Vendor :WES I-CUBE-Cesium 1.3.0
2023-08-23 17:35:39,928 [INFO] ThirdParty:1030 - CMSIS Pack Vendor :STMicroelectronics FP-ATR-ASTRA1 2.0.0
2023-08-23 17:35:39,928 [INFO] ThirdParty:1030 - CMSIS Pack Vendor :STMicroelectronics lwIP 2.1.2
2023-08-23 17:35:39,929 [INFO] ThirdParty:1030 - CMSIS Pack Vendor :STMicroelectronics X-CUBE-SFXS2LP1 4.0.0
2023-08-23 17:35:39,929 [INFO] ThirdParty:1030 - CMSIS Pack Vendor :STMicroelectronics X-CUBE-BLE2 3.3.0
2023-08-23 17:35:39,929 [INFO] ThirdParty:1030 - CMSIS Pack Vendor :STMicroelectronics PDM2PCM 3.2.0
2023-08-23 17:35:39,929 [INFO] ThirdParty:841 - exiting critical section [change project]
2023-08-23 17:35:40,028 [INFO] PinOutPanel:1499 - setPackage(No Configuration,No Configuration)
2023-08-23 17:35:40,029 [INFO] PinOutPanel:1499 - setPackage(STM32F429ZITx,LQFP144)
2023-08-23 17:35:40,192 [INFO] UtilMem:75 - Before build in PCC Used Memory: 830169776 Bytes (1073741824)
2023-08-23 17:35:40,318 [INFO] UtilMem:75 - After build in PCC Used Memory: 876833456 Bytes (1073741824)
2023-08-23 17:35:40,331 [INFO] IPUIPlugin:80 - create IPUIPlugin
2023-08-23 17:35:40,331 [INFO] IPUIPlugin:80 - create IPUIPlugin
2023-08-23 17:35:40,331 [INFO] IPUIPlugin:80 - create IPUIPlugin
2023-08-23 17:35:40,331 [INFO] IPUIPlugin:80 - create IPUIPlugin
2023-08-23 17:35:40,331 [INFO] IPUIPlugin:80 - create IPUIPlugin
2023-08-23 17:35:40,331 [INFO] IPUIPlugin:80 - create IPUIPlugin
2023-08-23 17:35:40,332 [INFO] IPUIPlugin:80 - create IPUIPlugin
2023-08-23 17:35:40,332 [INFO] IPUIPlugin:80 - create IPUIPlugin
2023-08-23 17:35:40,332 [INFO] IPUIPlugin:80 - create IPUIPlugin
2023-08-23 17:35:40,332 [INFO] IPUIPlugin:80 - create IPUIPlugin
2023-08-23 17:35:40,332 [INFO] IPUIPlugin:80 - create IPUIPlugin
2023-08-23 17:35:40,332 [INFO] IPUIPlugin:80 - create IPUIPlugin
2023-08-23 17:35:40,332 [INFO] IPUIPlugin:80 - create IPUIPlugin
2023-08-23 17:35:40,332 [INFO] IPUIPlugin:80 - create IPUIPlugin
2023-08-23 17:35:40,332 [INFO] IPUIPlugin:80 - create IPUIPlugin
2023-08-23 17:35:40,332 [INFO] IPUIPlugin:80 - create IPUIPlugin
2023-08-23 17:35:40,332 [INFO] IPUIPlugin:80 - create IPUIPlugin
2023-08-23 17:35:40,332 [INFO] IPUIPlugin:80 - create IPUIPlugin
2023-08-23 17:35:40,332 [INFO] IPUIPlugin:80 - create IPUIPlugin
2023-08-23 17:35:40,332 [INFO] IPUIPlugin:80 - create IPUIPlugin
2023-08-23 17:35:40,332 [INFO] IPUIPlugin:80 - create IPUIPlugin
2023-08-23 17:35:40,333 [INFO] IPUIPlugin:80 - create IPUIPlugin
2023-08-23 17:35:40,333 [INFO] IPUIPlugin:80 - create IPUIPlugin
2023-08-23 17:35:40,333 [INFO] IPUIPlugin:80 - create IPUIPlugin
2023-08-23 17:35:40,333 [INFO] IPUIPlugin:80 - create IPUIPlugin
2023-08-23 17:35:40,333 [INFO] IPUIPlugin:80 - create IPUIPlugin
2023-08-23 17:35:40,333 [INFO] IPUIPlugin:80 - create IPUIPlugin
2023-08-23 17:35:40,333 [INFO] IPUIPlugin:80 - create IPUIPlugin
2023-08-23 17:35:40,333 [INFO] IPUIPlugin:80 - create IPUIPlugin
2023-08-23 17:35:40,334 [INFO] IPUIPlugin:80 - create IPUIPlugin
2023-08-23 17:35:40,334 [INFO] IPUIPlugin:80 - create IPUIPlugin
2023-08-23 17:35:40,334 [INFO] IPUIPlugin:80 - create IPUIPlugin
2023-08-23 17:35:40,334 [INFO] IPUIPlugin:80 - create IPUIPlugin
2023-08-23 17:35:40,334 [INFO] IPUIPlugin:80 - create IPUIPlugin
2023-08-23 17:35:40,334 [INFO] IPUIPlugin:80 - create IPUIPlugin
2023-08-23 17:35:40,334 [INFO] IPUIPlugin:80 - create IPUIPlugin
2023-08-23 17:35:40,334 [INFO] IPUIPlugin:80 - create IPUIPlugin
2023-08-23 17:35:40,335 [INFO] IPUIPlugin:80 - create IPUIPlugin
2023-08-23 17:35:40,335 [INFO] IPUIPlugin:80 - create IPUIPlugin
2023-08-23 17:35:40,335 [INFO] IPUIPlugin:80 - create IPUIPlugin
2023-08-23 17:35:40,335 [INFO] IPUIPlugin:80 - create IPUIPlugin
2023-08-23 17:35:40,335 [INFO] IPUIPlugin:80 - create IPUIPlugin
2023-08-23 17:35:40,335 [INFO] IPUIPlugin:80 - create IPUIPlugin
2023-08-23 17:35:40,335 [INFO] IPUIPlugin:80 - create IPUIPlugin
2023-08-23 17:35:40,336 [INFO] IPUIPlugin:80 - create IPUIPlugin
2023-08-23 17:35:40,336 [INFO] IPUIPlugin:80 - create IPUIPlugin
2023-08-23 17:35:40,336 [INFO] IPUIPlugin:80 - create IPUIPlugin
2023-08-23 17:35:40,336 [INFO] IPUIPlugin:80 - create IPUIPlugin
2023-08-23 17:35:40,336 [INFO] IPUIPlugin:80 - create IPUIPlugin
2023-08-23 17:35:40,336 [INFO] IPUIPlugin:80 - create IPUIPlugin
2023-08-23 17:35:40,337 [INFO] IPUIPlugin:80 - create IPUIPlugin
2023-08-23 17:35:40,337 [INFO] IPUIPlugin:80 - create IPUIPlugin
2023-08-23 17:35:40,337 [INFO] IPUIPlugin:80 - create IPUIPlugin
2023-08-23 17:35:40,337 [INFO] IPUIPlugin:80 - create IPUIPlugin
2023-08-23 17:35:40,337 [INFO] IPUIPlugin:80 - create IPUIPlugin
2023-08-23 17:35:40,337 [INFO] IPUIPlugin:80 - create IPUIPlugin
2023-08-23 17:35:40,338 [INFO] IPUIPlugin:80 - create IPUIPlugin
2023-08-23 17:35:40,338 [INFO] IPUIPlugin:80 - create IPUIPlugin
2023-08-23 17:35:40,338 [INFO] IPUIPlugin:80 - create IPUIPlugin
2023-08-23 17:35:40,338 [INFO] IPUIPlugin:80 - create IPUIPlugin
2023-08-23 17:35:40,338 [INFO] IPUIPlugin:80 - create IPUIPlugin
2023-08-23 17:35:40,339 [INFO] IPUIPlugin:80 - create IPUIPlugin
2023-08-23 17:35:40,339 [INFO] IPUIPlugin:80 - create IPUIPlugin
2023-08-23 17:35:40,339 [INFO] IPUIPlugin:80 - create IPUIPlugin
2023-08-23 17:35:40,340 [INFO] IPUIPlugin:80 - create IPUIPlugin
2023-08-23 17:35:40,340 [INFO] IPUIPlugin:80 - create IPUIPlugin
2023-08-23 17:35:40,353 [INFO] ApiDbMcu:507 - Load IP Config File for PDM2PCM
2023-08-23 17:35:40,390 [INFO] CADModel:165 - CPN selected for project levelSTM32F429ZIT6
2023-08-23 17:35:40,390 [INFO] CADModel:114 - Register for checkConnection events
2023-08-23 17:35:40,453 [INFO] OpenFileManager:328 - Restore cursor
