2023-10-06 15:07:22,194 [INFO] MainUpdater:2868 - connection check result : 10
2023-10-06 15:07:22,206 [INFO] MainUpdater:2868 - connection check result : 10
2023-10-06 15:07:22,325 [INFO] MicroXplorer:468 - Change Database Path : 
2023-10-06 15:07:22,325 [INFO] MicroXplorer:498 - Change Database Version : DB.6.0.90
2023-10-06 15:07:22,344 [WARN] ThirdParty:871 - waiting for thirdparty lock release [close project]
2023-10-06 15:07:22,344 [INFO] ThirdParty:873 - entering critical section [close project]
2023-10-06 15:07:22,344 [INFO] ThirdParty:883 - exiting critical section [close project]
2023-10-06 15:07:22,345 [INFO] PinOutPanel:1499 - setPackage(No Configuration,No Configuration)
2023-10-06 15:07:22,349 [WARN] IpParametersView:151 - Warning: This peripheral hasn't parameters
2023-10-06 15:07:22,352 [WARN] MainPanel:272 - <html><b><center>Warning: This peripheral has no parameters to be configured<br></b></html>
2023-10-06 15:07:22,359 [INFO] UtilMem:75 - Begin LoadConfig() Used Memory: 709704864 Bytes (1073741824)
2023-10-06 15:07:22,359 [INFO] MicroXplorer:468 - Change Database Path : 
2023-10-06 15:07:22,359 [INFO] MicroXplorer:498 - Change Database Version : DB.6.0.90
2023-10-06 15:07:22,359 [INFO] OpenFileManager:308 - Change cursor
2023-10-06 15:07:22,370 [INFO] RulesReader:64 - Compatibility file has been processed (293 Rules)
2023-10-06 15:07:22,374 [INFO] Mcu:1946 - Initializing MCU STM32F429ZITx STM32F429ZITx STM32F429ZIT6
2023-10-06 15:07:23,809 [INFO] Context:659 - Trying to add GPIOservice into a context  which must be forbidden
2023-10-06 15:07:24,053 [INFO] RtosManager:555 - Registered RTOS mode: class=CMSIS, group=RTOS, mode=CMSIS_V1, owner=FREERTOS
2023-10-06 15:07:24,053 [INFO] RtosManager:555 - Registered RTOS mode: class=CMSIS, group=RTOS2, mode=CMSIS_V2, owner=FREERTOS
2023-10-06 15:07:24,053 [INFO] RtosManager:555 - Registered RTOS mode: class=RTOS, group=Core, mode=CMSIS_V1, owner=FREERTOS
2023-10-06 15:07:24,054 [INFO] RtosManager:555 - Registered RTOS mode: class=RTOS, group=Core, mode=CMSIS_V2, owner=FREERTOS
2023-10-06 15:07:24,054 [WARN] ModelIntegratedComponent:184 - Missing modes for component STMicroelectronics:FreeRTOS:0.0.1:STMicroelectronics:RTOS:FreeRTOS:Core:::10.2.0:
2023-10-06 15:07:24,059 [WARN] ModelIntegratedComponent:63 - No mode defined for component null
2023-10-06 15:07:24,059 [WARN] ModelIntegratedComponent:63 - No mode defined for component null
2023-10-06 15:07:24,059 [WARN] ModelIntegratedComponent:63 - No mode defined for component null
2023-10-06 15:07:24,059 [WARN] ModelIntegratedComponent:63 - No mode defined for component null
2023-10-06 15:07:24,059 [WARN] ModelIntegratedComponent:63 - No mode defined for component null
2023-10-06 15:07:24,059 [WARN] ModelIntegratedComponent:63 - No mode defined for component null
2023-10-06 15:07:24,059 [WARN] ModelIntegratedComponent:63 - No mode defined for component null
2023-10-06 15:07:24,059 [WARN] ModelIntegratedComponent:63 - No mode defined for component null
2023-10-06 15:07:24,059 [WARN] ModelIntegratedComponent:63 - No mode defined for component null
2023-10-06 15:07:24,059 [WARN] ModelIntegratedComponent:63 - No mode defined for component null
2023-10-06 15:07:24,059 [WARN] ModelIntegratedComponent:63 - No mode defined for component null
2023-10-06 15:07:24,059 [WARN] ModelIntegratedComponent:63 - No mode defined for component null
2023-10-06 15:07:24,059 [WARN] ModelIntegratedComponent:63 - No mode defined for component null
2023-10-06 15:07:24,059 [WARN] ModelIntegratedComponent:63 - No mode defined for component null
2023-10-06 15:07:24,059 [WARN] ModelIntegratedComponent:63 - No mode defined for component null
2023-10-06 15:07:24,059 [WARN] ModelIntegratedComponent:63 - No mode defined for component null
2023-10-06 15:07:24,059 [WARN] ModelIntegratedComponent:63 - No mode defined for component null
2023-10-06 15:07:24,059 [WARN] ModelIntegratedComponent:63 - No mode defined for component null
2023-10-06 15:07:24,059 [WARN] ModelIntegratedComponent:63 - No mode defined for component null
2023-10-06 15:07:24,059 [WARN] ModelIntegratedComponent:63 - No mode defined for component null
2023-10-06 15:07:24,059 [WARN] ModelIntegratedComponent:63 - No mode defined for component null
2023-10-06 15:07:24,060 [WARN] ModelIntegratedComponent:63 - No mode defined for component null
2023-10-06 15:07:24,060 [WARN] ModelIntegratedComponent:63 - No mode defined for component null
2023-10-06 15:07:24,060 [WARN] ModelIntegratedComponent:63 - No mode defined for component null
2023-10-06 15:07:24,060 [WARN] ModelIntegratedComponent:63 - No mode defined for component null
2023-10-06 15:07:24,060 [WARN] ModelIntegratedComponent:63 - No mode defined for component null
2023-10-06 15:07:24,060 [WARN] ModelIntegratedComponent:63 - No mode defined for component null
2023-10-06 15:07:24,060 [WARN] ModelIntegratedComponent:63 - No mode defined for component null
2023-10-06 15:07:24,060 [WARN] ModelIntegratedComponent:63 - No mode defined for component null
2023-10-06 15:07:24,060 [WARN] ModelIntegratedComponent:63 - No mode defined for component null
2023-10-06 15:07:24,060 [WARN] ModelIntegratedComponent:63 - No mode defined for component null
2023-10-06 15:07:24,060 [WARN] ModelIntegratedComponent:63 - No mode defined for component null
2023-10-06 15:07:24,060 [WARN] ModelIntegratedComponent:63 - No mode defined for component null
2023-10-06 15:07:24,068 [INFO] ThirdPartyModel:298 - Start build external matchings
2023-10-06 15:07:24,295 [INFO] ThirdPartyModel:316 - End build external matchings
2023-10-06 15:07:24,312 [INFO] RtosManager:919 - Current active RTOS is FREERTOS [Cortex-M4NS]
2023-10-06 15:07:24,315 [INFO] ImportTextPane:194 - (OptionalMessage_ERROR) IP (ETH) : Invalid parameter (PHY_Name)
2023-10-06 15:07:24,315 [INFO] ImportTextPane:194 - (OptionalMessage_ERROR) IP (ETH) : Invalid parameter (PHY_Value)
2023-10-06 15:07:24,315 [INFO] ImportTextPane:194 - (OptionalMessage_ERROR) IP (ETH) : Invalid parameter (PhyAddress)
2023-10-06 15:07:24,317 [INFO] ImportTextPane:194 - (OptionalMessage_ERROR) IP (RCC) : Invalid parameter (ADC12outputFreq_Value)
2023-10-06 15:07:24,317 [INFO] ImportTextPane:194 - (OptionalMessage_ERROR) IP (RCC) : Invalid parameter (ADC34outputFreq_Value)
2023-10-06 15:07:24,317 [INFO] ImportTextPane:194 - (OptionalMessage_ERROR) IP (RCC) : Invalid parameter (FamilyName)
2023-10-06 15:07:24,317 [INFO] ImportTextPane:194 - (OptionalMessage_ERROR) IP (RCC) : Invalid parameter (I2C1Freq_Value)
2023-10-06 15:07:24,317 [INFO] ImportTextPane:194 - (OptionalMessage_ERROR) IP (RCC) : Invalid parameter (I2C2Freq_Value)
2023-10-06 15:07:24,317 [INFO] ImportTextPane:194 - (OptionalMessage_ERROR) IP (RCC) : Invalid parameter (I2C3Freq_Value)
2023-10-06 15:07:24,317 [INFO] ImportTextPane:194 - (OptionalMessage_ERROR) IP (RCC) : Parameter (MCO2PinFreq_Value) has invalid value (168000000)
2023-10-06 15:07:24,317 [INFO] ImportTextPane:194 - (OptionalMessage_ERROR) IP (RCC) : Invalid parameter (MCOFreq_Value)
2023-10-06 15:07:24,317 [INFO] ImportTextPane:194 - (OptionalMessage_ERROR) IP (RCC) : Invalid parameter (PLLMCOFreq_Value)
2023-10-06 15:07:24,317 [INFO] ImportTextPane:194 - (OptionalMessage_ERROR) IP (RCC) : Invalid parameter (PLLMUL)
2023-10-06 15:07:24,317 [INFO] ImportTextPane:194 - (OptionalMessage_ERROR) IP (RCC) : Invalid parameter (PRESCALERUSB)
2023-10-06 15:07:24,317 [INFO] ImportTextPane:194 - (OptionalMessage_ERROR) IP (RCC) : Parameter (RTCHSEDivFreq_Value) has invalid value (4000000)
2023-10-06 15:07:24,317 [INFO] ImportTextPane:194 - (OptionalMessage_ERROR) IP (RCC) : Invalid parameter (SYSCLKSourceVirtual)
2023-10-06 15:07:24,317 [INFO] ImportTextPane:194 - (OptionalMessage_ERROR) IP (RCC) : Invalid parameter (TIM15Freq_Value)
2023-10-06 15:07:24,317 [INFO] ImportTextPane:194 - (OptionalMessage_ERROR) IP (RCC) : Invalid parameter (TIM16Freq_Value)
2023-10-06 15:07:24,317 [INFO] ImportTextPane:194 - (OptionalMessage_ERROR) IP (RCC) : Invalid parameter (TIM17Freq_Value)
2023-10-06 15:07:24,317 [INFO] ImportTextPane:194 - (OptionalMessage_ERROR) IP (RCC) : Invalid parameter (TIM1Freq_Value)
2023-10-06 15:07:24,317 [INFO] ImportTextPane:194 - (OptionalMessage_ERROR) IP (RCC) : Invalid parameter (TIM20Freq_Value)
2023-10-06 15:07:24,317 [INFO] ImportTextPane:194 - (OptionalMessage_ERROR) IP (RCC) : Invalid parameter (TIM2Freq_Value)
2023-10-06 15:07:24,318 [INFO] ImportTextPane:194 - (OptionalMessage_ERROR) IP (RCC) : Invalid parameter (TIM3Freq_Value)
2023-10-06 15:07:24,318 [INFO] ImportTextPane:194 - (OptionalMessage_ERROR) IP (RCC) : Invalid parameter (TIM8Freq_Value)
2023-10-06 15:07:24,318 [INFO] ImportTextPane:194 - (OptionalMessage_ERROR) IP (RCC) : Invalid parameter (UART4Freq_Value)
2023-10-06 15:07:24,318 [INFO] ImportTextPane:194 - (OptionalMessage_ERROR) IP (RCC) : Invalid parameter (UART5Freq_Value)
2023-10-06 15:07:24,318 [INFO] ImportTextPane:194 - (OptionalMessage_ERROR) IP (RCC) : Invalid parameter (USART1Freq_Value)
2023-10-06 15:07:24,318 [INFO] ImportTextPane:194 - (OptionalMessage_ERROR) IP (RCC) : Invalid parameter (USART2Freq_Value)
2023-10-06 15:07:24,318 [INFO] ImportTextPane:194 - (OptionalMessage_ERROR) IP (RCC) : Invalid parameter (USART3Freq_Value)
2023-10-06 15:07:24,318 [INFO] ImportTextPane:194 - (OptionalMessage_ERROR) IP (RCC) : Invalid parameter (USBFreq_Value)
2023-10-06 15:07:24,318 [INFO] ImportTextPane:194 - (OptionalMessage_ERROR) IP (RCC) : Invalid parameter (VCOOutput2Freq_Value)
2023-10-06 15:07:24,574 [INFO] UtilMem:75 - End LoadConfig() Used Memory: 729500552 Bytes (1073741824)
2023-10-06 15:07:24,584 [WARN] ThirdParty:833 - waiting for thirdparty lock release [change project]
2023-10-06 15:07:24,584 [INFO] ThirdParty:835 - entering critical section [change project]
2023-10-06 15:07:24,584 [INFO] ThirdParty:1030 - CMSIS Pack Vendor :STMicroelectronics X-CUBE-ISPU 1.1.0
2023-10-06 15:07:24,584 [INFO] ThirdParty:1030 - CMSIS Pack Vendor :STMicroelectronics USBPD 4.1
2023-10-06 15:07:24,584 [INFO] ThirdParty:1030 - CMSIS Pack Vendor :STMicroelectronics X-CUBE-GNSS1 6.0.0
2023-10-06 15:07:24,584 [INFO] ThirdParty:1030 - CMSIS Pack Vendor :STMicroelectronics USB_HOST 2.0.0
2023-10-06 15:07:24,584 [INFO] ThirdParty:1030 - CMSIS Pack Vendor :STMicroelectronics X-CUBE-AZRTOS-F4 1.1.0
2023-10-06 15:07:24,584 [INFO] ThirdParty:1030 - CMSIS Pack Vendor :STMicroelectronics LIBJPEG 8.0.0
2023-10-06 15:07:24,584 [INFO] ThirdParty:1030 - CMSIS Pack Vendor :wolfSSL I-CUBE-wolfSSL 5.6.3
2023-10-06 15:07:24,584 [INFO] ThirdParty:1030 - CMSIS Pack Vendor :STMicroelectronics X-CUBE-SMBUS 2.1.0
2023-10-06 15:07:24,584 [INFO] ThirdParty:1030 - CMSIS Pack Vendor :STMicroelectronics USB_DEVICE 3.0.0
2023-10-06 15:07:24,584 [INFO] ThirdParty:1030 - CMSIS Pack Vendor :STMicroelectronics X-CUBE-AZRTOS-WB 2.0.0
2023-10-06 15:07:24,584 [INFO] ThirdParty:1030 - CMSIS Pack Vendor :STMicroelectronics X-CUBE-AZRTOS-F7 1.1.0
2023-10-06 15:07:24,584 [INFO] ThirdParty:1030 - CMSIS Pack Vendor :STMicroelectronics X-CUBE-AZRTOS-L5 2.0.0
2023-10-06 15:07:24,584 [INFO] ThirdParty:1030 - CMSIS Pack Vendor :STMicroelectronics USB_DEVICE 2.0.0
2023-10-06 15:07:24,585 [INFO] ThirdParty:1030 - CMSIS Pack Vendor :STMicroelectronics X-CUBE-MEMS1 9.6.0
2023-10-06 15:07:24,585 [INFO] ThirdParty:1030 - CMSIS Pack Vendor :STMicroelectronics FP-SNS-MOTENV1 4.3.2
2023-10-06 15:07:24,585 [INFO] ThirdParty:1030 - CMSIS Pack Vendor :STMicroelectronics X-CUBE-ALGOBUILD 1.3.0
2023-10-06 15:07:24,585 [INFO] ThirdParty:1030 - CMSIS Pack Vendor :STMicroelectronics FreeRTOS 0.0.1
2023-10-06 15:07:24,585 [INFO] ThirdParty:1030 - CMSIS Pack Vendor :STMicroelectronics X-CUBE-AZRTOS-G0 1.1.0
2023-10-06 15:07:24,585 [INFO] ThirdParty:1030 - CMSIS Pack Vendor :STMicroelectronics X-CUBE-BLEMGR 2.0.0
2023-10-06 15:07:24,585 [INFO] ThirdParty:1030 - CMSIS Pack Vendor :STMicroelectronics X-CUBE-NFC4 3.0.0
2023-10-06 15:07:24,585 [INFO] ThirdParty:1030 - CMSIS Pack Vendor :STMicroelectronics X-CUBE-SUBG2 5.0.0
2023-10-06 15:07:24,585 [INFO] ThirdParty:1030 - CMSIS Pack Vendor :STMicroelectronics STM32_WPAN 1.0.0
2023-10-06 15:07:24,585 [INFO] ThirdParty:1030 - CMSIS Pack Vendor :STMicroelectronics lwIP 2.0.3
2023-10-06 15:07:24,585 [INFO] ThirdParty:1030 - CMSIS Pack Vendor :STMicroelectronics FP-SNS-FLIGHT1 5.0.2
2023-10-06 15:07:24,585 [INFO] ThirdParty:1030 - CMSIS Pack Vendor :STMicroelectronics USB_HOST 1.0.0
2023-10-06 15:07:24,585 [INFO] ThirdParty:1030 - CMSIS Pack Vendor :STMicroelectronics X-CUBE-TOF1 3.3.1
2023-10-06 15:07:24,585 [INFO] ThirdParty:1030 - CMSIS Pack Vendor :STMicroelectronics X-CUBE-AZRTOS-G4 2.0.0
2023-10-06 15:07:24,585 [INFO] ThirdParty:1030 - CMSIS Pack Vendor :STMicroelectronics PDM2PCM 3.1.0
2023-10-06 15:07:24,585 [INFO] ThirdParty:1030 - CMSIS Pack Vendor :STMicroelectronics X-CUBE-AZRTOS-H7 3.1.0
2023-10-06 15:07:24,585 [INFO] ThirdParty:1030 - CMSIS Pack Vendor :STMicroelectronics PDM2PCM 3.3.0
2023-10-06 15:07:24,585 [INFO] ThirdParty:1030 - CMSIS Pack Vendor :STMicroelectronics X-CUBE-DISPLAY 3.0.0
2023-10-06 15:07:24,585 [INFO] ThirdParty:1030 - CMSIS Pack Vendor :STMicroelectronics X-CUBE-BLE1 7.0.0
2023-10-06 15:07:24,585 [INFO] ThirdParty:1030 - CMSIS Pack Vendor :STMicroelectronics FP-ATR-SIGFOX1 3.2.0
2023-10-06 15:07:24,585 [INFO] ThirdParty:1030 - CMSIS Pack Vendor :STMicroelectronics HAL Drivers 0.0.0
2023-10-06 15:07:24,585 [INFO] ThirdParty:1030 - CMSIS Pack Vendor :STMicroelectronics MBEDTLS 2.16.2
2023-10-06 15:07:24,585 [INFO] ThirdParty:1030 - CMSIS Pack Vendor :emotas I-CUBE-CANOPEN 1.3.0
2023-10-06 15:07:24,585 [INFO] ThirdParty:1030 - CMSIS Pack Vendor :STMicroelectronics X-CUBE-FREERTOS 1.1.0
2023-10-06 15:07:24,585 [INFO] ThirdParty:1030 - CMSIS Pack Vendor :STMicroelectronics X-CUBE-TOUCHGFX 4.22.0
2023-10-06 15:07:24,585 [INFO] ThirdParty:1030 - CMSIS Pack Vendor :STMicroelectronics X-CUBE-NFC7 1.0.1
2023-10-06 15:07:24,585 [INFO] ThirdParty:1030 - CMSIS Pack Vendor :STMicroelectronics MBEDTLS 2.14.1
2023-10-06 15:07:24,585 [INFO] ThirdParty:1030 - CMSIS Pack Vendor :STMicroelectronics X-CUBE-NFC6 3.0.0
2023-10-06 15:07:24,585 [INFO] ThirdParty:1030 - CMSIS Pack Vendor :STMicroelectronics X-CUBE-EEPRMA1 4.1.0
2023-10-06 15:07:24,585 [INFO] ThirdParty:1030 - CMSIS Pack Vendor :portGmbH I-Cube-SoM-uGOAL 1.1.0
2023-10-06 15:07:24,585 [INFO] ThirdParty:1030 - CMSIS Pack Vendor :STMicroelectronics X-CUBE-ALS 1.0.1
2023-10-06 15:07:24,585 [INFO] ThirdParty:1030 - CMSIS Pack Vendor :STMicroelectronics ThreadX 1.0.0
2023-10-06 15:07:24,585 [INFO] ThirdParty:1030 - CMSIS Pack Vendor :STMicroelectronics FP-SNS-SMARTAG2 1.2.0
2023-10-06 15:07:24,585 [INFO] ThirdParty:1030 - CMSIS Pack Vendor :STMicroelectronics X-CUBE-AZRTOS-WL 2.0.0
2023-10-06 15:07:24,585 [INFO] ThirdParty:1030 - CMSIS Pack Vendor :SEGGER I-CUBE-embOS 1.3.1
2023-10-06 15:07:24,585 [INFO] ThirdParty:1030 - CMSIS Pack Vendor :STMicroelectronics USB_DEVICE 1.0.0
2023-10-06 15:07:24,585 [INFO] ThirdParty:1030 - CMSIS Pack Vendor :STMicroelectronics X-CUBE-AI 8.1.0
2023-10-06 15:07:24,585 [INFO] ThirdParty:1030 - CMSIS Pack Vendor :STMicroelectronics X-CUBE-AZRTOS-L4 2.0.0
2023-10-06 15:07:24,585 [INFO] ThirdParty:1030 - CMSIS Pack Vendor :STMicroelectronics ThreadX 0.0.2
2023-10-06 15:07:24,585 [INFO] ThirdParty:1030 - CMSIS Pack Vendor :WES I-CUBE-Cesium 1.3.0
2023-10-06 15:07:24,585 [INFO] ThirdParty:1030 - CMSIS Pack Vendor :STMicroelectronics FP-ATR-ASTRA1 2.0.0
2023-10-06 15:07:24,585 [INFO] ThirdParty:1030 - CMSIS Pack Vendor :STMicroelectronics lwIP 2.1.2
2023-10-06 15:07:24,585 [INFO] ThirdParty:1030 - CMSIS Pack Vendor :STMicroelectronics X-CUBE-SFXS2LP1 4.0.0
2023-10-06 15:07:24,585 [INFO] ThirdParty:1030 - CMSIS Pack Vendor :STMicroelectronics X-CUBE-BLE2 3.3.0
2023-10-06 15:07:24,585 [INFO] ThirdParty:1030 - CMSIS Pack Vendor :STMicroelectronics PDM2PCM 3.2.0
2023-10-06 15:07:24,586 [INFO] ThirdParty:841 - exiting critical section [change project]
2023-10-06 15:07:24,699 [INFO] PinOutPanel:1499 - setPackage(No Configuration,No Configuration)
2023-10-06 15:07:24,700 [INFO] PinOutPanel:1499 - setPackage(STM32F429ZITx,LQFP144)
2023-10-06 15:07:24,885 [INFO] UtilMem:75 - Before build in PCC Used Memory: 795055032 Bytes (1073741824)
2023-10-06 15:07:25,035 [INFO] UtilMem:75 - After build in PCC Used Memory: 841718712 Bytes (1073741824)
2023-10-06 15:07:25,041 [INFO] ApiDbMcu:507 - Load IP Config File for FREERTOS
2023-10-06 15:07:25,070 [INFO] IPUIPlugin:80 - create IPUIPlugin
2023-10-06 15:07:25,070 [INFO] IPUIPlugin:80 - create IPUIPlugin
2023-10-06 15:07:25,070 [INFO] IPUIPlugin:80 - create IPUIPlugin
2023-10-06 15:07:25,070 [INFO] IPUIPlugin:80 - create IPUIPlugin
2023-10-06 15:07:25,070 [INFO] IPUIPlugin:80 - create IPUIPlugin
2023-10-06 15:07:25,071 [INFO] IPUIPlugin:80 - create IPUIPlugin
2023-10-06 15:07:25,071 [INFO] IPUIPlugin:80 - create IPUIPlugin
2023-10-06 15:07:25,071 [INFO] IPUIPlugin:80 - create IPUIPlugin
2023-10-06 15:07:25,071 [INFO] IPUIPlugin:80 - create IPUIPlugin
2023-10-06 15:07:25,071 [INFO] IPUIPlugin:80 - create IPUIPlugin
2023-10-06 15:07:25,071 [INFO] IPUIPlugin:80 - create IPUIPlugin
2023-10-06 15:07:25,071 [INFO] IPUIPlugin:80 - create IPUIPlugin
2023-10-06 15:07:25,071 [INFO] IPUIPlugin:80 - create IPUIPlugin
2023-10-06 15:07:25,071 [INFO] IPUIPlugin:80 - create IPUIPlugin
2023-10-06 15:07:25,071 [INFO] IPUIPlugin:80 - create IPUIPlugin
2023-10-06 15:07:25,071 [INFO] IPUIPlugin:80 - create IPUIPlugin
2023-10-06 15:07:25,071 [INFO] IPUIPlugin:80 - create IPUIPlugin
2023-10-06 15:07:25,071 [INFO] IPUIPlugin:80 - create IPUIPlugin
2023-10-06 15:07:25,072 [INFO] IPUIPlugin:80 - create IPUIPlugin
2023-10-06 15:07:25,072 [INFO] IPUIPlugin:80 - create IPUIPlugin
2023-10-06 15:07:25,072 [INFO] IPUIPlugin:80 - create IPUIPlugin
2023-10-06 15:07:25,072 [INFO] IPUIPlugin:80 - create IPUIPlugin
2023-10-06 15:07:25,072 [INFO] IPUIPlugin:80 - create IPUIPlugin
2023-10-06 15:07:25,072 [INFO] IPUIPlugin:80 - create IPUIPlugin
2023-10-06 15:07:25,072 [INFO] IPUIPlugin:80 - create IPUIPlugin
2023-10-06 15:07:25,072 [INFO] IPUIPlugin:80 - create IPUIPlugin
2023-10-06 15:07:25,072 [INFO] IPUIPlugin:80 - create IPUIPlugin
2023-10-06 15:07:25,073 [INFO] IPUIPlugin:80 - create IPUIPlugin
2023-10-06 15:07:25,073 [INFO] IPUIPlugin:80 - create IPUIPlugin
2023-10-06 15:07:25,073 [INFO] IPUIPlugin:80 - create IPUIPlugin
2023-10-06 15:07:25,073 [INFO] IPUIPlugin:80 - create IPUIPlugin
2023-10-06 15:07:25,073 [INFO] IPUIPlugin:80 - create IPUIPlugin
2023-10-06 15:07:25,073 [INFO] IPUIPlugin:80 - create IPUIPlugin
2023-10-06 15:07:25,073 [INFO] IPUIPlugin:80 - create IPUIPlugin
2023-10-06 15:07:25,073 [INFO] IPUIPlugin:80 - create IPUIPlugin
2023-10-06 15:07:25,074 [INFO] IPUIPlugin:80 - create IPUIPlugin
2023-10-06 15:07:25,074 [INFO] IPUIPlugin:80 - create IPUIPlugin
2023-10-06 15:07:25,074 [INFO] IPUIPlugin:80 - create IPUIPlugin
2023-10-06 15:07:25,074 [INFO] IPUIPlugin:80 - create IPUIPlugin
2023-10-06 15:07:25,074 [INFO] IPUIPlugin:80 - create IPUIPlugin
2023-10-06 15:07:25,074 [INFO] IPUIPlugin:80 - create IPUIPlugin
2023-10-06 15:07:25,074 [INFO] IPUIPlugin:80 - create IPUIPlugin
2023-10-06 15:07:25,075 [INFO] IPUIPlugin:80 - create IPUIPlugin
2023-10-06 15:07:25,075 [INFO] IPUIPlugin:80 - create IPUIPlugin
2023-10-06 15:07:25,075 [INFO] IPUIPlugin:80 - create IPUIPlugin
2023-10-06 15:07:25,075 [INFO] IPUIPlugin:80 - create IPUIPlugin
2023-10-06 15:07:25,075 [INFO] IPUIPlugin:80 - create IPUIPlugin
2023-10-06 15:07:25,075 [INFO] IPUIPlugin:80 - create IPUIPlugin
2023-10-06 15:07:25,075 [INFO] IPUIPlugin:80 - create IPUIPlugin
2023-10-06 15:07:25,076 [INFO] IPUIPlugin:80 - create IPUIPlugin
2023-10-06 15:07:25,076 [INFO] IPUIPlugin:80 - create IPUIPlugin
2023-10-06 15:07:25,076 [INFO] IPUIPlugin:80 - create IPUIPlugin
2023-10-06 15:07:25,076 [INFO] IPUIPlugin:80 - create IPUIPlugin
2023-10-06 15:07:25,077 [INFO] IPUIPlugin:80 - create IPUIPlugin
2023-10-06 15:07:25,077 [INFO] IPUIPlugin:80 - create IPUIPlugin
2023-10-06 15:07:25,077 [INFO] IPUIPlugin:80 - create IPUIPlugin
2023-10-06 15:07:25,077 [INFO] IPUIPlugin:80 - create IPUIPlugin
2023-10-06 15:07:25,077 [INFO] IPUIPlugin:80 - create IPUIPlugin
2023-10-06 15:07:25,078 [INFO] IPUIPlugin:80 - create IPUIPlugin
2023-10-06 15:07:25,078 [INFO] IPUIPlugin:80 - create IPUIPlugin
2023-10-06 15:07:25,078 [INFO] IPUIPlugin:80 - create IPUIPlugin
2023-10-06 15:07:25,079 [INFO] IPUIPlugin:80 - create IPUIPlugin
2023-10-06 15:07:25,079 [INFO] IPUIPlugin:80 - create IPUIPlugin
2023-10-06 15:07:25,079 [INFO] IPUIPlugin:80 - create IPUIPlugin
2023-10-06 15:07:25,080 [INFO] IPUIPlugin:80 - create IPUIPlugin
2023-10-06 15:07:25,080 [INFO] IPUIPlugin:80 - create IPUIPlugin
2023-10-06 15:07:25,084 [INFO] ApiDbMcu:507 - Load IP Config File for PDM2PCM
2023-10-06 15:07:25,106 [WARN] FreeRTOS:1023 - Null or empty value: should not occur! (nothing added to the table)
2023-10-06 15:07:25,150 [INFO] CADModel:165 - CPN selected for project levelSTM32F429ZIT6
2023-10-06 15:07:25,150 [INFO] CADModel:114 - Register for checkConnection events
2023-10-06 15:07:25,152 [INFO] RtosManager:697 - Active RTOS found at IOC load: FREERTOS [Cortex-M4NS]
2023-10-06 15:07:25,188 [INFO] OpenFileManager:328 - Restore cursor
2023-10-06 15:14:43,543 [INFO] NvicIntPanel:101 - NVIC parent = com.st.microxplorer.plugins.ip.nvic.MultiNvicIntPanel[,0,0,450x268,layout=javax.swing.BoxLayout,alignmentX=0.0,alignmentY=0.0,border=,flags=9,maximumSize=,minimumSize=,preferredSize=]
