2023-09-27 13:32:58,934 [ERROR] ConfigurationRetriever:142 - IOException on connection: sw-center.st.com
2023-09-27 13:32:58,969 [ERROR] ConfigurationRetriever:142 - IOException on connection: sw-center.st.com
2023-09-27 13:32:58,972 [ERROR] ConfigurationRetriever:142 - IOException on connection: sw-center.st.com
2023-09-27 13:32:59,671 [ERROR] LogOutputStream:75 - [STDERR_REDIRECT] Exception in thread "AWT-EventQueue-0" org.eclipse.swt.SWTException: Device is disposed
2023-09-27 13:32:59,671 [ERROR] LogOutputStream:75 - [STDERR_REDIRECT] 	at org.eclipse.swt.SWT.error(SWT.java:4918)
2023-09-27 13:32:59,672 [ERROR] LogOutputStream:75 - [STDERR_REDIRECT] 	at org.eclipse.swt.SWT.error(SWT.java:4833)
2023-09-27 13:32:59,672 [ERROR] LogOutputStream:75 - [STDERR_REDIRECT] 	at org.eclipse.swt.SWT.error(SWT.java:4804)
2023-09-27 13:32:59,673 [ERROR] LogOutputStream:75 - [STDERR_REDIRECT] 	at org.eclipse.swt.widgets.Display.error(Display.java:1278)
2023-09-27 13:32:59,674 [ERROR] LogOutputStream:75 - [STDERR_REDIRECT] 	at org.eclipse.swt.widgets.Display.asyncExec(Display.java:774)
2023-09-27 13:32:59,675 [ERROR] LogOutputStream:75 - [STDERR_REDIRECT] 	at com.st.stm32cube.common.mx.oss.core.awtswtbridge.AwtEnvironment$2.run(AwtEnvironment.java:168)
2023-09-27 13:32:59,675 [ERROR] LogOutputStream:75 - [STDERR_REDIRECT] 	at java.desktop/java.awt.event.InvocationEvent.dispatch(InvocationEvent.java:318)
2023-09-27 13:32:59,676 [ERROR] LogOutputStream:75 - [STDERR_REDIRECT] 	at java.desktop/java.awt.EventQueue.dispatchEventImpl(EventQueue.java:771)
2023-09-27 13:32:59,677 [ERROR] LogOutputStream:75 - [STDERR_REDIRECT] 	at java.desktop/java.awt.EventQueue$4.run(EventQueue.java:722)
2023-09-27 13:32:59,677 [ERROR] LogOutputStream:75 - [STDERR_REDIRECT] 	at java.desktop/java.awt.EventQueue$4.run(EventQueue.java:716)
2023-09-27 13:32:59,678 [ERROR] LogOutputStream:75 - [STDERR_REDIRECT] 	at java.base/java.security.AccessController.doPrivileged(AccessController.java:399)
2023-09-27 13:32:59,679 [ERROR] LogOutputStream:75 - [STDERR_REDIRECT] 	at java.base/java.security.ProtectionDomain$JavaSecurityAccessImpl.doIntersectionPrivilege(ProtectionDomain.java:86)
2023-09-27 13:32:59,680 [ERROR] LogOutputStream:75 - [STDERR_REDIRECT] 	at java.desktop/java.awt.EventQueue.dispatchEvent(EventQueue.java:741)
2023-09-27 13:32:59,681 [ERROR] LogOutputStream:75 - [STDERR_REDIRECT] 	at java.desktop/java.awt.EventDispatchThread.pumpOneEventForFilters(EventDispatchThread.java:203)
2023-09-27 13:32:59,682 [ERROR] LogOutputStream:75 - [STDERR_REDIRECT] 	at java.desktop/java.awt.EventDispatchThread.pumpEventsForFilter(EventDispatchThread.java:124)
2023-09-27 13:32:59,683 [ERROR] LogOutputStream:75 - [STDERR_REDIRECT] 	at java.desktop/java.awt.EventDispatchThread.pumpEventsForHierarchy(EventDispatchThread.java:113)
2023-09-27 13:32:59,684 [ERROR] LogOutputStream:75 - [STDERR_REDIRECT] 	at java.desktop/java.awt.EventDispatchThread.pumpEvents(EventDispatchThread.java:109)
2023-09-27 13:32:59,685 [ERROR] LogOutputStream:75 - [STDERR_REDIRECT] 	at java.desktop/java.awt.EventDispatchThread.pumpEvents(EventDispatchThread.java:101)
2023-09-27 13:32:59,686 [ERROR] LogOutputStream:75 - [STDERR_REDIRECT] 	at java.desktop/java.awt.EventDispatchThread.run(EventDispatchThread.java:90)
2023-09-27 13:32:59,827 [ERROR] LogOutputStream:75 - [STDERR_REDIRECT] 
2023-09-27 14:06:55,939 [INFO] Activator:176 - 


2023-09-27 14:06:55,941 [INFO] Activator:177 - !SESSION log4j initialized
2023-09-27 14:07:02,400 [INFO] LogOutputStream:77 - [STDOUT_REDIRECT] 
2023-09-27 14:07:16,928 [INFO] ApplicationProperties:184 - Using Application install path: C:\ST\STM32CubeIDE_1.13.0\STM32CubeIDE\plugins\com.st.stm32cube.common.mx_6.9.0.202307051724
2023-09-27 14:07:16,951 [INFO] DbMcusXml:78 - Set database path to: C:\ST\STM32CubeIDE_1.13.0\STM32CubeIDE\plugins\com.st.stm32cube.common.mx_6.9.0.202307051724\\db\/mcu/
2023-09-27 14:07:16,952 [INFO] ApiDb:274 - Set plugin database path to: C:\ST\STM32CubeIDE_1.13.0\STM32CubeIDE\plugins\com.st.stm32cube.common.mx_6.9.0.202307051724\\db\/plugins/boardmanager/
2023-09-27 14:07:16,952 [WARN] ApiDb:259 - Overriding images path with different value:  => C:\ST\STM32CubeIDE_1.13.0\STM32CubeIDE\plugins\com.st.stm32cube.common.mx_6.9.0.202307051724\\db\/plugins/mcufinder/images/
2023-09-27 14:07:16,964 [INFO] ApiDb:250 - Set database path to: C:\Users\User\.stmcufinder\plugins\mcufinder//mcu/
2023-09-27 14:07:16,966 [INFO] DbMcusAds:125 - Set database path to: C:\Users\User\.stmcufinder\plugins\mcufinder//mcu/
2023-09-27 14:07:17,015 [INFO] CrossReferenceDbSqlite:203 - Set database path to: C:\Users\User\.stmcufinder\plugins\mcufinder//mcu/cs/
2023-09-27 14:07:17,112 [INFO] RulesReader:64 - Compatibility file has been processed (293 Rules)
2023-09-27 14:07:17,197 [INFO] DbMcusXml:78 - Set database path to: C:\ST\STM32CubeIDE_1.13.0\STM32CubeIDE\plugins\com.st.stm32cube.common.mx_6.9.0.202307051724\\db\/mcu/
2023-09-27 14:07:17,197 [INFO] ApiDb:274 - Set plugin database path to: C:\ST\STM32CubeIDE_1.13.0\STM32CubeIDE\plugins\com.st.stm32cube.common.mx_6.9.0.202307051724\\db\/plugins/boardmanager/
2023-09-27 14:07:17,197 [INFO] ApiDb:261 - Set plugin images path to: C:\ST\STM32CubeIDE_1.13.0\STM32CubeIDE\plugins\com.st.stm32cube.common.mx_6.9.0.202307051724\\db\/plugins/mcufinder/images/
2023-09-27 14:07:17,197 [WARN] DbFile:41 - Overriding database path with different value: C:\Users\User\.stmcufinder\plugins\mcufinder/ => C:\Users\User\.stmcufinder\plugins\mcufinder
2023-09-27 14:07:17,197 [INFO] ApiDb:250 - Set database path to: C:\Users\User\.stmcufinder\plugins\mcufinder//mcu/
2023-09-27 14:07:17,197 [WARN] DbFile:41 - Overriding database path with different value: C:\Users\User\.stmcufinder\plugins\mcufinder/ => C:\Users\User\.stmcufinder\plugins\mcufinder
2023-09-27 14:07:17,197 [INFO] DbMcusAds:125 - Set database path to: C:\Users\User\.stmcufinder\plugins\mcufinder//mcu/
2023-09-27 14:07:17,198 [WARN] DbFile:41 - Overriding database path with different value: C:\Users\User\.stmcufinder\plugins\mcufinder/ => C:\Users\User\.stmcufinder\plugins\mcufinder
2023-09-27 14:07:17,198 [WARN] DbFile:41 - Overriding database path with different value: C:\Users\User\.stmcufinder\plugins\mcufinder/ => C:\Users\User\.stmcufinder\plugins\mcufinder
2023-09-27 14:07:17,198 [INFO] CrossReferenceDbSqlite:203 - Set database path to: C:\Users\User\.stmcufinder\plugins\mcufinder//mcu/cs/
2023-09-27 14:07:17,276 [INFO] MainPanel:262 - HeapMemory: 268435456
2023-09-27 14:07:17,368 [INFO] DbMcusXml:78 - Set database path to: C:\ST\STM32CubeIDE_1.13.0\STM32CubeIDE\plugins\com.st.stm32cube.common.mx_6.9.0.202307051724\\db\/mcu/
2023-09-27 14:07:17,368 [INFO] ApiDb:274 - Set plugin database path to: C:\ST\STM32CubeIDE_1.13.0\STM32CubeIDE\plugins\com.st.stm32cube.common.mx_6.9.0.202307051724\\db\/plugins/boardmanager/
2023-09-27 14:07:17,368 [INFO] ApiDb:261 - Set plugin images path to: C:\ST\STM32CubeIDE_1.13.0\STM32CubeIDE\plugins\com.st.stm32cube.common.mx_6.9.0.202307051724\\db\/plugins/mcufinder/images/
2023-09-27 14:07:17,368 [WARN] DbFile:41 - Overriding database path with different value: C:\Users\User\.stmcufinder\plugins\mcufinder/ => C:\Users\User\.stmcufinder\plugins\mcufinder
2023-09-27 14:07:17,369 [INFO] ApiDb:250 - Set database path to: C:\Users\User\.stmcufinder\plugins\mcufinder//mcu/
2023-09-27 14:07:17,369 [WARN] DbFile:41 - Overriding database path with different value: C:\Users\User\.stmcufinder\plugins\mcufinder/ => C:\Users\User\.stmcufinder\plugins\mcufinder
2023-09-27 14:07:17,369 [INFO] DbMcusAds:125 - Set database path to: C:\Users\User\.stmcufinder\plugins\mcufinder//mcu/
2023-09-27 14:07:17,369 [WARN] DbFile:41 - Overriding database path with different value: C:\Users\User\.stmcufinder\plugins\mcufinder/ => C:\Users\User\.stmcufinder\plugins\mcufinder
2023-09-27 14:07:17,369 [WARN] DbFile:41 - Overriding database path with different value: C:\Users\User\.stmcufinder\plugins\mcufinder/ => C:\Users\User\.stmcufinder\plugins\mcufinder
2023-09-27 14:07:17,369 [INFO] CrossReferenceDbSqlite:203 - Set database path to: C:\Users\User\.stmcufinder\plugins\mcufinder//mcu/cs/
2023-09-27 14:07:17,390 [INFO] ApplicationProperties:184 - Using Application install path: C:\ST\STM32CubeIDE_1.13.0\STM32CubeIDE\plugins\com.st.stm32cube.common.mx_6.9.0.202307051724
2023-09-27 14:07:17,392 [INFO] PluginManage:196 - Search for loadable plugins [exclusion list=, ]
2023-09-27 14:07:17,393 [INFO] PluginManage:310 - Check plugin analytics
2023-09-27 14:07:26,614 [INFO] AnalyticsPlugin:253 - Accepted Software Licenses: STM32CubeMX.6.9.0
2023-09-27 14:07:26,614 [INFO] AnalyticsPlugin:255 - Accepted CMSIS Pack Licenses: 
2023-09-27 14:07:26,614 [INFO] AnalyticsPlugin:257 - Accepted Firmware Licenses: FW.F4.1.27.0
2023-09-27 14:07:26,617 [INFO] PluginManage:359 - Loaded plugin analytics (category:tool,tabindex:-1)
2023-09-27 14:07:26,618 [INFO] PluginManage:310 - Check plugin cadmodel
2023-09-27 14:07:26,642 [INFO] CADModel:105 - Init CAD model plugin
2023-09-27 14:07:26,642 [INFO] PluginManage:359 - Loaded plugin cadmodel (category:power,tabindex:5)
2023-09-27 14:07:26,642 [INFO] PluginManage:310 - Check plugin clock
2023-09-27 14:07:26,658 [INFO] PluginManage:359 - Loaded plugin clock (category:base,tabindex:2)
2023-09-27 14:07:26,658 [INFO] PluginManage:310 - Check plugin ddr
2023-09-27 14:07:26,660 [INFO] PluginManage:359 - Loaded plugin ddr (category:tool,tabindex:6)
2023-09-27 14:07:26,660 [INFO] PluginManage:310 - Check plugin filemanager
2023-09-27 14:07:26,764 [INFO] PluginManage:359 - Loaded plugin filemanager (category:base,tabindex:10)
2023-09-27 14:07:26,764 [INFO] PluginManage:310 - Check plugin ipmanager
2023-09-27 14:07:26,771 [INFO] PluginManage:359 - Loaded plugin ipmanager (category:base,tabindex:5)
2023-09-27 14:07:26,771 [INFO] PluginManage:310 - Check plugin lpbam
2023-09-27 14:07:26,783 [INFO] PluginManage:359 - Loaded plugin lpbam (category:base,tabindex:0)
2023-09-27 14:07:26,783 [INFO] PluginManage:310 - Check plugin memorymap
2023-09-27 14:07:26,800 [INFO] PluginManage:359 - Loaded plugin memorymap (category:base,tabindex:4)
2023-09-27 14:07:26,801 [INFO] PluginManage:310 - Check plugin pinoutandconfiguration
2023-09-27 14:07:26,811 [INFO] PluginManage:359 - Loaded plugin pinoutandconfiguration (category:base,tabindex:1)
2023-09-27 14:07:26,811 [INFO] PluginManage:310 - Check plugin pinoutconfig
2023-09-27 14:07:26,883 [WARN] SupportedApi:132 - Cannot load RTOS API schema: s4s-elt-must-match.1: The content of 'definitions' must match (annotation?, (simpleType | complexType)?, (unique | key | keyref)*)). A problem was found starting at: attribute.
2023-09-27 14:07:26,989 [INFO] PluginManage:359 - Loaded plugin pinoutconfig (category:base,tabindex:0)
2023-09-27 14:07:26,989 [INFO] PluginManage:310 - Check plugin power
2023-09-27 14:07:27,015 [INFO] PluginManage:359 - Loaded plugin power (category:power,tabindex:4)
2023-09-27 14:07:27,015 [INFO] PluginManage:310 - Check plugin projectmanager
2023-09-27 14:07:27,027 [INFO] PluginManage:359 - Loaded plugin projectmanager (category:projectmanager,tabindex:3)
2023-09-27 14:07:27,027 [INFO] PluginManage:310 - Check plugin thirdparty
2023-09-27 14:07:27,172 [INFO] PluginManage:359 - Loaded plugin thirdparty (category:base,tabindex:-1)
2023-09-27 14:07:27,172 [INFO] PluginManage:310 - Check plugin tools
2023-09-27 14:07:27,172 [WARN] IntegrityCheckThread:84 - waiting for thirdparty lock release [integrity check]
2023-09-27 14:07:27,172 [INFO] IntegrityCheckThread:86 - entering critical section [integrity check]
2023-09-27 14:07:27,173 [INFO] ThirdPartyUpdaterWithRetryManager:70 - Updater plugin not ready yet. [1/15]
2023-09-27 14:07:27,178 [INFO] PluginManage:359 - Loaded plugin tools (category:base,tabindex:7)
2023-09-27 14:07:27,178 [INFO] PluginManage:310 - Check plugin tutovideos
2023-09-27 14:07:27,330 [INFO] PluginManage:359 - Loaded plugin tutovideos (category:base,tabindex:-1)
2023-09-27 14:07:27,330 [INFO] PluginManage:310 - Check plugin updater
2023-09-27 14:07:27,340 [INFO] PluginManage:359 - Loaded plugin updater (category:base,tabindex:12)
2023-09-27 14:07:27,341 [INFO] PluginManage:310 - Check plugin userauth
2023-09-27 14:07:27,345 [INFO] UserAuth:113 - Init User Auth plugin
2023-09-27 14:07:27,345 [INFO] PluginManage:359 - Loaded plugin userauth (category:base,tabindex:14)
2023-09-27 14:07:27,345 [INFO] PluginManage:283 - PluginManage : Loaded plugins [17]
2023-09-27 14:07:27,528 [INFO] PinOutPanel:1499 - setPackage(No Configuration,No Configuration)
2023-09-27 14:07:27,629 [INFO] CADModel:165 - CPN selected for project level
2023-09-27 14:07:27,629 [INFO] CADModel:114 - Register for checkConnection events
2023-09-27 14:07:27,648 [INFO] IPUIPlugin:80 - create IPUIPlugin
2023-09-27 14:07:27,648 [INFO] PluginManager:220 - loadIPPluginJar : add adc
2023-09-27 14:07:27,655 [INFO] IPUIPlugin:80 - create IPUIPlugin
2023-09-27 14:07:27,655 [INFO] PluginManager:220 - loadIPPluginJar : add aes
2023-09-27 14:07:27,664 [INFO] IPUIPlugin:80 - create IPUIPlugin
2023-09-27 14:07:27,664 [INFO] PluginManager:220 - loadIPPluginJar : add can
2023-09-27 14:07:27,667 [INFO] IPUIPlugin:80 - create IPUIPlugin
2023-09-27 14:07:27,668 [INFO] PluginManager:220 - loadIPPluginJar : add comp
2023-09-27 14:07:27,674 [INFO] IPUIPlugin:80 - create IPUIPlugin
2023-09-27 14:07:27,674 [INFO] PluginManager:220 - loadIPPluginJar : add cryp
2023-09-27 14:07:27,680 [INFO] IPUIPlugin:80 - create IPUIPlugin
2023-09-27 14:07:27,680 [INFO] PluginManager:220 - loadIPPluginJar : add dfsdm
2023-09-27 14:07:27,690 [INFO] IPUIPlugin:80 - create IPUIPlugin
2023-09-27 14:07:27,690 [INFO] PluginManager:220 - loadIPPluginJar : add dma
2023-09-27 14:07:27,697 [INFO] IPUIPlugin:80 - create IPUIPlugin
2023-09-27 14:07:27,697 [INFO] PluginManager:220 - loadIPPluginJar : add dma3
2023-09-27 14:07:27,701 [INFO] IPUIPlugin:80 - create IPUIPlugin
2023-09-27 14:07:27,701 [INFO] PluginManager:220 - loadIPPluginJar : add fatfs
2023-09-27 14:07:27,712 [INFO] IPUIPlugin:80 - create IPUIPlugin
2023-09-27 14:07:27,712 [INFO] PluginManager:220 - loadIPPluginJar : add fmc
2023-09-27 14:07:27,727 [INFO] IPUIPlugin:80 - create IPUIPlugin
2023-09-27 14:07:27,728 [INFO] PluginManager:220 - loadIPPluginJar : add freertos
2023-09-27 14:07:27,731 [INFO] IPUIPlugin:80 - create IPUIPlugin
2023-09-27 14:07:27,731 [INFO] PluginManager:220 - loadIPPluginJar : add genericplugin
2023-09-27 14:07:27,737 [INFO] IPUIPlugin:80 - create IPUIPlugin
2023-09-27 14:07:27,738 [INFO] PluginManager:220 - loadIPPluginJar : add gfxmmu
2023-09-27 14:07:27,745 [INFO] IPUIPlugin:80 - create IPUIPlugin
2023-09-27 14:07:27,745 [INFO] PluginManager:220 - loadIPPluginJar : add gic
2023-09-27 14:07:27,756 [INFO] IPUIPlugin:80 - create IPUIPlugin
2023-09-27 14:07:27,756 [INFO] PluginManager:220 - loadIPPluginJar : add gpio
2023-09-27 14:07:27,763 [INFO] IPUIPlugin:80 - create IPUIPlugin
2023-09-27 14:07:27,763 [INFO] PluginManager:220 - loadIPPluginJar : add gtzc
2023-09-27 14:07:27,769 [INFO] IPUIPlugin:80 - create IPUIPlugin
2023-09-27 14:07:27,769 [INFO] PluginManager:220 - loadIPPluginJar : add hash
2023-09-27 14:07:27,776 [INFO] IPUIPlugin:80 - create IPUIPlugin
2023-09-27 14:07:27,776 [INFO] PluginManager:220 - loadIPPluginJar : add i2c
2023-09-27 14:07:27,783 [INFO] IPUIPlugin:80 - create IPUIPlugin
2023-09-27 14:07:27,783 [INFO] PluginManager:220 - loadIPPluginJar : add i2s
2023-09-27 14:07:27,789 [INFO] IPUIPlugin:80 - create IPUIPlugin
2023-09-27 14:07:27,789 [INFO] PluginManager:220 - loadIPPluginJar : add i3c
2023-09-27 14:07:27,797 [INFO] IPUIPlugin:80 - create IPUIPlugin
2023-09-27 14:07:27,798 [INFO] PluginManager:220 - loadIPPluginJar : add ipddr
2023-09-27 14:07:27,808 [INFO] IPUIPlugin:80 - create IPUIPlugin
2023-09-27 14:07:27,808 [INFO] PluginManager:220 - loadIPPluginJar : add linkedlist
2023-09-27 14:07:27,813 [INFO] IPUIPlugin:80 - create IPUIPlugin
2023-09-27 14:07:27,813 [INFO] PluginManager:220 - loadIPPluginJar : add lorawan
2023-09-27 14:07:27,818 [INFO] IPUIPlugin:80 - create IPUIPlugin
2023-09-27 14:07:27,818 [INFO] PluginManager:220 - loadIPPluginJar : add ltdc
2023-09-27 14:07:27,826 [INFO] IPUIPlugin:80 - create IPUIPlugin
2023-09-27 14:07:27,826 [INFO] PluginManager:220 - loadIPPluginJar : add mdma
2023-09-27 14:07:27,833 [INFO] IPUIPlugin:80 - create IPUIPlugin
2023-09-27 14:07:27,834 [INFO] PluginManager:220 - loadIPPluginJar : add nvic
2023-09-27 14:07:27,839 [INFO] IPUIPlugin:80 - create IPUIPlugin
2023-09-27 14:07:27,839 [INFO] PluginManager:220 - loadIPPluginJar : add opamp
2023-09-27 14:07:27,846 [INFO] IPUIPlugin:80 - create IPUIPlugin
2023-09-27 14:07:27,847 [INFO] PluginManager:220 - loadIPPluginJar : add openamp
2023-09-27 14:07:27,854 [INFO] IPUIPlugin:80 - create IPUIPlugin
2023-09-27 14:07:27,854 [INFO] PluginManager:220 - loadIPPluginJar : add pdm2pcm
2023-09-27 14:07:27,864 [INFO] IPUIPlugin:80 - create IPUIPlugin
2023-09-27 14:07:27,866 [INFO] PluginManager:220 - loadIPPluginJar : add plateformsettings
2023-09-27 14:07:27,869 [INFO] IPUIPlugin:80 - create IPUIPlugin
2023-09-27 14:07:27,870 [INFO] PluginManager:220 - loadIPPluginJar : add quadspi
2023-09-27 14:07:27,881 [INFO] IPUIPlugin:80 - create IPUIPlugin
2023-09-27 14:07:27,881 [INFO] PluginManager:220 - loadIPPluginJar : add resmgrutility
2023-09-27 14:07:27,889 [INFO] IPUIPlugin:80 - create IPUIPlugin
2023-09-27 14:07:27,889 [INFO] PluginManager:220 - loadIPPluginJar : add sai
2023-09-27 14:07:27,895 [INFO] IPUIPlugin:80 - create IPUIPlugin
2023-09-27 14:07:27,896 [INFO] PluginManager:220 - loadIPPluginJar : add spi
2023-09-27 14:07:27,907 [INFO] IPUIPlugin:80 - create IPUIPlugin
2023-09-27 14:07:27,907 [INFO] PluginManager:220 - loadIPPluginJar : add stm32_wpan
2023-09-27 14:07:27,911 [INFO] IPUIPlugin:80 - create IPUIPlugin
2023-09-27 14:07:27,911 [INFO] PluginManager:220 - loadIPPluginJar : add tim
2023-09-27 14:07:27,919 [INFO] IPUIPlugin:80 - create IPUIPlugin
2023-09-27 14:07:27,919 [INFO] PluginManager:220 - loadIPPluginJar : add touchsensing
2023-09-27 14:07:27,924 [INFO] IPUIPlugin:80 - create IPUIPlugin
2023-09-27 14:07:27,924 [INFO] PluginManager:220 - loadIPPluginJar : add tracer_emb
2023-09-27 14:07:27,927 [INFO] IPUIPlugin:80 - create IPUIPlugin
2023-09-27 14:07:27,927 [INFO] PluginManager:220 - loadIPPluginJar : add ts
2023-09-27 14:07:27,930 [INFO] IPUIPlugin:80 - create IPUIPlugin
2023-09-27 14:07:27,931 [INFO] PluginManager:220 - loadIPPluginJar : add tsc
2023-09-27 14:07:27,934 [INFO] IPUIPlugin:80 - create IPUIPlugin
2023-09-27 14:07:27,935 [INFO] PluginManager:220 - loadIPPluginJar : add ucpd
2023-09-27 14:07:27,943 [INFO] IPUIPlugin:80 - create IPUIPlugin
2023-09-27 14:07:27,943 [INFO] PluginManager:220 - loadIPPluginJar : add usart
2023-09-27 14:07:27,951 [INFO] IPUIPlugin:80 - create IPUIPlugin
2023-09-27 14:07:27,951 [INFO] PluginManager:220 - loadIPPluginJar : add usbx
2023-09-27 14:07:28,062 [INFO] CADModel:165 - CPN selected for project level
2023-09-27 14:07:28,062 [INFO] CADModel:114 - Register for checkConnection events
2023-09-27 14:07:28,062 [FATAL] Updater:308 - Updater called before beeing initialized
2023-09-27 14:07:28,063 [ERROR] CADModel:125 - Updater not yet initialized, retry later 
2023-09-27 14:07:28,207 [INFO] CADModel:165 - CPN selected for project level
2023-09-27 14:07:28,207 [INFO] CADModel:114 - Register for checkConnection events
2023-09-27 14:07:28,207 [FATAL] Updater:308 - Updater called before beeing initialized
2023-09-27 14:07:28,207 [ERROR] CADModel:125 - Updater not yet initialized, retry later 
2023-09-27 14:07:28,211 [FATAL] Updater:308 - Updater called before beeing initialized
2023-09-27 14:07:28,296 [FATAL] Updater:308 - Updater called before beeing initialized
2023-09-27 14:07:28,300 [INFO] DbMcusAds:53 - JSON generation date=Tue Mar 07 17:50:55 KST 2023 (1678179055114)
2023-09-27 14:07:28,300 [FATAL] Updater:308 - Updater called before beeing initialized
2023-09-27 14:07:28,335 [WARN] DetailPanel:346 - Failed to get advertising image, set to default
2023-09-27 14:07:28,428 [FATAL] Updater:308 - Updater called before beeing initialized
2023-09-27 14:07:28,429 [FATAL] Updater:308 - Updater called before beeing initialized
2023-09-27 14:07:28,429 [FATAL] Updater:308 - Updater called before beeing initialized
2023-09-27 14:07:28,430 [WARN] DetailPanel:346 - Failed to get advertising image, set to default
2023-09-27 14:07:28,430 [FATAL] Updater:308 - Updater called before beeing initialized
2023-09-27 14:07:28,466 [ERROR] Updater:1120 - MainUpdater not yet initialized. External WinMGr cannot be set.
2023-09-27 14:07:28,469 [INFO] Updater:1056 - Updater Version found : 6.9.0
2023-09-27 14:07:28,482 [INFO] ApplicationProperties:184 - Using Application install path: C:\ST\STM32CubeIDE_1.13.0\STM32CubeIDE\plugins\com.st.stm32cube.common.mx_6.9.0.202307051724
2023-09-27 14:07:28,852 [INFO] MainUpdater:2868 - connection check result : 10
2023-09-27 14:07:28,853 [INFO] MainUpdater:285 - Updater Check For Update Now.
2023-09-27 14:07:28,853 [INFO] MicroXplorer:498 - Change Database Version : DB.6.0.90
2023-09-27 14:07:28,860 [INFO] McuFinderGlobals:63 - Set McuFinder mode to 2 (CubeIDE integrated)
2023-09-27 14:07:28,860 [INFO] UserAuth:179 - activating auth plugin
2023-09-27 14:07:28,862 [INFO] UserAuth:393 - Internet connection configuration mode: 1
2023-09-27 14:07:28,884 [INFO] JxBrowserEngine:151 - Initiate JxBrowser Engine with user profile folder
2023-09-27 14:07:29,015 [INFO] CheckServerUpdateThread:120 - End of CheckServer Thread
2023-09-27 14:07:30,118 [INFO] WebApp:157 - Instantiating new browser for Auth
2023-09-27 14:07:30,386 [WARN] PackLoader:240 - Cannot read IP mode file for STMicroelectronics.X-CUBE-SMBUS.2.1.0
2023-09-27 14:07:30,420 [WARN] PackLoader:240 - Cannot read IP mode file for STMicroelectronics.X-CUBE-AZRTOS-F7.1.1.0
2023-09-27 14:07:30,435 [WARN] PackLoader:240 - Cannot read IP mode file for STMicroelectronics.FP-SNS-MOTENV1.4.3.2
2023-09-27 14:07:30,446 [WARN] PackLoader:240 - Cannot read IP mode file for STMicroelectronics.FP-SNS-FLIGHT1.5.0.2
2023-09-27 14:07:30,458 [WARN] PackLoader:240 - Cannot read IP mode file for STMicroelectronics.X-CUBE-DISPLAY.3.0.0
2023-09-27 14:07:30,477 [WARN] PackLoader:240 - Cannot read IP mode file for STMicroelectronics.X-CUBE-BLE1.7.0.0
2023-09-27 14:07:30,487 [WARN] PackLoader:240 - Cannot read IP mode file for emotas.I-CUBE-CANOPEN.1.3.0
2023-09-27 14:07:30,494 [WARN] PackLoader:240 - Cannot read IP mode file for STMicroelectronics.X-CUBE-TOUCHGFX.4.22.0
2023-09-27 14:07:30,503 [WARN] PackLoader:240 - Cannot read IP mode file for STMicroelectronics.FP-SNS-SMARTAG2.1.2.0
2023-09-27 14:07:30,512 [INFO] LogOutputStream:77 - [STDOUT_REDIRECT] 1 : Invalid condition id : UX_CORESTACK_Condition cause : null
2023-09-27 14:07:30,513 [INFO] LogOutputStream:77 - [STDOUT_REDIRECT] 1 : Invalid condition id : UX_CORESTACK_Condition cause : null
2023-09-27 14:07:30,514 [INFO] LogOutputStream:77 - [STDOUT_REDIRECT] 1 : Invalid condition id : UX_CORESTACK_Condition cause : null
2023-09-27 14:07:30,515 [INFO] LogOutputStream:77 - [STDOUT_REDIRECT] 1 : Invalid condition id : UX_CORESTACK_Condition cause : null
2023-09-27 14:07:30,516 [INFO] LogOutputStream:77 - [STDOUT_REDIRECT] 1 : Invalid condition id : UX_CORESTACK_Condition cause : null
2023-09-27 14:07:30,519 [WARN] PackLoader:240 - Cannot read IP mode file for STMicroelectronics.X-CUBE-AZRTOS-WL.2.0.0
2023-09-27 14:07:30,528 [WARN] PackLoader:240 - Cannot read IP mode file for WES.I-CUBE-Cesium.1.3.0
2023-09-27 14:07:30,538 [WARN] PackLoader:240 - Cannot read IP mode file for STMicroelectronics.X-CUBE-BLE2.3.3.0
2023-09-27 14:07:30,549 [WARN] PackLoader:240 - Cannot read IP mode file for STMicroelectronics.X-CUBE-ALGOBUILD.1.3.0
2023-09-27 14:07:30,565 [WARN] PackLoader:240 - Cannot read IP mode file for STMicroelectronics.X-CUBE-AZRTOS-G0.1.1.0
2023-09-27 14:07:30,579 [WARN] PackLoader:240 - Cannot read IP mode file for STMicroelectronics.X-CUBE-NFC4.3.0.0
2023-09-27 14:07:30,587 [WARN] PackLoader:240 - Cannot read IP mode file for STMicroelectronics.FP-ATR-SIGFOX1.3.2.0
2023-09-27 14:07:30,624 [WARN] PackLoader:240 - Cannot read IP mode file for SEGGER.I-CUBE-embOS.1.3.1
2023-09-27 14:07:30,691 [WARN] PackLoader:240 - Cannot read IP mode file for STMicroelectronics.X-CUBE-GNSS1.6.0.0
2023-09-27 14:07:30,714 [WARN] PackLoader:240 - Cannot read IP mode file for STMicroelectronics.X-CUBE-AZRTOS-F4.1.1.0
2023-09-27 14:07:30,726 [WARN] PackLoader:240 - Cannot read IP mode file for wolfSSL.I-CUBE-wolfSSL.5.6.3
2023-09-27 14:07:30,760 [WARN] PackLoader:240 - Cannot read IP mode file for STMicroelectronics.X-CUBE-AZRTOS-L5.2.0.0
2023-09-27 14:07:30,847 [WARN] PackLoader:240 - Cannot read IP mode file for STMicroelectronics.X-CUBE-MEMS1.9.6.0
2023-09-27 14:07:30,932 [INFO] WebApp:753 - Register for checkConnection events
2023-09-27 14:07:30,933 [INFO] WebApp:390 - Apply proxy settings
2023-09-27 14:07:30,933 [INFO] WebApp:475 - Chromium requires no authentication
2023-09-27 14:07:30,943 [INFO] WebApp:418 - Direct internet connection detected
2023-09-27 14:07:30,974 [WARN] PackLoader:240 - Cannot read IP mode file for STMicroelectronics.X-CUBE-BLEMGR.2.0.0
2023-09-27 14:07:30,992 [WARN] ConditionMgr:438 - getConditionDescription Invalid condition id : UX DEVICE CLASS RTOS Condition cause : null
2023-09-27 14:07:30,993 [WARN] ConditionMgr:438 - getConditionDescription Invalid condition id : UX DEVICE CLASS RTOS Condition cause : null
2023-09-27 14:07:30,995 [WARN] PackLoader:240 - Cannot read IP mode file for STMicroelectronics.X-CUBE-AZRTOS-H7.3.1.0
2023-09-27 14:07:30,996 [WARN] ConditionMgr:1039 - genDependencies : Invalid condition id : UX DEVICE CLASS RTOS Condition cause : null
2023-09-27 14:07:30,996 [WARN] ConditionMgr:1039 - genDependencies : Invalid condition id : UX DEVICE CLASS RTOS Condition cause : null
2023-09-27 14:07:30,996 [WARN] ConditionMgr:1039 - genDependencies : Invalid condition id : UX DEVICE CLASS RTOS Condition cause : null
2023-09-27 14:07:30,996 [WARN] ConditionMgr:1039 - genDependencies : Invalid condition id : UX DEVICE CLASS RTOS Condition cause : null
2023-09-27 14:07:30,997 [WARN] ConditionMgr:1039 - genDependencies : Invalid condition id : UX DEVICE CLASS RTOS Condition cause : null
2023-09-27 14:07:31,009 [WARN] PackLoader:240 - Cannot read IP mode file for STMicroelectronics.X-CUBE-NFC7.1.0.1
2023-09-27 14:07:31,025 [WARN] PackLoader:240 - Cannot read IP mode file for STMicroelectronics.X-CUBE-NFC6.3.0.0
2023-09-27 14:07:31,038 [WARN] PackLoader:240 - Cannot read IP mode file for STMicroelectronics.X-CUBE-EEPRMA1.4.1.0
2023-09-27 14:07:31,050 [WARN] PackLoader:240 - Cannot read IP mode file for STMicroelectronics.X-CUBE-AI.8.1.0
2023-09-27 14:07:31,068 [WARN] ConditionMgr:438 - getConditionDescription Invalid condition id : LAN8742 Phy interface Condition cause : null
2023-09-27 14:07:31,069 [WARN] PackLoader:240 - Cannot read IP mode file for STMicroelectronics.X-CUBE-AZRTOS-L4.2.0.0
2023-09-27 14:07:31,077 [WARN] ConditionMgr:1039 - genDependencies : Invalid condition id : LAN8742 Phy interface Condition cause : null
2023-09-27 14:07:31,078 [WARN] ConditionMgr:1039 - genDependencies : Invalid condition id : LAN8742 Phy interface Condition cause : null
2023-09-27 14:07:31,079 [WARN] ConditionMgr:1039 - genDependencies : Invalid condition id : LAN8742 Phy interface Condition cause : null
2023-09-27 14:07:31,096 [WARN] PackLoader:240 - Cannot read IP mode file for STMicroelectronics.X-CUBE-SFXS2LP1.4.0.0
2023-09-27 14:07:31,108 [WARN] PackLoader:240 - Cannot read IP mode file for STMicroelectronics.X-CUBE-ISPU.1.1.0
2023-09-27 14:07:31,124 [WARN] ConditionMgr:438 - getConditionDescription Invalid condition id : UX DEVICE CLASS RTOS Condition cause : null
2023-09-27 14:07:31,124 [WARN] ConditionMgr:438 - getConditionDescription Invalid condition id : UX DEVICE CLASS RTOS Condition cause : null
2023-09-27 14:07:31,127 [WARN] PackLoader:240 - Cannot read IP mode file for STMicroelectronics.X-CUBE-AZRTOS-WB.2.0.0
2023-09-27 14:07:31,129 [WARN] ConditionMgr:1039 - genDependencies : Invalid condition id : UX DEVICE CLASS RTOS Condition cause : null
2023-09-27 14:07:31,129 [WARN] ConditionMgr:1039 - genDependencies : Invalid condition id : UX DEVICE CLASS RTOS Condition cause : null
2023-09-27 14:07:31,130 [WARN] ConditionMgr:1039 - genDependencies : Invalid condition id : UX DEVICE CLASS RTOS Condition cause : null
2023-09-27 14:07:31,130 [WARN] ConditionMgr:1039 - genDependencies : Invalid condition id : UX DEVICE CLASS RTOS Condition cause : null
2023-09-27 14:07:31,130 [WARN] ConditionMgr:1039 - genDependencies : Invalid condition id : UX DEVICE CLASS RTOS Condition cause : null
2023-09-27 14:07:31,150 [WARN] PackLoader:240 - Cannot read IP mode file for STMicroelectronics.X-CUBE-SUBG2.5.0.0
2023-09-27 14:07:31,178 [WARN] PackLoader:240 - Cannot read IP mode file for STMicroelectronics.X-CUBE-TOF1.3.3.1
2023-09-27 14:07:31,217 [WARN] PackLoader:240 - Cannot read IP mode file for STMicroelectronics.X-CUBE-AZRTOS-G4.2.0.0
2023-09-27 14:07:31,217 [INFO] WebApp:188 - Starting web application
2023-09-27 14:07:31,217 [INFO] WebApp:520 - Web application path used C:\ST\STM32CubeIDE_1.13.0\STM32CubeIDE\plugins\com.st.stm32cube.common.mx_6.9.0.202307051724\db\plugins\mcufinder\reactClient1\index.html
2023-09-27 14:07:31,229 [WARN] PackLoader:240 - Cannot read IP mode file for STMicroelectronics.X-CUBE-FREERTOS.1.1.0
2023-09-27 14:07:31,240 [WARN] PackLoader:240 - Cannot read IP mode file for portGmbH.I-Cube-SoM-uGOAL.1.1.0
2023-09-27 14:07:31,249 [WARN] PackLoader:240 - Cannot read IP mode file for STMicroelectronics.X-CUBE-ALS.1.0.1
2023-09-27 14:07:31,258 [WARN] PackLoader:240 - Cannot read IP mode file for STMicroelectronics.FP-ATR-ASTRA1.2.0.0
2023-09-27 14:07:31,259 [INFO] ThirdParty:978 - Integrity check success = true
2023-09-27 14:07:31,259 [INFO] IntegrityCheckThread:100 - exiting critical section [integrity check]
2023-09-27 14:07:31,259 [INFO] IntegrityCheckThread:103 - End integrity checks thread
2023-09-27 17:48:31,100 [ERROR] LogOutputStream:75 - [STDERR_REDIRECT] 
